2021-02-08 19:10:26,628 - HASHTAG --> =============== NOVO TWEET ENCONTRADO ================
2021-02-08 19:10:26,637 - HASHTAG --> Tweet ID: 1358901004335542277
2021-02-08 19:10:26,637 - HASHTAG --> Tweet USERNAME: TestePhiloBot
2021-02-08 19:10:26,637 - HASHTAG --> Adicionado na fila
2021-02-08 19:10:26,637 - HASHTAG --> =======================================================

2021-02-08 19:10:31,642 - PHILOMAKER --> ----------------------------------------
2021-02-08 19:10:31,642 - PHILOMAKER -->        > STARTING PHILOMAKER < 
2021-02-08 19:10:31,642 - PHILOMAKER --> ----------------------------------------
2021-02-08 19:10:31,644 - PHILOMAKER --> ID Coletado: 1358901004335542277
2021-02-08 19:10:31,949 - PHILOMAKER --> [ETAPA 1] Status coletado: #testemaker dede @Flamengo https://t.co/mQRTHGrTBY
2021-02-08 19:10:31,950 - PHILOMAKER --> [ETAPA 2] Status - marcações retiradas: #testemaker dede  https://t.co/mQRTHGrTBY
2021-02-08 19:10:33,970 - PHILOMAKER --> [ETAPA 3] Checando se é RT...
2021-02-08 19:10:33,970 - PHILOMAKER --> [ETAPA 4] Checando string vazia...
2021-02-08 19:10:35,970 - PHILOMAKER --> [ETAPA 5] Ajustando tamanho do texto para imagem...
2021-02-08 19:11:32,041 - HASHTAG --> =============== NOVO TWEET ENCONTRADO ================
2021-02-08 19:11:32,053 - HASHTAG --> Tweet ID: 1358901279037284352
2021-02-08 19:11:32,053 - HASHTAG --> Tweet USERNAME: TestePhiloBot
2021-02-08 19:11:32,053 - HASHTAG --> Adicionado na fila
2021-02-08 19:11:32,053 - HASHTAG --> =======================================================

2021-02-08 19:11:37,054 - PHILOMAKER --> ----------------------------------------
2021-02-08 19:11:37,054 - PHILOMAKER -->        > STARTING PHILOMAKER < 
2021-02-08 19:11:37,054 - PHILOMAKER --> ----------------------------------------
2021-02-08 19:11:37,054 - PHILOMAKER --> ID Coletado: 1358901279037284352
2021-02-08 19:11:37,346 - PHILOMAKER --> [ETAPA 1] Status coletado: #testemaker kfkf @Flamengo https://t.co/EHK2pRtUjO
2021-02-08 19:11:37,346 - PHILOMAKER --> [ETAPA 2] Status - marcações retiradas: #testemaker kfkf  https://t.co/EHK2pRtUjO
2021-02-08 19:11:39,360 - PHILOMAKER --> [ETAPA 3] Checando se é RT...
2021-02-08 19:11:39,360 - PHILOMAKER --> [ETAPA 4] Checando string vazia...
2021-02-08 19:11:41,372 - PHILOMAKER --> [ETAPA 5] Ajustando tamanho do texto para imagem...
2021-02-08 19:13:07,114 - HASHTAG --> =============== NOVO TWEET ENCONTRADO ================
2021-02-08 19:13:07,126 - HASHTAG --> Tweet ID: 1358901677668126720
2021-02-08 19:13:07,126 - HASHTAG --> Tweet USERNAME: TestePhiloBot
2021-02-08 19:13:07,126 - HASHTAG --> Adicionado na fila
2021-02-08 19:13:07,126 - HASHTAG --> =======================================================

2021-02-08 19:13:12,141 - PHILOMAKER --> ----------------------------------------
2021-02-08 19:13:12,141 - PHILOMAKER -->        > STARTING PHILOMAKER < 
2021-02-08 19:13:12,141 - PHILOMAKER --> ----------------------------------------
2021-02-08 19:13:12,141 - PHILOMAKER --> ID Coletado: 1358901677668126720
2021-02-08 19:13:12,422 - PHILOMAKER --> [ETAPA 1] Status coletado: #testemaker kfkf ef
@Flamengo https://t.co/sB07F2So2I
2021-02-08 19:13:12,423 - PHILOMAKER --> [ETAPA 2] Status - marcações retiradas: #testemaker kfkf ef
 https://t.co/sB07F2So2I
2021-02-08 19:13:14,442 - PHILOMAKER --> [ETAPA 3] Checando se é RT...
2021-02-08 19:13:14,442 - PHILOMAKER --> [ETAPA 4] Checando string vazia...
2021-02-08 19:13:16,446 - PHILOMAKER --> [ETAPA 5] Ajustando tamanho do texto para imagem...
2021-02-08 19:13:16,486 - PHILOMAKER --> [ETAPA 6] Nome do filósofo coletado: - Flamengo
2021-02-08 19:13:16,486 - PHILOMAKER --> [ETAPA 7] Coletando URL da imagem: http://pbs.twimg.com/media/EtvJ3qSXUAwkF0K.jpg
2021-02-08 19:13:17,141 - PHILOMAKER --> [ETAPA 5] Verificando aspas...
2021-02-08 19:13:17,141 - PHILOMAKER --> [ETAPA 6] Tweet MENOR que 25 caracteres, ajustando texto...
2021-02-08 19:13:18,079 - PHILOMAKER --> IMAGEM ENVIADA!
2021-02-08 19:13:21,086 - PHILOMAKER --> Finalizado, ID tratado: 1358901677668126720
2021-02-08 19:13:21,086 - PHILOMAKER --> Itens restantes: 0
2021-02-08 19:13:21,086 - PHILOMAKER --> TWEET TRATADO COM SUCESSO
2021-02-08 19:13:21,086 - PHILOMAKER --> Imagem removida
2021-02-08 19:13:21,086 - PHILOMAKER --> Finalizado, ID tratado: 1358901677668126720
2021-02-08 19:13:21,086 - PHILOMAKER --> Itens restantes: 0
2021-02-08 19:13:21,086 - PHILOMAKER --> TWEET TRATADO COM SUCESSO
2021-02-08 19:13:21,086 - PHILOMAKER --> ----------------------------------------

2021-02-08 19:13:21,086 - PHILOMAKER --> >AGUARDANDO NOVOS TWEETS...<
2021-02-08 19:14:18,353 - HASHTAG --> =============== NOVO TWEET ENCONTRADO ================
2021-02-08 19:14:18,361 - HASHTAG --> Tweet ID: 1358901976768077826
2021-02-08 19:14:18,361 - HASHTAG --> Tweet USERNAME: TestePhiloBot
2021-02-08 19:14:18,361 - HASHTAG --> Adicionado na fila
2021-02-08 19:14:18,361 - HASHTAG --> =======================================================

2021-02-08 19:14:23,376 - PHILOMAKER --> ----------------------------------------
2021-02-08 19:14:23,376 - PHILOMAKER -->        > STARTING PHILOMAKER < 
2021-02-08 19:14:23,376 - PHILOMAKER --> ----------------------------------------
2021-02-08 19:14:23,376 - PHILOMAKER --> ID Coletado: 1358901976768077826
2021-02-08 19:14:23,667 - PHILOMAKER --> [ETAPA 1] Status coletado: #testemaker kfkf ww
@Flamengo https://t.co/HplBMOqumL
2021-02-08 19:14:23,668 - PHILOMAKER --> [ETAPA 2] Status - marcações retiradas: #testemaker kfkf ww
 https://t.co/HplBMOqumL
2021-02-08 19:14:25,675 - PHILOMAKER --> [ETAPA 3] Checando se é RT...
2021-02-08 19:14:25,675 - PHILOMAKER --> [ETAPA 4] Checando string vazia...
2021-02-08 19:14:27,690 - PHILOMAKER --> [ETAPA 5] Ajustando tamanho do texto para imagem...
2021-02-08 19:14:27,735 - PHILOMAKER --> [ETAPA 6] Nome do filósofo coletado: - Flamengo
2021-02-08 19:14:27,735 - PHILOMAKER --> [ETAPA 7] Coletando URL da imagem: http://pbs.twimg.com/media/EtvKJLTXIAERuJR.jpg
2021-02-08 19:14:28,107 - PHILOMAKER --> [ETAPA 5] Verificando aspas...
2021-02-08 19:14:28,107 - PHILOMAKER --> [ETAPA 6] Tweet MENOR que 25 caracteres, ajustando texto...
2021-02-08 19:14:29,103 - PHILOMAKER --> IMAGEM ENVIADA!
2021-02-08 19:14:32,110 - PHILOMAKER --> Finalizado, ID tratado: 1358901976768077826
2021-02-08 19:14:32,110 - PHILOMAKER --> Itens restantes: 0
2021-02-08 19:14:32,110 - PHILOMAKER --> TWEET TRATADO COM SUCESSO
2021-02-08 19:14:32,110 - PHILOMAKER --> Imagem removida
2021-02-08 19:14:32,110 - PHILOMAKER --> Finalizado, ID tratado: 1358901976768077826
2021-02-08 19:14:32,110 - PHILOMAKER --> Itens restantes: 0
2021-02-08 19:14:32,110 - PHILOMAKER --> TWEET TRATADO COM SUCESSO
2021-02-08 19:14:32,110 - PHILOMAKER --> ----------------------------------------

2021-02-08 19:14:32,110 - PHILOMAKER --> >AGUARDANDO NOVOS TWEETS...<
2021-02-08 19:15:18,524 - PHILOMAKER --> =============== NOVO TWEET ENCONTRADO ================
2021-02-08 19:15:18,536 - PHILOMAKER --> Tweet ID: 1358902228736696321
2021-02-08 19:15:18,536 - PHILOMAKER --> Tweet USERNAME: TestePhiloBot
2021-02-08 19:15:18,536 - PHILOMAKER --> Adicionado na fila
2021-02-08 19:15:18,536 - PHILOMAKER --> =======================================================

2021-02-08 19:15:23,551 - PHILOMAKER --> ----------------------------------------
2021-02-08 19:15:23,551 - PHILOMAKER -->        > STARTING PHILOMAKER < 
2021-02-08 19:15:23,551 - PHILOMAKER --> ----------------------------------------
2021-02-08 19:15:23,551 - PHILOMAKER --> ID Coletado: 1358902228736696321
2021-02-08 19:15:23,820 - PHILOMAKER --> [ETAPA 1] Status coletado: #testemaker ssssssssssssssssdedeeefssssssssssssssssdedeeefssssssssssssssssdedeeefssssssssssssssssdedeeefssssssssssssssssdedeeefssssssssssssssssdedeeefssssssssssssssssdedeeefssssssssssssssssdedeeefssssssssssssssssdedeeefssssssssssssssssdedeeefssssssssssssssssdedeeef @VascodaGama https://t.co/juiaTRuRrq
2021-02-08 19:15:23,820 - PHILOMAKER --> [ETAPA 2] Status - marcações retiradas: #testemaker ssssssssssssssssdedeeefssssssssssssssssdedeeefssssssssssssssssdedeeefssssssssssssssssdedeeefssssssssssssssssdedeeefssssssssssssssssdedeeefssssssssssssssssdedeeefssssssssssssssssdedeeefssssssssssssssssdedeeefssssssssssssssssdedeeefssssssssssssssssdedeeef  https://t.co/juiaTRuRrq
2021-02-08 19:15:25,838 - PHILOMAKER --> [ETAPA 3] Checando se é RT...
2021-02-08 19:15:25,838 - PHILOMAKER --> [ETAPA 4] Checando string vazia...
2021-02-08 19:15:27,848 - PHILOMAKER --> [ETAPA 5] Ajustando tamanho do texto para imagem...
2021-02-08 19:22:43,003 - HASHTAG --> =============== NOVO TWEET ENCONTRADO ================
2021-02-08 19:22:43,009 - HASHTAG --> Tweet ID: 1358904091892731906
2021-02-08 19:22:43,009 - HASHTAG --> Tweet USERNAME: TestePhiloBot
2021-02-08 19:22:43,009 - HASHTAG --> Adicionado na fila
2021-02-08 19:22:43,009 - HASHTAG --> =======================================================

2021-02-08 19:22:48,023 - PHILOMAKER --> ----------------------------------------
2021-02-08 19:22:48,023 - PHILOMAKER -->        > STARTING PHILOMAKER < 
2021-02-08 19:22:48,023 - PHILOMAKER --> ----------------------------------------
2021-02-08 19:22:48,023 - PHILOMAKER --> ID Coletado: 1358904091892731906
2021-02-08 19:22:48,318 - PHILOMAKER --> [ETAPA 1] Status coletado: #testemaker ssssssssssssssssdedeeefssssssssssssssssdedeeefssssssssssssssssdedeeefssssssssssssssssdedeeefssssssssssssssssdedeeefssssssssssssssssdedeeefssssssssssssssssdedeeefssssssssssssssssdedeeefssssssssssssssssdedeeefssssssssssssssssdedeeefssssssssssssssssdedeeef 
@VascodaGama https://t.co/GDT8dw98V7
2021-02-08 19:22:48,318 - PHILOMAKER --> [ETAPA 2] Status - marcações retiradas: #testemaker ssssssssssssssssdedeeefssssssssssssssssdedeeefssssssssssssssssdedeeefssssssssssssssssdedeeefssssssssssssssssdedeeefssssssssssssssssdedeeefssssssssssssssssdedeeefssssssssssssssssdedeeefssssssssssssssssdedeeefssssssssssssssssdedeeefssssssssssssssssdedeeef 
 https://t.co/GDT8dw98V7
2021-02-08 19:22:50,336 - PHILOMAKER --> [ETAPA 3] Checando se é RT...
2021-02-08 19:22:50,336 - PHILOMAKER --> [ETAPA 4] Checando string vazia...
2021-02-08 19:22:52,341 - PHILOMAKER --> [ETAPA 5] Ajustando tamanho do texto para imagem...
2021-02-08 19:24:51,040 - HASHTAG --> =============== NOVO TWEET ENCONTRADO ================
2021-02-08 19:24:51,049 - HASHTAG --> Tweet ID: 1358904630273601537
2021-02-08 19:24:51,049 - HASHTAG --> Tweet USERNAME: TestePhiloBot
2021-02-08 19:24:51,049 - HASHTAG --> Adicionado na fila
2021-02-08 19:24:51,049 - HASHTAG --> =======================================================

2021-02-08 19:24:56,061 - PHILOMAKER --> ----------------------------------------
2021-02-08 19:24:56,061 - PHILOMAKER -->        > STARTING PHILOMAKER < 
2021-02-08 19:24:56,061 - PHILOMAKER --> ----------------------------------------
2021-02-08 19:24:56,061 - PHILOMAKER --> ID Coletado: 1358904630273601537
2021-02-08 19:24:56,345 - PHILOMAKER --> [ETAPA 1] Status coletado: #testemaker ssssssssssssssssdedeeefssssssssssssssssdedeeefssssssssssssssssdedeeefssssssssssssssssdedeeefssssssssssssssssdedeeefsssssssssssdedefefefeefssssssssssssssssdedeeefssssssssssssssssdedeeefssssssssssssssssdedeeefssssssssssssssssdedeeefssssssssssssssssdedeeef 
@VascodaGama https://t.co/O8KChDCw1V
2021-02-08 19:24:56,345 - PHILOMAKER --> [ETAPA 2] Status - marcações retiradas: #testemaker ssssssssssssssssdedeeefssssssssssssssssdedeeefssssssssssssssssdedeeefssssssssssssssssdedeeefssssssssssssssssdedeeefsssssssssssdedefefefeefssssssssssssssssdedeeefssssssssssssssssdedeeefssssssssssssssssdedeeefssssssssssssssssdedeeefssssssssssssssssdedeeef 
 https://t.co/O8KChDCw1V
2021-02-08 19:24:58,366 - PHILOMAKER --> [ETAPA 3] Checando se é RT...
2021-02-08 19:24:58,366 - PHILOMAKER --> [ETAPA 4] Checando string vazia...
2021-02-08 19:25:00,381 - PHILOMAKER --> [ETAPA 5] Ajustando tamanho do texto para imagem...
2021-02-08 19:28:51,999 - HASHTAG --> =============== NOVO TWEET ENCONTRADO ================
2021-02-08 19:28:52,010 - HASHTAG --> Tweet ID: 1358905640954060800
2021-02-08 19:28:52,010 - HASHTAG --> Tweet USERNAME: TestePhiloBot
2021-02-08 19:28:52,010 - HASHTAG --> Adicionado na fila
2021-02-08 19:28:52,010 - HASHTAG --> =======================================================

2021-02-08 19:28:57,020 - PHILOMAKER --> ----------------------------------------
2021-02-08 19:28:57,020 - PHILOMAKER -->        > STARTING PHILOMAKER < 
2021-02-08 19:28:57,020 - PHILOMAKER --> ----------------------------------------
2021-02-08 19:28:57,020 - PHILOMAKER --> ID Coletado: 1358905640954060800
2021-02-08 19:28:57,339 - PHILOMAKER --> [ETAPA 1] Status coletado: #testemaker ssssssssssssssssdedeeefssssssssssssssssdedeeefssssssssssssssssdedeeefssss8888ssssdedeeefssssssssssssssssdedeeefsssssssssssdedefefeffeefssssssssssssssssdedeeefssssssssssssssssdedeeefssssssssssssssssdedeeefssssssssssssssssdedeeefssssssssssssssssdedeeef 
@VascodaGama https://t.co/OAueBJTZ6U
2021-02-08 19:28:57,339 - PHILOMAKER --> [ETAPA 2] Status - marcações retiradas: #testemaker ssssssssssssssssdedeeefssssssssssssssssdedeeefssssssssssssssssdedeeefssss8888ssssdedeeefssssssssssssssssdedeeefsssssssssssdedefefeffeefssssssssssssssssdedeeefssssssssssssssssdedeeefssssssssssssssssdedeeefssssssssssssssssdedeeefssssssssssssssssdedeeef 
 https://t.co/OAueBJTZ6U
2021-02-08 19:28:59,349 - PHILOMAKER --> [ETAPA 3] Checando se é RT...
2021-02-08 19:28:59,349 - PHILOMAKER --> [ETAPA 4] Checando string vazia...
2021-02-08 19:29:01,364 - PHILOMAKER --> [ETAPA 5] Ajustando tamanho do texto para imagem...
2021-02-08 19:29:01,403 - PHILOMAKER --> [ETAPA 6] Nome do filósofo coletado: - Vasco da Gama
2021-02-08 19:29:01,403 - PHILOMAKER --> ERRO: IMAGEM NÃO ENCONTRADA
2021-02-08 19:29:01,403 - PHILOMAKER --> [Errno 2] No such file or directory: 'Hashtag/twitter_philo_img.png'
2021-02-08 19:29:01,403 - PHILOMAKER --> Enviando imagem de ajuda para o @TestePhiloBot.
2021-02-08 19:29:02,421 - PHILOMAKER --> IMAGEM ENVIADA!
2021-02-08 19:29:05,423 - PHILOMAKER --> ----------------------------------------

2021-02-08 19:29:05,423 - PHILOMAKER --> >AGUARDANDO NOVOS TWEETS...<
2021-02-08 19:43:09,091 - HASHTAG --> =============== NOVO TWEET ENCONTRADO ================
2021-02-08 19:43:09,092 - HASHTAG --> Tweet ID: 1358909235766190081
2021-02-08 19:43:09,092 - HASHTAG --> Tweet USERNAME: TestePhiloBot
2021-02-08 19:43:09,092 - HASHTAG --> Adicionado na fila
2021-02-08 19:43:09,092 - HASHTAG --> =======================================================

2021-02-08 19:43:14,104 - PHILOMAKER --> ----------------------------------------
2021-02-08 19:43:14,105 - PHILOMAKER -->        > STARTING PHILOMAKER < 
2021-02-08 19:43:14,105 - PHILOMAKER --> ----------------------------------------
2021-02-08 19:43:14,105 - PHILOMAKER --> ID Coletado: 1358909235766190081
2021-02-08 19:43:14,371 - PHILOMAKER --> [ETAPA 1] Status coletado: #testemaker ssssssssssssssssdedeeefssssssssssssssssdedeeefssssssssssssssssdedeeefssss8888sdeeefssssssssssssssssdedeeefsssssssssssdedefefeffeefssssssssssssss848ssdedeeefssssssssssssssssdedeeefssssssssssssssssdedeeefssssssssssssssssdedeeefssssssssssssssssdedeeef 
@VascodaGama https://t.co/PHM0q2MFWk
2021-02-08 19:43:14,371 - PHILOMAKER --> [ETAPA 2] Status - marcações retiradas: #testemaker ssssssssssssssssdedeeefssssssssssssssssdedeeefssssssssssssssssdedeeefssss8888sdeeefssssssssssssssssdedeeefsssssssssssdedefefeffeefssssssssssssss848ssdedeeefssssssssssssssssdedeeefssssssssssssssssdedeeefssssssssssssssssdedeeefssssssssssssssssdedeeef 
 https://t.co/PHM0q2MFWk
2021-02-08 19:43:16,381 - PHILOMAKER --> [ETAPA 3] Checando se é RT...
2021-02-08 19:43:16,381 - PHILOMAKER --> [ETAPA 4] Checando string vazia...
2021-02-08 19:43:18,384 - PHILOMAKER --> [ETAPA 5] Ajustando tamanho do texto para imagem...
2021-02-08 19:43:18,424 - PHILOMAKER --> ERRO: NENHUM USUARIO MENCIONADO!
2021-02-08 19:43:18,424 - PHILOMAKER --> Enviando imagem de ajuda para o @TestePhiloBot.
2021-02-08 19:43:19,508 - PHILOMAKER --> IMAGEM ENVIADA!
2021-02-08 19:43:22,512 - PHILOMAKER --> ----------------------------------------

2021-02-08 19:43:22,512 - PHILOMAKER --> >AGUARDANDO NOVOS TWEETS...<
2021-02-08 19:47:06,939 - HASHTAG --> =============== NOVO TWEET ENCONTRADO ================
2021-02-08 19:47:06,953 - HASHTAG --> Tweet ID: 1358910233536581632
2021-02-08 19:47:06,953 - HASHTAG --> Tweet USERNAME: TestePhiloBot
2021-02-08 19:47:06,953 - HASHTAG --> Adicionado na fila
2021-02-08 19:47:06,953 - HASHTAG --> =======================================================

2021-02-08 19:47:11,963 - PHILOMAKER --> ----------------------------------------
2021-02-08 19:47:11,963 - PHILOMAKER -->        > STARTING PHILOMAKER < 
2021-02-08 19:47:11,963 - PHILOMAKER --> ----------------------------------------
2021-02-08 19:47:11,963 - PHILOMAKER --> ID Coletado: 1358910233536581632
2021-02-08 19:47:12,314 - PHILOMAKER --> [ETAPA 1] Status coletado: #testemaker ssssssssssssssssdedeeefssssssssssssssssdedeeefssssssssssssssssdedeeefssss8888ssssdedeeefssssssssssssssssdedeeefsssssssssssdedefefeffeefssssssssssssssssdedeeefssssssssssssssssdedeeefssssssssssssyyyyydedeeefssssssssssssssssdedeeefssssssssssssssssdedeeef 
@VascodaGama https://t.co/697tNYhiKJ
2021-02-08 19:47:12,314 - PHILOMAKER --> [ETAPA 2] Status - marcações retiradas: #testemaker ssssssssssssssssdedeeefssssssssssssssssdedeeefssssssssssssssssdedeeefssss8888ssssdedeeefssssssssssssssssdedeeefsssssssssssdedefefeffeefssssssssssssssssdedeeefssssssssssssssssdedeeefssssssssssssyyyyydedeeefssssssssssssssssdedeeefssssssssssssssssdedeeef 
 https://t.co/697tNYhiKJ
2021-02-08 19:47:14,327 - PHILOMAKER --> [ETAPA 3] Checando se é RT...
2021-02-08 19:47:14,327 - PHILOMAKER --> [ETAPA 4] Checando string vazia...
2021-02-08 19:47:16,338 - PHILOMAKER --> [ETAPA 5] Ajustando tamanho do texto para imagem...
2021-02-08 19:47:16,379 - PHILOMAKER --> [ETAPA 6] Nome do filósofo coletado: - Vasco da Gama
2021-02-08 19:47:16,379 - PHILOMAKER --> ERRO: IMAGEM NÃO ENCONTRADA
2021-02-08 19:47:16,379 - PHILOMAKER --> [Errno 2] No such file or directory: 'Hashtag/twitter_philo_img.png'
2021-02-08 19:47:16,380 - PHILOMAKER --> Enviando imagem de ajuda para o @TestePhiloBot.
2021-02-08 19:47:17,536 - PHILOMAKER --> IMAGEM ENVIADA!
2021-02-08 19:47:20,548 - PHILOMAKER --> ----------------------------------------

2021-02-08 19:47:20,548 - PHILOMAKER --> >AGUARDANDO NOVOS TWEETS...<
2021-02-08 19:50:22,761 - HASHTAG --> =============== NOVO TWEET ENCONTRADO ================
2021-02-08 19:50:22,774 - HASHTAG --> Tweet ID: 1358911054508683273
2021-02-08 19:50:22,774 - HASHTAG --> Tweet USERNAME: TestePhiloBot
2021-02-08 19:50:22,774 - HASHTAG --> Adicionado na fila
2021-02-08 19:50:22,774 - HASHTAG --> =======================================================

2021-02-08 19:50:27,788 - PHILOMAKER --> ----------------------------------------
2021-02-08 19:50:27,788 - PHILOMAKER -->        > STARTING PHILOMAKER < 
2021-02-08 19:50:27,788 - PHILOMAKER --> ----------------------------------------
2021-02-08 19:50:27,788 - PHILOMAKER --> ID Coletado: 1358911054508683273
2021-02-08 19:50:28,063 - PHILOMAKER --> [ETAPA 1] Status coletado: #testemaker ssssssssssssssssdedeeefssssssssssssssssdedeeefssssssssssssssssdedeeefssss8888ssssdedeeefssssssssssssssssdedeeefsssssssssssdedefefeffeefshhhhhsssssssssssdedeeefssssssssssssssssdedeeefssssssssssssssssdedeeefssssssssssssssssdedeeefssssssssssssssssdedeeef 
@VascodaGama https://t.co/SaxvcCWEh3
2021-02-08 19:50:28,063 - PHILOMAKER --> [ETAPA 2] Status - marcações retiradas: #testemaker ssssssssssssssssdedeeefssssssssssssssssdedeeefssssssssssssssssdedeeefssss8888ssssdedeeefssssssssssssssssdedeeefsssssssssssdedefefeffeefshhhhhsssssssssssdedeeefssssssssssssssssdedeeefssssssssssssssssdedeeefssssssssssssssssdedeeefssssssssssssssssdedeeef 
 https://t.co/SaxvcCWEh3
2021-02-08 19:50:30,069 - PHILOMAKER --> [ETAPA 3] Checando se é RT...
2021-02-08 19:50:30,069 - PHILOMAKER --> [ETAPA 4] Checando string vazia...
2021-02-08 19:50:32,076 - PHILOMAKER --> [ETAPA 5] Ajustando tamanho do texto para imagem...
2021-02-08 19:50:32,118 - PHILOMAKER --> [ETAPA 6] Nome do filósofo coletado: - Vasco da Gama
2021-02-08 19:50:32,119 - PHILOMAKER --> [ETAPA 7] Coletando URL da imagem: http://pbs.twimg.com/media/EtvSZWlXAAYL4VB.jpg
2021-02-08 19:50:32,985 - PHILOMAKER --> [ETAPA 5] Verificando aspas...
2021-02-08 19:50:32,985 - PHILOMAKER --> [ETAPA 6] Tweet MAIOR que 240 caracteres, ajustando texto...

2021-02-08 19:50:33,913 - PHILOMAKER --> IMAGEM ENVIADA!
2021-02-08 19:50:36,921 - PHILOMAKER --> Finalizado, ID tratado: 1358911054508683273
2021-02-08 19:50:36,921 - PHILOMAKER --> Itens restantes: 0
2021-02-08 19:50:36,921 - PHILOMAKER --> TWEET TRATADO COM SUCESSO
2021-02-08 19:50:36,921 - PHILOMAKER --> Imagem removida
2021-02-08 19:50:36,921 - PHILOMAKER --> Finalizado, ID tratado: 1358911054508683273
2021-02-08 19:50:36,921 - PHILOMAKER --> Itens restantes: 0
2021-02-08 19:50:36,921 - PHILOMAKER --> TWEET TRATADO COM SUCESSO
2021-02-08 19:50:36,921 - PHILOMAKER --> ----------------------------------------

2021-02-08 19:50:36,921 - PHILOMAKER --> >AGUARDANDO NOVOS TWEETS...<
2021-02-08 19:51:07,056 - PHILOMAKER --> =============== NOVO TWEET ENCONTRADO ================
2021-02-08 19:51:07,058 - PHILOMAKER --> Tweet ID: 1358911240223997955
2021-02-08 19:51:07,058 - PHILOMAKER --> Tweet USERNAME: TestePhiloBot
2021-02-08 19:51:07,058 - PHILOMAKER --> Adicionado na fila
2021-02-08 19:51:07,058 - PHILOMAKER --> =======================================================

2021-02-08 19:51:12,071 - PHILOMAKER --> ----------------------------------------
2021-02-08 19:51:12,071 - PHILOMAKER -->        > STARTING PHILOMAKER < 
2021-02-08 19:51:12,071 - PHILOMAKER --> ----------------------------------------
2021-02-08 19:51:12,071 - PHILOMAKER --> ID Coletado: 1358911240223997955
2021-02-08 19:51:12,355 - PHILOMAKER --> [ETAPA 1] Status coletado: #testemaker "ssssssssssssssssdedeeefssssssssssssssssdedeeefssssssssssssssssdedeeefssss8888ssssdedeeefssssssssssssssssdedeeefsssssssssssdedefefeffeefssssssssssssssssdedeeefssssssssssssssssdedeeefssssssssssssssssdedeeefssssssssssssssssdedeeefssssssssssssssssdedeeef "
@VascodaGama https://t.co/P3XkxtsXZq
2021-02-08 19:51:12,355 - PHILOMAKER --> [ETAPA 2] Status - marcações retiradas: #testemaker "ssssssssssssssssdedeeefssssssssssssssssdedeeefssssssssssssssssdedeeefssss8888ssssdedeeefssssssssssssssssdedeeefsssssssssssdedefefeffeefssssssssssssssssdedeeefssssssssssssssssdedeeefssssssssssssssssdedeeefssssssssssssssssdedeeefssssssssssssssssdedeeef "
 https://t.co/P3XkxtsXZq
2021-02-08 19:51:14,371 - PHILOMAKER --> [ETAPA 3] Checando se é RT...
2021-02-08 19:51:14,371 - PHILOMAKER --> [ETAPA 4] Checando string vazia...
2021-02-08 19:51:16,377 - PHILOMAKER --> [ETAPA 5] Ajustando tamanho do texto para imagem...
2021-02-08 19:51:16,417 - PHILOMAKER --> [ETAPA 6] Nome do filósofo coletado: - Vasco da Gama
2021-02-08 19:51:16,418 - PHILOMAKER --> [ETAPA 7] Coletando URL da imagem: http://pbs.twimg.com/media/EtvSkW2WYAYym73.jpg
2021-02-08 19:51:16,804 - PHILOMAKER --> [ETAPA 5] Verificando aspas...
2021-02-08 19:51:16,804 - PHILOMAKER --> [ETAPA 5.1] ASPAS IDENTIFICADAS
2021-02-08 19:51:16,804 - PHILOMAKER --> [ETAPA 5.2] Iniciando manipulação de aspas especiais...
2021-02-08 19:51:17,319 - PHILOMAKER --> [ETAPA 5.3] Removendo aspas do texto: ssssssssssssssssdedeeefssssssssssssssssdedeeefssssssssssssssssdedeeefssss8888ssssdedeeefssssssssssssssssdedeeefsssssssssssdedefefeffeefssssssssssssssssdedeeefssssssssssssssssdedeeefssssssssssssssssdedeeefssssssssssssssssdedeeefssssssssssssssssdedeeef 
2021-02-08 19:51:17,840 - PHILOMAKER --> [ETAPA 5.4] Tweet MAIOR que 240 caracteres, ajustando texto...
2021-02-08 19:51:17,860 - PHILOMAKER --> [ETAPA 5.5] Colocando as imagens das aspas.
2021-02-08 19:51:18,917 - PHILOMAKER --> IMAGEM ENVIADA!
2021-02-08 19:51:21,920 - PHILOMAKER --> Finalizado, ID tratado: 1358911240223997955
2021-02-08 19:51:21,920 - PHILOMAKER --> Itens restantes: 0
2021-02-08 19:51:21,920 - PHILOMAKER --> Imagem removida
2021-02-08 19:51:21,920 - PHILOMAKER --> Finalizado, ID tratado: 1358911240223997955
2021-02-08 19:51:21,920 - PHILOMAKER --> Itens restantes: 0
2021-02-08 19:51:21,920 - PHILOMAKER --> TWEET TRATADO COM SUCESSO
2021-02-08 19:51:21,920 - PHILOMAKER --> ----------------------------------------

2021-02-08 19:51:21,920 - PHILOMAKER --> >AGUARDANDO NOVOS TWEETS...<
2021-02-08 19:52:06,515 - PHILOMAKER --> =============== NOVO TWEET ENCONTRADO ================
2021-02-08 19:52:06,525 - PHILOMAKER --> Tweet ID: 1358911489663512579
2021-02-08 19:52:06,525 - PHILOMAKER --> Tweet USERNAME: TestePhiloBot
2021-02-08 19:52:06,525 - PHILOMAKER --> Adicionado na fila
2021-02-08 19:52:06,525 - PHILOMAKER --> =======================================================

2021-02-08 19:52:11,534 - PHILOMAKER --> ----------------------------------------
2021-02-08 19:52:11,534 - PHILOMAKER -->        > STARTING PHILOMAKER < 
2021-02-08 19:52:11,534 - PHILOMAKER --> ----------------------------------------
2021-02-08 19:52:11,534 - PHILOMAKER --> ID Coletado: 1358911489663512579
2021-02-08 19:52:11,805 - PHILOMAKER --> [ETAPA 1] Status coletado: #testemaker ssssssssssssssssdedeeefssssssssssssssssdedeeefssssssssssssssssdedeeefssss8888ssssdedeeefssssssssssssssssdedeeefsssssssssssdedefefeffeefssssssssssssssssdedeeefssssssssssssssssdedeeefssssssssssssssssdedeeefssssssssssssssssdedeeefssssssssssssssssdedeeef https://t.co/9eVNr0g54g
2021-02-08 19:52:11,805 - PHILOMAKER --> [ETAPA 2] Status - marcações retiradas: #testemaker ssssssssssssssssdedeeefssssssssssssssssdedeeefssssssssssssssssdedeeefssss8888ssssdedeeefssssssssssssssssdedeeefsssssssssssdedefefeffeefssssssssssssssssdedeeefssssssssssssssssdedeeefssssssssssssssssdedeeefssssssssssssssssdedeeefssssssssssssssssdedeeef https://t.co/9eVNr0g54g
2021-02-08 19:52:13,816 - PHILOMAKER --> [ETAPA 3] Checando se é RT...
2021-02-08 19:52:13,816 - PHILOMAKER --> [ETAPA 4] Checando string vazia...
2021-02-08 19:52:15,828 - PHILOMAKER --> [ETAPA 5] Ajustando tamanho do texto para imagem...
2021-02-08 19:52:15,867 - PHILOMAKER --> ERRO: NENHUM USUARIO MENCIONADO!
2021-02-08 19:52:15,867 - PHILOMAKER --> Enviando imagem de ajuda para o @TestePhiloBot.
2021-02-08 19:52:17,003 - PHILOMAKER --> IMAGEM ENVIADA!
2021-02-08 19:52:20,016 - PHILOMAKER --> ----------------------------------------

2021-02-08 19:52:20,016 - PHILOMAKER --> >AGUARDANDO NOVOS TWEETS...<
2021-02-08 19:52:38,966 - PHILOMAKER --> =============== NOVO TWEET ENCONTRADO ================
2021-02-08 19:52:38,968 - PHILOMAKER --> Tweet ID: 1358911626242621445
2021-02-08 19:52:38,968 - PHILOMAKER --> Tweet USERNAME: TestePhiloBot
2021-02-08 19:52:38,968 - PHILOMAKER --> Adicionado na fila
2021-02-08 19:52:38,968 - PHILOMAKER --> =======================================================

2021-02-08 19:52:43,970 - PHILOMAKER --> ----------------------------------------
2021-02-08 19:52:43,970 - PHILOMAKER -->        > STARTING PHILOMAKER < 
2021-02-08 19:52:43,970 - PHILOMAKER --> ----------------------------------------
2021-02-08 19:52:43,970 - PHILOMAKER --> ID Coletado: 1358911626242621445
2021-02-08 19:52:45,272 - PHILOMAKER --> [ETAPA 1] Status coletado: #testemaker ssssssssssssssssdedeeefssssssssssssssssdedeeefssssssssssssssssdedeeefssss8888ssssdedeeefssssssssssssssssdedeeefsssssssssssdedefefeffeefssssssssssssssssdedeeefssssssssssssssssdedeeefssssssssssssssssdedeeefssssssssssssssssdedeeefssssssssssssssssdedeeef 
@VascodaGama
2021-02-08 19:52:45,272 - PHILOMAKER --> [ETAPA 2] Status - marcações retiradas: #testemaker ssssssssssssssssdedeeefssssssssssssssssdedeeefssssssssssssssssdedeeefssss8888ssssdedeeefssssssssssssssssdedeeefsssssssssssdedefefeffeefssssssssssssssssdedeeefssssssssssssssssdedeeefssssssssssssssssdedeeefssssssssssssssssdedeeefssssssssssssssssdedeeef 

2021-02-08 19:52:47,291 - PHILOMAKER --> [ETAPA 3] Checando se é RT...
2021-02-08 19:52:47,291 - PHILOMAKER --> [ETAPA 4] Checando string vazia...
2021-02-08 19:52:49,302 - PHILOMAKER --> [ETAPA 5] Ajustando tamanho do texto para imagem...
2021-02-08 19:52:49,346 - PHILOMAKER --> [ETAPA 6] Nome do filósofo coletado: - Vasco da Gama
2021-02-08 19:52:49,346 - PHILOMAKER --> 'media'
2021-02-08 19:52:49,346 - PHILOMAKER --> ----------------------------------------

2021-02-08 19:52:49,346 - PHILOMAKER --> >AGUARDANDO NOVOS TWEETS...<
2021-02-08 19:52:49,346 - PHILOMAKER --> ERRO: IMAGEM NÃO ENCONTRADA
2021-02-08 19:52:49,348 - PHILOMAKER --> [Errno 2] No such file or directory: 'Hashtag/twitter_philo_img.png'
2021-02-08 19:52:49,348 - PHILOMAKER --> Enviando imagem de ajuda para o @TestePhiloBot.
2021-02-08 19:52:51,719 - PHILOMAKER --> IMAGEM ENVIADA!
2021-02-08 19:52:54,725 - PHILOMAKER --> ----------------------------------------

2021-02-08 19:52:54,725 - PHILOMAKER --> >AGUARDANDO NOVOS TWEETS...<
2021-02-08 19:56:14,181 - HASHTAG --> =============== NOVO TWEET ENCONTRADO ================
2021-02-08 19:56:14,181 - HASHTAG --> Tweet ID: 1358912528311582727
2021-02-08 19:56:14,181 - HASHTAG --> Tweet USERNAME: TestePhiloBot
2021-02-08 19:56:14,181 - HASHTAG --> Adicionado na fila
2021-02-08 19:56:14,182 - HASHTAG --> =======================================================

2021-02-08 19:56:19,190 - PHILOMAKER --> ----------------------------------------
2021-02-08 19:56:19,190 - PHILOMAKER -->        > STARTING PHILOMAKER < 
2021-02-08 19:56:19,190 - PHILOMAKER --> ----------------------------------------
2021-02-08 19:56:19,190 - PHILOMAKER --> ID Coletado: 1358912528311582727
2021-02-08 19:56:19,492 - PHILOMAKER --> [ETAPA 1] Status coletado: #testemaker ssssssssssssssssdedeeefssssssssssssssssdedeeefssssssssssssssssdedeeefssss8888ssssdedeeefssssssssssssssssdedeeefsssssssssssdedefefeffeefssssssssssssssssdedeeefssssssssssssssssdedeeefssssssssssssssssdedeeefssssssssssssssssdedeeefssssssssssssssssdedeeef 
@VascodaGama https://t.co/5p010jNojL
2021-02-08 19:56:19,492 - PHILOMAKER --> [ETAPA 2] Status - marcações retiradas: #testemaker ssssssssssssssssdedeeefssssssssssssssssdedeeefssssssssssssssssdedeeefssss8888ssssdedeeefssssssssssssssssdedeeefsssssssssssdedefefeffeefssssssssssssssssdedeeefssssssssssssssssdedeeefssssssssssssssssdedeeefssssssssssssssssdedeeefssssssssssssssssdedeeef 
 https://t.co/5p010jNojL
2021-02-08 19:56:21,501 - PHILOMAKER --> [ETAPA 3] Checando se é RT...
2021-02-08 19:56:21,501 - PHILOMAKER --> [ETAPA 4] Checando string vazia...
2021-02-08 19:56:23,503 - PHILOMAKER --> [ETAPA 5] Ajustando tamanho do texto para imagem...
2021-02-08 19:56:23,547 - PHILOMAKER --> [ETAPA 6] Nome do filósofo coletado: - Vasco da Gama
2021-02-08 19:56:23,547 - PHILOMAKER --> [ETAPA 7] Coletando URL da imagem: http://pbs.twimg.com/media/EtvTvVdXcAIZw1m.jpg
2021-02-08 19:56:23,908 - PHILOMAKER --> [ETAPA 5] Verificando aspas...
2021-02-08 19:56:23,908 - PHILOMAKER --> [ETAPA 6] Tweet MAIOR que 240 caracteres, ajustando texto...

2021-02-08 19:56:24,949 - PHILOMAKER --> IMAGEM ENVIADA!
2021-02-08 19:56:27,961 - PHILOMAKER --> Finalizado, ID tratado: 1358912528311582727
2021-02-08 19:56:27,961 - PHILOMAKER --> Itens restantes: 0
2021-02-08 19:56:27,961 - PHILOMAKER --> TWEET TRATADO COM SUCESSO
2021-02-08 19:56:27,961 - PHILOMAKER --> Imagem removida
2021-02-08 19:56:27,961 - PHILOMAKER --> Finalizado, ID tratado: 1358912528311582727
2021-02-08 19:56:27,961 - PHILOMAKER --> Itens restantes: 0
2021-02-08 19:56:27,961 - PHILOMAKER --> TWEET TRATADO COM SUCESSO
2021-02-08 19:56:27,961 - PHILOMAKER --> ----------------------------------------

2021-02-08 19:56:27,961 - PHILOMAKER --> >AGUARDANDO NOVOS TWEETS...<
2021-02-08 19:56:56,370 - PHILOMAKER --> =============== NOVO TWEET ENCONTRADO ================
2021-02-08 19:56:56,370 - PHILOMAKER --> Tweet ID: 1358912705323753472
2021-02-08 19:56:56,370 - PHILOMAKER --> Tweet USERNAME: TestePhiloBot
2021-02-08 19:56:56,370 - PHILOMAKER --> Adicionado na fila
2021-02-08 19:56:56,371 - PHILOMAKER --> =======================================================

2021-02-08 19:57:01,374 - PHILOMAKER --> ----------------------------------------
2021-02-08 19:57:01,374 - PHILOMAKER -->        > STARTING PHILOMAKER < 
2021-02-08 19:57:01,374 - PHILOMAKER --> ----------------------------------------
2021-02-08 19:57:01,374 - PHILOMAKER --> ID Coletado: 1358912705323753472
2021-02-08 19:57:01,659 - PHILOMAKER --> [ETAPA 1] Status coletado: #testemaker "ssssssssssssssssdedeeefssssssssssssssssdedeeefssssssssssssssssdedeeefssss8888ssssdedeeefssssssssssssssssdedeeefsssssssssssdedefefeffeefssssssssssssssssdedeeefssssssssssssssssdedeeefssssssssssssssssdedeeefssssssssssssssssdedeeefssssssssssssssssdedeeef "
@VascodaGama https://t.co/wo2UsPxb88
2021-02-08 19:57:01,659 - PHILOMAKER --> [ETAPA 2] Status - marcações retiradas: #testemaker "ssssssssssssssssdedeeefssssssssssssssssdedeeefssssssssssssssssdedeeefssss8888ssssdedeeefssssssssssssssssdedeeefsssssssssssdedefefeffeefssssssssssssssssdedeeefssssssssssssssssdedeeefssssssssssssssssdedeeefssssssssssssssssdedeeefssssssssssssssssdedeeef "
 https://t.co/wo2UsPxb88
2021-02-08 19:57:03,666 - PHILOMAKER --> [ETAPA 3] Checando se é RT...
2021-02-08 19:57:03,666 - PHILOMAKER --> [ETAPA 4] Checando string vazia...
2021-02-08 19:57:05,668 - PHILOMAKER --> [ETAPA 5] Ajustando tamanho do texto para imagem...
2021-02-08 19:57:05,707 - PHILOMAKER --> [ETAPA 6] Nome do filósofo coletado: - Vasco da Gama
2021-02-08 19:57:05,708 - PHILOMAKER --> [ETAPA 7] Coletando URL da imagem: http://pbs.twimg.com/media/EtvT5qKWQAAqOC-.jpg
2021-02-08 19:57:06,626 - PHILOMAKER --> [ETAPA 5] Verificando aspas...
2021-02-08 19:57:06,626 - PHILOMAKER --> [ETAPA 5.1] ASPAS IDENTIFICADAS
2021-02-08 19:57:06,626 - PHILOMAKER --> [ETAPA 5.2] Iniciando manipulação de aspas especiais...
2021-02-08 19:57:07,134 - PHILOMAKER --> [ETAPA 5.3] Removendo aspas do texto: ssssssssssssssssdedeeefssssssssssssssssdedeeefssssssssssssssssdedeeefssss8888ssssdedeeefssssssssssssssssdedeeefsssssssssssdedefefeffeefssssssssssssssssdedeeefssssssssssssssssdedeeefssssssssssssssssdedeeefssssssssssssssssdedeeefssssssssssssssssdedeeef 
2021-02-08 19:57:07,645 - PHILOMAKER --> [ETAPA 5.4] Tweet MAIOR que 240 caracteres, ajustando texto...
2021-02-08 19:57:07,663 - PHILOMAKER --> [ETAPA 5.5] Colocando as imagens das aspas.
2021-02-08 19:57:08,572 - PHILOMAKER --> IMAGEM ENVIADA!
2021-02-08 19:57:11,574 - PHILOMAKER --> Finalizado, ID tratado: 1358912705323753472
2021-02-08 19:57:11,574 - PHILOMAKER --> Itens restantes: 0
2021-02-08 19:57:11,574 - PHILOMAKER --> Imagem removida
2021-02-08 19:57:11,574 - PHILOMAKER --> Finalizado, ID tratado: 1358912705323753472
2021-02-08 19:57:11,574 - PHILOMAKER --> Itens restantes: 0
2021-02-08 19:57:11,574 - PHILOMAKER --> TWEET TRATADO COM SUCESSO
2021-02-08 19:57:11,574 - PHILOMAKER --> ----------------------------------------

2021-02-08 19:57:11,574 - PHILOMAKER --> >AGUARDANDO NOVOS TWEETS...<
2021-02-08 19:57:37,762 - PHILOMAKER --> =============== NOVO TWEET ENCONTRADO ================
2021-02-08 19:57:37,762 - PHILOMAKER --> Tweet ID: 1358912879106342914
2021-02-08 19:57:37,762 - PHILOMAKER --> Tweet USERNAME: TestePhiloBot
2021-02-08 19:57:37,762 - PHILOMAKER --> Adicionado na fila
2021-02-08 19:57:37,762 - PHILOMAKER --> =======================================================

2021-02-08 19:57:42,772 - PHILOMAKER --> ----------------------------------------
2021-02-08 19:57:42,772 - PHILOMAKER -->        > STARTING PHILOMAKER < 
2021-02-08 19:57:42,772 - PHILOMAKER --> ----------------------------------------
2021-02-08 19:57:42,772 - PHILOMAKER --> ID Coletado: 1358912879106342914
2021-02-08 19:57:43,053 - PHILOMAKER --> [ETAPA 1] Status coletado: #testemaker ssssssssssssssssdedeeefssssssssssssssssdedeeefssssssssssssssssdedeeefssss8888ssssdedeeefssssssssssssssssdedeeefsssssssssssdedefefeffeefssssssssssssssssdedeeefssssssssssssssssdedeeefssssssssssssssssdedeeefssssssssssssssssdedeeefssssssssssssssssdedeeef https://t.co/wskwAbTKMy
2021-02-08 19:57:43,053 - PHILOMAKER --> [ETAPA 2] Status - marcações retiradas: #testemaker ssssssssssssssssdedeeefssssssssssssssssdedeeefssssssssssssssssdedeeefssss8888ssssdedeeefssssssssssssssssdedeeefsssssssssssdedefefeffeefssssssssssssssssdedeeefssssssssssssssssdedeeefssssssssssssssssdedeeefssssssssssssssssdedeeefssssssssssssssssdedeeef https://t.co/wskwAbTKMy
2021-02-08 19:57:45,066 - PHILOMAKER --> [ETAPA 3] Checando se é RT...
2021-02-08 19:57:45,066 - PHILOMAKER --> [ETAPA 4] Checando string vazia...
2021-02-08 19:57:47,067 - PHILOMAKER --> [ETAPA 5] Ajustando tamanho do texto para imagem...
2021-02-08 19:57:47,106 - PHILOMAKER --> ERRO: NENHUM USUARIO MENCIONADO!
2021-02-08 19:57:47,106 - PHILOMAKER --> Enviando imagem de ajuda para o @TestePhiloBot.
2021-02-08 19:57:47,977 - PHILOMAKER --> IMAGEM ENVIADA!
2021-02-08 19:57:50,987 - PHILOMAKER --> ----------------------------------------

2021-02-08 19:57:50,987 - PHILOMAKER --> >AGUARDANDO NOVOS TWEETS...<
2021-02-08 19:58:12,701 - PHILOMAKER --> =============== NOVO TWEET ENCONTRADO ================
2021-02-08 19:58:12,701 - PHILOMAKER --> Tweet ID: 1358913025680568322
2021-02-08 19:58:12,701 - PHILOMAKER --> Tweet USERNAME: TestePhiloBot
2021-02-08 19:58:12,701 - PHILOMAKER --> Adicionado na fila
2021-02-08 19:58:12,701 - PHILOMAKER --> =======================================================

2021-02-08 19:58:17,711 - PHILOMAKER --> ----------------------------------------
2021-02-08 19:58:17,711 - PHILOMAKER -->        > STARTING PHILOMAKER < 
2021-02-08 19:58:17,711 - PHILOMAKER --> ----------------------------------------
2021-02-08 19:58:17,711 - PHILOMAKER --> ID Coletado: 1358913025680568322
2021-02-08 19:58:18,024 - PHILOMAKER --> [ETAPA 1] Status coletado: #testemaker "ssssssssssssssssdedeeefssssssssssssssssdedeeefssssssssssssssssdedeeefssss8888ssssdedeeefssssssssssssssssdedeeefsssssssssssdedefefeffeefssssssssssssssssdedeeefssssssssssssssssdedeeefssssssssssssssssdedeeefssssssssssssssssdedeeefssssssssssssssssdedeeef " https://t.co/inW6PfWXqw
2021-02-08 19:58:18,024 - PHILOMAKER --> [ETAPA 2] Status - marcações retiradas: #testemaker "ssssssssssssssssdedeeefssssssssssssssssdedeeefssssssssssssssssdedeeefssss8888ssssdedeeefssssssssssssssssdedeeefsssssssssssdedefefeffeefssssssssssssssssdedeeefssssssssssssssssdedeeefssssssssssssssssdedeeefssssssssssssssssdedeeefssssssssssssssssdedeeef " https://t.co/inW6PfWXqw
2021-02-08 19:58:20,039 - PHILOMAKER --> [ETAPA 3] Checando se é RT...
2021-02-08 19:58:20,039 - PHILOMAKER --> [ETAPA 4] Checando string vazia...
2021-02-08 19:58:22,050 - PHILOMAKER --> [ETAPA 5] Ajustando tamanho do texto para imagem...
2021-02-08 19:58:22,089 - PHILOMAKER --> ERRO: NENHUM USUARIO MENCIONADO!
2021-02-08 19:58:22,089 - PHILOMAKER --> Enviando imagem de ajuda para o @TestePhiloBot.
2021-02-08 19:58:23,025 - PHILOMAKER --> IMAGEM ENVIADA!
2021-02-08 19:58:26,036 - PHILOMAKER --> ----------------------------------------

2021-02-08 19:58:26,036 - PHILOMAKER --> >AGUARDANDO NOVOS TWEETS...<
2021-02-08 19:59:20,883 - PHILOMAKER --> =============== NOVO TWEET ENCONTRADO ================
2021-02-08 19:59:20,883 - PHILOMAKER --> Tweet ID: 1358913312038223872
2021-02-08 19:59:20,883 - PHILOMAKER --> Tweet USERNAME: TestePhiloBot
2021-02-08 19:59:20,883 - PHILOMAKER --> Adicionado na fila
2021-02-08 19:59:20,883 - PHILOMAKER --> =======================================================

2021-02-08 19:59:25,899 - PHILOMAKER --> ----------------------------------------
2021-02-08 19:59:25,899 - PHILOMAKER -->        > STARTING PHILOMAKER < 
2021-02-08 19:59:25,899 - PHILOMAKER --> ----------------------------------------
2021-02-08 19:59:25,899 - PHILOMAKER --> ID Coletado: 1358913312038223872
2021-02-08 19:59:26,186 - PHILOMAKER --> [ETAPA 1] Status coletado: #testemaker ssssssssssssssssdedeeefssssssssssssssssdedeeefssssssssssssssssdedeeefssss8888ssssdedeeefssssssssssssssssdedeeefsssssssssssdedefefeffeefssssssssssssssssdedeeefssssssssssssssssdedeeefssssssssssssssssdedefefeefssssssssssssssssdedeeefssssssssssssssssdedeeef 
@VascodaGama
2021-02-08 19:59:26,186 - PHILOMAKER --> [ETAPA 2] Status - marcações retiradas: #testemaker ssssssssssssssssdedeeefssssssssssssssssdedeeefssssssssssssssssdedeeefssss8888ssssdedeeefssssssssssssssssdedeeefsssssssssssdedefefeffeefssssssssssssssssdedeeefssssssssssssssssdedeeefssssssssssssssssdedefefeefssssssssssssssssdedeeefssssssssssssssssdedeeef 

2021-02-08 19:59:28,206 - PHILOMAKER --> [ETAPA 3] Checando se é RT...
2021-02-08 19:59:28,206 - PHILOMAKER --> [ETAPA 4] Checando string vazia...
2021-02-08 19:59:30,221 - PHILOMAKER --> [ETAPA 5] Ajustando tamanho do texto para imagem...
2021-02-08 19:59:30,260 - PHILOMAKER --> [ETAPA 6] Nome do filósofo coletado: - Vasco da Gama
2021-02-08 19:59:30,261 - PHILOMAKER --> 'media'
2021-02-08 19:59:30,261 - PHILOMAKER --> ----------------------------------------

2021-02-08 19:59:30,261 - PHILOMAKER --> >AGUARDANDO NOVOS TWEETS...<
2021-02-08 19:59:30,261 - PHILOMAKER --> ERRO: IMAGEM NÃO ENCONTRADA
2021-02-08 19:59:30,261 - PHILOMAKER --> [Errno 2] No such file or directory: 'Hashtag/twitter_philo_img.png'
2021-02-08 19:59:30,261 - PHILOMAKER --> Enviando imagem de ajuda para o @TestePhiloBot.
2021-02-08 19:59:31,107 - PHILOMAKER --> IMAGEM ENVIADA!
2021-02-08 19:59:34,117 - PHILOMAKER --> ----------------------------------------

2021-02-08 19:59:34,117 - PHILOMAKER --> >AGUARDANDO NOVOS TWEETS...<
2021-02-08 19:59:52,912 - PHILOMAKER --> =============== NOVO TWEET ENCONTRADO ================
2021-02-08 19:59:52,912 - PHILOMAKER --> Tweet ID: 1358913446323052545
2021-02-08 19:59:52,912 - PHILOMAKER --> Tweet USERNAME: TestePhiloBot
2021-02-08 19:59:52,912 - PHILOMAKER --> Adicionado na fila
2021-02-08 19:59:52,912 - PHILOMAKER --> =======================================================

2021-02-08 19:59:57,914 - PHILOMAKER --> ----------------------------------------
2021-02-08 19:59:57,914 - PHILOMAKER -->        > STARTING PHILOMAKER < 
2021-02-08 19:59:57,914 - PHILOMAKER --> ----------------------------------------
2021-02-08 19:59:57,914 - PHILOMAKER --> ID Coletado: 1358913446323052545
2021-02-08 19:59:58,464 - PHILOMAKER --> [ETAPA 1] Status coletado: #testemaker "ssssssssssssssssdedeeefssssssssssssssssdedeeefssssssssssssssssdedeeefssss8888ssssdedeeefssssssssssssssssdedeeefsssssssssssdedefefeffeefssssssssssssssssdedeeefssssssssssssssssdedeeefssssssssssssssssdedeeefssssssssssssssssdedeeefssssssssssssssssdedeeef "
@VascodaGama
2021-02-08 19:59:58,464 - PHILOMAKER --> [ETAPA 2] Status - marcações retiradas: #testemaker "ssssssssssssssssdedeeefssssssssssssssssdedeeefssssssssssssssssdedeeefssss8888ssssdedeeefssssssssssssssssdedeeefsssssssssssdedefefeffeefssssssssssssssssdedeeefssssssssssssssssdedeeefssssssssssssssssdedeeefssssssssssssssssdedeeefssssssssssssssssdedeeef "

2021-02-08 20:00:00,480 - PHILOMAKER --> [ETAPA 3] Checando se é RT...
2021-02-08 20:00:00,480 - PHILOMAKER --> [ETAPA 4] Checando string vazia...
2021-02-08 20:00:02,487 - PHILOMAKER --> [ETAPA 5] Ajustando tamanho do texto para imagem...
2021-02-08 20:00:02,527 - PHILOMAKER --> [ETAPA 6] Nome do filósofo coletado: - Vasco da Gama
2021-02-08 20:00:02,527 - PHILOMAKER --> 'media'
2021-02-08 20:00:02,527 - PHILOMAKER --> ----------------------------------------

2021-02-08 20:00:02,527 - PHILOMAKER --> >AGUARDANDO NOVOS TWEETS...<
2021-02-08 20:00:02,527 - PHILOMAKER --> ERRO: IMAGEM NÃO ENCONTRADA
2021-02-08 20:00:02,527 - PHILOMAKER --> [Errno 2] No such file or directory: 'Hashtag/twitter_philo_img.png'
2021-02-08 20:00:02,527 - PHILOMAKER --> Enviando imagem de ajuda para o @TestePhiloBot.
2021-02-08 20:00:03,403 - PHILOMAKER --> IMAGEM ENVIADA!
2021-02-08 20:00:06,410 - PHILOMAKER --> ----------------------------------------

2021-02-08 20:00:06,410 - PHILOMAKER --> >AGUARDANDO NOVOS TWEETS...<
2021-02-08 20:00:54,207 - PHILOMAKER --> =============== NOVO TWEET ENCONTRADO ================
2021-02-08 20:00:54,207 - PHILOMAKER --> Tweet ID: 1358913702989336578
2021-02-08 20:00:54,207 - PHILOMAKER --> Tweet USERNAME: TestePhiloBot
2021-02-08 20:00:54,207 - PHILOMAKER --> Adicionado na fila
2021-02-08 20:00:54,207 - PHILOMAKER --> =======================================================

2021-02-08 20:00:59,210 - PHILOMAKER --> ----------------------------------------
2021-02-08 20:00:59,210 - PHILOMAKER -->        > STARTING PHILOMAKER < 
2021-02-08 20:00:59,210 - PHILOMAKER --> ----------------------------------------
2021-02-08 20:00:59,210 - PHILOMAKER --> ID Coletado: 1358913702989336578
2021-02-08 20:00:59,492 - PHILOMAKER --> [ETAPA 1] Status coletado: #testemaker 
@VascodaGama https://t.co/93P7ZFhu9j
2021-02-08 20:00:59,493 - PHILOMAKER --> [ETAPA 2] Status - marcações retiradas: #testemaker 
 https://t.co/93P7ZFhu9j
2021-02-08 20:01:01,500 - PHILOMAKER --> [ETAPA 3] Checando se é RT...
2021-02-08 20:01:01,500 - PHILOMAKER --> [ETAPA 4] Checando string vazia...
2021-02-08 20:01:01,500 - PHILOMAKER --> STRING VAZIA DETECTADA!
2021-02-08 20:01:01,500 - PHILOMAKER --> ENVIANDO TEMPLATE DE AJUDA PARA O @TestePhiloBot.
2021-02-08 20:01:03,497 - PHILOMAKER --> IMAGEM ENVIADA!
2021-02-08 20:01:06,499 - PHILOMAKER --> ----------------------------------------

2021-02-08 20:01:06,499 - PHILOMAKER --> >AGUARDANDO NOVOS TWEETS...<
2021-02-08 20:01:34,344 - PHILOMAKER --> =============== NOVO TWEET ENCONTRADO ================
2021-02-08 20:01:34,344 - PHILOMAKER --> Tweet ID: 1358913871155707904
2021-02-08 20:01:34,344 - PHILOMAKER --> Tweet USERNAME: TestePhiloBot
2021-02-08 20:01:34,344 - PHILOMAKER --> Adicionado na fila
2021-02-08 20:01:34,344 - PHILOMAKER --> =======================================================

2021-02-08 20:01:39,350 - PHILOMAKER --> ----------------------------------------
2021-02-08 20:01:39,350 - PHILOMAKER -->        > STARTING PHILOMAKER < 
2021-02-08 20:01:39,350 - PHILOMAKER --> ----------------------------------------
2021-02-08 20:01:39,350 - PHILOMAKER --> ID Coletado: 1358913871155707904
2021-02-08 20:01:39,739 - PHILOMAKER --> [ETAPA 1] Status coletado: #testemaker sssssssss
@VascodaGama https://t.co/AxXUKsJlBc
2021-02-08 20:01:39,739 - PHILOMAKER --> [ETAPA 2] Status - marcações retiradas: #testemaker sssssssss
 https://t.co/AxXUKsJlBc
2021-02-08 20:01:41,755 - PHILOMAKER --> [ETAPA 3] Checando se é RT...
2021-02-08 20:01:41,755 - PHILOMAKER --> [ETAPA 4] Checando string vazia...
2021-02-08 20:01:43,760 - PHILOMAKER --> [ETAPA 5] Ajustando tamanho do texto para imagem...
2021-02-08 20:01:43,799 - PHILOMAKER --> [ETAPA 6] Nome do filósofo coletado: - Vasco da Gama
2021-02-08 20:01:43,799 - PHILOMAKER --> [ETAPA 7] Coletando URL da imagem: http://pbs.twimg.com/media/EtvU8-8XMAYHTAn.jpg
2021-02-08 20:01:44,020 - PHILOMAKER --> [ETAPA 5] Verificando aspas...
2021-02-08 20:01:44,020 - PHILOMAKER --> [ETAPA 6] Tweet MENOR que 25 caracteres, ajustando texto...
2021-02-08 20:01:45,302 - PHILOMAKER --> IMAGEM ENVIADA!
2021-02-08 20:01:48,309 - PHILOMAKER --> Finalizado, ID tratado: 1358913871155707904
2021-02-08 20:01:48,309 - PHILOMAKER --> Itens restantes: 0
2021-02-08 20:01:48,309 - PHILOMAKER --> TWEET TRATADO COM SUCESSO
2021-02-08 20:01:48,309 - PHILOMAKER --> Imagem removida
2021-02-08 20:01:48,309 - PHILOMAKER --> Finalizado, ID tratado: 1358913871155707904
2021-02-08 20:01:48,309 - PHILOMAKER --> Itens restantes: 0
2021-02-08 20:01:48,309 - PHILOMAKER --> TWEET TRATADO COM SUCESSO
2021-02-08 20:01:48,309 - PHILOMAKER --> ----------------------------------------

2021-02-08 20:01:48,309 - PHILOMAKER --> >AGUARDANDO NOVOS TWEETS...<
2021-02-08 20:02:07,588 - PHILOMAKER --> =============== NOVO TWEET ENCONTRADO ================
2021-02-08 20:02:07,588 - PHILOMAKER --> Tweet ID: 1358914010771554304
2021-02-08 20:02:07,588 - PHILOMAKER --> Tweet USERNAME: TestePhiloBot
2021-02-08 20:02:07,588 - PHILOMAKER --> Adicionado na fila
2021-02-08 20:02:07,588 - PHILOMAKER --> =======================================================

2021-02-08 20:02:12,590 - PHILOMAKER --> ----------------------------------------
2021-02-08 20:02:12,590 - PHILOMAKER -->        > STARTING PHILOMAKER < 
2021-02-08 20:02:12,590 - PHILOMAKER --> ----------------------------------------
2021-02-08 20:02:12,590 - PHILOMAKER --> ID Coletado: 1358914010771554304
2021-02-08 20:02:12,933 - PHILOMAKER --> [ETAPA 1] Status coletado: #testemaker "sssssssss"
@VascodaGama https://t.co/xW57XhAI4e
2021-02-08 20:02:12,933 - PHILOMAKER --> [ETAPA 2] Status - marcações retiradas: #testemaker "sssssssss"
 https://t.co/xW57XhAI4e
2021-02-08 20:02:14,948 - PHILOMAKER --> [ETAPA 3] Checando se é RT...
2021-02-08 20:02:14,948 - PHILOMAKER --> [ETAPA 4] Checando string vazia...
2021-02-08 20:02:16,960 - PHILOMAKER --> [ETAPA 5] Ajustando tamanho do texto para imagem...
2021-02-08 20:02:16,999 - PHILOMAKER --> [ETAPA 6] Nome do filósofo coletado: - Vasco da Gama
2021-02-08 20:02:16,999 - PHILOMAKER --> [ETAPA 7] Coletando URL da imagem: http://pbs.twimg.com/media/EtvVFMJWYAA0nF_.jpg
2021-02-08 20:02:17,912 - PHILOMAKER --> [ETAPA 5] Verificando aspas...
2021-02-08 20:02:17,912 - PHILOMAKER --> [ETAPA 5.1] ASPAS IDENTIFICADAS
2021-02-08 20:02:17,912 - PHILOMAKER --> [ETAPA 5.2] Iniciando manipulação de aspas especiais...
2021-02-08 20:02:18,422 - PHILOMAKER --> [ETAPA 5.3] Removendo aspas do texto: sssssssss
2021-02-08 20:02:18,935 - PHILOMAKER --> [ETAPA 5.4] Tweet MENOR que 25 caracteres, ajustando texto...
2021-02-08 20:02:18,936 - PHILOMAKER --> [ETAPA 5.5] Colocando as imagens das aspas.
2021-02-08 20:02:20,228 - PHILOMAKER --> IMAGEM ENVIADA!
2021-02-08 20:02:23,240 - PHILOMAKER --> Finalizado, ID tratado: 1358914010771554304
2021-02-08 20:02:23,240 - PHILOMAKER --> Itens restantes: 0
2021-02-08 20:02:23,240 - PHILOMAKER --> Imagem removida
2021-02-08 20:02:23,240 - PHILOMAKER --> Finalizado, ID tratado: 1358914010771554304
2021-02-08 20:02:23,240 - PHILOMAKER --> Itens restantes: 0
2021-02-08 20:02:23,240 - PHILOMAKER --> TWEET TRATADO COM SUCESSO
2021-02-08 20:02:23,240 - PHILOMAKER --> ----------------------------------------

2021-02-08 20:02:23,240 - PHILOMAKER --> >AGUARDANDO NOVOS TWEETS...<
2021-02-08 20:02:42,530 - PHILOMAKER --> =============== NOVO TWEET ENCONTRADO ================
2021-02-08 20:02:42,530 - PHILOMAKER --> Tweet ID: 1358914156091555842
2021-02-08 20:02:42,530 - PHILOMAKER --> Tweet USERNAME: TestePhiloBot
2021-02-08 20:02:42,530 - PHILOMAKER --> Adicionado na fila
2021-02-08 20:02:42,530 - PHILOMAKER --> =======================================================

2021-02-08 20:02:47,544 - PHILOMAKER --> ----------------------------------------
2021-02-08 20:02:47,544 - PHILOMAKER -->        > STARTING PHILOMAKER < 
2021-02-08 20:02:47,544 - PHILOMAKER --> ----------------------------------------
2021-02-08 20:02:47,544 - PHILOMAKER --> ID Coletado: 1358914156091555842
2021-02-08 20:02:47,842 - PHILOMAKER --> [ETAPA 1] Status coletado: #testemaker sssssssss https://t.co/emtDNCEBnI
2021-02-08 20:02:47,842 - PHILOMAKER --> [ETAPA 2] Status - marcações retiradas: #testemaker sssssssss https://t.co/emtDNCEBnI
2021-02-08 20:02:49,852 - PHILOMAKER --> [ETAPA 3] Checando se é RT...
2021-02-08 20:02:49,852 - PHILOMAKER --> [ETAPA 4] Checando string vazia...
2021-02-08 20:02:51,864 - PHILOMAKER --> [ETAPA 5] Ajustando tamanho do texto para imagem...
2021-02-08 20:02:51,903 - PHILOMAKER --> ERRO: NENHUM USUARIO MENCIONADO!
2021-02-08 20:02:51,903 - PHILOMAKER --> Enviando imagem de ajuda para o @TestePhiloBot.
2021-02-08 20:02:52,986 - PHILOMAKER --> IMAGEM ENVIADA!
2021-02-08 20:02:56,002 - PHILOMAKER --> ----------------------------------------

2021-02-08 20:02:56,002 - PHILOMAKER --> >AGUARDANDO NOVOS TWEETS...<
2021-02-08 20:03:17,795 - PHILOMAKER --> =============== NOVO TWEET ENCONTRADO ================
2021-02-08 20:03:17,795 - PHILOMAKER --> Tweet ID: 1358914303794049024
2021-02-08 20:03:17,795 - PHILOMAKER --> Tweet USERNAME: TestePhiloBot
2021-02-08 20:03:17,795 - PHILOMAKER --> Adicionado na fila
2021-02-08 20:03:17,795 - PHILOMAKER --> =======================================================

2021-02-08 20:03:22,805 - PHILOMAKER --> ----------------------------------------
2021-02-08 20:03:22,805 - PHILOMAKER -->        > STARTING PHILOMAKER < 
2021-02-08 20:03:22,805 - PHILOMAKER --> ----------------------------------------
2021-02-08 20:03:22,805 - PHILOMAKER --> ID Coletado: 1358914303794049024
2021-02-08 20:03:23,249 - PHILOMAKER --> [ETAPA 1] Status coletado: #testemaker "sssssssss" https://t.co/At3N4ykfZA
2021-02-08 20:03:23,249 - PHILOMAKER --> [ETAPA 2] Status - marcações retiradas: #testemaker "sssssssss" https://t.co/At3N4ykfZA
2021-02-08 20:03:25,255 - PHILOMAKER --> [ETAPA 3] Checando se é RT...
2021-02-08 20:03:25,255 - PHILOMAKER --> [ETAPA 4] Checando string vazia...
2021-02-08 20:03:27,264 - PHILOMAKER --> [ETAPA 5] Ajustando tamanho do texto para imagem...
2021-02-08 20:03:27,303 - PHILOMAKER --> ERRO: NENHUM USUARIO MENCIONADO!
2021-02-08 20:03:27,303 - PHILOMAKER --> Enviando imagem de ajuda para o @TestePhiloBot.
2021-02-08 20:03:28,221 - PHILOMAKER --> IMAGEM ENVIADA!
2021-02-08 20:03:31,237 - PHILOMAKER --> ----------------------------------------

2021-02-08 20:03:31,237 - PHILOMAKER --> >AGUARDANDO NOVOS TWEETS...<
2021-02-08 20:04:18,545 - PHILOMAKER --> =============== NOVO TWEET ENCONTRADO ================
2021-02-08 20:04:18,546 - PHILOMAKER --> Tweet ID: 1358914560422518787
2021-02-08 20:04:18,546 - PHILOMAKER --> Tweet USERNAME: TestePhiloBot
2021-02-08 20:04:18,546 - PHILOMAKER --> Adicionado na fila
2021-02-08 20:04:18,546 - PHILOMAKER --> =======================================================

2021-02-08 20:04:23,558 - PHILOMAKER --> ----------------------------------------
2021-02-08 20:04:23,558 - PHILOMAKER -->        > STARTING PHILOMAKER < 
2021-02-08 20:04:23,558 - PHILOMAKER --> ----------------------------------------
2021-02-08 20:04:23,558 - PHILOMAKER --> ID Coletado: 1358914560422518787
2021-02-08 20:04:23,826 - PHILOMAKER --> [ETAPA 1] Status coletado: #testemaker sssssssss
@VascodaGama
2021-02-08 20:04:23,826 - PHILOMAKER --> [ETAPA 2] Status - marcações retiradas: #testemaker sssssssss

2021-02-08 20:04:25,836 - PHILOMAKER --> [ETAPA 3] Checando se é RT...
2021-02-08 20:04:25,836 - PHILOMAKER --> [ETAPA 4] Checando string vazia...
2021-02-08 20:04:27,840 - PHILOMAKER --> [ETAPA 5] Ajustando tamanho do texto para imagem...
2021-02-08 20:04:27,879 - PHILOMAKER --> [ETAPA 6] Nome do filósofo coletado: - Vasco da Gama
2021-02-08 20:04:27,880 - PHILOMAKER --> ERRO: IMAGEM NÃO ENCONTRADA
2021-02-08 20:04:27,880 - PHILOMAKER --> [Errno 2] No such file or directory: 'Hashtag/twitter_philo_img.png'
2021-02-08 20:04:27,880 - PHILOMAKER --> Enviando imagem de ajuda para o @TestePhiloBot.
2021-02-08 20:04:28,729 - PHILOMAKER --> IMAGEM ENVIADA!
2021-02-08 20:04:31,740 - PHILOMAKER --> ----------------------------------------

2021-02-08 20:04:31,740 - PHILOMAKER --> >AGUARDANDO NOVOS TWEETS...<
2021-02-08 20:04:44,639 - PHILOMAKER --> =============== NOVO TWEET ENCONTRADO ================
2021-02-08 20:04:44,639 - PHILOMAKER --> Tweet ID: 1358914669931593728
2021-02-08 20:04:44,639 - PHILOMAKER --> Tweet USERNAME: TestePhiloBot
2021-02-08 20:04:44,639 - PHILOMAKER --> Adicionado na fila
2021-02-08 20:04:44,639 - PHILOMAKER --> =======================================================

2021-02-08 20:04:49,649 - PHILOMAKER --> ----------------------------------------
2021-02-08 20:04:49,649 - PHILOMAKER -->        > STARTING PHILOMAKER < 
2021-02-08 20:04:49,649 - PHILOMAKER --> ----------------------------------------
2021-02-08 20:04:49,649 - PHILOMAKER --> ID Coletado: 1358914669931593728
2021-02-08 20:04:49,927 - PHILOMAKER --> [ETAPA 1] Status coletado: #testemaker "sssssssss"
@VascodaGama
2021-02-08 20:04:49,929 - PHILOMAKER --> [ETAPA 2] Status - marcações retiradas: #testemaker "sssssssss"

2021-02-08 20:04:51,947 - PHILOMAKER --> [ETAPA 3] Checando se é RT...
2021-02-08 20:04:51,947 - PHILOMAKER --> [ETAPA 4] Checando string vazia...
2021-02-08 20:04:53,958 - PHILOMAKER --> [ETAPA 5] Ajustando tamanho do texto para imagem...
2021-02-08 20:04:53,997 - PHILOMAKER --> [ETAPA 6] Nome do filósofo coletado: - Vasco da Gama
2021-02-08 20:04:53,997 - PHILOMAKER --> ERRO: IMAGEM NÃO ENCONTRADA
2021-02-08 20:04:53,997 - PHILOMAKER --> [Errno 2] No such file or directory: 'Hashtag/twitter_philo_img.png'
2021-02-08 20:04:53,997 - PHILOMAKER --> Enviando imagem de ajuda para o @TestePhiloBot.
2021-02-08 20:04:54,932 - PHILOMAKER --> IMAGEM ENVIADA!
2021-02-08 20:04:57,935 - PHILOMAKER --> ----------------------------------------

2021-02-08 20:04:57,935 - PHILOMAKER --> >AGUARDANDO NOVOS TWEETS...<
2021-02-08 20:40:19,729 - HASHTAG --> =============== NOVO TWEET ENCONTRADO ================
2021-02-08 20:40:19,729 - HASHTAG --> Tweet ID: 1358923620324630528
2021-02-08 20:40:19,729 - HASHTAG --> Tweet USERNAME: TestePhiloBot
2021-02-08 20:40:19,729 - HASHTAG --> Adicionado na fila
2021-02-08 20:40:19,729 - HASHTAG --> =======================================================

2021-02-08 20:40:24,743 - PHILOBOT --> ----------------------------------------
2021-02-08 20:40:24,743 - PHILOBOT -->          > STARTING PHILOBOT < 
2021-02-08 20:40:24,743 - PHILOBOT --> ----------------------------------------
2021-02-08 20:40:24,743 - PHILOBOT --> ID Coletado: 1358923620324630528
2021-02-08 20:40:25,073 - PHILOBOT --> [ETAPA 1] Status coletado: #testephilo aaaaaass
2021-02-08 20:40:25,074 - PHILOBOT --> [ETAPA 3] Checando se é RT...
2021-02-08 20:40:25,074 - PHILOBOT --> [ETAPA 2] Status - marcações retiradas: #testephilo aaaaaass
2021-02-08 20:40:27,103 - PHILOBOT --> [ETAPA 4] Checando string vazia...
2021-02-08 20:40:29,146 - PHILOBOT --> [ETAPA 4] Configurando imagem...
2021-02-08 20:40:29,147 - PHILOBOT --> [ETAPA 4.1] Imagem do filósofo escolhida: Maximilien de Robespierre.png
2021-02-08 20:40:29,147 - PHILOBOT --> [ETAPA 4.2] Nenhum lixo no nome da imagem encontrado. Prosseguindo normalmente...
2021-02-08 20:40:29,147 - PHILOBOT --> [ETAPA 4.3] Nome do filósofo tratado: - Maximilien de Robespierre
2021-02-08 20:40:29,164 - PHILOBOT --> [ETAPA 5] Verificando aspas...
2021-02-08 20:40:29,164 - PHILOBOT --> [ETAPA 6] Tweet MENOR que 25 caracteres, ajustando texto...
2021-02-08 20:40:30,643 - PHILOBOT --> IMAGEM ENVIADA!
2021-02-08 20:40:33,658 - PHILOBOT --> Finalizado, ID tratado: 1358923620324630528
2021-02-08 20:40:33,658 - PHILOBOT --> Itens restantes: 0
2021-02-08 20:40:33,658 - PHILOBOT --> TWEET TRATADO COM SUCESSO
2021-02-08 20:40:33,658 - PHILOBOT --> ----------------------------------------

2021-02-08 20:40:33,658 - PHILOBOT --> >AGUARDANDO NOVOS TWEETS...<
