2021-02-17 20:09:28,044 - HASHTAG --> Bem-vindo!

2021-02-17 20:09:28,044 - HASHTAG --> Philosopher BOT por Caio Madeira e Rodrigo Carmo

2021-02-17 20:09:28,044 - HASHTAG --> >INICIANDO HASHTAG - EXTENSION<
2021-02-17 20:09:32,804 - HASHTAG --> HASHTAG EXTENSION ESCOLHIDA, INICIANDO #PHILOBOT E #PHILOMAKER...
2021-02-17 20:11:10,674 - HASHTAG --> Bem-vindo!

2021-02-17 20:11:10,674 - HASHTAG --> Philosopher BOT por Caio Madeira e Rodrigo Carmo

2021-02-17 20:11:10,674 - HASHTAG --> >INICIANDO HASHTAG - EXTENSION<
2021-02-17 20:11:10,714 - HASHTAG --> HASHTAG EXTENSION ESCOLHIDA, INICIANDO #PHILOBOT E #PHILOMAKER...
2021-02-17 20:11:36,686 - HASHTAG --> Bem-vindo!

2021-02-17 20:11:36,686 - HASHTAG --> Philosopher BOT por Caio Madeira e Rodrigo Carmo

2021-02-17 20:11:36,686 - HASHTAG --> >INICIANDO HASHTAG - EXTENSION<
2021-02-17 20:11:36,726 - HASHTAG --> HASHTAG EXTENSION ESCOLHIDA, INICIANDO #PHILOBOT E #PHILOMAKER...
2021-02-17 20:13:45,656 - HASHTAG --> Bem-vindo!

2021-02-17 20:13:45,656 - HASHTAG --> Philosopher BOT por Caio Madeira e Rodrigo Carmo

2021-02-17 20:13:45,656 - HASHTAG --> >INICIANDO HASHTAG - EXTENSION<
2021-02-17 20:13:45,696 - HASHTAG --> HASHTAG EXTENSION ESCOLHIDA, INICIANDO #PHILOBOT E #PHILOMAKER...
2021-02-17 20:13:58,156 - HASHTAG --> Bem-vindo!

2021-02-17 20:13:58,156 - HASHTAG --> Philosopher BOT por Caio Madeira e Rodrigo Carmo

2021-02-17 20:13:58,166 - HASHTAG --> >INICIANDO HASHTAG - EXTENSION<
2021-02-17 20:13:58,196 - HASHTAG --> HASHTAG EXTENSION ESCOLHIDA, INICIANDO #PHILOBOT E #PHILOMAKER...
2021-02-17 20:14:14,707 - HASHTAG --> Bem-vindo!

2021-02-17 20:14:14,707 - HASHTAG --> Philosopher BOT por Caio Madeira e Rodrigo Carmo

2021-02-17 20:14:14,707 - HASHTAG --> >INICIANDO HASHTAG - EXTENSION<
2021-02-17 20:14:14,742 - HASHTAG --> HASHTAG EXTENSION ESCOLHIDA, INICIANDO #PHILOBOT E #PHILOMAKER...
2021-02-17 20:15:34,650 - HASHTAG --> Bem-vindo!

2021-02-17 20:15:34,650 - HASHTAG --> Philosopher BOT por Caio Madeira e Rodrigo Carmo

2021-02-17 20:15:34,650 - HASHTAG --> >INICIANDO HASHTAG - EXTENSION<
2021-02-17 20:15:34,680 - HASHTAG --> HASHTAG EXTENSION ESCOLHIDA, INICIANDO #PHILOBOT E #PHILOMAKER...
2021-02-17 20:15:52,828 - HASHTAG --> Bem-vindo!

2021-02-17 20:15:52,828 - HASHTAG --> Philosopher BOT por Caio Madeira e Rodrigo Carmo

2021-02-17 20:15:52,828 - HASHTAG --> >INICIANDO HASHTAG - EXTENSION<
2021-02-17 20:15:52,875 - HASHTAG --> HASHTAG EXTENSION ESCOLHIDA, INICIANDO #PHILOBOT E #PHILOMAKER...
2021-02-17 20:16:35,206 - HASHTAG --> Bem-vindo!

2021-02-17 20:16:35,206 - HASHTAG --> Philosopher BOT por Caio Madeira e Rodrigo Carmo

2021-02-17 20:16:35,206 - HASHTAG --> >INICIANDO HASHTAG - EXTENSION<
2021-02-17 20:16:35,242 - HASHTAG --> HASHTAG EXTENSION ESCOLHIDA, INICIANDO #PHILOBOT E #PHILOMAKER...
2021-02-17 20:16:40,584 - HASHTAG --> Bem-vindo!

2021-02-17 20:16:40,584 - HASHTAG --> Philosopher BOT por Caio Madeira e Rodrigo Carmo

2021-02-17 20:16:40,584 - HASHTAG --> >INICIANDO HASHTAG - EXTENSION<
2021-02-17 20:16:40,624 - HASHTAG --> HASHTAG EXTENSION ESCOLHIDA, INICIANDO #PHILOBOT E #PHILOMAKER...
2021-02-17 20:17:16,773 - HASHTAG --> Bem-vindo!

2021-02-17 20:17:16,773 - HASHTAG --> Philosopher BOT por Caio Madeira e Rodrigo Carmo

2021-02-17 20:17:16,773 - HASHTAG --> >INICIANDO HASHTAG - OFFICIAL<
2021-02-17 20:17:16,773 - HASHTAG --> HASHTAG OFICIAL ESCOLHIDA, INICIANDO #PHILOBOT...
2021-02-17 20:17:50,039 - HASHTAG --> Bem-vindo!

2021-02-17 20:17:50,039 - HASHTAG --> Philosopher BOT por Caio Madeira e Rodrigo Carmo

2021-02-17 20:17:50,039 - HASHTAG --> >INICIANDO HASHTAG - OFFICIAL<
2021-02-17 20:17:50,039 - HASHTAG --> HASHTAG OFICIAL ESCOLHIDA, INICIANDO #PHILOBOT...
2021-02-17 20:18:00,659 - HASHTAG --> Bem-vindo!

2021-02-17 20:18:00,659 - HASHTAG --> Philosopher BOT por Caio Madeira e Rodrigo Carmo

2021-02-17 20:18:00,659 - HASHTAG --> >INICIANDO HASHTAG - OFFICIAL<
2021-02-17 20:18:00,659 - HASHTAG --> HASHTAG OFICIAL ESCOLHIDA, INICIANDO #PHILOBOT...
2021-02-17 20:18:36,885 - HASHTAG --> =============== NOVO TWEET ENCONTRADO ================
2021-02-17 20:18:36,934 - HASHTAG --> Tweet ID: 1362179654254231554
2021-02-17 20:18:36,934 - HASHTAG --> Tweet USERNAME: TestePhiloBot
2021-02-17 20:18:36,934 - HASHTAG --> Adicionado na fila
2021-02-17 20:18:36,934 - HASHTAG --> =======================================================

2021-02-17 20:18:41,947 - PHILOBOT --> ----------------------------------------
2021-02-17 20:18:41,947 - PHILOBOT -->          > STARTING PHILOBOT < 
2021-02-17 20:18:41,947 - PHILOBOT --> ----------------------------------------
2021-02-17 20:18:41,947 - PHILOBOT --> ID Coletado: 1362179654254231554
2021-02-17 20:20:39,624 - HASHTAG --> Bem-vindo!

2021-02-17 20:20:39,624 - HASHTAG --> Philosopher BOT por Caio Madeira e Rodrigo Carmo

2021-02-17 20:20:39,624 - HASHTAG --> >INICIANDO HASHTAG - OFFICIAL<
2021-02-17 20:20:39,694 - HASHTAG --> HASHTAG OFICIAL ESCOLHIDA, INICIANDO #PHILOBOT...
2021-02-17 20:21:00,805 - HASHTAG --> =============== NOVO TWEET ENCONTRADO ================
2021-02-17 20:21:00,885 - HASHTAG --> Tweet ID: 1362180258343104516
2021-02-17 20:21:00,885 - HASHTAG --> Tweet USERNAME: TestePhiloBot
2021-02-17 20:21:00,885 - HASHTAG --> Adicionado na fila
2021-02-17 20:21:00,885 - HASHTAG --> =======================================================

2021-02-17 20:21:34,116 - HASHTAG --> Bem-vindo!

2021-02-17 20:21:34,116 - HASHTAG --> Philosopher BOT por Caio Madeira e Rodrigo Carmo

2021-02-17 20:21:34,116 - HASHTAG --> >INICIANDO HASHTAG - EXTENSION<
2021-02-17 20:21:34,148 - HASHTAG --> HASHTAG EXTENSION ESCOLHIDA, INICIANDO #PHILOBOT E #PHILOMAKER...
2021-02-17 20:21:52,271 - HASHTAG --> =============== NOVO TWEET ENCONTRADO ================
2021-02-17 20:21:52,271 - HASHTAG --> Tweet ID: 1362180474123223040
2021-02-17 20:21:52,271 - HASHTAG --> Tweet USERNAME: TestePhiloBot
2021-02-17 20:21:52,271 - HASHTAG --> Adicionado na fila
2021-02-17 20:21:52,271 - HASHTAG --> =======================================================

2021-02-17 20:21:57,290 - PHILOBOT --> ----------------------------------------
2021-02-17 20:21:57,290 - PHILOBOT -->          > STARTING PHILOBOT < 
2021-02-17 20:21:57,290 - PHILOBOT --> ----------------------------------------
2021-02-17 20:21:57,290 - PHILOBOT --> ID Coletado: 1362180474123223040
2021-02-17 20:22:00,925 - PHILOBOT --> [ETAPA 1] Status coletado: #philobot tgrbvrts
2021-02-17 20:22:00,925 - PHILOBOT --> [ETAPA 3] Checando se é RT...
2021-02-17 20:22:00,925 - PHILOBOT --> [ETAPA 2] Status - marcações retiradas: #philobot tgrbvrts
2021-02-17 20:22:02,996 - PHILOBOT --> [ETAPA 4] Checando string vazia...
2021-02-17 20:22:05,071 - PHILOBOT --> [ETAPA 4] Configurando imagem...
2021-02-17 20:22:05,071 - PHILOBOT --> [ETAPA 4.1] Imagem do filósofo escolhida: Lucifer.png
2021-02-17 20:22:05,071 - PHILOBOT --> [ETAPA 4.2] Nenhum lixo no nome da imagem encontrado. Prosseguindo normalmente...
2021-02-17 20:22:05,071 - PHILOBOT --> [ETAPA 4.3] Nome do filósofo tratado: - Lucifer
2021-02-17 20:22:05,160 - PHILOBOT --> [ETAPA 5] Verificando aspas...
2021-02-17 20:22:05,160 - PHILOBOT --> [ETAPA 6] Tweet MENOR que 25 caracteres, ajustando texto...
2021-02-17 20:22:10,661 - PHILOBOT --> IMAGEM ENVIADA!
2021-02-17 20:22:13,671 - PHILOBOT --> Finalizado, ID tratado: 1362180474123223040
2021-02-17 20:22:13,671 - PHILOBOT --> Itens restantes: 0
2021-02-17 20:22:13,671 - PHILOBOT --> TWEET TRATADO COM SUCESSO
2021-02-17 20:22:13,671 - PHILOBOT --> ----------------------------------------

2021-02-17 20:22:13,671 - PHILOBOT --> >AGUARDANDO NOVOS TWEETS...<
