2021-03-01 16:36:24,789 - HASHTAG --> Bem-vindo!

2021-03-01 16:36:24,789 - HASHTAG --> Philosopher BOT por Caio Madeira e Rodrigo Carmo

2021-03-01 16:36:24,789 - HASHTAG --> >INICIANDO HASHTAG - EXTENSION<
2021-03-01 16:36:24,974 - HASHTAG --> HASHTAG EXTENSION ESCOLHIDA, INICIANDO #PHILOBOT E #PHILOMAKER...
2021-03-01 16:36:39,747 - HASHTAG --> Bem-vindo!

2021-03-01 16:36:39,747 - HASHTAG --> Philosopher BOT por Caio Madeira e Rodrigo Carmo

2021-03-01 16:36:39,747 - HASHTAG --> >INICIANDO HASHTAG - EXTENSION<
2021-03-01 16:36:39,770 - HASHTAG --> HASHTAG EXTENSION ESCOLHIDA, INICIANDO #PHILOBOT E #PHILOMAKER...
2021-03-01 16:38:32,824 - HASHTAG --> Bem-vindo!

2021-03-01 16:38:32,824 - HASHTAG --> Philosopher BOT por Caio Madeira e Rodrigo Carmo

2021-03-01 16:38:32,824 - HASHTAG --> >INICIANDO HASHTAG - EXTENSION<
2021-03-01 16:38:32,862 - HASHTAG --> HASHTAG EXTENSION ESCOLHIDA, INICIANDO #PHILOBOT E #PHILOMAKER...
2021-03-01 16:39:25,218 - HASHTAG --> Bem-vindo!

2021-03-01 16:39:25,218 - HASHTAG --> Philosopher BOT por Caio Madeira e Rodrigo Carmo

2021-03-01 16:39:25,218 - HASHTAG --> >INICIANDO HASHTAG - EXTENSION<
2021-03-01 16:39:25,249 - HASHTAG --> HASHTAG EXTENSION ESCOLHIDA, INICIANDO #PHILOBOT E #PHILOMAKER...
2021-03-01 16:40:10,711 - HASHTAG --> Bem-vindo!

2021-03-01 16:40:10,711 - HASHTAG --> Philosopher BOT por Caio Madeira e Rodrigo Carmo

2021-03-01 16:40:10,711 - HASHTAG --> >INICIANDO HASHTAG - EXTENSION<
2021-03-01 16:40:10,742 - HASHTAG --> HASHTAG EXTENSION ESCOLHIDA, INICIANDO #PHILOBOT E #PHILOMAKER...
2021-03-01 16:45:44,041 - HASHTAG --> Bem-vindo!

2021-03-01 16:45:44,041 - HASHTAG --> Philosopher BOT por Caio Madeira e Rodrigo Carmo

2021-03-01 16:45:44,041 - HASHTAG --> >INICIANDO HASHTAG - EXTENSION<
2021-03-01 16:45:44,079 - HASHTAG --> HASHTAG EXTENSION ESCOLHIDA, INICIANDO #PHILOBOT E #PHILOMAKER...
2021-03-01 16:46:00,411 - HASHTAG --> =============== NOVO TWEET ENCONTRADO ================
2021-03-01 16:46:00,411 - HASHTAG --> Tweet ID: 1366474803260096516
2021-03-01 16:46:00,411 - HASHTAG --> Tweet USERNAME: TestePhiloBot
2021-03-01 16:46:00,411 - HASHTAG --> Adicionado na fila
2021-03-01 16:46:00,411 - HASHTAG --> =======================================================

2021-03-01 16:46:05,433 - PHILOBOT --> ----------------------------------------
2021-03-01 16:46:05,433 - PHILOBOT -->          > STARTING PHILOBOT < 
2021-03-01 16:46:05,433 - PHILOBOT --> ----------------------------------------
2021-03-01 16:46:05,433 - PHILOBOT --> ID Coletado: 1366474803260096516
2021-03-01 16:46:06,105 - PHILOBOT --> [ETAPA 1] Status coletado: #philobot cu
2021-03-01 16:46:06,105 - PHILOBOT --> [ETAPA 3] Checando se é RT...
2021-03-01 16:46:06,105 - PHILOBOT --> [ETAPA 2] Status - marcações retiradas: #philobot cu
2021-03-01 16:46:08,118 - PHILOBOT --> [ETAPA 4] Checando string vazia...
2021-03-01 16:46:10,185 - PHILOBOT --> [ETAPA 4] Configurando imagem...
2021-03-01 16:46:10,185 - PHILOBOT --> [ETAPA 4.1] Imagem do filósofo escolhida: Galileu Galilei.png
2021-03-01 16:46:10,185 - PHILOBOT --> [ETAPA 4.2] Nenhum lixo no nome da imagem encontrado. Prosseguindo normalmente...
2021-03-01 16:46:10,185 - PHILOBOT --> [ETAPA 4.3] Nome do filósofo tratado: - Galileu Galilei
2021-03-01 16:46:10,269 - PHILOBOT --> [ETAPA 5] Verificando aspas...
2021-03-01 16:46:10,269 - PHILOBOT --> [ETAPA 6] Tweet MENOR que 25 caracteres, ajustando texto...
2021-03-01 16:46:12,194 - PHILOBOT --> IMAGEM ENVIADA!
2021-03-01 16:46:15,213 - PHILOBOT --> Finalizado, ID tratado: 1366474803260096516
2021-03-01 16:46:15,213 - PHILOBOT --> Itens restantes: 0
2021-03-01 16:46:15,213 - PHILOBOT --> TWEET TRATADO COM SUCESSO
2021-03-01 16:46:15,213 - PHILOBOT --> ----------------------------------------

