2021-09-13 21:26:39,043 - INFO - HASHTAG --> Bem-vindo!

2021-09-13 21:26:39,043 - INFO - HASHTAG --> Philosopher BOT por Caio Madeira e Rodrigo Carmo

2021-09-13 21:26:39,043 - INFO - HASHTAG --> >INICIANDO HASHTAG - TESTE<
2021-09-13 21:26:39,043 - INFO - HASHTAG --> HASHTAG EXTENSION ESCOLHIDA, INICIANDO #TESTEPHILO...
2021-09-13 21:26:39,074 - INFO - HASHTAG --> >HASHTAG INICIADA<
2021-09-13 21:26:39,074 - INFO - HASHTAG --> >AGUARDANDO NOVOS TWEETS...<
2021-09-13 21:26:47,707 - INFO - HASHTAG --> =============== NOVO TWEET ENCONTRADO ================
2021-09-13 21:26:47,708 - INFO - HASHTAG --> Tweet ID: 1437573489263890432
2021-09-13 21:26:47,710 - INFO - HASHTAG --> Tweet USERNAME: SysCat_13
2021-09-13 21:26:47,710 - INFO - HASHTAG --> Adicionado na fila
2021-09-13 21:26:47,710 - INFO - HASHTAG --> =======================================================

2021-09-14 21:26:49,506 - INFO - HASHTAG --> ----------------------------------------
2021-09-14 21:26:49,506 - INFO - HASHTAG -->          > STARTING PHILOBOT < 
2021-09-14 21:26:49,506 - INFO - HASHTAG --> ----------------------------------------
2021-09-14 21:26:49,506 - INFO - HASHTAG --> ID Coletado: 1437573489263890432
2021-09-14 21:26:49,953 - INFO - HASHTAG --> [ETAPA 1] Status coletado: #Testephilo 5f8e7b8f7c98803e25a935e658a0ca6c
2021-09-14 21:26:49,953 - INFO - HASHTAG --> [ETAPA 3] Checando se é RT...
2021-09-14 21:26:49,953 - INFO - HASHTAG --> [ETAPA 2] Status - marcações retiradas: #Testephilo 5f8e7b8f7c98803e25a935e658a0ca6c
2021-09-14 21:26:51,974 - INFO - HASHTAG --> [ETAPA 4] Checando string vazia...
2021-09-14 21:26:54,024 - INFO - HASHTAG --> [ETAPA 4] Configurando imagem...
2021-09-14 21:26:54,025 - INFO - HASHTAG --> [ETAPA 4.1] Imagem do filósofo escolhida: João Goulart.png
2021-09-14 21:26:54,025 - INFO - HASHTAG --> [ETAPA 4.2] Nenhum lixo no nome da imagem encontrado. Prosseguindo normalmente...
2021-09-14 21:26:54,025 - INFO - HASHTAG --> [ETAPA 4.3] Nome do filósofo tratado: - João Goulart
2021-09-14 21:26:54,040 - INFO - HASHTAG --> [ETAPA 5] Verificando aspas...
2021-09-14 21:26:55,709 - INFO - HASHTAG --> [+] - IMAGEM ENVIADA!
2021-09-14 21:26:58,720 - INFO - HASHTAG --> Finalizado, ID tratado: 1437573489263890432
2021-09-14 21:26:58,720 - INFO - HASHTAG --> Itens restantes: 0
2021-09-14 21:26:58,720 - INFO - HASHTAG --> TWEET TRATADO COM SUCESSO
2021-09-14 21:26:58,720 - INFO - HASHTAG --> ----------------------------------------

2021-09-14 21:26:58,720 - INFO - HASHTAG --> [LIMPANDO LISTAS E MEMÓRIAS...]
2021-09-14 21:26:58,720 - INFO - HASHTAG --> Limpeza realizada com sucesso!
2021-09-14 21:26:58,720 - INFO - HASHTAG --> Esperando 20 segundos...

2021-09-14 21:27:18,728 - INFO - HASHTAG --> >AGUARDANDO NOVOS TWEETS...<
2021-09-14 21:27:44,375 - INFO - HASHTAG --> =============== NOVO TWEET ENCONTRADO ================
2021-09-14 21:27:44,375 - INFO - HASHTAG --> Tweet ID: 1437573740481728524
2021-09-14 21:27:44,376 - INFO - HASHTAG --> Tweet USERNAME: SysCat_13
2021-09-14 21:27:44,376 - INFO - HASHTAG --> Adicionado na fila
2021-09-14 21:27:44,376 - INFO - HASHTAG --> =======================================================

2021-09-14 21:27:49,391 - INFO - HASHTAG --> ----------------------------------------
2021-09-14 21:27:49,391 - INFO - HASHTAG -->          > STARTING PHILOBOT < 
2021-09-14 21:27:49,391 - INFO - HASHTAG --> ----------------------------------------
2021-09-14 21:27:49,391 - INFO - HASHTAG --> ID Coletado: 1437573740481728524
2021-09-14 21:27:49,823 - INFO - HASHTAG --> [ETAPA 1] Status coletado: #Testephilo f6d36c06b7123b0caf9f0cfb0f30d7b6
2021-09-14 21:27:49,824 - INFO - HASHTAG --> [ETAPA 3] Checando se é RT...
2021-09-14 21:27:49,824 - INFO - HASHTAG --> [ETAPA 2] Status - marcações retiradas: #Testephilo f6d36c06b7123b0caf9f0cfb0f30d7b6
2021-09-14 21:27:51,842 - INFO - HASHTAG --> [ETAPA 4] Checando string vazia...
2021-09-14 21:27:53,885 - INFO - HASHTAG --> [ETAPA 4] Configurando imagem...
2021-09-14 21:27:53,886 - INFO - HASHTAG --> [ETAPA 4.1] Imagem do filósofo escolhida: Véio da Havan.png
2021-09-14 21:27:53,886 - INFO - HASHTAG --> [ETAPA 4.2] Nenhum lixo no nome da imagem encontrado. Prosseguindo normalmente...
2021-09-14 21:27:53,886 - INFO - HASHTAG --> [ETAPA 4.3] Nome do filósofo tratado: - Véio da Havan
2021-09-14 21:27:53,904 - INFO - HASHTAG --> [ETAPA 5] Verificando aspas...
2021-09-14 21:27:55,586 - INFO - HASHTAG --> [+] - IMAGEM ENVIADA!
2021-09-14 21:27:58,591 - INFO - HASHTAG --> Finalizado, ID tratado: 1437573740481728524
2021-09-14 21:27:58,591 - INFO - HASHTAG --> Itens restantes: 0
2021-09-14 21:27:58,591 - INFO - HASHTAG --> TWEET TRATADO COM SUCESSO
2021-09-14 21:27:58,591 - INFO - HASHTAG --> ----------------------------------------

2021-09-14 21:27:58,591 - INFO - HASHTAG --> [LIMPANDO LISTAS E MEMÓRIAS...]
2021-09-14 21:27:58,591 - INFO - HASHTAG --> Limpeza realizada com sucesso!
2021-09-14 21:27:58,591 - INFO - HASHTAG --> Esperando 20 segundos...

2021-09-14 21:28:18,596 - INFO - HASHTAG --> >AGUARDANDO NOVOS TWEETS...<
