2021-04-20 20:48:40,018 - HASHTAG --> Bem-vindo!

2021-04-20 20:48:40,018 - HASHTAG --> Philosopher BOT por Caio Madeira e Rodrigo Carmo

2021-04-20 20:48:40,018 - HASHTAG --> >INICIANDO HASHTAG - EXTENSION<
2021-04-20 20:48:41,390 - HASHTAG --> HASHTAG Test ESCOLHIDA, INICIANDO #PHILOBOT
2021-04-20 20:48:55,417 - HASHTAG --> =============== NOVO TWEET ENCONTRADO ================
2021-04-20 20:48:55,417 - HASHTAG --> [LOG PARA DEBUG - PROBLEMA MARCAÇÃO ERRADA - TEMPORARIO]
2021-04-20 20:48:55,417 - HASHTAG --> ITENS NA LISTA:
2021-04-20 20:48:55,417 - HASHTAG --> ['TestePhiloBot']
2021-04-20 20:48:55,480 - HASHTAG --> Tweet ID: 1384655326994124801
2021-04-20 20:48:55,480 - HASHTAG --> Tweet USERNAME: TestePhiloBot
2021-04-20 20:48:55,480 - HASHTAG --> Adicionado na fila
2021-04-20 20:48:55,480 - HASHTAG --> =======================================================

2021-04-20 20:49:00,499 - HASHTAG --> ----------------------------------------
2021-04-20 20:49:00,499 - HASHTAG --> > STARTING PHILOBOT < '
2021-04-20 20:49:00,499 - HASHTAG --> ----------------------------------------
2021-04-20 20:49:00,499 - HASHTAG --> LAST ID:1384655326994124801
2021-04-20 20:49:01,256 - HASHTAG --> [ETAPA 1] Status coletado: #TestePhilo 4D414CA69D9CCF3E7C69C904
2021-04-20 20:49:01,673 - HASHTAG --> DEFAULT_TEMPLATE -> Iniciando
2021-04-20 20:49:01,673 - HASHTAG --> DEFAULT_TEMPLATE -> Pass myriad
2021-04-20 20:49:01,673 - HASHTAG --> DEFAULT_TEMPLATE -> Pass times
2021-04-20 20:49:01,673 - HASHTAG --> DEFAULT_TEMPLATE -> Pass TXT
2021-04-20 20:49:01,710 - HASHTAG --> DEFAULT_TEMPLATE -> Pass SECOND FONT AND BLANK
2021-04-20 20:49:01,710 - HASHTAG --> DEFAULT_TEMPLATE -> Pass font size
2021-04-20 20:49:01,789 - HASHTAG --> DEFAULT_TEMPLATE -> Pass QUOTE FONTE
2021-04-20 20:49:01,789 - HASHTAG --> DEFAULT_TEMPLATE -> Primeira forma do status pega
2021-04-20 20:49:01,789 - HASHTAG --> DEFAULT_TEMPLATE -> ENTRANDO NA BASIC TREATATMENT
2021-04-20 20:49:01,789 - HASHTAG --> BASIC TEXT TREATMENT -> Entrou na função basic_text_treatment
2021-04-20 20:49:01,789 - HASHTAG --> BASIC TEXT TREATMENT -> Passou de self.remove_user
2021-04-20 20:49:01,789 - HASHTAG --> BASIC TEXT TREATMENT -> marcações retiradas: 
2021-04-20 20:49:01,789 - HASHTAG --> BASIC TEXT TREATMENT -> #TestePhilo 4D414CA69D9CCF3E7C69C904
2021-04-20 20:49:01,789 - HASHTAG --> BASIC TEXT TREATMENT -> Passou do LOG
2021-04-20 20:49:01,827 - HASHTAG --> DEFAULT_TEMPLATE ->ENTRANDO NA FONT SUIZE AJDUST
2021-04-20 20:49:01,827 - HASHTAG --> CHOOSE PHILOSPHER ->Pass randmom choose philo
2021-04-20 20:49:01,827 - HASHTAG --> Entrando no ajust_philosopher_name
2021-04-20 20:49:01,827 - HASHTAG --> ajust_philosopher_name -> Entrou
2021-04-20 20:49:01,827 - HASHTAG --> Imagem do filósofo escolhida: Eren Jaeger.png
2021-04-20 20:49:01,827 - HASHTAG --> Nenhum lixo no nome da imagem encontrado. Prosseguindo normalmente...
2021-04-20 20:49:01,827 - HASHTAG --> Nome do filósofo tratado: - Eren Jaeger
2021-04-20 20:49:01,827 - HASHTAG --> ajust_philosopher_name -> Saindo
2021-04-20 20:49:01,827 - HASHTAG --> img_paste -> Indo entrar
2021-04-20 20:49:01,827 - HASHTAG --> 1 img_paste -> Entrou
2021-04-20 20:49:01,874 - HASHTAG --> 2 img_paste -> Passou de philosopher_str_to_obj = Image.open(choose_philo_param)
2021-04-20 20:49:01,889 - HASHTAG --> 3 img_paste -> Passou de TEMPLATE_LAYER_2_PHILOSOPHER = philosopher_str_to_obj.resize((449, 584))
2021-04-20 20:49:01,889 - HASHTAG --> 4 img_paste -> Passou de BASE_TEMPLATE_LAYER.paste(TEMPLATE_LAYER_2_PHILOSOPHER, (629, 0))
2021-04-20 20:49:01,889 - HASHTAG --> 5 img_paste -> Passou de TEMPLATE_LAYER_3 = Image.open(os.getenv('template_layer_3'))
2021-04-20 20:49:01,889 - HASHTAG --> 6 img_paste -> Passou de BASE_TEMPLATE_LAYER.paste(TEMPLATE_LAYER_3, (0, 0), TEMPLATE_LAYER_3)
2021-04-20 20:49:01,889 - HASHTAG --> 7 img_paste -> Saiu
2021-04-20 20:49:01,889 - HASHTAG --> img_paste -> SAIU ESTANDO NO TEMPLATE
2021-04-20 20:49:01,889 - HASHTAG --> Colocando nome do philosopher
2021-04-20 20:49:48,243 - HASHTAG --> Bem-vindo!

2021-04-20 20:49:48,243 - HASHTAG --> Philosopher BOT por Caio Madeira e Rodrigo Carmo

2021-04-20 20:49:48,243 - HASHTAG --> >INICIANDO HASHTAG - EXTENSION<
2021-04-20 20:49:48,461 - HASHTAG --> HASHTAG Test ESCOLHIDA, INICIANDO #PHILOBOT
2021-04-20 20:50:02,284 - HASHTAG --> =============== NOVO TWEET ENCONTRADO ================
2021-04-20 20:50:02,284 - HASHTAG --> [LOG PARA DEBUG - PROBLEMA MARCAÇÃO ERRADA - TEMPORARIO]
2021-04-20 20:50:02,284 - HASHTAG --> ITENS NA LISTA:
2021-04-20 20:50:02,284 - HASHTAG --> ['TestePhiloBot']
2021-04-20 20:50:02,284 - HASHTAG --> Tweet ID: 1384655607509172225
2021-04-20 20:50:02,284 - HASHTAG --> Tweet USERNAME: TestePhiloBot
2021-04-20 20:50:02,284 - HASHTAG --> Adicionado na fila
2021-04-20 20:50:02,284 - HASHTAG --> =======================================================

2021-04-20 20:50:07,299 - HASHTAG --> ----------------------------------------
2021-04-20 20:50:07,299 - HASHTAG --> > STARTING PHILOBOT < '
2021-04-20 20:50:07,299 - HASHTAG --> ----------------------------------------
2021-04-20 20:50:07,299 - HASHTAG --> LAST ID:1384655607509172225
2021-04-20 20:50:08,026 - HASHTAG --> [ETAPA 1] Status coletado: #TestePhilo C5124E869F1464E8B3F5EBF6
2021-04-20 20:50:08,041 - HASHTAG --> DEFAULT_TEMPLATE -> Iniciando
2021-04-20 20:50:08,041 - HASHTAG --> DEFAULT_TEMPLATE -> Pass myriad
2021-04-20 20:50:08,041 - HASHTAG --> DEFAULT_TEMPLATE -> Pass times
2021-04-20 20:50:08,041 - HASHTAG --> DEFAULT_TEMPLATE -> Pass TXT
2021-04-20 20:50:08,041 - HASHTAG --> DEFAULT_TEMPLATE -> Pass SECOND FONT AND BLANK
2021-04-20 20:50:08,041 - HASHTAG --> DEFAULT_TEMPLATE -> Pass font size
2021-04-20 20:50:08,041 - HASHTAG --> DEFAULT_TEMPLATE -> Pass QUOTE FONTE
2021-04-20 20:50:08,041 - HASHTAG --> DEFAULT_TEMPLATE -> Primeira forma do status pega
2021-04-20 20:50:08,041 - HASHTAG --> DEFAULT_TEMPLATE -> ENTRANDO NA BASIC TREATATMENT
2021-04-20 20:50:08,041 - HASHTAG --> BASIC TEXT TREATMENT -> Entrou na função basic_text_treatment
2021-04-20 20:50:08,041 - HASHTAG --> BASIC TEXT TREATMENT -> Passou de self.remove_user
2021-04-20 20:50:08,041 - HASHTAG --> BASIC TEXT TREATMENT -> marcações retiradas: 
2021-04-20 20:50:08,041 - HASHTAG --> BASIC TEXT TREATMENT -> #TestePhilo C5124E869F1464E8B3F5EBF6
2021-04-20 20:50:08,041 - HASHTAG --> BASIC TEXT TREATMENT -> Passou do LOG
2021-04-20 20:50:08,041 - HASHTAG --> DEFAULT_TEMPLATE ->ENTRANDO NA FONT SUIZE AJDUST
2021-04-20 20:50:08,041 - HASHTAG --> CHOOSE PHILOSPHER ->Pass randmom choose philo
2021-04-20 20:50:08,041 - HASHTAG --> Entrando no ajust_philosopher_name
2021-04-20 20:50:08,056 - HASHTAG --> ajust_philosopher_name -> Entrou
2021-04-20 20:50:08,056 - HASHTAG --> Imagem do filósofo escolhida: Paulo Kogos.png
2021-04-20 20:50:08,056 - HASHTAG --> Nenhum lixo no nome da imagem encontrado. Prosseguindo normalmente...
2021-04-20 20:50:08,056 - HASHTAG --> Nome do filósofo tratado: - Paulo Kogos
2021-04-20 20:50:08,056 - HASHTAG --> ajust_philosopher_name -> Saindo
2021-04-20 20:50:08,056 - HASHTAG --> img_paste -> Indo entrar
2021-04-20 20:50:08,056 - HASHTAG --> 1 img_paste -> Entrou
2021-04-20 20:50:08,126 - HASHTAG --> 2 img_paste -> Passou de philosopher_str_to_obj = Image.open(choose_philo_param)
2021-04-20 20:50:08,126 - HASHTAG --> 3 img_paste -> Passou de TEMPLATE_LAYER_2_PHILOSOPHER = philosopher_str_to_obj.resize((449, 584))
2021-04-20 20:50:08,126 - HASHTAG --> 4 img_paste -> Passou de BASE_TEMPLATE_LAYER.paste(TEMPLATE_LAYER_2_PHILOSOPHER, (629, 0))
2021-04-20 20:50:08,126 - HASHTAG --> 5 img_paste -> Passou de TEMPLATE_LAYER_3 = Image.open(os.getenv('template_layer_3'))
2021-04-20 20:50:08,141 - HASHTAG --> 6 img_paste -> Passou de BASE_TEMPLATE_LAYER.paste(TEMPLATE_LAYER_3, (0, 0), TEMPLATE_LAYER_3)
2021-04-20 20:50:08,141 - HASHTAG --> 7 img_paste -> Saiu
2021-04-20 20:50:08,141 - HASHTAG --> img_paste -> SAIU ESTANDO NO TEMPLATE
2021-04-20 20:50:08,141 - HASHTAG --> Colocando nome do philosopher
2021-04-20 20:50:32,324 - HASHTAG --> Bem-vindo!

2021-04-20 20:50:32,324 - HASHTAG --> Philosopher BOT por Caio Madeira e Rodrigo Carmo

2021-04-20 20:50:32,324 - HASHTAG --> >INICIANDO HASHTAG - EXTENSION<
2021-04-20 20:50:32,370 - HASHTAG --> HASHTAG Test ESCOLHIDA, INICIANDO #PHILOBOT
2021-04-20 20:50:46,153 - HASHTAG --> =============== NOVO TWEET ENCONTRADO ================
2021-04-20 20:50:46,153 - HASHTAG --> [LOG PARA DEBUG - PROBLEMA MARCAÇÃO ERRADA - TEMPORARIO]
2021-04-20 20:50:46,153 - HASHTAG --> ITENS NA LISTA:
2021-04-20 20:50:46,168 - HASHTAG --> ['TestePhiloBot']
2021-04-20 20:50:46,168 - HASHTAG --> Tweet ID: 1384655791572103168
2021-04-20 20:50:46,168 - HASHTAG --> Tweet USERNAME: TestePhiloBot
2021-04-20 20:50:46,168 - HASHTAG --> Adicionado na fila
2021-04-20 20:50:46,168 - HASHTAG --> =======================================================

2021-04-20 20:50:51,173 - HASHTAG --> ----------------------------------------
2021-04-20 20:50:51,173 - HASHTAG --> > STARTING PHILOBOT < '
2021-04-20 20:50:51,173 - HASHTAG --> ----------------------------------------
2021-04-20 20:50:51,173 - HASHTAG --> LAST ID:1384655791572103168
2021-04-20 20:50:51,923 - HASHTAG --> [ETAPA 1] Status coletado: #TestePhilo 052B48F3A2BC143D67BCB5C9
2021-04-20 20:50:51,923 - HASHTAG --> DEFAULT_TEMPLATE -> Iniciando
2021-04-20 20:50:51,923 - HASHTAG --> DEFAULT_TEMPLATE -> Pass myriad
2021-04-20 20:50:51,923 - HASHTAG --> DEFAULT_TEMPLATE -> Pass times
2021-04-20 20:50:51,923 - HASHTAG --> DEFAULT_TEMPLATE -> Pass TXT
2021-04-20 20:50:51,923 - HASHTAG --> DEFAULT_TEMPLATE -> Pass SECOND FONT AND BLANK
2021-04-20 20:50:51,923 - HASHTAG --> DEFAULT_TEMPLATE -> Pass font size
2021-04-20 20:50:51,939 - HASHTAG --> DEFAULT_TEMPLATE -> Pass QUOTE FONTE
2021-04-20 20:50:51,939 - HASHTAG --> DEFAULT_TEMPLATE -> Primeira forma do status pega
2021-04-20 20:50:51,939 - HASHTAG --> DEFAULT_TEMPLATE -> ENTRANDO NA BASIC TREATATMENT
2021-04-20 20:50:51,939 - HASHTAG --> BASIC TEXT TREATMENT -> Entrou na função basic_text_treatment
2021-04-20 20:50:51,939 - HASHTAG --> BASIC TEXT TREATMENT -> Passou de self.remove_user
2021-04-20 20:50:51,939 - HASHTAG --> BASIC TEXT TREATMENT -> marcações retiradas: 
2021-04-20 20:50:51,939 - HASHTAG --> BASIC TEXT TREATMENT -> #TestePhilo 052B48F3A2BC143D67BCB5C9
2021-04-20 20:50:51,939 - HASHTAG --> BASIC TEXT TREATMENT -> Passou do LOG
2021-04-20 20:50:51,939 - HASHTAG --> DEFAULT_TEMPLATE ->ENTRANDO NA FONT SUIZE AJDUST
2021-04-20 20:50:51,939 - HASHTAG --> CHOOSE PHILOSPHER ->Pass randmom choose philo
2021-04-20 20:50:51,939 - HASHTAG --> Entrando no ajust_philosopher_name
2021-04-20 20:50:51,939 - HASHTAG --> ajust_philosopher_name -> Entrou
2021-04-20 20:50:51,939 - HASHTAG --> Imagem do filósofo escolhida: René Descartes.png
2021-04-20 20:50:51,939 - HASHTAG --> Nenhum lixo no nome da imagem encontrado. Prosseguindo normalmente...
2021-04-20 20:50:51,939 - HASHTAG --> Nome do filósofo tratado: - René Descartes
2021-04-20 20:50:51,939 - HASHTAG --> ajust_philosopher_name -> Saindo
2021-04-20 20:50:51,939 - HASHTAG --> img_paste -> Indo entrar
2021-04-20 20:50:51,939 - HASHTAG --> 1 img_paste -> Entrou
2021-04-20 20:50:52,008 - HASHTAG --> 2 img_paste -> Passou de philosopher_str_to_obj = Image.open(choose_philo_param)
2021-04-20 20:50:52,008 - HASHTAG --> 3 img_paste -> Passou de TEMPLATE_LAYER_2_PHILOSOPHER = philosopher_str_to_obj.resize((449, 584))
2021-04-20 20:50:52,008 - HASHTAG --> 4 img_paste -> Passou de BASE_TEMPLATE_LAYER.paste(TEMPLATE_LAYER_2_PHILOSOPHER, (629, 0))
2021-04-20 20:50:52,008 - HASHTAG --> 5 img_paste -> Passou de TEMPLATE_LAYER_3 = Image.open(os.getenv('template_layer_3'))
2021-04-20 20:50:52,023 - HASHTAG --> 6 img_paste -> Passou de BASE_TEMPLATE_LAYER.paste(TEMPLATE_LAYER_3, (0, 0), TEMPLATE_LAYER_3)
2021-04-20 20:50:52,023 - HASHTAG --> 7 img_paste -> Saiu
2021-04-20 20:50:52,023 - HASHTAG --> img_paste -> SAIU ESTANDO NO TEMPLATE
2021-04-20 20:50:52,023 - HASHTAG --> Colocando nome do philosopher
2021-04-20 20:50:52,023 - HASHTAG --> ajust_philosopher_name -> Entrou
2021-04-20 20:50:52,023 - HASHTAG --> Imagem do filósofo escolhida: René Descartes.png
2021-04-20 20:50:52,023 - HASHTAG --> Nenhum lixo no nome da imagem encontrado. Prosseguindo normalmente...
2021-04-20 20:50:52,023 - HASHTAG --> Nome do filósofo tratado: - René Descartes
2021-04-20 20:50:52,023 - HASHTAG --> ajust_philosopher_name -> Saindo
2021-04-20 20:52:02,975 - HASHTAG --> Bem-vindo!

2021-04-20 20:52:02,975 - HASHTAG --> Philosopher BOT por Caio Madeira e Rodrigo Carmo

2021-04-20 20:52:02,975 - HASHTAG --> >INICIANDO HASHTAG - EXTENSION<
2021-04-20 20:52:03,022 - HASHTAG --> HASHTAG Test ESCOLHIDA, INICIANDO #PHILOBOT
2021-04-20 20:52:16,819 - HASHTAG --> =============== NOVO TWEET ENCONTRADO ================
2021-04-20 20:52:16,819 - HASHTAG --> [LOG PARA DEBUG - PROBLEMA MARCAÇÃO ERRADA - TEMPORARIO]
2021-04-20 20:52:16,819 - HASHTAG --> ITENS NA LISTA:
2021-04-20 20:52:16,819 - HASHTAG --> ['TestePhiloBot']
2021-04-20 20:52:16,819 - HASHTAG --> Tweet ID: 1384656171739619331
2021-04-20 20:52:16,819 - HASHTAG --> Tweet USERNAME: TestePhiloBot
2021-04-20 20:52:16,819 - HASHTAG --> Adicionado na fila
2021-04-20 20:52:16,819 - HASHTAG --> =======================================================

2021-04-20 20:52:21,838 - HASHTAG --> ----------------------------------------
2021-04-20 20:52:21,838 - HASHTAG --> > STARTING PHILOBOT < '
2021-04-20 20:52:21,838 - HASHTAG --> ----------------------------------------
2021-04-20 20:52:21,838 - HASHTAG --> LAST ID:1384656171739619331
2021-04-20 20:52:22,602 - HASHTAG --> [ETAPA 1] Status coletado: #TestePhilo 6C254AB2AC6CDCE51506B3A0
2021-04-20 20:52:22,602 - HASHTAG --> DEFAULT_TEMPLATE -> Iniciando
2021-04-20 20:52:22,602 - HASHTAG --> DEFAULT_TEMPLATE -> Pass myriad
2021-04-20 20:52:22,602 - HASHTAG --> DEFAULT_TEMPLATE -> Pass times
2021-04-20 20:52:22,602 - HASHTAG --> DEFAULT_TEMPLATE -> Pass TXT
2021-04-20 20:52:22,618 - HASHTAG --> DEFAULT_TEMPLATE -> Pass SECOND FONT AND BLANK
2021-04-20 20:52:22,618 - HASHTAG --> DEFAULT_TEMPLATE -> Pass font size
2021-04-20 20:52:22,618 - HASHTAG --> DEFAULT_TEMPLATE -> Pass QUOTE FONTE
2021-04-20 20:52:22,618 - HASHTAG --> DEFAULT_TEMPLATE -> Primeira forma do status pega
2021-04-20 20:52:22,618 - HASHTAG --> DEFAULT_TEMPLATE -> ENTRANDO NA BASIC TREATATMENT
2021-04-20 20:52:22,618 - HASHTAG --> BASIC TEXT TREATMENT -> Entrou na função basic_text_treatment
2021-04-20 20:52:22,618 - HASHTAG --> BASIC TEXT TREATMENT -> Passou de self.remove_user
2021-04-20 20:52:22,618 - HASHTAG --> BASIC TEXT TREATMENT -> marcações retiradas: 
2021-04-20 20:52:22,618 - HASHTAG --> BASIC TEXT TREATMENT -> #TestePhilo 6C254AB2AC6CDCE51506B3A0
2021-04-20 20:52:22,618 - HASHTAG --> BASIC TEXT TREATMENT -> Passou do LOG
2021-04-20 20:52:22,624 - HASHTAG --> DEFAULT_TEMPLATE ->ENTRANDO NA FONT SUIZE AJDUST
2021-04-20 20:52:22,624 - HASHTAG --> CHOOSE PHILOSPHER ->Pass randmom choose philo
2021-04-20 20:52:22,624 - HASHTAG --> Entrando no ajust_philosopher_name
2021-04-20 20:52:22,624 - HASHTAG --> ajust_philosopher_name -> Entrou
2021-04-20 20:52:22,624 - HASHTAG --> Imagem do filósofo escolhida: Morgan Freeman.png
2021-04-20 20:52:22,624 - HASHTAG --> Nenhum lixo no nome da imagem encontrado. Prosseguindo normalmente...
2021-04-20 20:52:22,624 - HASHTAG --> Nome do filósofo tratado: - Morgan Freeman
2021-04-20 20:52:22,624 - HASHTAG --> ajust_philosopher_name -> Saindo
2021-04-20 20:52:22,624 - HASHTAG --> img_paste -> Indo entrar
2021-04-20 20:52:22,624 - HASHTAG --> 1 img_paste -> Entrou
2021-04-20 20:52:22,671 - HASHTAG --> 2 img_paste -> Passou de philosopher_str_to_obj = Image.open(choose_philo_param)
2021-04-20 20:52:22,988 - HASHTAG --> 3 img_paste -> Passou de TEMPLATE_LAYER_2_PHILOSOPHER = philosopher_str_to_obj.resize((449, 584))
2021-04-20 20:52:22,988 - HASHTAG --> 4 img_paste -> Passou de BASE_TEMPLATE_LAYER.paste(TEMPLATE_LAYER_2_PHILOSOPHER, (629, 0))
2021-04-20 20:52:22,988 - HASHTAG --> 5 img_paste -> Passou de TEMPLATE_LAYER_3 = Image.open(os.getenv('template_layer_3'))
2021-04-20 20:52:23,003 - HASHTAG --> 6 img_paste -> Passou de BASE_TEMPLATE_LAYER.paste(TEMPLATE_LAYER_3, (0, 0), TEMPLATE_LAYER_3)
2021-04-20 20:52:23,003 - HASHTAG --> 7 img_paste -> Saiu
2021-04-20 20:52:23,003 - HASHTAG --> img_paste -> SAIU ESTANDO NO TEMPLATE
2021-04-20 20:52:23,003 - HASHTAG --> Colocando nome do philosopher
2021-04-20 20:52:28,790 - HASHTAG --> img_saved - Salvo com sucesso
2021-04-20 20:52:28,790 - HASHTAG --> Retornando img_saved
2021-04-20 20:52:30,768 - HASHTAG --> Estatos postado
2021-04-20 20:52:30,768 - HASHTAG --> update -> IMAGEM ENVIADA!
2021-04-20 20:52:30,768 - HASHTAG --> update -> Finalizado, ID tratado: 1384656171739619331
2021-04-20 20:52:30,768 - HASHTAG --> update -> Itens restantes: 0
2021-04-20 20:52:30,768 - HASHTAG --> update -> TWEET TRATADO COM SUCESSO
2021-04-20 20:52:33,775 - HASHTAG --> ----------------------------------------
2021-04-20 20:52:33,775 - HASHTAG --> clear_user_list -> Limpeza de lista realizada com sucesso!
2021-04-20 20:52:33,775 - HASHTAG --> time_to_rest -> Esperando 20 segundos...
2021-04-20 20:52:52,857 - HASHTAG --> time_to_rest -> >AGUARDANDO NOVOS TWEETS...<
2021-04-20 20:55:15,927 - HASHTAG --> Bem-vindo!

2021-04-20 20:55:15,927 - HASHTAG --> Philosopher BOT por Caio Madeira e Rodrigo Carmo

2021-04-20 20:55:15,927 - HASHTAG --> >INICIANDO HASHTAG - EXTENSION<
2021-04-20 20:55:15,980 - HASHTAG --> HASHTAG Test ESCOLHIDA, INICIANDO #PHILOBOT
2021-04-20 20:55:29,730 - HASHTAG --> =============== NOVO TWEET ENCONTRADO ================
2021-04-20 20:55:29,730 - HASHTAG --> [LOG PARA DEBUG - PROBLEMA MARCAÇÃO ERRADA - TEMPORARIO]
2021-04-20 20:55:29,730 - HASHTAG --> ITENS NA LISTA:
2021-04-20 20:55:29,730 - HASHTAG --> ['TestePhiloBot']
2021-04-20 20:55:29,730 - HASHTAG --> Tweet ID: 1384656981022187520
2021-04-20 20:55:29,730 - HASHTAG --> Tweet USERNAME: TestePhiloBot
2021-04-20 20:55:29,730 - HASHTAG --> Adicionado na fila
2021-04-20 20:55:29,730 - HASHTAG --> =======================================================

2021-04-20 20:55:34,751 - HASHTAG --> ----------------------------------------
2021-04-20 20:55:34,751 - HASHTAG --> > STARTING PHILOBOT < '
2021-04-20 20:55:34,751 - HASHTAG --> ----------------------------------------
2021-04-20 20:55:34,751 - HASHTAG --> LAST ID:1384656981022187520
2021-04-20 20:55:35,489 - HASHTAG --> [ETAPA 1] Status coletado: #TestePhilo 3158461395D00702C491D7CB
2021-04-20 20:55:35,489 - HASHTAG --> DEFAULT_TEMPLATE -> Iniciando
2021-04-20 20:55:35,489 - HASHTAG --> DEFAULT_TEMPLATE -> Pass myriad
2021-04-20 20:55:35,489 - HASHTAG --> DEFAULT_TEMPLATE -> Pass times
2021-04-20 20:55:35,489 - HASHTAG --> DEFAULT_TEMPLATE -> Pass TXT
2021-04-20 20:55:35,489 - HASHTAG --> DEFAULT_TEMPLATE -> Pass SECOND FONT AND BLANK
2021-04-20 20:55:35,489 - HASHTAG --> DEFAULT_TEMPLATE -> Pass font size
2021-04-20 20:55:35,505 - HASHTAG --> DEFAULT_TEMPLATE -> Pass QUOTE FONTE
2021-04-20 20:55:35,505 - HASHTAG --> DEFAULT_TEMPLATE -> Primeira forma do status pega
2021-04-20 20:55:35,505 - HASHTAG --> DEFAULT_TEMPLATE -> ENTRANDO NA BASIC TREATATMENT
2021-04-20 20:55:35,505 - HASHTAG --> BASIC TEXT TREATMENT -> Entrou na função basic_text_treatment
2021-04-20 20:55:35,505 - HASHTAG --> BASIC TEXT TREATMENT -> Passou de self.remove_user
2021-04-20 20:55:35,505 - HASHTAG --> BASIC TEXT TREATMENT -> marcações retiradas: 
2021-04-20 20:55:35,505 - HASHTAG --> BASIC TEXT TREATMENT -> #TestePhilo 3158461395D00702C491D7CB
2021-04-20 20:55:35,505 - HASHTAG --> BASIC TEXT TREATMENT -> Passou do LOG
2021-04-20 20:55:35,505 - HASHTAG --> DEFAULT_TEMPLATE ->ENTRANDO NA FONT SUIZE AJDUST
2021-04-20 20:55:35,505 - HASHTAG --> CHOOSE PHILOSPHER ->Pass randmom choose philo
2021-04-20 20:55:35,505 - HASHTAG --> Entrando no ajust_philosopher_name
2021-04-20 20:55:35,505 - HASHTAG --> ajust_philosopher_name -> Entrou
2021-04-20 20:55:35,505 - HASHTAG --> Imagem do filósofo escolhida: Fiódor Dostoiévski.png
2021-04-20 20:55:35,505 - HASHTAG --> Nenhum lixo no nome da imagem encontrado. Prosseguindo normalmente...
2021-04-20 20:55:35,505 - HASHTAG --> Nome do filósofo tratado: - Fiódor Dostoiévski
2021-04-20 20:55:35,505 - HASHTAG --> ajust_philosopher_name -> Saindo
2021-04-20 20:55:35,505 - HASHTAG --> img_paste -> Indo entrar
2021-04-20 20:55:35,505 - HASHTAG --> 1 img_paste -> Entrou
2021-04-20 20:55:35,568 - HASHTAG --> 2 img_paste -> Passou de philosopher_str_to_obj = Image.open(choose_philo_param)
2021-04-20 20:55:35,589 - HASHTAG --> 3 img_paste -> Passou de TEMPLATE_LAYER_2_PHILOSOPHER = philosopher_str_to_obj.resize((449, 584))
2021-04-20 20:55:35,589 - HASHTAG --> 4 img_paste -> Passou de BASE_TEMPLATE_LAYER.paste(TEMPLATE_LAYER_2_PHILOSOPHER, (629, 0))
2021-04-20 20:55:35,589 - HASHTAG --> 5 img_paste -> Passou de TEMPLATE_LAYER_3 = Image.open(os.getenv('template_layer_3'))
2021-04-20 20:55:35,605 - HASHTAG --> 6 img_paste -> Passou de BASE_TEMPLATE_LAYER.paste(TEMPLATE_LAYER_3, (0, 0), TEMPLATE_LAYER_3)
2021-04-20 20:55:35,605 - HASHTAG --> 7 img_paste -> Saiu
2021-04-20 20:55:35,605 - HASHTAG --> img_paste -> SAIU ESTANDO NO TEMPLATE
2021-04-20 20:55:35,605 - HASHTAG --> Colocando nome do philosopher
2021-04-20 20:55:35,605 - HASHTAG --> ajust_philosopher_name -> Entrou
2021-04-20 20:55:35,605 - HASHTAG --> Imagem do filósofo escolhida: Fiódor Dostoiévski.png
2021-04-20 20:55:35,605 - HASHTAG --> Nenhum lixo no nome da imagem encontrado. Prosseguindo normalmente...
2021-04-20 20:55:35,605 - HASHTAG --> Nome do filósofo tratado: - Fiódor Dostoiévski
2021-04-20 20:55:35,605 - HASHTAG --> ajust_philosopher_name -> Saindo
2021-04-20 20:56:31,772 - HASHTAG --> Bem-vindo!

2021-04-20 20:56:31,772 - HASHTAG --> Philosopher BOT por Caio Madeira e Rodrigo Carmo

2021-04-20 20:56:31,772 - HASHTAG --> >INICIANDO HASHTAG - EXTENSION<
2021-04-20 20:56:31,819 - HASHTAG --> HASHTAG Test ESCOLHIDA, INICIANDO #PHILOBOT
2021-04-20 20:56:45,608 - HASHTAG --> =============== NOVO TWEET ENCONTRADO ================
2021-04-20 20:56:45,608 - HASHTAG --> [LOG PARA DEBUG - PROBLEMA MARCAÇÃO ERRADA - TEMPORARIO]
2021-04-20 20:56:45,608 - HASHTAG --> ITENS NA LISTA:
2021-04-20 20:56:45,608 - HASHTAG --> ['TestePhiloBot']
2021-04-20 20:56:45,608 - HASHTAG --> Tweet ID: 1384657299214639113
2021-04-20 20:56:45,608 - HASHTAG --> Tweet USERNAME: TestePhiloBot
2021-04-20 20:56:45,608 - HASHTAG --> Adicionado na fila
2021-04-20 20:56:45,608 - HASHTAG --> =======================================================

2021-04-20 20:56:50,643 - HASHTAG --> ----------------------------------------
2021-04-20 20:56:50,643 - HASHTAG --> > STARTING PHILOBOT < '
2021-04-20 20:56:50,643 - HASHTAG --> ----------------------------------------
2021-04-20 20:56:50,643 - HASHTAG --> LAST ID:1384657299214639113
2021-04-20 20:56:51,378 - HASHTAG --> [ETAPA 1] Status coletado: #TestePhilo 8EF541C5B3486C048F12C9FB
2021-04-20 20:56:51,393 - HASHTAG --> DEFAULT_TEMPLATE -> Iniciando
2021-04-20 20:56:51,393 - HASHTAG --> DEFAULT_TEMPLATE -> Pass myriad
2021-04-20 20:56:51,393 - HASHTAG --> DEFAULT_TEMPLATE -> Pass times
2021-04-20 20:56:51,393 - HASHTAG --> DEFAULT_TEMPLATE -> Pass TXT
2021-04-20 20:56:51,393 - HASHTAG --> DEFAULT_TEMPLATE -> Pass SECOND FONT AND BLANK
2021-04-20 20:56:51,393 - HASHTAG --> DEFAULT_TEMPLATE -> Pass font size
2021-04-20 20:56:51,393 - HASHTAG --> DEFAULT_TEMPLATE -> Pass QUOTE FONTE
2021-04-20 20:56:51,393 - HASHTAG --> DEFAULT_TEMPLATE -> Primeira forma do status pega
2021-04-20 20:56:51,393 - HASHTAG --> DEFAULT_TEMPLATE -> ENTRANDO NA BASIC TREATATMENT
2021-04-20 20:56:51,393 - HASHTAG --> BASIC TEXT TREATMENT -> Entrou na função basic_text_treatment
2021-04-20 20:56:51,393 - HASHTAG --> BASIC TEXT TREATMENT -> Passou de self.remove_user
2021-04-20 20:56:51,393 - HASHTAG --> BASIC TEXT TREATMENT -> marcações retiradas: 
2021-04-20 20:56:51,393 - HASHTAG --> BASIC TEXT TREATMENT -> #TestePhilo 8EF541C5B3486C048F12C9FB
2021-04-20 20:56:51,393 - HASHTAG --> BASIC TEXT TREATMENT -> Passou do LOG
2021-04-20 20:56:51,409 - HASHTAG --> DEFAULT_TEMPLATE ->ENTRANDO NA FONT SUIZE AJDUST
2021-04-20 20:56:51,409 - HASHTAG --> CHOOSE PHILOSPHER ->Pass randmom choose philo
2021-04-20 20:56:51,409 - HASHTAG --> Entrando no ajust_philosopher_name
2021-04-20 20:56:51,409 - HASHTAG --> ajust_philosopher_name -> Entrou
2021-04-20 20:56:51,409 - HASHTAG --> Imagem do filósofo escolhida: Zaratustra.png
2021-04-20 20:56:51,409 - HASHTAG --> Nenhum lixo no nome da imagem encontrado. Prosseguindo normalmente...
2021-04-20 20:56:51,409 - HASHTAG --> Nome do filósofo tratado: - Zaratustra
2021-04-20 20:56:51,409 - HASHTAG --> ajust_philosopher_name -> Saindo
2021-04-20 20:56:51,409 - HASHTAG --> img_paste -> Indo entrar
2021-04-20 20:56:51,409 - HASHTAG --> 1 img_paste -> Entrou
2021-04-20 20:56:51,409 - HASHTAG --> 2 img_paste -> Passou de philosopher_str_to_obj = Image.open(choose_philo_param)
2021-04-20 20:56:51,431 - HASHTAG --> 3 img_paste -> Passou de TEMPLATE_LAYER_2_PHILOSOPHER = philosopher_str_to_obj.resize((449, 584))
2021-04-20 20:56:51,431 - HASHTAG --> 4 img_paste -> Passou de BASE_TEMPLATE_LAYER.paste(TEMPLATE_LAYER_2_PHILOSOPHER, (629, 0))
2021-04-20 20:56:51,431 - HASHTAG --> 5 img_paste -> Passou de TEMPLATE_LAYER_3 = Image.open(os.getenv('template_layer_3'))
2021-04-20 20:56:51,431 - HASHTAG --> 6 img_paste -> Passou de BASE_TEMPLATE_LAYER.paste(TEMPLATE_LAYER_3, (0, 0), TEMPLATE_LAYER_3)
2021-04-20 20:56:51,431 - HASHTAG --> 7 img_paste -> Saiu
2021-04-20 20:56:51,431 - HASHTAG --> img_paste -> SAIU ESTANDO NO TEMPLATE
2021-04-20 20:56:51,431 - HASHTAG --> Colocando nome do philosopher
2021-04-20 20:57:36,867 - HASHTAG --> Bem-vindo!

2021-04-20 20:57:36,867 - HASHTAG --> Philosopher BOT por Caio Madeira e Rodrigo Carmo

2021-04-20 20:57:36,867 - HASHTAG --> >INICIANDO HASHTAG - EXTENSION<
2021-04-20 20:57:36,904 - HASHTAG --> HASHTAG Test ESCOLHIDA, INICIANDO #PHILOBOT
2021-04-20 20:57:50,705 - HASHTAG --> =============== NOVO TWEET ENCONTRADO ================
2021-04-20 20:57:50,705 - HASHTAG --> [LOG PARA DEBUG - PROBLEMA MARCAÇÃO ERRADA - TEMPORARIO]
2021-04-20 20:57:50,705 - HASHTAG --> ITENS NA LISTA:
2021-04-20 20:57:50,705 - HASHTAG --> ['TestePhiloBot']
2021-04-20 20:57:50,705 - HASHTAG --> Tweet ID: 1384657572297379842
2021-04-20 20:57:50,705 - HASHTAG --> Tweet USERNAME: TestePhiloBot
2021-04-20 20:57:50,705 - HASHTAG --> Adicionado na fila
2021-04-20 20:57:50,705 - HASHTAG --> =======================================================

2021-04-20 20:57:55,725 - HASHTAG --> ----------------------------------------
2021-04-20 20:57:55,725 - HASHTAG --> > STARTING PHILOBOT < '
2021-04-20 20:57:55,725 - HASHTAG --> ----------------------------------------
2021-04-20 20:57:55,725 - HASHTAG --> LAST ID:1384657572297379842
2021-04-20 20:57:56,541 - HASHTAG --> [ETAPA 1] Status coletado: #TestePhilo E3784146BAAE9881399C2B9D
2021-04-20 20:57:56,541 - HASHTAG --> DEFAULT_TEMPLATE -> Iniciando
2021-04-20 20:57:56,541 - HASHTAG --> DEFAULT_TEMPLATE -> Pass myriad
2021-04-20 20:57:56,541 - HASHTAG --> DEFAULT_TEMPLATE -> Pass times
2021-04-20 20:57:56,541 - HASHTAG --> DEFAULT_TEMPLATE -> Pass TXT
2021-04-20 20:57:56,541 - HASHTAG --> DEFAULT_TEMPLATE -> Pass SECOND FONT AND BLANK
2021-04-20 20:57:56,541 - HASHTAG --> DEFAULT_TEMPLATE -> Pass font size
2021-04-20 20:57:56,557 - HASHTAG --> DEFAULT_TEMPLATE -> Pass QUOTE FONTE
2021-04-20 20:57:56,557 - HASHTAG --> DEFAULT_TEMPLATE -> Primeira forma do status pega
2021-04-20 20:57:56,557 - HASHTAG --> DEFAULT_TEMPLATE -> ENTRANDO NA BASIC TREATATMENT
2021-04-20 20:57:56,557 - HASHTAG --> BASIC TEXT TREATMENT -> Entrou na função basic_text_treatment
2021-04-20 20:57:56,557 - HASHTAG --> BASIC TEXT TREATMENT -> Passou de self.remove_user
2021-04-20 20:57:56,557 - HASHTAG --> BASIC TEXT TREATMENT -> marcações retiradas: 
2021-04-20 20:57:56,557 - HASHTAG --> BASIC TEXT TREATMENT -> #TestePhilo E3784146BAAE9881399C2B9D
2021-04-20 20:57:56,557 - HASHTAG --> BASIC TEXT TREATMENT -> Passou do LOG
2021-04-20 20:57:56,564 - HASHTAG --> DEFAULT_TEMPLATE ->ENTRANDO NA FONT SUIZE AJDUST
2021-04-20 20:57:56,564 - HASHTAG --> CHOOSE PHILOSPHER ->Pass randmom choose philo
2021-04-20 20:57:56,564 - HASHTAG --> Entrando no ajust_philosopher_name
2021-04-20 20:57:56,564 - HASHTAG --> ajust_philosopher_name -> Entrou
2021-04-20 20:57:56,564 - HASHTAG --> Imagem do filósofo escolhida: Renato Russo.png
2021-04-20 20:57:56,564 - HASHTAG --> Nenhum lixo no nome da imagem encontrado. Prosseguindo normalmente...
2021-04-20 20:57:56,564 - HASHTAG --> Nome do filósofo tratado: - Renato Russo
2021-04-20 20:57:56,564 - HASHTAG --> ajust_philosopher_name -> Saindo
2021-04-20 20:57:56,564 - HASHTAG --> img_paste -> Indo entrar
2021-04-20 20:57:56,564 - HASHTAG --> 1 img_paste -> Entrou
2021-04-20 20:57:56,611 - HASHTAG --> 2 img_paste -> Passou de philosopher_str_to_obj = Image.open(choose_philo_param)
2021-04-20 20:57:56,626 - HASHTAG --> 3 img_paste -> Passou de TEMPLATE_LAYER_2_PHILOSOPHER = philosopher_str_to_obj.resize((449, 584))
2021-04-20 20:57:56,626 - HASHTAG --> 4 img_paste -> Passou de BASE_TEMPLATE_LAYER.paste(TEMPLATE_LAYER_2_PHILOSOPHER, (629, 0))
2021-04-20 20:57:56,626 - HASHTAG --> 5 img_paste -> Passou de TEMPLATE_LAYER_3 = Image.open(os.getenv('template_layer_3'))
2021-04-20 20:57:56,642 - HASHTAG --> 6 img_paste -> Passou de BASE_TEMPLATE_LAYER.paste(TEMPLATE_LAYER_3, (0, 0), TEMPLATE_LAYER_3)
2021-04-20 20:57:56,642 - HASHTAG --> 7 img_paste -> Saiu
2021-04-20 20:57:56,642 - HASHTAG --> img_paste -> SAIU ESTANDO NO TEMPLATE
2021-04-20 20:57:58,517 - HASHTAG --> img_saved - Salvo com sucesso
2021-04-20 20:57:58,517 - HASHTAG --> Retornando img_saved
2021-04-20 20:58:00,371 - HASHTAG --> Estatos postado
2021-04-20 20:58:00,371 - HASHTAG --> update -> IMAGEM ENVIADA!
2021-04-20 20:58:00,371 - HASHTAG --> update -> Finalizado, ID tratado: 1384657572297379842
2021-04-20 20:58:00,371 - HASHTAG --> update -> Itens restantes: 0
2021-04-20 20:58:00,371 - HASHTAG --> update -> TWEET TRATADO COM SUCESSO
2021-04-20 20:58:03,384 - HASHTAG --> ----------------------------------------
2021-04-20 20:58:03,384 - HASHTAG --> clear_user_list -> Limpeza de lista realizada com sucesso!
2021-04-20 20:58:03,384 - HASHTAG --> time_to_rest -> Esperando 20 segundos...
2021-04-20 21:16:46,888 - HASHTAG --> Bem-vindo!

2021-04-20 21:16:46,888 - HASHTAG --> Philosopher BOT por Caio Madeira e Rodrigo Carmo

2021-04-20 21:16:46,888 - HASHTAG --> >INICIANDO HASHTAG - EXTENSION<
2021-04-20 21:16:47,073 - HASHTAG --> HASHTAG Test ESCOLHIDA, INICIANDO #PHILOBOT
2021-04-20 21:17:00,930 - HASHTAG --> =============== NOVO TWEET ENCONTRADO ================
2021-04-20 21:17:00,930 - HASHTAG --> [LOG PARA DEBUG - PROBLEMA MARCAÇÃO ERRADA - TEMPORARIO]
2021-04-20 21:17:00,930 - HASHTAG --> ITENS NA LISTA:
2021-04-20 21:17:00,930 - HASHTAG --> ['TestePhiloBot']
2021-04-20 21:17:00,930 - HASHTAG --> Tweet ID: 1384662396606763011
2021-04-20 21:17:00,930 - HASHTAG --> Tweet USERNAME: TestePhiloBot
2021-04-20 21:17:00,930 - HASHTAG --> Adicionado na fila
2021-04-20 21:17:00,930 - HASHTAG --> =======================================================

2021-04-20 21:17:05,941 - HASHTAG --> ----------------------------------------
2021-04-20 21:17:05,941 - HASHTAG --> > STARTING PHILOBOT < '
2021-04-20 21:17:05,941 - HASHTAG --> ----------------------------------------
2021-04-20 21:17:05,941 - HASHTAG --> LAST ID:1384662396606763011
2021-04-20 21:17:06,714 - HASHTAG --> [ETAPA 1] Status coletado: #TestePhilo BFEC4A66A958ADD3C12E14C0
2021-04-20 21:17:06,714 - HASHTAG --> DEFAULT_TEMPLATE -> Iniciando
2021-04-20 21:17:06,714 - HASHTAG --> DEFAULT_TEMPLATE -> Pass myriad
2021-04-20 21:17:06,714 - HASHTAG --> DEFAULT_TEMPLATE -> Pass times
2021-04-20 21:17:06,714 - HASHTAG --> DEFAULT_TEMPLATE -> Pass TXT
2021-04-20 21:17:06,714 - HASHTAG --> DEFAULT_TEMPLATE -> Pass SECOND FONT AND BLANK
2021-04-20 21:17:06,714 - HASHTAG --> DEFAULT_TEMPLATE -> Pass font size
2021-04-20 21:17:06,714 - HASHTAG --> DEFAULT_TEMPLATE -> Pass QUOTE FONTE
2021-04-20 21:17:06,714 - HASHTAG --> DEFAULT_TEMPLATE -> Primeira forma do status pega
2021-04-20 21:17:06,730 - HASHTAG --> DEFAULT_TEMPLATE -> ENTRANDO NA BASIC TREATATMENT
2021-04-20 21:17:06,730 - HASHTAG --> BASIC TEXT TREATMENT -> Entrou na função basic_text_treatment
2021-04-20 21:17:06,730 - HASHTAG --> BASIC TEXT TREATMENT -> Passou de self.remove_user
2021-04-20 21:17:06,730 - HASHTAG --> BASIC TEXT TREATMENT -> marcações retiradas: 
2021-04-20 21:17:06,730 - HASHTAG --> BASIC TEXT TREATMENT -> #TestePhilo BFEC4A66A958ADD3C12E14C0
2021-04-20 21:17:06,730 - HASHTAG --> BASIC TEXT TREATMENT -> Passou do LOG
2021-04-20 21:17:06,730 - HASHTAG --> DEFAULT_TEMPLATE ->ENTRANDO NA FONT SUIZE AJDUST
2021-04-20 21:17:06,730 - HASHTAG --> CHOOSE PHILOSPHER ->Pass randmom choose philo
2021-04-20 21:17:06,730 - HASHTAG --> Entrando no ajust_philosopher_name
2021-04-20 21:17:06,730 - HASHTAG --> ajust_philosopher_name -> Entrou
2021-04-20 21:17:06,730 - HASHTAG --> Imagem do filósofo escolhida: Werner Heisenberg.png
2021-04-20 21:17:06,730 - HASHTAG --> Nenhum lixo no nome da imagem encontrado. Prosseguindo normalmente...
2021-04-20 21:17:06,730 - HASHTAG --> Nome do filósofo tratado: - Werner Heisenberg
2021-04-20 21:17:06,730 - HASHTAG --> ajust_philosopher_name -> Saindo
2021-04-20 21:17:06,730 - HASHTAG --> img_paste -> Indo entrar
2021-04-20 21:17:06,730 - HASHTAG --> 1 img_paste -> Entrou
2021-04-20 21:17:06,815 - HASHTAG --> 2 img_paste -> Passou de philosopher_str_to_obj = Image.open(choose_philo_param)
2021-04-20 21:17:06,815 - HASHTAG --> 3 img_paste -> Passou de TEMPLATE_LAYER_2_PHILOSOPHER = philosopher_str_to_obj.resize((449, 584))
2021-04-20 21:17:06,815 - HASHTAG --> 4 img_paste -> Passou de BASE_TEMPLATE_LAYER.paste(TEMPLATE_LAYER_2_PHILOSOPHER, (629, 0))
2021-04-20 21:17:06,815 - HASHTAG --> 5 img_paste -> Passou de TEMPLATE_LAYER_3 = Image.open(os.getenv('template_layer_3'))
2021-04-20 21:17:06,831 - HASHTAG --> 6 img_paste -> Passou de BASE_TEMPLATE_LAYER.paste(TEMPLATE_LAYER_3, (0, 0), TEMPLATE_LAYER_3)
2021-04-20 21:17:06,831 - HASHTAG --> 7 img_paste -> Saiu
2021-04-20 21:17:06,831 - HASHTAG --> img_paste -> SAIU ESTANDO NO TEMPLATE
2021-04-20 21:17:08,597 - HASHTAG --> img_saved - Salvo com sucesso
2021-04-20 21:17:08,597 - HASHTAG --> Retornando img_saved
2021-04-20 21:17:10,724 - HASHTAG --> Estatos postado
2021-04-20 21:17:10,724 - HASHTAG --> update -> IMAGEM ENVIADA!
2021-04-20 21:17:10,724 - HASHTAG --> update -> Finalizado, ID tratado: 1384662396606763011
2021-04-20 21:17:10,724 - HASHTAG --> update -> Itens restantes: 0
2021-04-20 21:17:10,724 - HASHTAG --> update -> TWEET TRATADO COM SUCESSO
2021-04-20 21:17:13,738 - HASHTAG --> ----------------------------------------
2021-04-20 21:17:13,738 - HASHTAG --> clear_user_list -> Limpeza de lista realizada com sucesso!
2021-04-20 21:17:13,738 - HASHTAG --> time_to_rest -> Esperando 20 segundos...
2021-04-20 21:17:32,843 - HASHTAG --> time_to_rest -> >AGUARDANDO NOVOS TWEETS...<
2021-04-20 21:18:46,576 - HASHTAG --> Bem-vindo!

2021-04-20 21:18:46,576 - HASHTAG --> Philosopher BOT por Caio Madeira e Rodrigo Carmo

2021-04-20 21:18:46,576 - HASHTAG --> >INICIANDO HASHTAG - EXTENSION<
2021-04-20 21:18:46,638 - HASHTAG --> HASHTAG Test ESCOLHIDA, INICIANDO #PHILOBOT
2021-04-20 21:19:00,486 - HASHTAG --> =============== NOVO TWEET ENCONTRADO ================
2021-04-20 21:19:00,486 - HASHTAG --> [LOG PARA DEBUG - PROBLEMA MARCAÇÃO ERRADA - TEMPORARIO]
2021-04-20 21:19:00,486 - HASHTAG --> ITENS NA LISTA:
2021-04-20 21:19:00,486 - HASHTAG --> ['TestePhiloBot']
2021-04-20 21:19:00,486 - HASHTAG --> Tweet ID: 1384662897947783170
2021-04-20 21:19:00,486 - HASHTAG --> Tweet USERNAME: TestePhiloBot
2021-04-20 21:19:00,486 - HASHTAG --> Adicionado na fila
2021-04-20 21:19:00,486 - HASHTAG --> =======================================================

2021-04-20 21:19:05,500 - HASHTAG --> ----------------------------------------
2021-04-20 21:19:05,500 - HASHTAG --> > STARTING PHILOBOT < '
2021-04-20 21:19:05,500 - HASHTAG --> ----------------------------------------
2021-04-20 21:19:05,500 - HASHTAG --> LAST ID:1384662897947783170
2021-04-20 21:19:06,219 - HASHTAG --> [ETAPA 1] Status coletado: #TestePhilo D7B84AD8B132CBAD91CF9FF4
2021-04-20 21:19:06,234 - HASHTAG --> DEFAULT_TEMPLATE -> Iniciando
2021-04-20 21:19:06,234 - HASHTAG --> DEFAULT_TEMPLATE -> Pass myriad
2021-04-20 21:19:06,234 - HASHTAG --> DEFAULT_TEMPLATE -> Pass times
2021-04-20 21:19:06,234 - HASHTAG --> DEFAULT_TEMPLATE -> Pass TXT
2021-04-20 21:19:06,234 - HASHTAG --> DEFAULT_TEMPLATE -> Pass SECOND FONT AND BLANK
2021-04-20 21:19:06,234 - HASHTAG --> DEFAULT_TEMPLATE -> Pass font size
2021-04-20 21:19:06,234 - HASHTAG --> DEFAULT_TEMPLATE -> Pass QUOTE FONTE
2021-04-20 21:19:06,234 - HASHTAG --> DEFAULT_TEMPLATE -> Primeira forma do status pega
2021-04-20 21:19:06,234 - HASHTAG --> DEFAULT_TEMPLATE -> ENTRANDO NA BASIC TREATATMENT
2021-04-20 21:19:06,234 - HASHTAG --> BASIC TEXT TREATMENT -> Entrou na função basic_text_treatment
2021-04-20 21:19:06,234 - HASHTAG --> BASIC TEXT TREATMENT -> Passou de self.remove_user
2021-04-20 21:19:06,234 - HASHTAG --> BASIC TEXT TREATMENT -> marcações retiradas: 
2021-04-20 21:19:06,234 - HASHTAG --> BASIC TEXT TREATMENT -> #TestePhilo D7B84AD8B132CBAD91CF9FF4
2021-04-20 21:19:06,234 - HASHTAG --> BASIC TEXT TREATMENT -> Passou do LOG
2021-04-20 21:20:11,559 - HASHTAG --> Bem-vindo!

2021-04-20 21:20:11,559 - HASHTAG --> Philosopher BOT por Caio Madeira e Rodrigo Carmo

2021-04-20 21:20:11,559 - HASHTAG --> >INICIANDO HASHTAG - EXTENSION<
2021-04-20 21:20:11,628 - HASHTAG --> HASHTAG Test ESCOLHIDA, INICIANDO #PHILOBOT
2021-04-20 21:20:48,564 - HASHTAG --> Bem-vindo!

2021-04-20 21:20:48,564 - HASHTAG --> Philosopher BOT por Caio Madeira e Rodrigo Carmo

2021-04-20 21:20:48,564 - HASHTAG --> >INICIANDO HASHTAG - EXTENSION<
2021-04-20 21:20:48,618 - HASHTAG --> HASHTAG Test ESCOLHIDA, INICIANDO #PHILOBOT
2021-04-20 21:21:02,520 - HASHTAG --> =============== NOVO TWEET ENCONTRADO ================
2021-04-20 21:21:02,520 - HASHTAG --> [LOG PARA DEBUG - PROBLEMA MARCAÇÃO ERRADA - TEMPORARIO]
2021-04-20 21:21:02,520 - HASHTAG --> ITENS NA LISTA:
2021-04-20 21:21:02,520 - HASHTAG --> ['TestePhiloBot']
2021-04-20 21:21:02,520 - HASHTAG --> Tweet ID: 1384663409891885065
2021-04-20 21:21:02,520 - HASHTAG --> Tweet USERNAME: TestePhiloBot
2021-04-20 21:21:02,520 - HASHTAG --> Adicionado na fila
2021-04-20 21:21:02,520 - HASHTAG --> =======================================================

2021-04-20 21:21:07,542 - HASHTAG --> ----------------------------------------
2021-04-20 21:21:07,542 - HASHTAG --> > STARTING PHILOBOT < '
2021-04-20 21:21:07,542 - HASHTAG --> ----------------------------------------
2021-04-20 21:21:07,542 - HASHTAG --> LAST ID:1384663409891885065
2021-04-20 21:21:08,276 - HASHTAG --> [ETAPA 1] Status coletado: #TestePhilo D12040DAB3CE9A93DE53A3FD
2021-04-20 21:21:08,298 - HASHTAG --> DEFAULT_TEMPLATE -> Iniciando
2021-04-20 21:21:08,298 - HASHTAG --> DEFAULT_TEMPLATE -> Pass myriad
2021-04-20 21:21:08,298 - HASHTAG --> DEFAULT_TEMPLATE -> Pass times
2021-04-20 21:21:08,298 - HASHTAG --> DEFAULT_TEMPLATE -> Pass TXT
2021-04-20 21:21:08,298 - HASHTAG --> DEFAULT_TEMPLATE -> Pass SECOND FONT AND BLANK
2021-04-20 21:21:08,298 - HASHTAG --> DEFAULT_TEMPLATE -> Pass font size
2021-04-20 21:21:08,298 - HASHTAG --> DEFAULT_TEMPLATE -> Pass QUOTE FONTE
2021-04-20 21:21:08,298 - HASHTAG --> DEFAULT_TEMPLATE -> Primeira forma do status pega
2021-04-20 21:21:08,298 - HASHTAG --> DEFAULT_TEMPLATE -> ENTRANDO NA BASIC TREATATMENT
2021-04-20 21:21:08,298 - HASHTAG --> BASIC TEXT TREATMENT -> Entrou na função basic_text_treatment
2021-04-20 21:21:08,298 - HASHTAG --> BASIC TEXT TREATMENT -> Passou de self.remove_user
2021-04-20 21:21:08,298 - HASHTAG --> BASIC TEXT TREATMENT -> marcações retiradas: 
2021-04-20 21:21:08,298 - HASHTAG --> BASIC TEXT TREATMENT -> #TestePhilo D12040DAB3CE9A93DE53A3FD
2021-04-20 21:21:08,298 - HASHTAG --> BASIC TEXT TREATMENT -> Passou do LOG
2021-04-20 21:21:08,314 - HASHTAG --> DEFAULT_TEMPLATE ->ENTRANDO NA FONT SUIZE AJDUST
2021-04-20 21:21:08,314 - HASHTAG --> CHOOSE PHILOSPHER ->Pass randmom choose philo
2021-04-20 21:21:08,314 - HASHTAG --> Entrando no ajust_philosopher_name
2021-04-20 21:21:08,314 - HASHTAG --> ajust_philosopher_name -> Entrou
2021-04-20 21:21:08,329 - HASHTAG --> Imagem do filósofo escolhida: Sêneca.png
2021-04-20 21:21:08,329 - HASHTAG --> Nenhum lixo no nome da imagem encontrado. Prosseguindo normalmente...
2021-04-20 21:21:08,329 - HASHTAG --> Nome do filósofo tratado: - Sêneca
2021-04-20 21:21:08,329 - HASHTAG --> ajust_philosopher_name -> Saindo
2021-04-20 21:21:08,329 - HASHTAG --> img_paste -> Indo entrar
2021-04-20 21:21:08,329 - HASHTAG --> 1 img_paste -> Entrou
2021-04-20 21:21:08,383 - HASHTAG --> 2 img_paste -> Passou de philosopher_str_to_obj = Image.open(choose_philo_param)
2021-04-20 21:21:08,499 - HASHTAG --> 3 img_paste -> Passou de TEMPLATE_LAYER_2_PHILOSOPHER = philosopher_str_to_obj.resize((449, 584))
2021-04-20 21:21:08,499 - HASHTAG --> 4 img_paste -> Passou de BASE_TEMPLATE_LAYER.paste(TEMPLATE_LAYER_2_PHILOSOPHER, (629, 0))
2021-04-20 21:21:08,499 - HASHTAG --> 5 img_paste -> Passou de TEMPLATE_LAYER_3 = Image.open(os.getenv('template_layer_3'))
2021-04-20 21:21:08,514 - HASHTAG --> 6 img_paste -> Passou de BASE_TEMPLATE_LAYER.paste(TEMPLATE_LAYER_3, (0, 0), TEMPLATE_LAYER_3)
2021-04-20 21:21:08,514 - HASHTAG --> 7 img_paste -> Saiu
2021-04-20 21:21:08,514 - HASHTAG --> img_paste -> SAIU ESTANDO NO TEMPLATE
2021-04-20 21:21:10,400 - HASHTAG --> img_saved - Salvo com sucesso
2021-04-20 21:21:10,400 - HASHTAG --> Retornando img_saved
2021-04-20 21:21:14,632 - HASHTAG --> Estatos postado
2021-04-20 21:21:14,632 - HASHTAG --> update -> IMAGEM ENVIADA!
2021-04-20 21:21:14,632 - HASHTAG --> update -> Finalizado, ID tratado: 1384663409891885065
2021-04-20 21:21:14,632 - HASHTAG --> update -> Itens restantes: 0
2021-04-20 21:21:14,632 - HASHTAG --> update -> TWEET TRATADO COM SUCESSO
2021-04-20 21:21:17,641 - HASHTAG --> ----------------------------------------
2021-04-20 21:21:17,641 - HASHTAG --> clear_user_list -> Limpeza de lista realizada com sucesso!
2021-04-20 21:21:17,641 - HASHTAG --> time_to_rest -> Esperando 20 segundos...
2021-04-20 21:31:28,003 - HASHTAG --> Bem-vindo!

2021-04-20 21:31:28,003 - HASHTAG --> Philosopher BOT por Caio Madeira e Rodrigo Carmo

2021-04-20 21:31:28,003 - HASHTAG --> >INICIANDO HASHTAG - EXTENSION<
2021-04-20 21:31:28,057 - HASHTAG --> HASHTAG Test ESCOLHIDA, INICIANDO #PHILOBOT
2021-04-20 21:31:41,834 - HASHTAG --> =============== NOVO TWEET ENCONTRADO ================
2021-04-20 21:31:41,834 - HASHTAG --> [LOG PARA DEBUG - PROBLEMA MARCAÇÃO ERRADA - TEMPORARIO]
2021-04-20 21:31:41,834 - HASHTAG --> ITENS NA LISTA:
2021-04-20 21:31:41,834 - HASHTAG --> ['TestePhiloBot']
2021-04-20 21:31:41,834 - HASHTAG --> Tweet ID: 1384666091365015552
2021-04-20 21:31:41,834 - HASHTAG --> Tweet USERNAME: TestePhiloBot
2021-04-20 21:31:41,834 - HASHTAG --> Adicionado na fila
2021-04-20 21:31:41,834 - HASHTAG --> =======================================================

2021-04-20 21:31:46,859 - HASHTAG --> ----------------------------------------
2021-04-20 21:31:46,859 - HASHTAG --> > STARTING PHILOBOT < '
2021-04-20 21:31:46,859 - HASHTAG --> ----------------------------------------
2021-04-20 21:31:46,859 - HASHTAG --> LAST ID:1384666091365015552
2021-04-20 21:31:47,648 - HASHTAG --> [ETAPA 1] Status coletado: #TestePhilo A288462D96A68886AED99161
2021-04-20 21:31:47,670 - HASHTAG --> DEFAULT_TEMPLATE -> Iniciando
2021-04-20 21:31:47,670 - HASHTAG --> DEFAULT_TEMPLATE -> Pass myriad
2021-04-20 21:31:47,670 - HASHTAG --> DEFAULT_TEMPLATE -> Pass times
2021-04-20 21:31:47,670 - HASHTAG --> DEFAULT_TEMPLATE -> Pass TXT
2021-04-20 21:31:47,670 - HASHTAG --> DEFAULT_TEMPLATE -> Pass SECOND FONT AND BLANK
2021-04-20 21:31:47,670 - HASHTAG --> DEFAULT_TEMPLATE -> Pass font size
2021-04-20 21:31:47,670 - HASHTAG --> DEFAULT_TEMPLATE -> Pass QUOTE FONTE
2021-04-20 21:31:47,670 - HASHTAG --> DEFAULT_TEMPLATE -> Primeira forma do status pega
2021-04-20 21:31:47,670 - HASHTAG --> DEFAULT_TEMPLATE -> ENTRANDO NA BASIC TREATATMENT
2021-04-20 21:31:47,670 - HASHTAG --> BASIC TEXT TREATMENT -> Entrou na função basic_text_treatment
2021-04-20 21:31:47,670 - HASHTAG --> BASIC TEXT TREATMENT -> Passou de self.remove_user
2021-04-20 21:31:47,670 - HASHTAG --> BASIC TEXT TREATMENT -> marcações retiradas: 
2021-04-20 21:31:47,670 - HASHTAG --> BASIC TEXT TREATMENT -> #TestePhilo A288462D96A68886AED99161
2021-04-20 21:31:47,670 - HASHTAG --> BASIC TEXT TREATMENT -> Passou do LOG
2021-04-20 21:31:47,701 - HASHTAG --> DEFAULT_TEMPLATE ->ENTRANDO NA FONT SUIZE AJDUST
2021-04-20 21:31:47,701 - HASHTAG --> CHOOSE PHILOSPHER ->Pass randmom choose philo
2021-04-20 21:31:47,701 - HASHTAG --> Entrando no ajust_philosopher_name
2021-04-20 21:31:47,701 - HASHTAG --> ajust_philosopher_name -> Entrou
2021-04-20 21:31:47,701 - HASHTAG --> Imagem do filósofo escolhida: Gautama Buddha.png
2021-04-20 21:31:47,701 - HASHTAG --> Nenhum lixo no nome da imagem encontrado. Prosseguindo normalmente...
2021-04-20 21:31:47,701 - HASHTAG --> Nome do filósofo tratado: - Gautama Buddha
2021-04-20 21:31:47,701 - HASHTAG --> ajust_philosopher_name -> Saindo
2021-04-20 21:31:47,701 - HASHTAG --> img_paste -> Indo entrar
2021-04-20 21:31:47,701 - HASHTAG --> 1 img_paste -> Entrou
2021-04-20 21:31:47,717 - HASHTAG --> 2 img_paste -> Passou de philosopher_str_to_obj = Image.open(choose_philo_param)
2021-04-20 21:31:47,732 - HASHTAG --> 3 img_paste -> Passou de TEMPLATE_LAYER_2_PHILOSOPHER = philosopher_str_to_obj.resize((449, 584))
2021-04-20 21:31:47,732 - HASHTAG --> 4 img_paste -> Passou de BASE_TEMPLATE_LAYER.paste(TEMPLATE_LAYER_2_PHILOSOPHER, (629, 0))
2021-04-20 21:31:47,732 - HASHTAG --> 5 img_paste -> Passou de TEMPLATE_LAYER_3 = Image.open(os.getenv('template_layer_3'))
2021-04-20 21:31:47,732 - HASHTAG --> 6 img_paste -> Passou de BASE_TEMPLATE_LAYER.paste(TEMPLATE_LAYER_3, (0, 0), TEMPLATE_LAYER_3)
2021-04-20 21:31:47,732 - HASHTAG --> 7 img_paste -> Saiu
2021-04-20 21:31:47,732 - HASHTAG --> img_paste -> SAIU ESTANDO NO TEMPLATE
2021-04-20 21:31:49,588 - HASHTAG --> img_saved - Salvo com sucesso
2021-04-20 21:31:49,588 - HASHTAG --> Retornando img_saved
2021-04-20 21:31:51,628 - HASHTAG --> Estatos postado
2021-04-20 21:31:51,628 - HASHTAG --> update -> IMAGEM ENVIADA!
2021-04-20 21:31:51,628 - HASHTAG --> update -> Finalizado, ID tratado: 1384666091365015552
2021-04-20 21:31:51,628 - HASHTAG --> update -> Itens restantes: 0
2021-04-20 21:31:51,628 - HASHTAG --> update -> TWEET TRATADO COM SUCESSO
2021-04-20 21:31:54,642 - HASHTAG --> ----------------------------------------
2021-04-20 21:31:54,642 - HASHTAG --> clear_user_list -> Limpeza de lista realizada com sucesso!
2021-04-20 21:31:54,642 - HASHTAG --> time_to_rest -> Esperando 20 segundos...
2021-04-20 21:32:18,142 - HASHTAG --> Bem-vindo!

2021-04-20 21:32:18,142 - HASHTAG --> Philosopher BOT por Caio Madeira e Rodrigo Carmo

2021-04-20 21:32:18,142 - HASHTAG --> >INICIANDO HASHTAG - EXTENSION<
2021-04-20 21:32:18,189 - HASHTAG --> HASHTAG Test ESCOLHIDA, INICIANDO #PHILOBOT
2021-04-20 21:32:32,050 - HASHTAG --> =============== NOVO TWEET ENCONTRADO ================
2021-04-20 21:32:32,050 - HASHTAG --> [LOG PARA DEBUG - PROBLEMA MARCAÇÃO ERRADA - TEMPORARIO]
2021-04-20 21:32:32,050 - HASHTAG --> ITENS NA LISTA:
2021-04-20 21:32:32,050 - HASHTAG --> ['TestePhiloBot']
2021-04-20 21:32:32,050 - HASHTAG --> Tweet ID: 1384666301965209601
2021-04-20 21:32:32,050 - HASHTAG --> Tweet USERNAME: TestePhiloBot
2021-04-20 21:32:32,050 - HASHTAG --> Adicionado na fila
2021-04-20 21:32:32,050 - HASHTAG --> =======================================================

2021-04-20 21:32:37,061 - HASHTAG --> ----------------------------------------
2021-04-20 21:32:37,061 - HASHTAG --> > STARTING PHILOBOT < '
2021-04-20 21:32:37,061 - HASHTAG --> ----------------------------------------
2021-04-20 21:32:37,061 - HASHTAG --> LAST ID:1384666301965209601
2021-04-20 21:32:37,781 - HASHTAG --> [ETAPA 1] Status coletado: #TestePhilo 53254AE58A4AFE2780B25318
2021-04-20 21:32:37,796 - HASHTAG --> DEFAULT_TEMPLATE -> Iniciando
2021-04-20 21:32:37,796 - HASHTAG --> DEFAULT_TEMPLATE -> Pass myriad
2021-04-20 21:32:37,796 - HASHTAG --> DEFAULT_TEMPLATE -> Pass times
2021-04-20 21:32:37,796 - HASHTAG --> DEFAULT_TEMPLATE -> Pass TXT
2021-04-20 21:32:37,796 - HASHTAG --> DEFAULT_TEMPLATE -> Pass SECOND FONT AND BLANK
2021-04-20 21:32:37,796 - HASHTAG --> DEFAULT_TEMPLATE -> Pass font size
2021-04-20 21:32:37,796 - HASHTAG --> DEFAULT_TEMPLATE -> Pass QUOTE FONTE
2021-04-20 21:32:37,796 - HASHTAG --> DEFAULT_TEMPLATE -> Primeira forma do status pega
2021-04-20 21:32:37,796 - HASHTAG --> DEFAULT_TEMPLATE -> ENTRANDO NA BASIC TREATATMENT
2021-04-20 21:32:37,796 - HASHTAG --> BASIC TEXT TREATMENT -> Entrou na função basic_text_treatment
2021-04-20 21:32:37,796 - HASHTAG --> BASIC TEXT TREATMENT -> Passou de self.remove_user
2021-04-20 21:32:37,796 - HASHTAG --> BASIC TEXT TREATMENT -> marcações retiradas: 
2021-04-20 21:32:37,796 - HASHTAG --> BASIC TEXT TREATMENT -> #TestePhilo 53254AE58A4AFE2780B25318
2021-04-20 21:32:37,796 - HASHTAG --> BASIC TEXT TREATMENT -> Passou do LOG
2021-04-20 21:32:37,812 - HASHTAG --> DEFAULT_TEMPLATE ->ENTRANDO NA FONT SUIZE AJDUST
2021-04-20 21:32:37,812 - HASHTAG --> CHOOSE PHILOSPHER ->Pass randmom choose philo
2021-04-20 21:32:37,812 - HASHTAG --> Entrando no ajust_philosopher_name
2021-04-20 21:32:37,812 - HASHTAG --> ajust_philosopher_name -> Entrou
2021-04-20 21:32:37,812 - HASHTAG --> Imagem do filósofo escolhida: Maomé.png
2021-04-20 21:32:37,812 - HASHTAG --> Nenhum lixo no nome da imagem encontrado. Prosseguindo normalmente...
2021-04-20 21:32:37,812 - HASHTAG --> Nome do filósofo tratado: - Maomé
2021-04-20 21:32:37,812 - HASHTAG --> ajust_philosopher_name -> Saindo
2021-04-20 21:32:37,812 - HASHTAG --> img_paste -> Indo entrar
2021-04-20 21:32:37,812 - HASHTAG --> 1 img_paste -> Entrou
2021-04-20 21:32:37,882 - HASHTAG --> 2 img_paste -> Passou de philosopher_str_to_obj = Image.open(choose_philo_param)
2021-04-20 21:32:37,897 - HASHTAG --> 3 img_paste -> Passou de TEMPLATE_LAYER_2_PHILOSOPHER = philosopher_str_to_obj.resize((449, 584))
2021-04-20 21:32:37,897 - HASHTAG --> 4 img_paste -> Passou de BASE_TEMPLATE_LAYER.paste(TEMPLATE_LAYER_2_PHILOSOPHER, (629, 0))
2021-04-20 21:32:37,897 - HASHTAG --> 5 img_paste -> Passou de TEMPLATE_LAYER_3 = Image.open(os.getenv('template_layer_3'))
2021-04-20 21:32:37,912 - HASHTAG --> 6 img_paste -> Passou de BASE_TEMPLATE_LAYER.paste(TEMPLATE_LAYER_3, (0, 0), TEMPLATE_LAYER_3)
2021-04-20 21:32:37,912 - HASHTAG --> 7 img_paste -> Saiu
2021-04-20 21:32:37,912 - HASHTAG --> img_paste -> SAIU ESTANDO NO TEMPLATE
2021-04-20 21:32:39,619 - HASHTAG --> img_saved - Salvo com sucesso
2021-04-20 21:32:39,619 - HASHTAG --> Retornando img_saved
2021-04-20 21:32:41,641 - HASHTAG --> Estatos postado
2021-04-20 21:32:41,641 - HASHTAG --> update -> IMAGEM ENVIADA!
2021-04-20 21:32:41,641 - HASHTAG --> update -> Finalizado, ID tratado: 1384666301965209601
2021-04-20 21:32:41,641 - HASHTAG --> update -> Itens restantes: 0
2021-04-20 21:32:41,641 - HASHTAG --> update -> TWEET TRATADO COM SUCESSO
2021-04-20 21:32:44,652 - HASHTAG --> ----------------------------------------
2021-04-20 21:32:44,652 - HASHTAG --> clear_user_list -> Limpeza de lista realizada com sucesso!
2021-04-20 21:32:44,652 - HASHTAG --> time_to_rest -> Esperando 20 segundos...
2021-04-20 21:37:02,688 - HASHTAG --> Bem-vindo!

2021-04-20 21:37:02,688 - HASHTAG --> Philosopher BOT por Caio Madeira e Rodrigo Carmo

2021-04-20 21:37:02,688 - HASHTAG --> >INICIANDO HASHTAG - EXTENSION<
2021-04-20 21:37:02,804 - HASHTAG --> HASHTAG Test ESCOLHIDA, INICIANDO #PHILOBOT
2021-04-20 21:37:16,686 - HASHTAG --> =============== NOVO TWEET ENCONTRADO ================
2021-04-20 21:37:16,686 - HASHTAG --> [LOG PARA DEBUG - PROBLEMA MARCAÇÃO ERRADA - TEMPORARIO]
2021-04-20 21:37:16,686 - HASHTAG --> ITENS NA LISTA:
2021-04-20 21:37:16,686 - HASHTAG --> ['TestePhiloBot']
2021-04-20 21:37:16,686 - HASHTAG --> Tweet ID: 1384667495907397637
2021-04-20 21:37:16,686 - HASHTAG --> Tweet USERNAME: TestePhiloBot
2021-04-20 21:37:16,686 - HASHTAG --> Adicionado na fila
2021-04-20 21:37:16,686 - HASHTAG --> =======================================================

2021-04-20 21:37:21,702 - HASHTAG --> ----------------------------------------
2021-04-20 21:37:21,702 - HASHTAG --> > STARTING PHILOBOT < '
2021-04-20 21:37:21,702 - HASHTAG --> ----------------------------------------
2021-04-20 21:37:21,702 - HASHTAG --> LAST ID:1384667495907397637
2021-04-20 21:37:22,475 - HASHTAG --> [ETAPA 1] Status coletado: #TestePhilo E8044E9D9A908987FFE4364E
2021-04-20 21:37:22,475 - HASHTAG --> DEFAULT_TEMPLATE -> Iniciando
2021-04-20 21:37:22,475 - HASHTAG --> DEFAULT_TEMPLATE -> Pass myriad
2021-04-20 21:37:22,475 - HASHTAG --> DEFAULT_TEMPLATE -> Pass times
2021-04-20 21:37:22,475 - HASHTAG --> DEFAULT_TEMPLATE -> Pass TXT
2021-04-20 21:37:22,475 - HASHTAG --> DEFAULT_TEMPLATE -> Pass SECOND FONT AND BLANK
2021-04-20 21:37:22,475 - HASHTAG --> DEFAULT_TEMPLATE -> Pass font size
2021-04-20 21:37:22,475 - HASHTAG --> DEFAULT_TEMPLATE -> Pass QUOTE FONTE
2021-04-20 21:37:22,475 - HASHTAG --> DEFAULT_TEMPLATE -> Primeira forma do status pega
2021-04-20 21:37:22,475 - HASHTAG --> DEFAULT_TEMPLATE -> ENTRANDO NA BASIC TREATATMENT
2021-04-20 21:37:22,475 - HASHTAG --> BASIC TEXT TREATMENT -> Entrou na função basic_text_treatment
2021-04-20 21:37:22,475 - HASHTAG --> BASIC TEXT TREATMENT -> Passou de self.remove_user
2021-04-20 21:37:22,475 - HASHTAG --> BASIC TEXT TREATMENT -> marcações retiradas: 
2021-04-20 21:37:22,475 - HASHTAG --> BASIC TEXT TREATMENT -> #TestePhilo E8044E9D9A908987FFE4364E
2021-04-20 21:37:22,475 - HASHTAG --> BASIC TEXT TREATMENT -> Passou do LOG
2021-04-20 21:37:26,841 - HASHTAG --> Bem-vindo!

2021-04-20 21:37:26,841 - HASHTAG --> Philosopher BOT por Caio Madeira e Rodrigo Carmo

2021-04-20 21:37:26,841 - HASHTAG --> >INICIANDO HASHTAG - EXTENSION<
2021-04-20 21:37:26,872 - HASHTAG --> HASHTAG Test ESCOLHIDA, INICIANDO #PHILOBOT
2021-04-20 21:37:40,752 - HASHTAG --> =============== NOVO TWEET ENCONTRADO ================
2021-04-20 21:37:40,752 - HASHTAG --> [LOG PARA DEBUG - PROBLEMA MARCAÇÃO ERRADA - TEMPORARIO]
2021-04-20 21:37:40,752 - HASHTAG --> ITENS NA LISTA:
2021-04-20 21:37:40,752 - HASHTAG --> ['TestePhiloBot']
2021-04-20 21:37:40,752 - HASHTAG --> Tweet ID: 1384667596595859457
2021-04-20 21:37:40,752 - HASHTAG --> Tweet USERNAME: TestePhiloBot
2021-04-20 21:37:40,752 - HASHTAG --> Adicionado na fila
2021-04-20 21:37:40,752 - HASHTAG --> =======================================================

2021-04-20 21:37:45,766 - HASHTAG --> ----------------------------------------
2021-04-20 21:37:45,766 - HASHTAG --> > STARTING PHILOBOT < '
2021-04-20 21:37:45,766 - HASHTAG --> ----------------------------------------
2021-04-20 21:37:45,766 - HASHTAG --> LAST ID:1384667596595859457
2021-04-20 21:37:46,524 - HASHTAG --> [ETAPA 1] Status coletado: #TestePhilo ED084986BB1024E4F7A25902
2021-04-20 21:37:46,539 - HASHTAG --> DEFAULT_TEMPLATE -> Iniciando
2021-04-20 21:37:46,539 - HASHTAG --> DEFAULT_TEMPLATE -> Pass myriad
2021-04-20 21:37:46,539 - HASHTAG --> DEFAULT_TEMPLATE -> Pass times
2021-04-20 21:37:46,539 - HASHTAG --> DEFAULT_TEMPLATE -> Pass TXT
2021-04-20 21:37:46,539 - HASHTAG --> DEFAULT_TEMPLATE -> Pass SECOND FONT AND BLANK
2021-04-20 21:37:46,539 - HASHTAG --> DEFAULT_TEMPLATE -> Pass font size
2021-04-20 21:37:46,539 - HASHTAG --> DEFAULT_TEMPLATE -> Pass QUOTE FONTE
2021-04-20 21:37:46,539 - HASHTAG --> DEFAULT_TEMPLATE -> Primeira forma do status pega
2021-04-20 21:37:46,539 - HASHTAG --> DEFAULT_TEMPLATE -> ENTRANDO NA BASIC TREATATMENT
2021-04-20 21:37:46,539 - HASHTAG --> BASIC TEXT TREATMENT -> Entrou na função basic_text_treatment
2021-04-20 21:37:46,539 - HASHTAG --> BASIC TEXT TREATMENT -> Passou de self.remove_user
2021-04-20 21:37:46,539 - HASHTAG --> BASIC TEXT TREATMENT -> marcações retiradas: 
2021-04-20 21:37:46,539 - HASHTAG --> BASIC TEXT TREATMENT -> #TestePhilo ED084986BB1024E4F7A25902
2021-04-20 21:37:46,539 - HASHTAG --> BASIC TEXT TREATMENT -> Passou do LOG
2021-04-20 21:37:51,612 - HASHTAG --> Bem-vindo!

2021-04-20 21:37:51,612 - HASHTAG --> Philosopher BOT por Caio Madeira e Rodrigo Carmo

2021-04-20 21:37:51,612 - HASHTAG --> >INICIANDO HASHTAG - EXTENSION<
2021-04-20 21:37:51,635 - HASHTAG --> HASHTAG Test ESCOLHIDA, INICIANDO #PHILOBOT
2021-04-20 21:38:05,462 - HASHTAG --> =============== NOVO TWEET ENCONTRADO ================
2021-04-20 21:38:05,462 - HASHTAG --> [LOG PARA DEBUG - PROBLEMA MARCAÇÃO ERRADA - TEMPORARIO]
2021-04-20 21:38:05,462 - HASHTAG --> ITENS NA LISTA:
2021-04-20 21:38:05,462 - HASHTAG --> ['TestePhiloBot']
2021-04-20 21:38:05,462 - HASHTAG --> Tweet ID: 1384667700518133761
2021-04-20 21:38:05,462 - HASHTAG --> Tweet USERNAME: TestePhiloBot
2021-04-20 21:38:05,462 - HASHTAG --> Adicionado na fila
2021-04-20 21:38:05,462 - HASHTAG --> =======================================================

2021-04-20 21:38:10,478 - HASHTAG --> ----------------------------------------
2021-04-20 21:38:10,478 - HASHTAG --> > STARTING PHILOBOT < '
2021-04-20 21:38:10,478 - HASHTAG --> ----------------------------------------
2021-04-20 21:38:10,478 - HASHTAG --> LAST ID:1384667700518133761
2021-04-20 21:38:11,198 - HASHTAG --> [ETAPA 1] Status coletado: #TestePhilo 9CA342348C578092677EE6F1
2021-04-20 21:38:11,213 - HASHTAG --> DEFAULT_TEMPLATE -> Iniciando
2021-04-20 21:38:11,213 - HASHTAG --> DEFAULT_TEMPLATE -> Pass myriad
2021-04-20 21:38:11,213 - HASHTAG --> DEFAULT_TEMPLATE -> Pass times
2021-04-20 21:38:11,213 - HASHTAG --> DEFAULT_TEMPLATE -> Pass TXT
2021-04-20 21:38:11,213 - HASHTAG --> DEFAULT_TEMPLATE -> Pass SECOND FONT AND BLANK
2021-04-20 21:38:11,213 - HASHTAG --> DEFAULT_TEMPLATE -> Pass font size
2021-04-20 21:38:11,213 - HASHTAG --> DEFAULT_TEMPLATE -> Pass QUOTE FONTE
2021-04-20 21:38:11,213 - HASHTAG --> DEFAULT_TEMPLATE -> Primeira forma do status pega
2021-04-20 21:38:11,213 - HASHTAG --> DEFAULT_TEMPLATE -> ENTRANDO NA BASIC TREATATMENT
2021-04-20 21:38:11,213 - HASHTAG --> BASIC TEXT TREATMENT -> Entrou na função basic_text_treatment
2021-04-20 21:38:11,213 - HASHTAG --> BASIC TEXT TREATMENT -> Passou de self.remove_user
2021-04-20 21:38:11,213 - HASHTAG --> BASIC TEXT TREATMENT -> marcações retiradas: 
2021-04-20 21:38:11,213 - HASHTAG --> BASIC TEXT TREATMENT -> #TestePhilo 9CA342348C578092677EE6F1
2021-04-20 21:38:11,213 - HASHTAG --> BASIC TEXT TREATMENT -> Passou do LOG
