2021-01-21 22:55:28,838 - =============== NOVO TWEET ENCONTRADO ================
2021-01-21 22:55:28,842 - Tweet ID: 1352434657531465729
2021-01-21 22:55:28,843 - Tweet USERNAME: TestePhiloBot
2021-01-21 22:55:28,843 - Adicionado na fila
2021-01-21 22:55:28,843 - --------------------------------------------------------

2021-01-21 22:55:28,843 - ----------------------------------------
2021-01-21 22:55:28,843 - _\|/_ STARTING PHILO_BOT_ENGINE _\|/_ 
2021-01-21 22:55:28,843 - ----------------------------------------
2021-01-21 22:55:28,843 - TAMANHO FILA: 1
2021-01-21 22:55:28,845 - Motor atuando: 1352434657531465729
2021-01-21 22:55:29,172 - STATUS CONVERTIDO: #Testephilo fffffffffffffffFNHCNG
2021-01-21 22:55:29,173 - STATUS TRATADO: #Testephilo fffffffffffffffFNHCNG
2021-01-21 22:55:33,454 - Finalizado, enviando: 1352434657531465729
2021-01-21 22:55:33,455 - Itens restantes: 0
2021-01-21 22:55:33,455 - --------------------------------------------------------

2021-01-21 22:55:33,455 - Lista tratada com sucesso.
2021-01-21 22:55:33,455 - _\|/_ TURNING OFF PHILO_BOT_ENGINE _\|/_ 
2021-01-21 23:31:21,940 - Bem-vindo!

2021-01-21 23:31:21,940 - Philosopher BOT por Caio Madeira e Rodrigo Carmo

2021-01-21 23:31:21,940 - [32mPara acessar o PhiloBot Manager digite [1]
[0m
2021-01-21 23:31:23,940 - Escolha qual script função rodar: HASHTAG OU POSTING

2021-01-21 23:31:26,289 - Qual HASHTAG voce deseja iniciar?
2021-01-21 23:31:26,289 - [ 1 ] - HASHTAG OFICIAL
2021-01-21 23:31:26,290 - [ 2 ] - HASHTAG EXTENSION
2021-01-21 23:31:26,290 - [ 3 ] - HASHTAG DE TESTE
2021-01-21 23:31:28,128 - HASHTAG TESTE ESCOLHIDA, INICIANDO #TESTEPHILO...
2021-01-21 23:31:46,468 - =============== NOVO TWEET ENCONTRADO ================
2021-01-21 23:31:46,469 - Tweet ID: 1352443791219843072
2021-01-21 23:31:46,469 - Tweet USERNAME: TestePhiloBot
2021-01-21 23:31:46,470 - Adicionado na fila
2021-01-21 23:31:46,470 - --------------------------------------------------------

2021-01-21 23:31:46,470 - ----------------------------------------
2021-01-21 23:31:46,470 - _\|/_ STARTING PHILO_BOT_ENGINE _\|/_ 
2021-01-21 23:31:46,470 - ----------------------------------------
2021-01-21 23:31:46,470 - TAMANHO FILA: 1
2021-01-21 23:31:46,471 - Motor atuando: 1352443791219843072
2021-01-21 23:31:46,780 - STATUS CONVERTIDO: #Testephilo funfo amem
2021-01-21 23:31:46,780 - STATUS TRATADO: #Testephilo funfo amem
2021-01-21 23:31:51,300 - Finalizado, enviando: 1352443791219843072
2021-01-21 23:31:51,300 - Itens restantes: 0
2021-01-21 23:31:51,300 - --------------------------------------------------------

2021-01-21 23:31:51,300 - Lista tratada com sucesso.
2021-01-21 23:31:51,300 - _\|/_ TURNING OFF PHILO_BOT_ENGINE _\|/_ 
