2021-09-06 08:27:36,821 - HASHTAG --> Bem-vindo!

2021-09-06 08:27:36,821 - HASHTAG --> Philosopher BOT por Caio Madeira e Rodrigo Carmo

2021-09-06 08:27:36,821 - HASHTAG --> >INICIANDO HASHTAG - TESTE<
2021-09-06 08:27:36,821 - HASHTAG --> HASHTAG EXTENSION ESCOLHIDA, INICIANDO #TESTEPHILO...
2021-09-06 08:27:41,862 - HASHTAG --> >HASHTAG TESTE INICIADA<
2021-09-06 08:27:41,862 - HASHTAG --> >AGUARDANDO NOVOS TWEETS...<
2021-09-06 08:28:10,027 - HASHTAG --> =============== NOVO TWEET ENCONTRADO ================
2021-09-06 08:28:10,029 - HASHTAG --> Tweet ID: 1434840823355617282
2021-09-06 08:28:10,029 - HASHTAG --> Tweet USERNAME: SysCat_13
2021-09-06 08:28:10,029 - HASHTAG --> Adicionado na fila
2021-09-06 08:28:10,029 - HASHTAG --> =======================================================

2021-09-06 08:28:15,039 - PHILOBOT --> ----------------------------------------
2021-09-06 08:28:15,039 - PHILOBOT -->          > STARTING PHILOBOT < 
2021-09-06 08:28:15,039 - PHILOBOT --> ----------------------------------------
2021-09-06 08:28:15,039 - PHILOBOT --> ID Coletado: 1434840823355617282
2021-09-06 08:28:15,618 - PHILOBOT --> [ETAPA 1] Status coletado: #Testephilo maça
2021-09-06 08:28:15,619 - PHILOBOT --> [ETAPA 3] Checando se é RT...
2021-09-06 08:28:15,619 - PHILOBOT --> [ETAPA 2] Status - marcações retiradas: #Testephilo maça
2021-09-06 08:28:17,632 - PHILOBOT --> [ETAPA 4] Checando string vazia...
2021-09-06 08:28:19,687 - PHILOBOT --> [ETAPA 4] Configurando imagem...
2021-09-06 08:28:19,688 - PHILOBOT --> [ETAPA 4.1] Imagem do filósofo escolhida: Émile Durkheim.png
2021-09-06 08:28:19,688 - PHILOBOT --> [ETAPA 4.2] Nenhum lixo no nome da imagem encontrado. Prosseguindo normalmente...
2021-09-06 08:28:19,688 - PHILOBOT --> [ETAPA 4.3] Nome do filósofo tratado: - Émile Durkheim
2021-09-06 08:28:19,704 - PHILOBOT --> [ETAPA 5] Verificando aspas...
2021-09-06 08:28:19,704 - PHILOBOT --> [ETAPA 6] Tweet MENOR que 25 caracteres, ajustando texto...
2021-09-06 08:28:19,704 - PHILOBOT --> [X] - ERRO AO COLETAR INFORMAÇÕES DO TWEET
2021-09-06 08:28:19,704 - PHILOBOT --> 'NoneType' object has no attribute 'read'
2021-09-06 08:28:19,704 - PHILOBOT --> [-] - Ignorando e continuando os tweets

2021-09-06 08:33:32,429 - HASHTAG --> Bem-vindo!

2021-09-06 08:33:32,429 - HASHTAG --> Philosopher BOT por Caio Madeira e Rodrigo Carmo

2021-09-06 08:33:32,429 - HASHTAG --> >INICIANDO HASHTAG - TESTE<
2021-09-06 08:33:32,429 - HASHTAG --> HASHTAG EXTENSION ESCOLHIDA, INICIANDO #TESTEPHILO...
2021-09-06 08:33:37,465 - HASHTAG --> >HASHTAG TESTE INICIADA<
2021-09-06 08:33:37,465 - HASHTAG --> >AGUARDANDO NOVOS TWEETS...<
2021-09-06 08:33:50,147 - HASHTAG --> =============== NOVO TWEET ENCONTRADO ================
2021-09-06 08:33:50,147 - HASHTAG --> Tweet ID: 1434842249951653889
2021-09-06 08:33:50,147 - HASHTAG --> Tweet USERNAME: SysCat_13
2021-09-06 08:33:50,147 - HASHTAG --> Adicionado na fila
2021-09-06 08:33:50,147 - HASHTAG --> =======================================================

2021-09-06 08:33:55,153 - PHILOBOT --> ----------------------------------------
2021-09-06 08:33:55,153 - PHILOBOT -->          > STARTING PHILOBOT < 
2021-09-06 08:33:55,153 - PHILOBOT --> ----------------------------------------
2021-09-06 08:33:55,153 - PHILOBOT --> ID Coletado: 1434842249951653889
2021-09-06 08:33:55,717 - PHILOBOT --> [ETAPA 1] Status coletado: #Testephilo banana
2021-09-06 08:33:55,717 - PHILOBOT --> [ETAPA 3] Checando se é RT...
2021-09-06 08:33:55,717 - PHILOBOT --> [ETAPA 2] Status - marcações retiradas: #Testephilo banana
2021-09-06 08:33:57,733 - PHILOBOT --> [ETAPA 4] Checando string vazia...
2021-09-06 08:33:59,778 - PHILOBOT --> [ETAPA 4] Configurando imagem...
2021-09-06 08:33:59,779 - PHILOBOT --> [ETAPA 4.1] Imagem do filósofo escolhida: Josef Stalin(2).png
2021-09-06 08:33:59,779 - PHILOBOT --> [ETAPA 4.2] Removendo lixo no nome da imagem do filosofo...
2021-09-06 08:33:59,779 - PHILOBOT --> [ETAPA 4.3] Nome do filósofo tratado: - Josef Stalin
2021-09-06 08:33:59,798 - PHILOBOT --> [ETAPA 5] Verificando aspas...
2021-09-06 08:33:59,799 - PHILOBOT --> [ETAPA 6] Tweet MENOR que 25 caracteres, ajustando texto...
2021-09-06 08:33:59,799 - PHILOBOT --> [X] - ERRO AO COLETAR INFORMAÇÕES DO TWEET
2021-09-06 08:33:59,799 - PHILOBOT --> 'NoneType' object has no attribute 'read'
2021-09-06 08:33:59,799 - PHILOBOT --> [-] - Ignorando e continuando os tweets

2021-09-06 08:35:21,029 - HASHTAG --> Bem-vindo!

2021-09-06 08:35:21,029 - HASHTAG --> Philosopher BOT por Caio Madeira e Rodrigo Carmo

2021-09-06 08:35:21,029 - HASHTAG --> >INICIANDO HASHTAG - TESTE<
2021-09-06 08:35:21,029 - HASHTAG --> HASHTAG EXTENSION ESCOLHIDA, INICIANDO #TESTEPHILO...
2021-09-06 08:35:26,062 - HASHTAG --> >HASHTAG TESTE INICIADA<
2021-09-06 08:35:26,062 - HASHTAG --> >AGUARDANDO NOVOS TWEETS...<
2021-09-06 08:35:38,736 - HASHTAG --> =============== NOVO TWEET ENCONTRADO ================
2021-09-06 08:35:38,736 - HASHTAG --> Tweet ID: 1434842705381806085
2021-09-06 08:35:38,736 - HASHTAG --> Tweet USERNAME: SysCat_13
2021-09-06 08:35:38,736 - HASHTAG --> Adicionado na fila
2021-09-06 08:35:38,736 - HASHTAG --> =======================================================

2021-09-06 08:35:43,748 - PHILOBOT --> ----------------------------------------
2021-09-06 08:35:43,748 - PHILOBOT -->          > STARTING PHILOBOT < 
2021-09-06 08:35:43,748 - PHILOBOT --> ----------------------------------------
2021-09-06 08:35:43,748 - PHILOBOT --> ID Coletado: 1434842705381806085
2021-09-06 08:35:44,328 - PHILOBOT --> [ETAPA 1] Status coletado: #Testephilo Abacate
2021-09-06 08:35:44,328 - PHILOBOT --> [ETAPA 3] Checando se é RT...
2021-09-06 08:35:44,328 - PHILOBOT --> [ETAPA 2] Status - marcações retiradas: #Testephilo Abacate
2021-09-06 08:35:46,338 - PHILOBOT --> [ETAPA 4] Checando string vazia...
2021-09-06 08:35:48,391 - PHILOBOT --> [ETAPA 4] Configurando imagem...
2021-09-06 08:35:48,392 - PHILOBOT --> [ETAPA 4.1] Imagem do filósofo escolhida: Voltaire.png
2021-09-06 08:35:48,392 - PHILOBOT --> [ETAPA 4.2] Nenhum lixo no nome da imagem encontrado. Prosseguindo normalmente...
2021-09-06 08:35:48,392 - PHILOBOT --> [ETAPA 4.3] Nome do filósofo tratado: - Voltaire
2021-09-06 08:35:48,408 - PHILOBOT --> [ETAPA 5] Verificando aspas...
2021-09-06 08:35:48,409 - PHILOBOT --> [ETAPA 6] Tweet MENOR que 25 caracteres, ajustando texto...
2021-09-06 08:35:48,409 - PHILOBOT --> [X] - ERRO AO COLETAR INFORMAÇÕES DO TWEET
2021-09-06 08:35:48,409 - PHILOBOT --> 'NoneType' object has no attribute 'read'
2021-09-06 08:35:48,409 - PHILOBOT --> [-] - Ignorando e continuando os tweets

2021-09-06 08:41:44,995 - HASHTAG --> >HASHTAG TESTE INICIADA<
2021-09-06 08:41:44,995 - HASHTAG --> >AGUARDANDO NOVOS TWEETS...<
2021-09-06 08:41:49,997 - HASHTAG --> >HASHTAG TESTE INICIADA<
2021-09-06 08:41:49,997 - HASHTAG --> >AGUARDANDO NOVOS TWEETS...<
2021-09-06 08:41:55,003 - HASHTAG --> >HASHTAG TESTE INICIADA<
2021-09-06 08:41:55,003 - HASHTAG --> >AGUARDANDO NOVOS TWEETS...<
2021-09-06 08:44:24,880 - HASHTAG --> >HASHTAG TESTE INICIADA<
2021-09-06 08:44:24,880 - HASHTAG --> >AGUARDANDO NOVOS TWEETS...<
2021-09-06 08:44:36,019 - HASHTAG --> =============== NOVO TWEET ENCONTRADO ================
2021-09-06 08:44:36,019 - HASHTAG --> Tweet ID: 1434844959086157824
2021-09-06 08:44:36,019 - HASHTAG --> Tweet USERNAME: SysCat_13
2021-09-06 08:44:36,019 - HASHTAG --> Adicionado na fila
2021-09-06 08:44:36,019 - HASHTAG --> =======================================================

2021-09-06 08:44:41,023 - PHILOBOT --> ----------------------------------------
2021-09-06 08:44:41,023 - PHILOBOT -->          > STARTING PHILOBOT < 
2021-09-06 08:44:41,023 - PHILOBOT --> ----------------------------------------
2021-09-06 08:44:41,023 - PHILOBOT --> ID Coletado: 1434844959086157824
2021-09-06 08:44:41,605 - PHILOBOT --> [ETAPA 1] Status coletado: #Testephilo melao
2021-09-06 08:44:41,605 - PHILOBOT --> [ETAPA 3] Checando se é RT...
2021-09-06 08:44:41,605 - PHILOBOT --> [ETAPA 2] Status - marcações retiradas: #Testephilo melao
2021-09-06 08:44:43,631 - PHILOBOT --> [ETAPA 4] Checando string vazia...
2021-09-06 08:44:45,673 - PHILOBOT --> [ETAPA 4] Configurando imagem...
2021-09-06 08:44:45,673 - PHILOBOT --> [ETAPA 4.1] Imagem do filósofo escolhida: Arthur Schopenhauer.png
2021-09-06 08:44:45,673 - PHILOBOT --> [ETAPA 4.2] Nenhum lixo no nome da imagem encontrado. Prosseguindo normalmente...
2021-09-06 08:44:45,673 - PHILOBOT --> [ETAPA 4.3] Nome do filósofo tratado: - Arthur Schopenhauer
2021-09-06 08:44:45,689 - PHILOBOT --> [ETAPA 5] Verificando aspas...
2021-09-06 08:44:45,689 - PHILOBOT --> [ETAPA 6] Tweet MENOR que 25 caracteres, ajustando texto...
2021-09-06 08:44:47,203 - PHILOBOT --> [+] - IMAGEM ENVIADA!
2021-09-06 08:44:50,204 - PHILOBOT --> Finalizado, ID tratado: 1434844959086157824
2021-09-06 08:44:50,204 - PHILOBOT --> Itens restantes: 0
2021-09-06 08:44:50,204 - PHILOBOT --> TWEET TRATADO COM SUCESSO
2021-09-06 08:44:50,204 - PHILOBOT --> ----------------------------------------

2021-09-06 08:44:50,204 - PHILOBOT --> [LIMPANDO LISTAS E MEMÓRIAS...]
2021-09-06 08:44:50,204 - PHILOBOT --> Limpeza realizada com sucesso!
2021-09-06 08:44:50,204 - PHILOBOT --> Esperando 20 segundos...

2021-09-06 08:45:10,210 - PHILOBOT --> >AGUARDANDO NOVOS TWEETS...<
2021-09-06 08:47:25,090 - HASHTAG --> Bem-vindo!

2021-09-06 08:47:25,090 - HASHTAG --> Philosopher BOT por Caio Madeira e Rodrigo Carmo

2021-09-06 08:47:25,090 - HASHTAG --> >INICIANDO HASHTAG - TESTE<
2021-09-06 08:47:25,090 - HASHTAG --> HASHTAG EXTENSION ESCOLHIDA, INICIANDO #TESTEPHILO...
2021-09-06 08:47:30,130 - HASHTAG --> >HASHTAG TESTE INICIADA<
2021-09-06 08:47:30,130 - HASHTAG --> >AGUARDANDO NOVOS TWEETS...<
2021-09-06 08:47:44,857 - HASHTAG --> =============== NOVO TWEET ENCONTRADO ================
2021-09-06 08:47:44,857 - HASHTAG --> Tweet ID: 1434845751176216576
2021-09-06 08:47:44,857 - HASHTAG --> Tweet USERNAME: SysCat_13
2021-09-06 08:47:44,857 - HASHTAG --> Adicionado na fila
2021-09-06 08:47:44,857 - HASHTAG --> =======================================================

2021-09-06 08:47:49,868 - PHILOBOT --> ----------------------------------------
2021-09-06 08:47:49,868 - PHILOBOT -->          > STARTING PHILOBOT < 
2021-09-06 08:47:49,868 - PHILOBOT --> ----------------------------------------
2021-09-06 08:47:49,868 - PHILOBOT --> ID Coletado: 1434845751176216576
2021-09-06 08:47:50,426 - PHILOBOT --> [ETAPA 1] Status coletado: #Testephilo mamao
2021-09-06 08:47:50,426 - PHILOBOT --> [ETAPA 3] Checando se é RT...
2021-09-06 08:47:50,426 - PHILOBOT --> [ETAPA 2] Status - marcações retiradas: #Testephilo mamao
2021-09-06 08:47:52,437 - PHILOBOT --> [ETAPA 4] Checando string vazia...
2021-09-06 08:47:54,484 - PHILOBOT --> [ETAPA 4] Configurando imagem...
2021-09-06 08:47:54,485 - PHILOBOT --> [ETAPA 4.1] Imagem do filósofo escolhida: John Locke.png
2021-09-06 08:47:54,485 - PHILOBOT --> [ETAPA 4.2] Nenhum lixo no nome da imagem encontrado. Prosseguindo normalmente...
2021-09-06 08:47:54,485 - PHILOBOT --> [ETAPA 4.3] Nome do filósofo tratado: - John Locke
2021-09-06 08:47:54,500 - PHILOBOT --> [ETAPA 5] Verificando aspas...
2021-09-06 08:47:54,500 - PHILOBOT --> [ETAPA 6] Tweet MENOR que 25 caracteres, ajustando texto...
2021-09-06 08:47:54,500 - PHILOBOT --> [X] - ERRO AO COLETAR INFORMAÇÕES DO TWEET
2021-09-06 08:47:54,500 - PHILOBOT --> 'NoneType' object has no attribute 'read'
2021-09-06 08:47:54,500 - PHILOBOT --> [-] - Ignorando e continuando os tweets

2021-09-06 08:55:19,678 - PHILOBOT --> =============== NOVO TWEET ENCONTRADO ================
2021-09-06 08:55:19,678 - PHILOBOT --> Tweet ID: 1434847658913456132
2021-09-06 08:55:19,678 - PHILOBOT --> Tweet USERNAME: SysCat_13
2021-09-06 08:55:19,678 - PHILOBOT --> Adicionado na fila
2021-09-06 08:55:19,678 - PHILOBOT --> =======================================================

2021-09-06 08:55:24,681 - PHILOBOT --> ----------------------------------------
2021-09-06 08:55:24,681 - PHILOBOT -->          > STARTING PHILOBOT < 
2021-09-06 08:55:24,681 - PHILOBOT --> ----------------------------------------
2021-09-06 08:55:24,681 - PHILOBOT --> ID Coletado: 1434847658913456132
2021-09-06 08:55:25,127 - PHILOBOT --> [ETAPA 1] Status coletado: #Testephilo "mamaoaaaaa"
2021-09-06 08:55:25,127 - PHILOBOT --> [ETAPA 3] Checando se é RT...
2021-09-06 08:55:25,127 - PHILOBOT --> [ETAPA 2] Status - marcações retiradas: #Testephilo "mamaoaaaaa"
2021-09-06 08:55:27,133 - PHILOBOT --> [ETAPA 4] Checando string vazia...
2021-09-06 08:55:29,188 - PHILOBOT --> [ETAPA 4] Configurando imagem...
2021-09-06 08:55:29,188 - PHILOBOT --> [ETAPA 4.1] Imagem do filósofo escolhida: Friedrich Engels.png
2021-09-06 08:55:29,189 - PHILOBOT --> [ETAPA 4.2] Nenhum lixo no nome da imagem encontrado. Prosseguindo normalmente...
2021-09-06 08:55:29,189 - PHILOBOT --> [ETAPA 4.3] Nome do filósofo tratado: - Friedrich Engels
2021-09-06 08:55:29,203 - PHILOBOT --> [ETAPA 5] Verificando aspas...
2021-09-06 08:55:29,203 - PHILOBOT --> [ETAPA 6] Tweet MENOR que 25 caracteres, ajustando texto...
2021-09-06 08:55:29,205 - PHILOBOT --> [X] - ERRO AO COLETAR INFORMAÇÕES DO TWEET
2021-09-06 08:55:29,205 - PHILOBOT --> 'NoneType' object has no attribute 'read'
2021-09-06 08:55:29,205 - PHILOBOT --> [-] - Ignorando e continuando os tweets

2021-09-06 08:59:46,721 - HASHTAG --> Bem-vindo!

2021-09-06 08:59:46,721 - HASHTAG --> Philosopher BOT por Caio Madeira e Rodrigo Carmo

2021-09-06 08:59:46,721 - HASHTAG --> >INICIANDO HASHTAG - TESTE<
2021-09-06 08:59:46,721 - HASHTAG --> HASHTAG EXTENSION ESCOLHIDA, INICIANDO #TESTEPHILO...
2021-09-06 08:59:51,756 - HASHTAG --> >HASHTAG TESTE INICIADA<
2021-09-06 08:59:51,756 - HASHTAG --> >AGUARDANDO NOVOS TWEETS...<
2021-09-06 09:00:01,637 - HASHTAG --> =============== NOVO TWEET ENCONTRADO ================
2021-09-06 09:00:01,637 - HASHTAG --> Tweet ID: 1434848841463996417
2021-09-06 09:00:01,637 - HASHTAG --> Tweet USERNAME: SysCat_13
2021-09-06 09:00:01,637 - HASHTAG --> Adicionado na fila
2021-09-06 09:00:01,637 - HASHTAG --> =======================================================

2021-09-06 09:00:06,654 - PHILOBOT --> ----------------------------------------
2021-09-06 09:00:06,654 - PHILOBOT -->          > STARTING PHILOBOT < 
2021-09-06 09:00:06,654 - PHILOBOT --> ----------------------------------------
2021-09-06 09:00:06,654 - PHILOBOT --> ID Coletado: 1434848841463996417
2021-09-06 09:00:07,236 - PHILOBOT --> [ETAPA 1] Status coletado: #Testephilo laranja
2021-09-06 09:00:07,236 - PHILOBOT --> [ETAPA 3] Checando se é RT...
2021-09-06 09:00:07,236 - PHILOBOT --> [ETAPA 2] Status - marcações retiradas: #Testephilo laranja
2021-09-06 09:00:09,258 - PHILOBOT --> [ETAPA 4] Checando string vazia...
2021-09-06 09:00:11,301 - PHILOBOT --> [ETAPA 4] Configurando imagem...
2021-09-06 09:00:11,302 - PHILOBOT --> [ETAPA 4.1] Imagem do filósofo escolhida: MC Poze do Rodo.png
2021-09-06 09:00:11,302 - PHILOBOT --> [ETAPA 4.2] Nenhum lixo no nome da imagem encontrado. Prosseguindo normalmente...
2021-09-06 09:00:11,302 - PHILOBOT --> [ETAPA 4.3] Nome do filósofo tratado: - MC Poze do Rodo
2021-09-06 09:00:11,322 - PHILOBOT --> [ETAPA 5] Verificando aspas...
2021-09-06 09:00:11,322 - PHILOBOT --> [ETAPA 6] Tweet MENOR que 25 caracteres, ajustando texto...
2021-09-06 09:00:11,322 - PHILOBOT --> [X] - Erro ao coletar informações para ajustar texto sem as aspas com menos de 25 caracteres:
2021-09-06 09:00:11,322 - PHILOBOT --> 'NoneType' object has no attribute 'read'
2021-09-06 09:00:11,322 - PHILOBOT --> [X] - ERRO AO COLETAR INFORMAÇÕES DO TWEET
2021-09-06 09:00:11,323 - PHILOBOT --> cannot import name 'HashtagClass' from 'Twitter.Hashtag' (C:\Users\rodri\Documents\GitHub\The-Philosopher-BOT\Twitter\Hashtag\__init__.py)
2021-09-06 09:00:11,323 - PHILOBOT --> [-] - Ignorando e continuando os tweets

2021-09-06 09:04:20,550 - HASHTAG --> Bem-vindo!

2021-09-06 09:04:20,550 - HASHTAG --> Philosopher BOT por Caio Madeira e Rodrigo Carmo

2021-09-06 09:04:20,550 - HASHTAG --> >INICIANDO HASHTAG - TESTE<
2021-09-06 09:04:20,550 - HASHTAG --> HASHTAG EXTENSION ESCOLHIDA, INICIANDO #TESTEPHILO...
2021-09-06 09:04:25,587 - HASHTAG --> >HASHTAG TESTE INICIADA<
2021-09-06 09:04:25,587 - HASHTAG --> >AGUARDANDO NOVOS TWEETS...<
2021-09-06 09:05:28,924 - HASHTAG --> =============== NOVO TWEET ENCONTRADO ================
2021-09-06 09:05:28,924 - HASHTAG --> Tweet ID: 1434850214217723906
2021-09-06 09:05:28,924 - HASHTAG --> Tweet USERNAME: SysCat_13
2021-09-06 09:05:28,924 - HASHTAG --> Adicionado na fila
2021-09-06 09:05:28,924 - HASHTAG --> =======================================================

2021-09-06 09:05:33,932 - PHILOBOT --> ----------------------------------------
2021-09-06 09:05:33,932 - PHILOBOT -->          > STARTING PHILOBOT < 
2021-09-06 09:05:33,932 - PHILOBOT --> ----------------------------------------
2021-09-06 09:05:33,932 - PHILOBOT --> ID Coletado: 1434850214217723906
2021-09-06 09:05:34,504 - PHILOBOT --> [ETAPA 1] Status coletado: #Testephilo lasaagna
2021-09-06 09:05:34,504 - PHILOBOT --> [ETAPA 3] Checando se é RT...
2021-09-06 09:05:34,504 - PHILOBOT --> [ETAPA 2] Status - marcações retiradas: #Testephilo lasaagna
2021-09-06 09:05:36,516 - PHILOBOT --> [ETAPA 4] Checando string vazia...
2021-09-06 09:05:38,567 - PHILOBOT --> [ETAPA 4] Configurando imagem...
2021-09-06 09:05:38,568 - PHILOBOT --> [ETAPA 4.1] Imagem do filósofo escolhida: Papa Francisco.png
2021-09-06 09:05:38,568 - PHILOBOT --> [ETAPA 4.2] Nenhum lixo no nome da imagem encontrado. Prosseguindo normalmente...
2021-09-06 09:05:38,568 - PHILOBOT --> [ETAPA 4.3] Nome do filósofo tratado: - Papa Francisco
2021-09-06 09:05:38,587 - PHILOBOT --> [ETAPA 5] Verificando aspas...
2021-09-06 09:05:38,588 - PHILOBOT --> [ETAPA 6] Tweet MENOR que 25 caracteres, ajustando texto...
2021-09-06 09:05:40,176 - PHILOBOT --> [+] - IMAGEM ENVIADA!
2021-09-06 09:05:43,192 - PHILOBOT --> Finalizado, ID tratado: 1434850214217723906
2021-09-06 09:05:43,192 - PHILOBOT --> Itens restantes: 0
2021-09-06 09:05:43,192 - PHILOBOT --> TWEET TRATADO COM SUCESSO
2021-09-06 09:05:43,192 - PHILOBOT --> ----------------------------------------

2021-09-06 09:05:43,192 - PHILOBOT --> [LIMPANDO LISTAS E MEMÓRIAS...]
2021-09-06 09:05:43,192 - PHILOBOT --> Limpeza realizada com sucesso!
2021-09-06 09:05:43,192 - PHILOBOT --> Esperando 20 segundos...

2021-09-06 09:06:03,203 - PHILOBOT --> >AGUARDANDO NOVOS TWEETS...<
2021-09-06 09:06:05,615 - HASHTAG --> Bem-vindo!

2021-09-06 09:06:05,615 - HASHTAG --> Philosopher BOT por Caio Madeira e Rodrigo Carmo

2021-09-06 09:06:05,615 - HASHTAG --> >INICIANDO HASHTAG - TESTE<
2021-09-06 09:06:05,615 - HASHTAG --> HASHTAG EXTENSION ESCOLHIDA, INICIANDO #TESTEPHILO...
2021-09-06 09:06:10,649 - HASHTAG --> >HASHTAG TESTE INICIADA<
2021-09-06 09:06:10,649 - HASHTAG --> >AGUARDANDO NOVOS TWEETS...<
2021-09-06 09:06:18,484 - HASHTAG --> =============== NOVO TWEET ENCONTRADO ================
2021-09-06 09:06:18,484 - HASHTAG --> Tweet ID: 1434850422049722374
2021-09-06 09:06:18,484 - HASHTAG --> Tweet USERNAME: SysCat_13
2021-09-06 09:06:18,484 - HASHTAG --> Adicionado na fila
2021-09-06 09:06:18,485 - HASHTAG --> =======================================================

2021-09-06 09:06:23,488 - PHILOBOT --> ----------------------------------------
2021-09-06 09:06:23,488 - PHILOBOT -->          > STARTING PHILOBOT < 
2021-09-06 09:06:23,488 - PHILOBOT --> ----------------------------------------
2021-09-06 09:06:23,488 - PHILOBOT --> ID Coletado: 1434850422049722374
2021-09-06 09:06:24,083 - PHILOBOT --> [ETAPA 1] Status coletado: #Testephilo lasaagna2
2021-09-06 09:06:24,083 - PHILOBOT --> [ETAPA 3] Checando se é RT...
2021-09-06 09:06:24,084 - PHILOBOT --> [ETAPA 2] Status - marcações retiradas: #Testephilo lasaagna2
2021-09-06 09:06:26,104 - PHILOBOT --> [ETAPA 4] Checando string vazia...
2021-09-06 09:06:28,145 - PHILOBOT --> [ETAPA 4] Configurando imagem...
2021-09-06 09:06:28,145 - PHILOBOT --> [ETAPA 4.1] Imagem do filósofo escolhida: Malcolm X.png
2021-09-06 09:06:28,145 - PHILOBOT --> [ETAPA 4.2] Nenhum lixo no nome da imagem encontrado. Prosseguindo normalmente...
2021-09-06 09:06:28,145 - PHILOBOT --> [ETAPA 4.3] Nome do filósofo tratado: - Malcolm X
2021-09-06 09:06:28,161 - PHILOBOT --> [ETAPA 5] Verificando aspas...
2021-09-06 09:06:28,162 - PHILOBOT --> [ETAPA 6] Tweet MENOR que 25 caracteres, ajustando texto...
2021-09-06 09:06:28,162 - PHILOBOT --> [X] - Erro ao coletar informações para ajustar texto sem as aspas com menos de 25 caracteres:
2021-09-06 09:06:28,162 - PHILOBOT --> 'NoneType' object has no attribute 'read'
2021-09-06 09:06:28,162 - PHILOBOT --> [X] - ERRO AO COLETAR INFORMAÇÕES DO TWEET
2021-09-06 09:06:28,162 - PHILOBOT --> cannot import name 'HashtagClass' from 'Twitter.Hashtag' (C:\Users\rodri\Documents\GitHub\The-Philosopher-BOT\Twitter\Hashtag\__init__.py)
2021-09-06 09:06:28,162 - PHILOBOT --> [-] - Ignorando e continuando os tweets

2021-09-06 09:11:59,340 - HASHTAG --> Bem-vindo!

2021-09-06 09:11:59,341 - HASHTAG --> Philosopher BOT por Caio Madeira e Rodrigo Carmo

2021-09-06 09:11:59,341 - HASHTAG --> >INICIANDO HASHTAG - TESTE<
2021-09-06 09:11:59,341 - HASHTAG --> HASHTAG EXTENSION ESCOLHIDA, INICIANDO #TESTEPHILO...
2021-09-06 09:12:04,386 - HASHTAG --> >HASHTAG TESTE INICIADA<
2021-09-06 09:12:04,386 - HASHTAG --> >AGUARDANDO NOVOS TWEETS...<
2021-09-06 09:12:14,803 - HASHTAG --> =============== NOVO TWEET ENCONTRADO ================
2021-09-06 09:12:14,803 - HASHTAG --> Tweet ID: 1434851916673081344
2021-09-06 09:12:14,803 - HASHTAG --> Tweet USERNAME: SysCat_13
2021-09-06 09:12:14,803 - HASHTAG --> Adicionado na fila
2021-09-06 09:12:14,803 - HASHTAG --> =======================================================

2021-09-06 09:12:19,810 - PHILOBOT --> ----------------------------------------
2021-09-06 09:12:19,810 - PHILOBOT -->          > STARTING PHILOBOT < 
2021-09-06 09:12:19,810 - PHILOBOT --> ----------------------------------------
2021-09-06 09:12:19,810 - PHILOBOT --> ID Coletado: 1434851916673081344
2021-09-06 09:12:20,401 - PHILOBOT --> [ETAPA 1] Status coletado: #Testephilo SPAGGETTTII
2021-09-06 09:12:20,401 - PHILOBOT --> [ETAPA 3] Checando se é RT...
2021-09-06 09:12:20,402 - PHILOBOT --> [ETAPA 2] Status - marcações retiradas: #Testephilo SPAGGETTTII
2021-09-06 09:12:22,428 - PHILOBOT --> [ETAPA 4] Checando string vazia...
2021-09-06 09:12:24,470 - PHILOBOT --> [ETAPA 4] Configurando imagem...
2021-09-06 09:12:24,471 - PHILOBOT --> [ETAPA 4.1] Imagem do filósofo escolhida: Thomas Hobbes.png
2021-09-06 09:12:24,471 - PHILOBOT --> [ETAPA 4.2] Nenhum lixo no nome da imagem encontrado. Prosseguindo normalmente...
2021-09-06 09:12:24,471 - PHILOBOT --> [ETAPA 4.3] Nome do filósofo tratado: - Thomas Hobbes
2021-09-06 09:12:24,488 - PHILOBOT --> [ETAPA 5] Verificando aspas...
2021-09-06 09:12:24,489 - PHILOBOT --> [ETAPA 6] Tweet MENOR que 25 caracteres, ajustando texto...
2021-09-06 09:12:26,178 - PHILOBOT --> [+] - IMAGEM ENVIADA!
2021-09-06 09:12:29,195 - PHILOBOT --> Finalizado, ID tratado: 1434851916673081344
2021-09-06 09:12:29,195 - PHILOBOT --> Itens restantes: 0
2021-09-06 09:12:29,195 - PHILOBOT --> TWEET TRATADO COM SUCESSO
2021-09-06 09:12:29,195 - PHILOBOT --> ----------------------------------------

2021-09-06 09:12:29,195 - PHILOBOT --> [LIMPANDO LISTAS E MEMÓRIAS...]
2021-09-06 09:12:29,195 - PHILOBOT --> Limpeza realizada com sucesso!
2021-09-06 09:12:29,195 - PHILOBOT --> Esperando 20 segundos...

2021-09-06 09:12:49,197 - PHILOBOT --> >AGUARDANDO NOVOS TWEETS...<
