2021-09-05 20:22:57,315 - HASHTAG --> Bem-vindo!

2021-09-05 20:22:57,315 - HASHTAG --> Philosopher BOT por Caio Madeira e Rodrigo Carmo

2021-09-05 20:22:57,315 - HASHTAG --> >INICIANDO HASHTAG - EXTENSION<
2021-09-05 20:22:57,315 - HASHTAG --> HASHTAG EXTENSION ESCOLHIDA, INICIANDO #PHILOBOT E #PHILOMAKER...
2021-09-05 20:23:24,688 - HASHTAG --> =============== NOVO TWEET ENCONTRADO ================
2021-09-05 20:23:24,688 - HASHTAG --> Tweet ID: 1434658435837087748
2021-09-05 20:23:24,689 - HASHTAG --> Tweet USERNAME: SysCat_13
2021-09-05 20:23:24,689 - HASHTAG --> Adicionado na fila
2021-09-05 20:23:24,689 - HASHTAG --> =============== NOVO TWEET ENCONTRADO ================
2021-09-05 20:23:24,689 - HASHTAG --> =======================================================

2021-09-05 20:23:24,689 - HASHTAG --> Tweet ID: 1434658435837087748
2021-09-05 20:23:24,690 - HASHTAG --> Tweet USERNAME: SysCat_13
2021-09-05 20:23:24,690 - HASHTAG --> Adicionado na fila
2021-09-05 20:23:24,690 - HASHTAG --> =======================================================

2021-09-05 20:23:24,713 - HASHTAG --> =============== NOVO TWEET ENCONTRADO ================
2021-09-05 20:23:24,714 - HASHTAG --> =============== NOVO TWEET ENCONTRADO ================
2021-09-05 20:23:24,714 - HASHTAG --> Tweet ID: 1434658435837087748
2021-09-05 20:23:24,714 - HASHTAG --> Tweet ID: 1434658435837087748
2021-09-05 20:23:24,714 - HASHTAG --> Tweet USERNAME: SysCat_13
2021-09-05 20:23:24,714 - HASHTAG --> Tweet USERNAME: SysCat_13
2021-09-05 20:23:24,714 - HASHTAG --> Adicionado na fila
2021-09-05 20:23:24,714 - HASHTAG --> Adicionado na fila
2021-09-05 20:23:24,714 - HASHTAG --> =======================================================

2021-09-05 20:23:24,714 - HASHTAG --> =======================================================

2021-09-05 20:23:29,702 - PHILOBOT --> ----------------------------------------
2021-09-05 20:23:29,702 - PHILOBOT --> ----------------------------------------
2021-09-05 20:23:29,702 - PHILOBOT --> ----------------------------------------
2021-09-05 20:23:29,703 - PHILOBOT -->          > STARTING PHILOBOT < 
2021-09-05 20:23:29,702 - PHILOBOT --> ----------------------------------------
2021-09-05 20:23:29,703 - PHILOBOT -->          > STARTING PHILOBOT < 
2021-09-05 20:23:29,703 - PHILOBOT -->          > STARTING PHILOBOT < 
2021-09-05 20:23:29,703 - PHILOBOT --> ----------------------------------------
2021-09-05 20:23:29,703 - PHILOBOT -->          > STARTING PHILOBOT < 
2021-09-05 20:23:29,703 - PHILOBOT --> ----------------------------------------
2021-09-05 20:23:29,703 - PHILOBOT --> ----------------------------------------
2021-09-05 20:23:29,703 - PHILOBOT --> ID Coletado: 1434658435837087748
2021-09-05 20:23:29,703 - PHILOBOT --> ----------------------------------------
2021-09-05 20:23:29,703 - PHILOBOT --> ID Coletado: 1434658435837087748
2021-09-05 20:23:29,703 - PHILOBOT --> ID Coletado: 1434658435837087748
2021-09-05 20:23:29,703 - PHILOBOT --> ID Coletado: 1434658435837087748
2021-09-05 20:23:29,718 - PHILOBOT --> ----------------------------------------
2021-09-05 20:23:29,718 - PHILOBOT --> ----------------------------------------
2021-09-05 20:23:29,718 - PHILOBOT --> ----------------------------------------
2021-09-05 20:23:29,718 - PHILOBOT --> ----------------------------------------
2021-09-05 20:23:29,718 - PHILOBOT -->          > STARTING PHILOBOT < 
2021-09-05 20:23:29,718 - PHILOBOT -->          > STARTING PHILOBOT < 
2021-09-05 20:23:29,718 - PHILOBOT -->          > STARTING PHILOBOT < 
2021-09-05 20:23:29,718 - PHILOBOT --> ----------------------------------------
2021-09-05 20:23:29,718 - PHILOBOT -->          > STARTING PHILOBOT < 
2021-09-05 20:23:29,718 - PHILOBOT --> ----------------------------------------
2021-09-05 20:23:29,718 - PHILOBOT --> ----------------------------------------
2021-09-05 20:23:29,719 - PHILOBOT --> ID Coletado: 1434658435837087748
2021-09-05 20:23:29,718 - PHILOBOT --> ----------------------------------------
2021-09-05 20:23:29,719 - PHILOBOT --> ID Coletado: 1434658435837087748
2021-09-05 20:23:29,719 - PHILOBOT --> ID Coletado: 1434658435837087748
2021-09-05 20:23:30,282 - PHILOBOT --> [ETAPA 1] Status coletado: #Testephilo aaaaaa
2021-09-05 20:23:30,283 - PHILOBOT --> [ETAPA 1] Status coletado: #Testephilo aaaaaa
2021-09-05 20:23:30,282 - PHILOBOT --> [ETAPA 1] Status coletado: #Testephilo aaaaaa
2021-09-05 20:23:30,283 - PHILOBOT --> [ETAPA 3] Checando se é RT...
2021-09-05 20:23:30,283 - PHILOBOT --> [ETAPA 1] Status coletado: #Testephilo aaaaaa
2021-09-05 20:23:30,283 - PHILOBOT --> [ETAPA 3] Checando se é RT...
2021-09-05 20:23:30,283 - PHILOBOT --> [ETAPA 3] Checando se é RT...
2021-09-05 20:23:30,284 - PHILOBOT --> [ETAPA 2] Status - marcações retiradas: #Testephilo aaaaaa
2021-09-05 20:23:30,283 - PHILOBOT --> [ETAPA 3] Checando se é RT...
2021-09-05 20:23:30,284 - PHILOBOT --> [ETAPA 2] Status - marcações retiradas: #Testephilo aaaaaa
2021-09-05 20:23:30,284 - PHILOBOT --> [ETAPA 2] Status - marcações retiradas: #Testephilo aaaaaa
2021-09-05 20:23:30,284 - PHILOBOT --> [ETAPA 2] Status - marcações retiradas: #Testephilo aaaaaa
2021-09-05 20:23:30,327 - PHILOBOT --> [ETAPA 1] Status coletado: #Testephilo aaaaaa
2021-09-05 20:23:30,327 - PHILOBOT --> [ETAPA 1] Status coletado: #Testephilo aaaaaa
2021-09-05 20:23:30,328 - PHILOBOT --> [ETAPA 1] Status coletado: #Testephilo aaaaaa
2021-09-05 20:23:30,328 - PHILOBOT --> [ETAPA 3] Checando se é RT...
2021-09-05 20:23:30,328 - PHILOBOT --> [ETAPA 1] Status coletado: #Testephilo aaaaaa
2021-09-05 20:23:30,328 - PHILOBOT --> [ETAPA 3] Checando se é RT...
2021-09-05 20:23:30,328 - PHILOBOT --> [ETAPA 3] Checando se é RT...
2021-09-05 20:23:30,328 - PHILOBOT --> [ETAPA 3] Checando se é RT...
2021-09-05 20:23:30,329 - PHILOBOT --> [ETAPA 2] Status - marcações retiradas: #Testephilo aaaaaa
2021-09-05 20:23:30,329 - PHILOBOT --> [ETAPA 2] Status - marcações retiradas: #Testephilo aaaaaa
2021-09-05 20:23:30,329 - PHILOBOT --> [ETAPA 2] Status - marcações retiradas: #Testephilo aaaaaa
2021-09-05 20:23:30,329 - PHILOBOT --> [ETAPA 2] Status - marcações retiradas: #Testephilo aaaaaa
2021-09-05 20:23:32,321 - PHILOBOT --> [ETAPA 4] Checando string vazia...
2021-09-05 20:23:32,321 - PHILOBOT --> [ETAPA 4] Checando string vazia...
2021-09-05 20:23:32,336 - PHILOBOT --> [ETAPA 4] Checando string vazia...
2021-09-05 20:23:32,336 - PHILOBOT --> [ETAPA 4] Checando string vazia...
2021-09-05 20:23:32,336 - PHILOBOT --> [ETAPA 4] Checando string vazia...
2021-09-05 20:23:32,336 - PHILOBOT --> [ETAPA 4] Checando string vazia...
2021-09-05 20:23:32,351 - PHILOBOT --> [ETAPA 4] Checando string vazia...
2021-09-05 20:23:32,351 - PHILOBOT --> [ETAPA 4] Checando string vazia...
2021-09-05 20:23:34,396 - PHILOBOT --> [ETAPA 4] Configurando imagem...
2021-09-05 20:23:34,396 - PHILOBOT --> [ETAPA 4] Configurando imagem...
2021-09-05 20:23:34,399 - PHILOBOT --> [ETAPA 4.1] Imagem do filósofo escolhida: Véio da Havan.png
2021-09-05 20:23:34,399 - PHILOBOT --> [ETAPA 4.1] Imagem do filósofo escolhida: Véio da Havan.png
2021-09-05 20:23:34,399 - PHILOBOT --> [ETAPA 4.2] Nenhum lixo no nome da imagem encontrado. Prosseguindo normalmente...
2021-09-05 20:23:34,399 - PHILOBOT --> [ETAPA 4.2] Nenhum lixo no nome da imagem encontrado. Prosseguindo normalmente...
2021-09-05 20:23:34,400 - PHILOBOT --> [ETAPA 4.3] Nome do filósofo tratado: - Véio da Havan
2021-09-05 20:23:34,400 - PHILOBOT --> [ETAPA 4.3] Nome do filósofo tratado: - Véio da Havan
2021-09-05 20:23:34,428 - PHILOBOT --> [ETAPA 5] Verificando aspas...
2021-09-05 20:23:34,428 - PHILOBOT --> [ETAPA 5] Verificando aspas...
2021-09-05 20:23:34,428 - PHILOBOT --> [ETAPA 6] Tweet MENOR que 25 caracteres, ajustando texto...
2021-09-05 20:23:34,428 - PHILOBOT --> [ETAPA 6] Tweet MENOR que 25 caracteres, ajustando texto...
2021-09-05 20:23:34,441 - PHILOBOT --> [ETAPA 4] Configurando imagem...
2021-09-05 20:23:34,441 - PHILOBOT --> [ETAPA 4] Configurando imagem...
2021-09-05 20:23:34,444 - PHILOBOT --> [ETAPA 4.1] Imagem do filósofo escolhida: Bob Marley.png
2021-09-05 20:23:34,444 - PHILOBOT --> [ETAPA 4.1] Imagem do filósofo escolhida: Bob Marley.png
2021-09-05 20:23:34,444 - PHILOBOT --> [ETAPA 4.2] Nenhum lixo no nome da imagem encontrado. Prosseguindo normalmente...
2021-09-05 20:23:34,444 - PHILOBOT --> [ETAPA 4.2] Nenhum lixo no nome da imagem encontrado. Prosseguindo normalmente...
2021-09-05 20:23:34,444 - PHILOBOT --> [ETAPA 4.3] Nome do filósofo tratado: - Bob Marley
2021-09-05 20:23:34,444 - PHILOBOT --> [ETAPA 4.3] Nome do filósofo tratado: - Bob Marley
2021-09-05 20:23:34,464 - PHILOBOT --> [ETAPA 5] Verificando aspas...
2021-09-05 20:23:34,464 - PHILOBOT --> [ETAPA 5] Verificando aspas...
2021-09-05 20:23:34,464 - PHILOBOT --> [ETAPA 6] Tweet MENOR que 25 caracteres, ajustando texto...
2021-09-05 20:23:34,464 - PHILOBOT --> [ETAPA 6] Tweet MENOR que 25 caracteres, ajustando texto...
2021-09-05 20:23:34,470 - PHILOBOT --> [ETAPA 4] Configurando imagem...
2021-09-05 20:23:34,470 - PHILOBOT --> [ETAPA 4] Configurando imagem...
2021-09-05 20:23:34,508 - PHILOBOT --> [ETAPA 4] Configurando imagem...
2021-09-05 20:23:34,508 - PHILOBOT --> [ETAPA 4] Configurando imagem...
2021-09-05 20:23:34,509 - PHILOBOT --> [ETAPA 4.1] Imagem do filósofo escolhida: Papa Francisco.png
2021-09-05 20:23:34,509 - PHILOBOT --> [ETAPA 4.1] Imagem do filósofo escolhida: Papa Francisco.png
2021-09-05 20:23:34,510 - PHILOBOT --> [ETAPA 4.2] Nenhum lixo no nome da imagem encontrado. Prosseguindo normalmente...
2021-09-05 20:23:34,510 - PHILOBOT --> [ETAPA 4.2] Nenhum lixo no nome da imagem encontrado. Prosseguindo normalmente...
2021-09-05 20:23:34,510 - PHILOBOT --> [ETAPA 4.3] Nome do filósofo tratado: - Papa Francisco
2021-09-05 20:23:34,510 - PHILOBOT --> [ETAPA 4.3] Nome do filósofo tratado: - Papa Francisco
2021-09-05 20:23:34,512 - PHILOBOT --> [ETAPA 4.1] Imagem do filósofo escolhida: Olavo de Carvalho.png
2021-09-05 20:23:34,512 - PHILOBOT --> [ETAPA 4.1] Imagem do filósofo escolhida: Olavo de Carvalho.png
2021-09-05 20:23:34,513 - PHILOBOT --> [ETAPA 4.2] Nenhum lixo no nome da imagem encontrado. Prosseguindo normalmente...
2021-09-05 20:23:34,513 - PHILOBOT --> [ETAPA 4.2] Nenhum lixo no nome da imagem encontrado. Prosseguindo normalmente...
2021-09-05 20:23:34,513 - PHILOBOT --> [ETAPA 4.3] Nome do filósofo tratado: - Olavo de Carvalho
2021-09-05 20:23:34,513 - PHILOBOT --> [ETAPA 4.3] Nome do filósofo tratado: - Olavo de Carvalho
2021-09-05 20:23:34,530 - PHILOBOT --> [ETAPA 5] Verificando aspas...
2021-09-05 20:23:34,530 - PHILOBOT --> [ETAPA 5] Verificando aspas...
2021-09-05 20:23:34,530 - PHILOBOT --> [ETAPA 5] Verificando aspas...
2021-09-05 20:23:34,531 - PHILOBOT --> [ETAPA 6] Tweet MENOR que 25 caracteres, ajustando texto...
2021-09-05 20:23:34,530 - PHILOBOT --> [ETAPA 5] Verificando aspas...
2021-09-05 20:23:34,531 - PHILOBOT --> [ETAPA 6] Tweet MENOR que 25 caracteres, ajustando texto...
2021-09-05 20:23:34,531 - PHILOBOT --> [ETAPA 6] Tweet MENOR que 25 caracteres, ajustando texto...
2021-09-05 20:23:34,531 - PHILOBOT --> [ETAPA 6] Tweet MENOR que 25 caracteres, ajustando texto...
2021-09-05 20:23:35,672 - PHILOBOT --> [X] - ERRO! Não foi possível enviar a imagem.
2021-09-05 20:23:35,672 - PHILOBOT --> [X] - ERRO! Não foi possível enviar a imagem.
2021-09-05 20:23:35,672 - PHILOBOT --> [{'code': 189, 'message': 'Error creating status.'}]
2021-09-05 20:23:35,672 - PHILOBOT --> [{'code': 189, 'message': 'Error creating status.'}]
2021-09-05 20:23:35,672 - PHILOBOT --> 
==========================
2021-09-05 20:23:35,672 - PHILOBOT --> 
==========================
2021-09-05 20:23:35,672 - PHILOBOT --> Finalizado, ID tratado: 1434658435837087748
2021-09-05 20:23:35,672 - PHILOBOT --> Finalizado, ID tratado: 1434658435837087748
2021-09-05 20:23:35,672 - PHILOBOT --> Itens restantes: 0
2021-09-05 20:23:35,672 - PHILOBOT --> Itens restantes: 0
2021-09-05 20:23:35,672 - PHILOBOT --> TWEET TRATADO COM SUCESSO
2021-09-05 20:23:35,672 - PHILOBOT --> TWEET TRATADO COM SUCESSO
2021-09-05 20:23:35,672 - PHILOBOT --> ----------------------------------------

2021-09-05 20:23:35,672 - PHILOBOT --> ----------------------------------------

2021-09-05 20:23:35,672 - PHILOBOT --> [LIMPANDO LISTAS E MEMÓRIAS...]
2021-09-05 20:23:35,672 - PHILOBOT --> [LIMPANDO LISTAS E MEMÓRIAS...]
2021-09-05 20:23:35,672 - PHILOBOT --> Limpeza realizada com sucesso!
2021-09-05 20:23:35,672 - PHILOBOT --> Limpeza realizada com sucesso!
2021-09-05 20:23:35,672 - PHILOBOT --> Esperando 20 segundos...

2021-09-05 20:23:35,672 - PHILOBOT --> Esperando 20 segundos...

2021-09-05 20:23:35,689 - PHILOBOT --> [X] - ERRO! Não foi possível enviar a imagem.
2021-09-05 20:23:35,689 - PHILOBOT --> [X] - ERRO! Não foi possível enviar a imagem.
2021-09-05 20:23:35,689 - PHILOBOT --> [{'code': 189, 'message': 'Error creating status.'}]
2021-09-05 20:23:35,689 - PHILOBOT --> [{'code': 189, 'message': 'Error creating status.'}]
2021-09-05 20:23:35,689 - PHILOBOT --> 
==========================
2021-09-05 20:23:35,689 - PHILOBOT --> 
==========================
2021-09-05 20:23:35,689 - PHILOBOT --> Finalizado, ID tratado: 1434658435837087748
2021-09-05 20:23:35,689 - PHILOBOT --> Finalizado, ID tratado: 1434658435837087748
2021-09-05 20:23:35,689 - PHILOBOT --> Itens restantes: 0
2021-09-05 20:23:35,689 - PHILOBOT --> Itens restantes: 0
2021-09-05 20:23:35,689 - PHILOBOT --> TWEET TRATADO COM SUCESSO
2021-09-05 20:23:35,689 - PHILOBOT --> TWEET TRATADO COM SUCESSO
2021-09-05 20:23:35,689 - PHILOBOT --> ----------------------------------------

2021-09-05 20:23:35,689 - PHILOBOT --> ----------------------------------------

2021-09-05 20:23:35,689 - PHILOBOT --> [LIMPANDO LISTAS E MEMÓRIAS...]
2021-09-05 20:23:35,689 - PHILOBOT --> [LIMPANDO LISTAS E MEMÓRIAS...]
2021-09-05 20:23:35,689 - PHILOBOT --> Limpeza realizada com sucesso!
2021-09-05 20:23:35,689 - PHILOBOT --> Limpeza realizada com sucesso!
2021-09-05 20:23:35,690 - PHILOBOT --> Esperando 20 segundos...

2021-09-05 20:23:35,690 - PHILOBOT --> Esperando 20 segundos...

2021-09-05 20:23:35,695 - PHILOBOT --> [X] - ERRO! Não foi possível enviar a imagem.
2021-09-05 20:23:35,695 - PHILOBOT --> [X] - ERRO! Não foi possível enviar a imagem.
2021-09-05 20:23:35,695 - PHILOBOT --> [{'code': 189, 'message': 'Error creating status.'}]
2021-09-05 20:23:35,695 - PHILOBOT --> [{'code': 189, 'message': 'Error creating status.'}]
2021-09-05 20:23:35,695 - PHILOBOT --> 
==========================
2021-09-05 20:23:35,695 - PHILOBOT --> 
==========================
2021-09-05 20:23:35,695 - PHILOBOT --> Finalizado, ID tratado: 1434658435837087748
2021-09-05 20:23:35,695 - PHILOBOT --> Finalizado, ID tratado: 1434658435837087748
2021-09-05 20:23:35,695 - PHILOBOT --> Itens restantes: 0
2021-09-05 20:23:35,695 - PHILOBOT --> Itens restantes: 0
2021-09-05 20:23:35,695 - PHILOBOT --> TWEET TRATADO COM SUCESSO
2021-09-05 20:23:35,695 - PHILOBOT --> TWEET TRATADO COM SUCESSO
2021-09-05 20:23:35,695 - PHILOBOT --> ----------------------------------------

2021-09-05 20:23:35,695 - PHILOBOT --> ----------------------------------------

2021-09-05 20:23:35,695 - PHILOBOT --> [LIMPANDO LISTAS E MEMÓRIAS...]
2021-09-05 20:23:35,695 - PHILOBOT --> [LIMPANDO LISTAS E MEMÓRIAS...]
2021-09-05 20:23:35,696 - PHILOBOT --> Limpeza realizada com sucesso!
2021-09-05 20:23:35,696 - PHILOBOT --> Limpeza realizada com sucesso!
2021-09-05 20:23:35,696 - PHILOBOT --> Esperando 20 segundos...

2021-09-05 20:23:35,696 - PHILOBOT --> Esperando 20 segundos...

2021-09-05 20:23:35,829 - PHILOBOT --> [X] - ERRO! Não foi possível enviar a imagem.
2021-09-05 20:23:35,829 - PHILOBOT --> [X] - ERRO! Não foi possível enviar a imagem.
2021-09-05 20:23:35,829 - PHILOBOT --> [{'code': 189, 'message': 'Error creating status.'}]
2021-09-05 20:23:35,829 - PHILOBOT --> [{'code': 189, 'message': 'Error creating status.'}]
2021-09-05 20:23:35,830 - PHILOBOT --> 
==========================
2021-09-05 20:23:35,830 - PHILOBOT --> 
==========================
2021-09-05 20:23:35,830 - PHILOBOT --> Finalizado, ID tratado: 1434658435837087748
2021-09-05 20:23:35,830 - PHILOBOT --> Finalizado, ID tratado: 1434658435837087748
2021-09-05 20:23:35,830 - PHILOBOT --> Itens restantes: 0
2021-09-05 20:23:35,830 - PHILOBOT --> Itens restantes: 0
2021-09-05 20:23:35,830 - PHILOBOT --> TWEET TRATADO COM SUCESSO
2021-09-05 20:23:35,830 - PHILOBOT --> TWEET TRATADO COM SUCESSO
2021-09-05 20:23:35,830 - PHILOBOT --> ----------------------------------------

2021-09-05 20:23:35,830 - PHILOBOT --> ----------------------------------------

2021-09-05 20:23:35,830 - PHILOBOT --> [LIMPANDO LISTAS E MEMÓRIAS...]
2021-09-05 20:23:35,830 - PHILOBOT --> [LIMPANDO LISTAS E MEMÓRIAS...]
2021-09-05 20:23:35,830 - PHILOBOT --> Limpeza realizada com sucesso!
2021-09-05 20:23:35,830 - PHILOBOT --> Limpeza realizada com sucesso!
2021-09-05 20:23:35,830 - PHILOBOT --> Esperando 20 segundos...

2021-09-05 20:23:35,830 - PHILOBOT --> Esperando 20 segundos...

2021-09-05 20:23:55,674 - PHILOBOT --> >AGUARDANDO NOVOS TWEETS...<
2021-09-05 20:23:55,674 - PHILOBOT --> >AGUARDANDO NOVOS TWEETS...<
2021-09-05 20:23:55,705 - PHILOBOT --> >AGUARDANDO NOVOS TWEETS...<
2021-09-05 20:23:55,705 - PHILOBOT --> >AGUARDANDO NOVOS TWEETS...<
2021-09-05 20:23:55,705 - PHILOBOT --> >AGUARDANDO NOVOS TWEETS...<
2021-09-05 20:23:55,705 - PHILOBOT --> >AGUARDANDO NOVOS TWEETS...<
2021-09-05 20:23:55,831 - PHILOBOT --> >AGUARDANDO NOVOS TWEETS...<
2021-09-05 20:23:55,831 - PHILOBOT --> >AGUARDANDO NOVOS TWEETS...<
2021-09-05 20:25:00,858 - HASHTAG --> Bem-vindo!

2021-09-05 20:25:00,858 - HASHTAG --> Philosopher BOT por Caio Madeira e Rodrigo Carmo

2021-09-05 20:25:00,858 - HASHTAG --> >INICIANDO HASHTAG - TESTE<
2021-09-05 20:25:00,858 - HASHTAG --> HASHTAG EXTENSION ESCOLHIDA, INICIANDO #TESTEPHILO...
2021-09-05 20:25:25,356 - PHILOBOT --> =============== NOVO TWEET ENCONTRADO ================
2021-09-05 20:25:25,356 - PHILOBOT --> =============== NOVO TWEET ENCONTRADO ================
2021-09-05 20:25:25,356 - PHILOBOT --> Tweet ID: 1434658941867282437
2021-09-05 20:25:25,356 - PHILOBOT --> Tweet ID: 1434658941867282437
2021-09-05 20:25:25,356 - PHILOBOT --> Tweet USERNAME: SysCat_13
2021-09-05 20:25:25,356 - PHILOBOT --> Tweet USERNAME: SysCat_13
2021-09-05 20:25:25,356 - PHILOBOT --> Adicionado na fila
2021-09-05 20:25:25,356 - PHILOBOT --> Adicionado na fila
2021-09-05 20:25:25,356 - PHILOBOT --> =======================================================

2021-09-05 20:25:25,356 - PHILOBOT --> =======================================================

2021-09-05 20:25:25,359 - PHILOBOT --> =============== NOVO TWEET ENCONTRADO ================
2021-09-05 20:25:25,359 - PHILOBOT --> =============== NOVO TWEET ENCONTRADO ================
2021-09-05 20:25:25,359 - PHILOBOT --> Tweet ID: 1434658941867282437
2021-09-05 20:25:25,359 - PHILOBOT --> Tweet ID: 1434658941867282437
2021-09-05 20:25:25,359 - PHILOBOT --> Tweet USERNAME: SysCat_13
2021-09-05 20:25:25,359 - PHILOBOT --> Tweet USERNAME: SysCat_13
2021-09-05 20:25:25,359 - PHILOBOT --> Adicionado na fila
2021-09-05 20:25:25,359 - PHILOBOT --> Adicionado na fila
2021-09-05 20:25:25,359 - PHILOBOT --> =======================================================

2021-09-05 20:25:25,359 - PHILOBOT --> =======================================================

2021-09-05 20:25:25,365 - PHILOBOT --> =============== NOVO TWEET ENCONTRADO ================
2021-09-05 20:25:25,365 - PHILOBOT --> =============== NOVO TWEET ENCONTRADO ================
2021-09-05 20:25:25,365 - PHILOBOT --> Tweet ID: 1434658941867282437
2021-09-05 20:25:25,365 - PHILOBOT --> Tweet ID: 1434658941867282437
2021-09-05 20:25:25,365 - PHILOBOT --> Tweet USERNAME: SysCat_13
2021-09-05 20:25:25,365 - PHILOBOT --> Tweet USERNAME: SysCat_13
2021-09-05 20:25:25,365 - PHILOBOT --> Adicionado na fila
2021-09-05 20:25:25,365 - PHILOBOT --> Adicionado na fila
2021-09-05 20:25:25,365 - PHILOBOT --> =======================================================

2021-09-05 20:25:25,365 - PHILOBOT --> =======================================================

2021-09-05 20:25:25,366 - PHILOBOT --> =============== NOVO TWEET ENCONTRADO ================
2021-09-05 20:25:25,366 - PHILOBOT --> =============== NOVO TWEET ENCONTRADO ================
2021-09-05 20:25:25,366 - PHILOBOT --> Tweet ID: 1434658941867282437
2021-09-05 20:25:25,366 - PHILOBOT --> Tweet ID: 1434658941867282437
2021-09-05 20:25:25,366 - PHILOBOT --> Tweet USERNAME: SysCat_13
2021-09-05 20:25:25,366 - PHILOBOT --> Tweet USERNAME: SysCat_13
2021-09-05 20:25:25,366 - PHILOBOT --> Adicionado na fila
2021-09-05 20:25:25,366 - PHILOBOT --> Adicionado na fila
2021-09-05 20:25:25,366 - PHILOBOT --> =======================================================

2021-09-05 20:25:25,366 - PHILOBOT --> =======================================================

2021-09-05 20:25:30,358 - PHILOBOT --> ----------------------------------------
2021-09-05 20:25:30,358 - PHILOBOT --> ----------------------------------------
2021-09-05 20:25:30,358 - PHILOBOT -->          > STARTING PHILOBOT < 
2021-09-05 20:25:30,358 - PHILOBOT -->          > STARTING PHILOBOT < 
2021-09-05 20:25:30,358 - PHILOBOT --> ----------------------------------------
2021-09-05 20:25:30,358 - PHILOBOT --> ----------------------------------------
2021-09-05 20:25:30,358 - PHILOBOT --> ID Coletado: 1434658941867282437
2021-09-05 20:25:30,358 - PHILOBOT --> ID Coletado: 1434658941867282437
2021-09-05 20:25:30,373 - PHILOBOT --> ----------------------------------------
2021-09-05 20:25:30,373 - PHILOBOT --> ----------------------------------------
2021-09-05 20:25:30,373 - PHILOBOT -->          > STARTING PHILOBOT < 
2021-09-05 20:25:30,373 - PHILOBOT -->          > STARTING PHILOBOT < 
2021-09-05 20:25:30,373 - PHILOBOT --> ----------------------------------------
2021-09-05 20:25:30,373 - PHILOBOT --> ----------------------------------------
2021-09-05 20:25:30,373 - PHILOBOT --> ----------------------------------------
2021-09-05 20:25:30,373 - PHILOBOT --> ----------------------------------------
2021-09-05 20:25:30,373 - PHILOBOT --> ----------------------------------------
2021-09-05 20:25:30,373 - PHILOBOT -->          > STARTING PHILOBOT < 
2021-09-05 20:25:30,373 - PHILOBOT --> ----------------------------------------
2021-09-05 20:25:30,373 - PHILOBOT --> ID Coletado: 1434658941867282437
2021-09-05 20:25:30,373 - PHILOBOT -->          > STARTING PHILOBOT < 
2021-09-05 20:25:30,373 - PHILOBOT -->          > STARTING PHILOBOT < 
2021-09-05 20:25:30,373 - PHILOBOT --> ID Coletado: 1434658941867282437
2021-09-05 20:25:30,374 - PHILOBOT --> ----------------------------------------
2021-09-05 20:25:30,373 - PHILOBOT -->          > STARTING PHILOBOT < 
2021-09-05 20:25:30,374 - PHILOBOT --> ----------------------------------------
2021-09-05 20:25:30,374 - PHILOBOT --> ----------------------------------------
2021-09-05 20:25:30,374 - PHILOBOT --> ----------------------------------------
2021-09-05 20:25:30,374 - PHILOBOT --> ID Coletado: 1434658941867282437
2021-09-05 20:25:30,374 - PHILOBOT --> ID Coletado: 1434658941867282437
2021-09-05 20:25:30,374 - PHILOBOT --> ID Coletado: 1434658941867282437
2021-09-05 20:25:30,374 - PHILOBOT --> ID Coletado: 1434658941867282437
2021-09-05 20:25:30,918 - PHILOBOT --> [ETAPA 1] Status coletado: #Testephilo aaaassssdddd
2021-09-05 20:25:30,919 - PHILOBOT --> [ETAPA 1] Status coletado: #Testephilo aaaassssdddd
2021-09-05 20:25:30,918 - PHILOBOT --> [ETAPA 1] Status coletado: #Testephilo aaaassssdddd
2021-09-05 20:25:30,919 - PHILOBOT --> [ETAPA 3] Checando se é RT...
2021-09-05 20:25:30,919 - PHILOBOT --> [ETAPA 1] Status coletado: #Testephilo aaaassssdddd
2021-09-05 20:25:30,919 - PHILOBOT --> [ETAPA 3] Checando se é RT...
2021-09-05 20:25:30,919 - PHILOBOT --> [ETAPA 3] Checando se é RT...
2021-09-05 20:25:30,919 - PHILOBOT --> [ETAPA 2] Status - marcações retiradas: #Testephilo aaaassssdddd
2021-09-05 20:25:30,919 - PHILOBOT --> [ETAPA 3] Checando se é RT...
2021-09-05 20:25:30,919 - PHILOBOT --> [ETAPA 2] Status - marcações retiradas: #Testephilo aaaassssdddd
2021-09-05 20:25:30,919 - PHILOBOT --> [ETAPA 2] Status - marcações retiradas: #Testephilo aaaassssdddd
2021-09-05 20:25:30,922 - PHILOBOT --> [ETAPA 1] Status coletado: #Testephilo aaaassssdddd
2021-09-05 20:25:30,922 - PHILOBOT --> [ETAPA 1] Status coletado: #Testephilo aaaassssdddd
2021-09-05 20:25:30,922 - PHILOBOT --> [ETAPA 3] Checando se é RT...
2021-09-05 20:25:30,922 - PHILOBOT --> [ETAPA 3] Checando se é RT...
2021-09-05 20:25:30,922 - PHILOBOT --> [ETAPA 2] Status - marcações retiradas: #Testephilo aaaassssdddd
2021-09-05 20:25:30,922 - PHILOBOT --> [ETAPA 2] Status - marcações retiradas: #Testephilo aaaassssdddd
2021-09-05 20:25:30,929 - PHILOBOT --> [ETAPA 1] Status coletado: #Testephilo aaaassssdddd
2021-09-05 20:25:30,929 - PHILOBOT --> [ETAPA 1] Status coletado: #Testephilo aaaassssdddd
2021-09-05 20:25:30,929 - PHILOBOT --> [ETAPA 3] Checando se é RT...
2021-09-05 20:25:30,929 - PHILOBOT --> [ETAPA 3] Checando se é RT...
2021-09-05 20:25:30,929 - PHILOBOT --> [ETAPA 2] Status - marcações retiradas: #Testephilo aaaassssdddd
2021-09-05 20:25:30,929 - PHILOBOT --> [ETAPA 2] Status - marcações retiradas: #Testephilo aaaassssdddd
2021-09-05 20:25:32,927 - PHILOBOT --> [ETAPA 4] Checando string vazia...
2021-09-05 20:25:32,927 - PHILOBOT --> [ETAPA 4] Checando string vazia...
2021-09-05 20:25:32,927 - PHILOBOT --> [ETAPA 4] Checando string vazia...
2021-09-05 20:25:32,927 - PHILOBOT --> [ETAPA 4] Checando string vazia...
2021-09-05 20:25:32,943 - PHILOBOT --> [ETAPA 4] Checando string vazia...
2021-09-05 20:25:32,943 - PHILOBOT --> [ETAPA 4] Checando string vazia...
2021-09-05 20:25:32,943 - PHILOBOT --> [ETAPA 4] Checando string vazia...
2021-09-05 20:25:32,943 - PHILOBOT --> [ETAPA 4] Checando string vazia...
2021-09-05 20:25:34,971 - PHILOBOT --> [ETAPA 4] Configurando imagem...
2021-09-05 20:25:34,971 - PHILOBOT --> [ETAPA 4] Configurando imagem...
2021-09-05 20:25:35,011 - PHILOBOT --> [ETAPA 4] Configurando imagem...
2021-09-05 20:25:35,011 - PHILOBOT --> [ETAPA 4] Configurando imagem...
2021-09-05 20:25:35,051 - PHILOBOT --> [ETAPA 4] Configurando imagem...
2021-09-05 20:25:35,051 - PHILOBOT --> [ETAPA 4] Configurando imagem...
2021-09-05 20:25:35,091 - PHILOBOT --> [ETAPA 4] Configurando imagem...
2021-09-05 20:25:35,091 - PHILOBOT --> [ETAPA 4] Configurando imagem...
2021-09-05 20:25:35,093 - PHILOBOT --> [ETAPA 4.1] Imagem do filósofo escolhida: Maximilien de Robespierre.png
2021-09-05 20:25:35,093 - PHILOBOT --> [ETAPA 4.1] Imagem do filósofo escolhida: Maximilien de Robespierre.png
2021-09-05 20:25:35,093 - PHILOBOT --> [ETAPA 4.2] Nenhum lixo no nome da imagem encontrado. Prosseguindo normalmente...
2021-09-05 20:25:35,093 - PHILOBOT --> [ETAPA 4.2] Nenhum lixo no nome da imagem encontrado. Prosseguindo normalmente...
2021-09-05 20:25:35,093 - PHILOBOT --> [ETAPA 4.3] Nome do filósofo tratado: - Maximilien de Robespierre
2021-09-05 20:25:35,093 - PHILOBOT --> [ETAPA 4.3] Nome do filósofo tratado: - Maximilien de Robespierre
2021-09-05 20:25:35,094 - PHILOBOT --> [ETAPA 4.1] Imagem do filósofo escolhida: Fiódor Dostoiévski.png
2021-09-05 20:25:35,094 - PHILOBOT --> [ETAPA 4.1] Imagem do filósofo escolhida: Fiódor Dostoiévski.png
2021-09-05 20:25:35,095 - PHILOBOT --> [ETAPA 4.2] Nenhum lixo no nome da imagem encontrado. Prosseguindo normalmente...
2021-09-05 20:25:35,095 - PHILOBOT --> [ETAPA 4.2] Nenhum lixo no nome da imagem encontrado. Prosseguindo normalmente...
2021-09-05 20:25:35,095 - PHILOBOT --> [ETAPA 4.3] Nome do filósofo tratado: - Fiódor Dostoiévski
2021-09-05 20:25:35,095 - PHILOBOT --> [ETAPA 4.3] Nome do filósofo tratado: - Fiódor Dostoiévski
2021-09-05 20:25:35,095 - PHILOBOT --> [ETAPA 4.1] Imagem do filósofo escolhida: Sócrates.png
2021-09-05 20:25:35,095 - PHILOBOT --> [ETAPA 4.1] Imagem do filósofo escolhida: Sócrates.png
2021-09-05 20:25:35,095 - PHILOBOT --> [ETAPA 4.2] Nenhum lixo no nome da imagem encontrado. Prosseguindo normalmente...
2021-09-05 20:25:35,095 - PHILOBOT --> [ETAPA 4.2] Nenhum lixo no nome da imagem encontrado. Prosseguindo normalmente...
2021-09-05 20:25:35,095 - PHILOBOT --> [ETAPA 4.3] Nome do filósofo tratado: - Sócrates
2021-09-05 20:25:35,095 - PHILOBOT --> [ETAPA 4.3] Nome do filósofo tratado: - Sócrates
2021-09-05 20:25:35,096 - PHILOBOT --> [ETAPA 4.1] Imagem do filósofo escolhida: Fidel Castro.png
2021-09-05 20:25:35,096 - PHILOBOT --> [ETAPA 4.1] Imagem do filósofo escolhida: Fidel Castro.png
2021-09-05 20:25:35,096 - PHILOBOT --> [ETAPA 4.2] Nenhum lixo no nome da imagem encontrado. Prosseguindo normalmente...
2021-09-05 20:25:35,096 - PHILOBOT --> [ETAPA 4.2] Nenhum lixo no nome da imagem encontrado. Prosseguindo normalmente...
2021-09-05 20:25:35,097 - PHILOBOT --> [ETAPA 4.3] Nome do filósofo tratado: - Fidel Castro
2021-09-05 20:25:35,097 - PHILOBOT --> [ETAPA 4.3] Nome do filósofo tratado: - Fidel Castro
2021-09-05 20:25:35,111 - PHILOBOT --> [ETAPA 5] Verificando aspas...
2021-09-05 20:25:35,111 - PHILOBOT --> [ETAPA 5] Verificando aspas...
2021-09-05 20:25:35,112 - PHILOBOT --> [ETAPA 6] Tweet MENOR que 25 caracteres, ajustando texto...
2021-09-05 20:25:35,112 - PHILOBOT --> [ETAPA 6] Tweet MENOR que 25 caracteres, ajustando texto...
2021-09-05 20:25:35,112 - PHILOBOT --> [ETAPA 5] Verificando aspas...
2021-09-05 20:25:35,112 - PHILOBOT --> [ETAPA 5] Verificando aspas...
2021-09-05 20:25:35,112 - PHILOBOT --> [ETAPA 6] Tweet MENOR que 25 caracteres, ajustando texto...
2021-09-05 20:25:35,112 - PHILOBOT --> [ETAPA 6] Tweet MENOR que 25 caracteres, ajustando texto...
2021-09-05 20:25:35,114 - PHILOBOT --> [ETAPA 5] Verificando aspas...
2021-09-05 20:25:35,114 - PHILOBOT --> [ETAPA 5] Verificando aspas...
2021-09-05 20:25:35,115 - PHILOBOT --> [ETAPA 5] Verificando aspas...
2021-09-05 20:25:35,115 - PHILOBOT --> [ETAPA 6] Tweet MENOR que 25 caracteres, ajustando texto...
2021-09-05 20:25:35,115 - PHILOBOT --> [ETAPA 5] Verificando aspas...
2021-09-05 20:25:35,115 - PHILOBOT --> [ETAPA 6] Tweet MENOR que 25 caracteres, ajustando texto...
2021-09-05 20:25:35,115 - PHILOBOT --> [ETAPA 6] Tweet MENOR que 25 caracteres, ajustando texto...
2021-09-05 20:25:35,115 - PHILOBOT --> [ETAPA 6] Tweet MENOR que 25 caracteres, ajustando texto...
2021-09-05 20:25:36,471 - PHILOBOT --> [X] - ERRO! Não foi possível enviar a imagem.
2021-09-05 20:25:36,471 - PHILOBOT --> [X] - ERRO! Não foi possível enviar a imagem.
2021-09-05 20:25:36,471 - PHILOBOT --> [{'code': 189, 'message': 'Error creating status.'}]
2021-09-05 20:25:36,471 - PHILOBOT --> [{'code': 189, 'message': 'Error creating status.'}]
2021-09-05 20:25:36,471 - PHILOBOT --> 
==========================
2021-09-05 20:25:36,471 - PHILOBOT --> 
==========================
2021-09-05 20:25:36,471 - PHILOBOT --> Finalizado, ID tratado: 1434658941867282437
2021-09-05 20:25:36,471 - PHILOBOT --> Finalizado, ID tratado: 1434658941867282437
2021-09-05 20:25:36,471 - PHILOBOT --> Itens restantes: 0
2021-09-05 20:25:36,471 - PHILOBOT --> Itens restantes: 0
2021-09-05 20:25:36,471 - PHILOBOT --> TWEET TRATADO COM SUCESSO
2021-09-05 20:25:36,471 - PHILOBOT --> TWEET TRATADO COM SUCESSO
2021-09-05 20:25:36,471 - PHILOBOT --> ----------------------------------------

2021-09-05 20:25:36,471 - PHILOBOT --> ----------------------------------------

2021-09-05 20:25:36,471 - PHILOBOT --> [LIMPANDO LISTAS E MEMÓRIAS...]
2021-09-05 20:25:36,471 - PHILOBOT --> [LIMPANDO LISTAS E MEMÓRIAS...]
2021-09-05 20:25:36,471 - PHILOBOT --> Limpeza realizada com sucesso!
2021-09-05 20:25:36,471 - PHILOBOT --> Limpeza realizada com sucesso!
2021-09-05 20:25:36,471 - PHILOBOT --> Esperando 20 segundos...

2021-09-05 20:25:36,471 - PHILOBOT --> Esperando 20 segundos...

2021-09-05 20:25:36,999 - PHILOBOT --> [+] - IMAGEM ENVIADA!
2021-09-05 20:25:36,999 - PHILOBOT --> [+] - IMAGEM ENVIADA!
2021-09-05 20:25:37,037 - PHILOBOT --> [+] - IMAGEM ENVIADA!
2021-09-05 20:25:37,037 - PHILOBOT --> [+] - IMAGEM ENVIADA!
2021-09-05 20:25:37,063 - PHILOBOT --> [+] - IMAGEM ENVIADA!
2021-09-05 20:25:37,063 - PHILOBOT --> [+] - IMAGEM ENVIADA!
2021-09-05 20:25:40,014 - PHILOBOT --> Finalizado, ID tratado: 1434658941867282437
2021-09-05 20:25:40,014 - PHILOBOT --> Finalizado, ID tratado: 1434658941867282437
2021-09-05 20:25:40,014 - PHILOBOT --> Itens restantes: 0
2021-09-05 20:25:40,014 - PHILOBOT --> Itens restantes: 0
2021-09-05 20:25:40,014 - PHILOBOT --> TWEET TRATADO COM SUCESSO
2021-09-05 20:25:40,014 - PHILOBOT --> TWEET TRATADO COM SUCESSO
2021-09-05 20:25:40,014 - PHILOBOT --> ----------------------------------------

2021-09-05 20:25:40,014 - PHILOBOT --> ----------------------------------------

2021-09-05 20:25:40,014 - PHILOBOT --> [LIMPANDO LISTAS E MEMÓRIAS...]
2021-09-05 20:25:40,014 - PHILOBOT --> [LIMPANDO LISTAS E MEMÓRIAS...]
2021-09-05 20:25:40,014 - PHILOBOT --> Limpeza realizada com sucesso!
2021-09-05 20:25:40,014 - PHILOBOT --> Limpeza realizada com sucesso!
2021-09-05 20:25:40,014 - PHILOBOT --> Esperando 20 segundos...

2021-09-05 20:25:40,014 - PHILOBOT --> Esperando 20 segundos...

2021-09-05 20:25:40,046 - PHILOBOT --> Finalizado, ID tratado: 1434658941867282437
2021-09-05 20:25:40,046 - PHILOBOT --> Finalizado, ID tratado: 1434658941867282437
2021-09-05 20:25:40,046 - PHILOBOT --> Itens restantes: 0
2021-09-05 20:25:40,046 - PHILOBOT --> Itens restantes: 0
2021-09-05 20:25:40,046 - PHILOBOT --> TWEET TRATADO COM SUCESSO
2021-09-05 20:25:40,046 - PHILOBOT --> TWEET TRATADO COM SUCESSO
2021-09-05 20:25:40,046 - PHILOBOT --> ----------------------------------------

2021-09-05 20:25:40,046 - PHILOBOT --> ----------------------------------------

2021-09-05 20:25:40,046 - PHILOBOT --> [LIMPANDO LISTAS E MEMÓRIAS...]
2021-09-05 20:25:40,046 - PHILOBOT --> [LIMPANDO LISTAS E MEMÓRIAS...]
2021-09-05 20:25:40,046 - PHILOBOT --> Limpeza realizada com sucesso!
2021-09-05 20:25:40,046 - PHILOBOT --> Limpeza realizada com sucesso!
2021-09-05 20:25:40,046 - PHILOBOT --> Esperando 20 segundos...

2021-09-05 20:25:40,046 - PHILOBOT --> Esperando 20 segundos...

2021-09-05 20:25:40,078 - PHILOBOT --> Finalizado, ID tratado: 1434658941867282437
2021-09-05 20:25:40,078 - PHILOBOT --> Finalizado, ID tratado: 1434658941867282437
2021-09-05 20:25:40,078 - PHILOBOT --> Itens restantes: 0
2021-09-05 20:25:40,078 - PHILOBOT --> Itens restantes: 0
2021-09-05 20:25:40,078 - PHILOBOT --> TWEET TRATADO COM SUCESSO
2021-09-05 20:25:40,078 - PHILOBOT --> TWEET TRATADO COM SUCESSO
2021-09-05 20:25:40,078 - PHILOBOT --> ----------------------------------------

2021-09-05 20:25:40,078 - PHILOBOT --> ----------------------------------------

2021-09-05 20:25:40,078 - PHILOBOT --> [LIMPANDO LISTAS E MEMÓRIAS...]
2021-09-05 20:25:40,078 - PHILOBOT --> [LIMPANDO LISTAS E MEMÓRIAS...]
2021-09-05 20:25:40,078 - PHILOBOT --> Limpeza realizada com sucesso!
2021-09-05 20:25:40,078 - PHILOBOT --> Limpeza realizada com sucesso!
2021-09-05 20:25:40,078 - PHILOBOT --> Esperando 20 segundos...

2021-09-05 20:25:40,078 - PHILOBOT --> Esperando 20 segundos...

2021-09-05 20:25:56,473 - PHILOBOT --> >AGUARDANDO NOVOS TWEETS...<
2021-09-05 20:25:56,473 - PHILOBOT --> >AGUARDANDO NOVOS TWEETS...<
2021-09-05 20:26:00,029 - PHILOBOT --> >AGUARDANDO NOVOS TWEETS...<
2021-09-05 20:26:00,029 - PHILOBOT --> >AGUARDANDO NOVOS TWEETS...<
2021-09-05 20:26:00,061 - PHILOBOT --> >AGUARDANDO NOVOS TWEETS...<
2021-09-05 20:26:00,061 - PHILOBOT --> >AGUARDANDO NOVOS TWEETS...<
2021-09-05 20:26:00,092 - PHILOBOT --> >AGUARDANDO NOVOS TWEETS...<
2021-09-05 20:26:00,092 - PHILOBOT --> >AGUARDANDO NOVOS TWEETS...<
2021-09-05 20:26:00,943 - HASHTAG --> Bem-vindo!

2021-09-05 20:26:00,943 - HASHTAG --> Philosopher BOT por Caio Madeira e Rodrigo Carmo

2021-09-05 20:26:00,943 - HASHTAG --> >INICIANDO HASHTAG - TESTE<
2021-09-05 20:26:00,943 - HASHTAG --> HASHTAG EXTENSION ESCOLHIDA, INICIANDO #TESTEPHILO...
2021-09-05 20:26:17,434 - PHILOBOT --> =============== NOVO TWEET ENCONTRADO ================
2021-09-05 20:26:17,434 - PHILOBOT --> =============== NOVO TWEET ENCONTRADO ================
2021-09-05 20:26:17,434 - PHILOBOT --> =============== NOVO TWEET ENCONTRADO ================
2021-09-05 20:26:17,434 - PHILOBOT --> Tweet ID: 1434659160428253186
2021-09-05 20:26:17,434 - PHILOBOT --> =============== NOVO TWEET ENCONTRADO ================
2021-09-05 20:26:17,435 - PHILOBOT --> Tweet ID: 1434659160428253186
2021-09-05 20:26:17,434 - PHILOBOT --> Tweet ID: 1434659160428253186
2021-09-05 20:26:17,435 - PHILOBOT --> Tweet USERNAME: SysCat_13
2021-09-05 20:26:17,435 - PHILOBOT --> Tweet ID: 1434659160428253186
2021-09-05 20:26:17,435 - PHILOBOT --> Tweet USERNAME: SysCat_13
2021-09-05 20:26:17,435 - PHILOBOT --> Tweet USERNAME: SysCat_13
2021-09-05 20:26:17,435 - PHILOBOT --> Adicionado na fila
2021-09-05 20:26:17,435 - PHILOBOT --> Tweet USERNAME: SysCat_13
2021-09-05 20:26:17,435 - PHILOBOT --> Adicionado na fila
2021-09-05 20:26:17,435 - PHILOBOT --> Adicionado na fila
2021-09-05 20:26:17,435 - PHILOBOT --> =======================================================

2021-09-05 20:26:17,435 - PHILOBOT --> Adicionado na fila
2021-09-05 20:26:17,435 - PHILOBOT --> =======================================================

2021-09-05 20:26:17,436 - PHILOBOT --> =======================================================

2021-09-05 20:26:17,436 - PHILOBOT --> =======================================================

2021-09-05 20:26:17,458 - PHILOBOT --> =============== NOVO TWEET ENCONTRADO ================
2021-09-05 20:26:17,458 - PHILOBOT --> =============== NOVO TWEET ENCONTRADO ================
2021-09-05 20:26:17,458 - PHILOBOT --> Tweet ID: 1434659160428253186
2021-09-05 20:26:17,458 - PHILOBOT --> Tweet ID: 1434659160428253186
2021-09-05 20:26:17,458 - PHILOBOT --> Tweet USERNAME: SysCat_13
2021-09-05 20:26:17,458 - PHILOBOT --> Tweet USERNAME: SysCat_13
2021-09-05 20:26:17,459 - PHILOBOT --> Adicionado na fila
2021-09-05 20:26:17,459 - PHILOBOT --> Adicionado na fila
2021-09-05 20:26:17,459 - PHILOBOT --> =======================================================

2021-09-05 20:26:17,459 - PHILOBOT --> =======================================================

2021-09-05 20:26:17,460 - PHILOBOT --> =============== NOVO TWEET ENCONTRADO ================
2021-09-05 20:26:17,460 - PHILOBOT --> =============== NOVO TWEET ENCONTRADO ================
2021-09-05 20:26:17,460 - PHILOBOT --> Tweet ID: 1434659160428253186
2021-09-05 20:26:17,460 - PHILOBOT --> Tweet ID: 1434659160428253186
2021-09-05 20:26:17,460 - PHILOBOT --> Tweet USERNAME: SysCat_13
2021-09-05 20:26:17,460 - PHILOBOT --> Tweet USERNAME: SysCat_13
2021-09-05 20:26:17,460 - PHILOBOT --> Adicionado na fila
2021-09-05 20:26:17,460 - PHILOBOT --> Adicionado na fila
2021-09-05 20:26:17,460 - PHILOBOT --> =======================================================

2021-09-05 20:26:17,460 - PHILOBOT --> =======================================================

2021-09-05 20:26:20,639 - HASHTAG --> Bem-vindo!

2021-09-05 20:26:20,639 - HASHTAG --> Philosopher BOT por Caio Madeira e Rodrigo Carmo

2021-09-05 20:26:20,639 - HASHTAG --> >INICIANDO HASHTAG - TESTE<
2021-09-05 20:26:20,640 - HASHTAG --> HASHTAG EXTENSION ESCOLHIDA, INICIANDO #TESTEPHILO...
2021-09-05 20:26:22,441 - PHILOBOT --> ----------------------------------------
2021-09-05 20:26:22,441 - PHILOBOT --> ----------------------------------------
2021-09-05 20:26:22,441 - PHILOBOT --> ----------------------------------------
2021-09-05 20:26:22,441 - PHILOBOT -->          > STARTING PHILOBOT < 
2021-09-05 20:26:22,441 - PHILOBOT --> ----------------------------------------
2021-09-05 20:26:22,442 - PHILOBOT -->          > STARTING PHILOBOT < 
2021-09-05 20:26:22,441 - PHILOBOT -->          > STARTING PHILOBOT < 
2021-09-05 20:26:22,442 - PHILOBOT --> ----------------------------------------
2021-09-05 20:26:22,442 - PHILOBOT -->          > STARTING PHILOBOT < 
2021-09-05 20:26:22,442 - PHILOBOT --> ----------------------------------------
2021-09-05 20:26:22,442 - PHILOBOT --> ----------------------------------------
2021-09-05 20:26:22,442 - PHILOBOT --> ID Coletado: 1434659160428253186
2021-09-05 20:26:22,442 - PHILOBOT --> ----------------------------------------
2021-09-05 20:26:22,442 - PHILOBOT --> ID Coletado: 1434659160428253186
2021-09-05 20:26:22,442 - PHILOBOT --> ID Coletado: 1434659160428253186
2021-09-05 20:26:22,442 - PHILOBOT --> ID Coletado: 1434659160428253186
2021-09-05 20:26:22,473 - PHILOBOT --> ----------------------------------------
2021-09-05 20:26:22,473 - PHILOBOT --> ----------------------------------------
2021-09-05 20:26:22,473 - PHILOBOT --> ----------------------------------------
2021-09-05 20:26:22,473 - PHILOBOT -->          > STARTING PHILOBOT < 
2021-09-05 20:26:22,473 - PHILOBOT --> ----------------------------------------
2021-09-05 20:26:22,473 - PHILOBOT -->          > STARTING PHILOBOT < 
2021-09-05 20:26:22,473 - PHILOBOT -->          > STARTING PHILOBOT < 
2021-09-05 20:26:22,473 - PHILOBOT --> ----------------------------------------
2021-09-05 20:26:22,473 - PHILOBOT -->          > STARTING PHILOBOT < 
2021-09-05 20:26:22,473 - PHILOBOT --> ----------------------------------------
2021-09-05 20:26:22,473 - PHILOBOT --> ----------------------------------------
2021-09-05 20:26:22,473 - PHILOBOT --> ID Coletado: 1434659160428253186
2021-09-05 20:26:22,473 - PHILOBOT --> ----------------------------------------
2021-09-05 20:26:22,473 - PHILOBOT --> ID Coletado: 1434659160428253186
2021-09-05 20:26:22,473 - PHILOBOT --> ID Coletado: 1434659160428253186
2021-09-05 20:26:22,473 - PHILOBOT --> ID Coletado: 1434659160428253186
2021-09-05 20:26:23,006 - PHILOBOT --> [ETAPA 1] Status coletado: #Testephilo JFIJFIWEFJWEFJWE
2021-09-05 20:26:23,006 - PHILOBOT --> [ETAPA 1] Status coletado: #Testephilo JFIJFIWEFJWEFJWE
2021-09-05 20:26:23,006 - PHILOBOT --> [ETAPA 3] Checando se é RT...
2021-09-05 20:26:23,006 - PHILOBOT --> [ETAPA 3] Checando se é RT...
2021-09-05 20:26:23,007 - PHILOBOT --> [ETAPA 2] Status - marcações retiradas: #Testephilo JFIJFIWEFJWEFJWE
2021-09-05 20:26:23,007 - PHILOBOT --> [ETAPA 2] Status - marcações retiradas: #Testephilo JFIJFIWEFJWEFJWE
2021-09-05 20:26:23,014 - PHILOBOT --> [ETAPA 1] Status coletado: #Testephilo JFIJFIWEFJWEFJWE
2021-09-05 20:26:23,014 - PHILOBOT --> [ETAPA 1] Status coletado: #Testephilo JFIJFIWEFJWEFJWE
2021-09-05 20:26:23,014 - PHILOBOT --> [ETAPA 3] Checando se é RT...
2021-09-05 20:26:23,014 - PHILOBOT --> [ETAPA 3] Checando se é RT...
2021-09-05 20:26:23,014 - PHILOBOT --> [ETAPA 2] Status - marcações retiradas: #Testephilo JFIJFIWEFJWEFJWE
2021-09-05 20:26:23,014 - PHILOBOT --> [ETAPA 2] Status - marcações retiradas: #Testephilo JFIJFIWEFJWEFJWE
2021-09-05 20:26:23,019 - PHILOBOT --> [ETAPA 1] Status coletado: #Testephilo JFIJFIWEFJWEFJWE
2021-09-05 20:26:23,019 - PHILOBOT --> [ETAPA 1] Status coletado: #Testephilo JFIJFIWEFJWEFJWE
2021-09-05 20:26:23,020 - PHILOBOT --> [ETAPA 3] Checando se é RT...
2021-09-05 20:26:23,020 - PHILOBOT --> [ETAPA 3] Checando se é RT...
2021-09-05 20:26:23,021 - PHILOBOT --> [ETAPA 2] Status - marcações retiradas: #Testephilo JFIJFIWEFJWEFJWE
2021-09-05 20:26:23,022 - PHILOBOT --> [ETAPA 1] Status coletado: #Testephilo JFIJFIWEFJWEFJWE
2021-09-05 20:26:23,021 - PHILOBOT --> [ETAPA 2] Status - marcações retiradas: #Testephilo JFIJFIWEFJWEFJWE
2021-09-05 20:26:23,022 - PHILOBOT --> [ETAPA 1] Status coletado: #Testephilo JFIJFIWEFJWEFJWE
2021-09-05 20:26:23,023 - PHILOBOT --> [ETAPA 3] Checando se é RT...
2021-09-05 20:26:23,023 - PHILOBOT --> [ETAPA 3] Checando se é RT...
2021-09-05 20:26:23,023 - PHILOBOT --> [ETAPA 2] Status - marcações retiradas: #Testephilo JFIJFIWEFJWEFJWE
2021-09-05 20:26:23,023 - PHILOBOT --> [ETAPA 2] Status - marcações retiradas: #Testephilo JFIJFIWEFJWEFJWE
2021-09-05 20:26:25,023 - PHILOBOT --> [ETAPA 4] Checando string vazia...
2021-09-05 20:26:25,023 - PHILOBOT --> [ETAPA 4] Checando string vazia...
2021-09-05 20:26:25,023 - PHILOBOT --> [ETAPA 4] Checando string vazia...
2021-09-05 20:26:25,023 - PHILOBOT --> [ETAPA 4] Checando string vazia...
2021-09-05 20:26:25,037 - PHILOBOT --> [ETAPA 4] Checando string vazia...
2021-09-05 20:26:25,037 - PHILOBOT --> [ETAPA 4] Checando string vazia...
2021-09-05 20:26:25,037 - PHILOBOT --> [ETAPA 4] Checando string vazia...
2021-09-05 20:26:25,037 - PHILOBOT --> [ETAPA 4] Checando string vazia...
2021-09-05 20:26:27,078 - PHILOBOT --> [ETAPA 4] Configurando imagem...
2021-09-05 20:26:27,078 - PHILOBOT --> [ETAPA 4] Configurando imagem...
2021-09-05 20:26:27,119 - PHILOBOT --> [ETAPA 4] Configurando imagem...
2021-09-05 20:26:27,119 - PHILOBOT --> [ETAPA 4] Configurando imagem...
2021-09-05 20:26:27,120 - PHILOBOT --> [ETAPA 4.1] Imagem do filósofo escolhida: Isaac Newton.png
2021-09-05 20:26:27,120 - PHILOBOT --> [ETAPA 4.1] Imagem do filósofo escolhida: Isaac Newton.png
2021-09-05 20:26:27,120 - PHILOBOT --> [ETAPA 4.2] Nenhum lixo no nome da imagem encontrado. Prosseguindo normalmente...
2021-09-05 20:26:27,120 - PHILOBOT --> [ETAPA 4.2] Nenhum lixo no nome da imagem encontrado. Prosseguindo normalmente...
2021-09-05 20:26:27,120 - PHILOBOT --> [ETAPA 4.3] Nome do filósofo tratado: - Isaac Newton
2021-09-05 20:26:27,120 - PHILOBOT --> [ETAPA 4.3] Nome do filósofo tratado: - Isaac Newton
2021-09-05 20:26:27,142 - PHILOBOT --> [ETAPA 5] Verificando aspas...
2021-09-05 20:26:27,142 - PHILOBOT --> [ETAPA 5] Verificando aspas...
2021-09-05 20:26:27,142 - PHILOBOT --> [ETAPA 6] Tweet MENOR que 25 caracteres, ajustando texto...
2021-09-05 20:26:27,142 - PHILOBOT --> [ETAPA 6] Tweet MENOR que 25 caracteres, ajustando texto...
2021-09-05 20:26:27,165 - PHILOBOT --> [ETAPA 4] Configurando imagem...
2021-09-05 20:26:27,165 - PHILOBOT --> [ETAPA 4] Configurando imagem...
2021-09-05 20:26:27,215 - PHILOBOT --> [ETAPA 4] Configurando imagem...
2021-09-05 20:26:27,215 - PHILOBOT --> [ETAPA 4] Configurando imagem...
2021-09-05 20:26:27,216 - PHILOBOT --> [ETAPA 4.1] Imagem do filósofo escolhida: Iroh.png
2021-09-05 20:26:27,216 - PHILOBOT --> [ETAPA 4.1] Imagem do filósofo escolhida: Iroh.png
2021-09-05 20:26:27,216 - PHILOBOT --> [ETAPA 4.2] Nenhum lixo no nome da imagem encontrado. Prosseguindo normalmente...
2021-09-05 20:26:27,216 - PHILOBOT --> [ETAPA 4.2] Nenhum lixo no nome da imagem encontrado. Prosseguindo normalmente...
2021-09-05 20:26:27,216 - PHILOBOT --> [ETAPA 4.3] Nome do filósofo tratado: - Iroh
2021-09-05 20:26:27,216 - PHILOBOT --> [ETAPA 4.3] Nome do filósofo tratado: - Iroh
2021-09-05 20:26:27,220 - PHILOBOT --> [ETAPA 4.1] Imagem do filósofo escolhida: Edson Arantes A.K.A Pelé.png
2021-09-05 20:26:27,220 - PHILOBOT --> [ETAPA 4.1] Imagem do filósofo escolhida: Edson Arantes A.K.A Pelé.png
2021-09-05 20:26:27,220 - PHILOBOT --> [ETAPA 4.2] Nenhum lixo no nome da imagem encontrado. Prosseguindo normalmente...
2021-09-05 20:26:27,220 - PHILOBOT --> [ETAPA 4.2] Nenhum lixo no nome da imagem encontrado. Prosseguindo normalmente...
2021-09-05 20:26:27,220 - PHILOBOT --> [ETAPA 4.3] Nome do filósofo tratado: - Edson Arantes A.K.A Pelé
2021-09-05 20:26:27,220 - PHILOBOT --> [ETAPA 4.3] Nome do filósofo tratado: - Edson Arantes A.K.A Pelé
2021-09-05 20:26:27,221 - PHILOBOT --> [ETAPA 4.1] Imagem do filósofo escolhida: Renato Russo.png
2021-09-05 20:26:27,221 - PHILOBOT --> [ETAPA 4.1] Imagem do filósofo escolhida: Renato Russo.png
2021-09-05 20:26:27,221 - PHILOBOT --> [ETAPA 4.2] Nenhum lixo no nome da imagem encontrado. Prosseguindo normalmente...
2021-09-05 20:26:27,221 - PHILOBOT --> [ETAPA 4.2] Nenhum lixo no nome da imagem encontrado. Prosseguindo normalmente...
2021-09-05 20:26:27,221 - PHILOBOT --> [ETAPA 4.3] Nome do filósofo tratado: - Renato Russo
2021-09-05 20:26:27,221 - PHILOBOT --> [ETAPA 4.3] Nome do filósofo tratado: - Renato Russo
2021-09-05 20:26:27,237 - PHILOBOT --> [ETAPA 5] Verificando aspas...
2021-09-05 20:26:27,237 - PHILOBOT --> [ETAPA 5] Verificando aspas...
2021-09-05 20:26:27,237 - PHILOBOT --> [ETAPA 6] Tweet MENOR que 25 caracteres, ajustando texto...
2021-09-05 20:26:27,237 - PHILOBOT --> [ETAPA 6] Tweet MENOR que 25 caracteres, ajustando texto...
2021-09-05 20:26:27,246 - PHILOBOT --> [ETAPA 5] Verificando aspas...
2021-09-05 20:26:27,247 - PHILOBOT --> [ETAPA 5] Verificando aspas...
2021-09-05 20:26:27,246 - PHILOBOT --> [ETAPA 5] Verificando aspas...
2021-09-05 20:26:27,247 - PHILOBOT --> [ETAPA 6] Tweet MENOR que 25 caracteres, ajustando texto...
2021-09-05 20:26:27,247 - PHILOBOT --> [ETAPA 5] Verificando aspas...
2021-09-05 20:26:27,247 - PHILOBOT --> [ETAPA 6] Tweet MENOR que 25 caracteres, ajustando texto...
2021-09-05 20:26:27,247 - PHILOBOT --> [ETAPA 6] Tweet MENOR que 25 caracteres, ajustando texto...
2021-09-05 20:26:27,247 - PHILOBOT --> [ETAPA 6] Tweet MENOR que 25 caracteres, ajustando texto...
2021-09-05 20:26:28,569 - PHILOBOT --> [X] - ERRO! Não foi possível enviar a imagem.
2021-09-05 20:26:28,569 - PHILOBOT --> [X] - ERRO! Não foi possível enviar a imagem.
2021-09-05 20:26:28,569 - PHILOBOT --> [{'code': 189, 'message': 'Error creating status.'}]
2021-09-05 20:26:28,569 - PHILOBOT --> [{'code': 189, 'message': 'Error creating status.'}]
2021-09-05 20:26:28,569 - PHILOBOT --> 
==========================
2021-09-05 20:26:28,569 - PHILOBOT --> 
==========================
2021-09-05 20:26:28,569 - PHILOBOT --> Finalizado, ID tratado: 1434659160428253186
2021-09-05 20:26:28,569 - PHILOBOT --> Finalizado, ID tratado: 1434659160428253186
2021-09-05 20:26:28,569 - PHILOBOT --> Itens restantes: 0
2021-09-05 20:26:28,569 - PHILOBOT --> Itens restantes: 0
2021-09-05 20:26:28,569 - PHILOBOT --> TWEET TRATADO COM SUCESSO
2021-09-05 20:26:28,569 - PHILOBOT --> TWEET TRATADO COM SUCESSO
2021-09-05 20:26:28,569 - PHILOBOT --> ----------------------------------------

2021-09-05 20:26:28,569 - PHILOBOT --> ----------------------------------------

2021-09-05 20:26:28,569 - PHILOBOT --> [LIMPANDO LISTAS E MEMÓRIAS...]
2021-09-05 20:26:28,569 - PHILOBOT --> [LIMPANDO LISTAS E MEMÓRIAS...]
2021-09-05 20:26:28,569 - PHILOBOT --> Limpeza realizada com sucesso!
2021-09-05 20:26:28,569 - PHILOBOT --> Limpeza realizada com sucesso!
2021-09-05 20:26:28,569 - PHILOBOT --> Esperando 20 segundos...

2021-09-05 20:26:28,569 - PHILOBOT --> Esperando 20 segundos...

2021-09-05 20:26:29,137 - PHILOBOT --> [+] - IMAGEM ENVIADA!
2021-09-05 20:26:29,137 - PHILOBOT --> [+] - IMAGEM ENVIADA!
2021-09-05 20:26:29,312 - PHILOBOT --> [+] - IMAGEM ENVIADA!
2021-09-05 20:26:29,312 - PHILOBOT --> [+] - IMAGEM ENVIADA!
2021-09-05 20:26:29,343 - PHILOBOT --> [+] - IMAGEM ENVIADA!
2021-09-05 20:26:29,343 - PHILOBOT --> [+] - IMAGEM ENVIADA!
2021-09-05 20:26:32,145 - PHILOBOT --> Finalizado, ID tratado: 1434659160428253186
2021-09-05 20:26:32,145 - PHILOBOT --> Finalizado, ID tratado: 1434659160428253186
2021-09-05 20:26:32,145 - PHILOBOT --> Itens restantes: 0
2021-09-05 20:26:32,145 - PHILOBOT --> Itens restantes: 0
2021-09-05 20:26:32,145 - PHILOBOT --> TWEET TRATADO COM SUCESSO
2021-09-05 20:26:32,145 - PHILOBOT --> TWEET TRATADO COM SUCESSO
2021-09-05 20:26:32,145 - PHILOBOT --> ----------------------------------------

2021-09-05 20:26:32,145 - PHILOBOT --> ----------------------------------------

2021-09-05 20:26:32,145 - PHILOBOT --> [LIMPANDO LISTAS E MEMÓRIAS...]
2021-09-05 20:26:32,145 - PHILOBOT --> [LIMPANDO LISTAS E MEMÓRIAS...]
2021-09-05 20:26:32,145 - PHILOBOT --> Limpeza realizada com sucesso!
2021-09-05 20:26:32,145 - PHILOBOT --> Limpeza realizada com sucesso!
2021-09-05 20:26:32,145 - PHILOBOT --> Esperando 20 segundos...

2021-09-05 20:26:32,145 - PHILOBOT --> Esperando 20 segundos...

2021-09-05 20:26:32,319 - PHILOBOT --> Finalizado, ID tratado: 1434659160428253186
2021-09-05 20:26:32,319 - PHILOBOT --> Finalizado, ID tratado: 1434659160428253186
2021-09-05 20:26:32,319 - PHILOBOT --> Itens restantes: 0
2021-09-05 20:26:32,319 - PHILOBOT --> Itens restantes: 0
2021-09-05 20:26:32,319 - PHILOBOT --> TWEET TRATADO COM SUCESSO
2021-09-05 20:26:32,319 - PHILOBOT --> TWEET TRATADO COM SUCESSO
2021-09-05 20:26:32,319 - PHILOBOT --> ----------------------------------------

2021-09-05 20:26:32,319 - PHILOBOT --> ----------------------------------------

2021-09-05 20:26:32,319 - PHILOBOT --> [LIMPANDO LISTAS E MEMÓRIAS...]
2021-09-05 20:26:32,319 - PHILOBOT --> [LIMPANDO LISTAS E MEMÓRIAS...]
2021-09-05 20:26:32,319 - PHILOBOT --> Limpeza realizada com sucesso!
2021-09-05 20:26:32,319 - PHILOBOT --> Limpeza realizada com sucesso!
2021-09-05 20:26:32,319 - PHILOBOT --> Esperando 20 segundos...

2021-09-05 20:26:32,319 - PHILOBOT --> Esperando 20 segundos...

2021-09-05 20:26:32,350 - PHILOBOT --> Finalizado, ID tratado: 1434659160428253186
2021-09-05 20:26:32,350 - PHILOBOT --> Finalizado, ID tratado: 1434659160428253186
2021-09-05 20:26:32,350 - PHILOBOT --> Itens restantes: 0
2021-09-05 20:26:32,350 - PHILOBOT --> Itens restantes: 0
2021-09-05 20:26:32,350 - PHILOBOT --> TWEET TRATADO COM SUCESSO
2021-09-05 20:26:32,350 - PHILOBOT --> TWEET TRATADO COM SUCESSO
2021-09-05 20:26:32,350 - PHILOBOT --> ----------------------------------------

2021-09-05 20:26:32,350 - PHILOBOT --> ----------------------------------------

2021-09-05 20:26:32,350 - PHILOBOT --> [LIMPANDO LISTAS E MEMÓRIAS...]
2021-09-05 20:26:32,350 - PHILOBOT --> [LIMPANDO LISTAS E MEMÓRIAS...]
2021-09-05 20:26:32,351 - PHILOBOT --> Limpeza realizada com sucesso!
2021-09-05 20:26:32,351 - PHILOBOT --> Limpeza realizada com sucesso!
2021-09-05 20:26:32,351 - PHILOBOT --> Esperando 20 segundos...

2021-09-05 20:26:32,351 - PHILOBOT --> Esperando 20 segundos...

2021-09-05 20:26:48,576 - PHILOBOT --> >AGUARDANDO NOVOS TWEETS...<
2021-09-05 20:26:48,576 - PHILOBOT --> >AGUARDANDO NOVOS TWEETS...<
2021-09-05 20:26:52,158 - PHILOBOT --> >AGUARDANDO NOVOS TWEETS...<
2021-09-05 20:26:52,158 - PHILOBOT --> >AGUARDANDO NOVOS TWEETS...<
2021-09-05 20:26:52,328 - PHILOBOT --> >AGUARDANDO NOVOS TWEETS...<
2021-09-05 20:26:52,328 - PHILOBOT --> >AGUARDANDO NOVOS TWEETS...<
2021-09-05 20:26:52,360 - PHILOBOT --> >AGUARDANDO NOVOS TWEETS...<
2021-09-05 20:26:52,360 - PHILOBOT --> >AGUARDANDO NOVOS TWEETS...<
2021-09-05 20:52:18,955 - HASHTAG --> Bem-vindo!

2021-09-05 20:52:18,955 - HASHTAG --> Philosopher BOT por Caio Madeira e Rodrigo Carmo

2021-09-05 20:52:18,955 - HASHTAG --> >INICIANDO HASHTAG - TESTE<
2021-09-05 20:52:18,955 - HASHTAG --> HASHTAG EXTENSION ESCOLHIDA, INICIANDO #TESTEPHILO...
2021-09-05 20:52:27,733 - HASHTAG --> Bem-vindo!

2021-09-05 20:52:27,733 - HASHTAG --> Philosopher BOT por Caio Madeira e Rodrigo Carmo

2021-09-05 20:52:27,733 - HASHTAG --> >INICIANDO HASHTAG - TESTE<
2021-09-05 20:52:27,733 - HASHTAG --> HASHTAG EXTENSION ESCOLHIDA, INICIANDO #TESTEPHILO...
2021-09-05 20:52:30,343 - PHILOBOT --> =============== NOVO TWEET ENCONTRADO ================
2021-09-05 20:52:30,343 - PHILOBOT --> =============== NOVO TWEET ENCONTRADO ================
2021-09-05 20:52:30,344 - PHILOBOT --> Tweet ID: 1434665757720420358
2021-09-05 20:52:30,344 - PHILOBOT --> Tweet ID: 1434665757720420358
2021-09-05 20:52:30,344 - PHILOBOT --> =============== NOVO TWEET ENCONTRADO ================
2021-09-05 20:52:30,344 - PHILOBOT --> =============== NOVO TWEET ENCONTRADO ================
2021-09-05 20:52:30,344 - PHILOBOT --> Tweet USERNAME: SysCat_13
2021-09-05 20:52:30,344 - PHILOBOT --> Tweet USERNAME: SysCat_13
2021-09-05 20:52:30,344 - PHILOBOT --> Tweet ID: 1434665757720420358
2021-09-05 20:52:30,344 - PHILOBOT --> Tweet ID: 1434665757720420358
2021-09-05 20:52:30,344 - PHILOBOT --> Adicionado na fila
2021-09-05 20:52:30,344 - PHILOBOT --> Adicionado na fila
2021-09-05 20:52:30,345 - PHILOBOT --> Tweet USERNAME: SysCat_13
2021-09-05 20:52:30,345 - PHILOBOT --> Tweet USERNAME: SysCat_13
2021-09-05 20:52:30,345 - PHILOBOT --> =======================================================

2021-09-05 20:52:30,345 - PHILOBOT --> =======================================================

2021-09-05 20:52:30,345 - PHILOBOT --> Adicionado na fila
2021-09-05 20:52:30,345 - PHILOBOT --> Adicionado na fila
2021-09-05 20:52:30,345 - PHILOBOT --> =======================================================

2021-09-05 20:52:30,345 - PHILOBOT --> =======================================================

2021-09-05 20:52:30,378 - PHILOBOT --> =============== NOVO TWEET ENCONTRADO ================
2021-09-05 20:52:30,378 - PHILOBOT --> =============== NOVO TWEET ENCONTRADO ================
2021-09-05 20:52:30,379 - PHILOBOT --> Tweet ID: 1434665757720420358
2021-09-05 20:52:30,379 - PHILOBOT --> Tweet ID: 1434665757720420358
2021-09-05 20:52:30,379 - PHILOBOT --> Tweet USERNAME: SysCat_13
2021-09-05 20:52:30,379 - PHILOBOT --> Tweet USERNAME: SysCat_13
2021-09-05 20:52:30,379 - PHILOBOT --> Adicionado na fila
2021-09-05 20:52:30,379 - PHILOBOT --> Adicionado na fila
2021-09-05 20:52:30,379 - PHILOBOT --> =======================================================

2021-09-05 20:52:30,379 - PHILOBOT --> =======================================================

2021-09-05 20:52:30,380 - PHILOBOT --> =============== NOVO TWEET ENCONTRADO ================
2021-09-05 20:52:30,380 - PHILOBOT --> =============== NOVO TWEET ENCONTRADO ================
2021-09-05 20:52:30,380 - PHILOBOT --> Tweet ID: 1434665757720420358
2021-09-05 20:52:30,380 - PHILOBOT --> Tweet ID: 1434665757720420358
2021-09-05 20:52:30,380 - PHILOBOT --> Tweet USERNAME: SysCat_13
2021-09-05 20:52:30,380 - PHILOBOT --> Tweet USERNAME: SysCat_13
2021-09-05 20:52:30,380 - PHILOBOT --> Adicionado na fila
2021-09-05 20:52:30,380 - PHILOBOT --> Adicionado na fila
2021-09-05 20:52:30,380 - PHILOBOT --> =======================================================

2021-09-05 20:52:30,380 - PHILOBOT --> =======================================================

2021-09-05 20:52:35,346 - PHILOBOT --> ----------------------------------------
2021-09-05 20:52:35,346 - PHILOBOT --> ----------------------------------------
2021-09-05 20:52:35,346 - PHILOBOT --> ----------------------------------------
2021-09-05 20:52:35,346 - PHILOBOT -->          > STARTING PHILOBOT < 
2021-09-05 20:52:35,346 - PHILOBOT --> ----------------------------------------
2021-09-05 20:52:35,346 - PHILOBOT -->          > STARTING PHILOBOT < 
2021-09-05 20:52:35,346 - PHILOBOT -->          > STARTING PHILOBOT < 
2021-09-05 20:52:35,346 - PHILOBOT --> ----------------------------------------
2021-09-05 20:52:35,346 - PHILOBOT -->          > STARTING PHILOBOT < 
2021-09-05 20:52:35,346 - PHILOBOT --> ----------------------------------------
2021-09-05 20:52:35,346 - PHILOBOT --> ----------------------------------------
2021-09-05 20:52:35,346 - PHILOBOT --> ID Coletado: 1434665757720420358
2021-09-05 20:52:35,346 - PHILOBOT --> ----------------------------------------
2021-09-05 20:52:35,346 - PHILOBOT --> ID Coletado: 1434665757720420358
2021-09-05 20:52:35,346 - PHILOBOT --> ID Coletado: 1434665757720420358
2021-09-05 20:52:35,346 - PHILOBOT --> ID Coletado: 1434665757720420358
2021-09-05 20:52:35,393 - PHILOBOT --> ----------------------------------------
2021-09-05 20:52:35,393 - PHILOBOT --> ----------------------------------------
2021-09-05 20:52:35,393 - PHILOBOT --> ----------------------------------------
2021-09-05 20:52:35,393 - PHILOBOT -->          > STARTING PHILOBOT < 
2021-09-05 20:52:35,393 - PHILOBOT --> ----------------------------------------
2021-09-05 20:52:35,393 - PHILOBOT -->          > STARTING PHILOBOT < 
2021-09-05 20:52:35,393 - PHILOBOT -->          > STARTING PHILOBOT < 
2021-09-05 20:52:35,393 - PHILOBOT --> ----------------------------------------
2021-09-05 20:52:35,393 - PHILOBOT -->          > STARTING PHILOBOT < 
2021-09-05 20:52:35,393 - PHILOBOT --> ----------------------------------------
2021-09-05 20:52:35,393 - PHILOBOT --> ----------------------------------------
2021-09-05 20:52:35,394 - PHILOBOT --> ID Coletado: 1434665757720420358
2021-09-05 20:52:35,393 - PHILOBOT --> ----------------------------------------
2021-09-05 20:52:35,394 - PHILOBOT --> ID Coletado: 1434665757720420358
2021-09-05 20:52:35,394 - PHILOBOT --> ID Coletado: 1434665757720420358
2021-09-05 20:52:35,394 - PHILOBOT --> ID Coletado: 1434665757720420358
2021-09-05 20:52:35,914 - PHILOBOT --> [ETAPA 1] Status coletado: #tESTEPHILO GGGHHGGG
2021-09-05 20:52:35,914 - PHILOBOT --> [ETAPA 1] Status coletado: #tESTEPHILO GGGHHGGG
2021-09-05 20:52:35,914 - PHILOBOT --> [ETAPA 3] Checando se é RT...
2021-09-05 20:52:35,914 - PHILOBOT --> [ETAPA 3] Checando se é RT...
2021-09-05 20:52:35,914 - PHILOBOT --> [ETAPA 2] Status - marcações retiradas: #tESTEPHILO GGGHHGGG
2021-09-05 20:52:35,914 - PHILOBOT --> [ETAPA 2] Status - marcações retiradas: #tESTEPHILO GGGHHGGG
2021-09-05 20:52:35,930 - PHILOBOT --> [ETAPA 1] Status coletado: #tESTEPHILO GGGHHGGG
2021-09-05 20:52:35,930 - PHILOBOT --> [ETAPA 1] Status coletado: #tESTEPHILO GGGHHGGG
2021-09-05 20:52:35,930 - PHILOBOT --> [ETAPA 3] Checando se é RT...
2021-09-05 20:52:35,930 - PHILOBOT --> [ETAPA 3] Checando se é RT...
2021-09-05 20:52:35,930 - PHILOBOT --> [ETAPA 2] Status - marcações retiradas: #tESTEPHILO GGGHHGGG
2021-09-05 20:52:35,930 - PHILOBOT --> [ETAPA 2] Status - marcações retiradas: #tESTEPHILO GGGHHGGG
2021-09-05 20:52:35,942 - PHILOBOT --> [ETAPA 1] Status coletado: #tESTEPHILO GGGHHGGG
2021-09-05 20:52:35,942 - PHILOBOT --> [ETAPA 1] Status coletado: #tESTEPHILO GGGHHGGG
2021-09-05 20:52:35,942 - PHILOBOT --> [ETAPA 3] Checando se é RT...
2021-09-05 20:52:35,942 - PHILOBOT --> [ETAPA 3] Checando se é RT...
2021-09-05 20:52:35,942 - PHILOBOT --> [ETAPA 2] Status - marcações retiradas: #tESTEPHILO GGGHHGGG
2021-09-05 20:52:35,942 - PHILOBOT --> [ETAPA 2] Status - marcações retiradas: #tESTEPHILO GGGHHGGG
2021-09-05 20:52:35,948 - PHILOBOT --> [ETAPA 1] Status coletado: #tESTEPHILO GGGHHGGG
2021-09-05 20:52:35,948 - PHILOBOT --> [ETAPA 1] Status coletado: #tESTEPHILO GGGHHGGG
2021-09-05 20:52:35,949 - PHILOBOT --> [ETAPA 3] Checando se é RT...
2021-09-05 20:52:35,949 - PHILOBOT --> [ETAPA 3] Checando se é RT...
2021-09-05 20:52:35,949 - PHILOBOT --> [ETAPA 2] Status - marcações retiradas: #tESTEPHILO GGGHHGGG
2021-09-05 20:52:35,949 - PHILOBOT --> [ETAPA 2] Status - marcações retiradas: #tESTEPHILO GGGHHGGG
2021-09-05 20:52:37,927 - PHILOBOT --> [ETAPA 4] Checando string vazia...
2021-09-05 20:52:37,927 - PHILOBOT --> [ETAPA 4] Checando string vazia...
2021-09-05 20:52:37,943 - PHILOBOT --> [ETAPA 4] Checando string vazia...
2021-09-05 20:52:37,943 - PHILOBOT --> [ETAPA 4] Checando string vazia...
2021-09-05 20:52:37,959 - PHILOBOT --> [ETAPA 4] Checando string vazia...
2021-09-05 20:52:37,959 - PHILOBOT --> [ETAPA 4] Checando string vazia...
2021-09-05 20:52:37,959 - PHILOBOT --> [ETAPA 4] Checando string vazia...
2021-09-05 20:52:37,959 - PHILOBOT --> [ETAPA 4] Checando string vazia...
2021-09-05 20:52:39,973 - PHILOBOT --> [ETAPA 4] Configurando imagem...
2021-09-05 20:52:39,973 - PHILOBOT --> [ETAPA 4] Configurando imagem...
2021-09-05 20:52:40,015 - PHILOBOT --> [ETAPA 4] Configurando imagem...
2021-09-05 20:52:40,015 - PHILOBOT --> [ETAPA 4] Configurando imagem...
2021-09-05 20:52:40,055 - PHILOBOT --> [ETAPA 4] Configurando imagem...
2021-09-05 20:52:40,055 - PHILOBOT --> [ETAPA 4] Configurando imagem...
2021-09-05 20:52:40,056 - PHILOBOT --> [ETAPA 4.1] Imagem do filósofo escolhida: Santo Agostinho.png
2021-09-05 20:52:40,056 - PHILOBOT --> [ETAPA 4.1] Imagem do filósofo escolhida: Santo Agostinho.png
2021-09-05 20:52:40,057 - PHILOBOT --> [ETAPA 4.2] Nenhum lixo no nome da imagem encontrado. Prosseguindo normalmente...
2021-09-05 20:52:40,057 - PHILOBOT --> [ETAPA 4.2] Nenhum lixo no nome da imagem encontrado. Prosseguindo normalmente...
2021-09-05 20:52:40,057 - PHILOBOT --> [ETAPA 4.3] Nome do filósofo tratado: - Santo Agostinho
2021-09-05 20:52:40,057 - PHILOBOT --> [ETAPA 4.3] Nome do filósofo tratado: - Santo Agostinho
2021-09-05 20:52:40,058 - PHILOBOT --> [ETAPA 4.1] Imagem do filósofo escolhida: Ciro Gomes.png
2021-09-05 20:52:40,058 - PHILOBOT --> [ETAPA 4.1] Imagem do filósofo escolhida: Ciro Gomes.png
2021-09-05 20:52:40,058 - PHILOBOT --> [ETAPA 4.2] Nenhum lixo no nome da imagem encontrado. Prosseguindo normalmente...
2021-09-05 20:52:40,058 - PHILOBOT --> [ETAPA 4.2] Nenhum lixo no nome da imagem encontrado. Prosseguindo normalmente...
2021-09-05 20:52:40,059 - PHILOBOT --> [ETAPA 4.3] Nome do filósofo tratado: - Ciro Gomes
2021-09-05 20:52:40,059 - PHILOBOT --> [ETAPA 4.3] Nome do filósofo tratado: - Ciro Gomes
2021-09-05 20:52:40,081 - PHILOBOT --> [ETAPA 5] Verificando aspas...
2021-09-05 20:52:40,081 - PHILOBOT --> [ETAPA 5] Verificando aspas...
2021-09-05 20:52:40,081 - PHILOBOT --> [ETAPA 5] Verificando aspas...
2021-09-05 20:52:40,082 - PHILOBOT --> [ETAPA 6] Tweet MENOR que 25 caracteres, ajustando texto...
2021-09-05 20:52:40,081 - PHILOBOT --> [ETAPA 5] Verificando aspas...
2021-09-05 20:52:40,082 - PHILOBOT --> [ETAPA 6] Tweet MENOR que 25 caracteres, ajustando texto...
2021-09-05 20:52:40,082 - PHILOBOT --> [ETAPA 6] Tweet MENOR que 25 caracteres, ajustando texto...
2021-09-05 20:52:40,082 - PHILOBOT --> [ETAPA 6] Tweet MENOR que 25 caracteres, ajustando texto...
2021-09-05 20:52:40,102 - PHILOBOT --> [ETAPA 4] Configurando imagem...
2021-09-05 20:52:40,102 - PHILOBOT --> [ETAPA 4] Configurando imagem...
2021-09-05 20:52:40,107 - PHILOBOT --> [ETAPA 4.1] Imagem do filósofo escolhida: Rogerinho do Ingá.png
2021-09-05 20:52:40,107 - PHILOBOT --> [ETAPA 4.1] Imagem do filósofo escolhida: Rogerinho do Ingá.png
2021-09-05 20:52:40,108 - PHILOBOT --> [ETAPA 4.2] Nenhum lixo no nome da imagem encontrado. Prosseguindo normalmente...
2021-09-05 20:52:40,108 - PHILOBOT --> [ETAPA 4.2] Nenhum lixo no nome da imagem encontrado. Prosseguindo normalmente...
2021-09-05 20:52:40,108 - PHILOBOT --> [ETAPA 4.3] Nome do filósofo tratado: - Rogerinho do Ingá
2021-09-05 20:52:40,108 - PHILOBOT --> [ETAPA 4.3] Nome do filósofo tratado: - Rogerinho do Ingá
2021-09-05 20:52:40,109 - PHILOBOT --> [ETAPA 4.1] Imagem do filósofo escolhida: Sun Tzu.png
2021-09-05 20:52:40,109 - PHILOBOT --> [ETAPA 4.1] Imagem do filósofo escolhida: Sun Tzu.png
2021-09-05 20:52:40,109 - PHILOBOT --> [ETAPA 4.2] Nenhum lixo no nome da imagem encontrado. Prosseguindo normalmente...
2021-09-05 20:52:40,109 - PHILOBOT --> [ETAPA 4.2] Nenhum lixo no nome da imagem encontrado. Prosseguindo normalmente...
2021-09-05 20:52:40,109 - PHILOBOT --> [ETAPA 4.3] Nome do filósofo tratado: - Sun Tzu
2021-09-05 20:52:40,109 - PHILOBOT --> [ETAPA 4.3] Nome do filósofo tratado: - Sun Tzu
2021-09-05 20:52:40,125 - PHILOBOT --> [ETAPA 5] Verificando aspas...
2021-09-05 20:52:40,125 - PHILOBOT --> [ETAPA 5] Verificando aspas...
2021-09-05 20:52:40,125 - PHILOBOT --> [ETAPA 6] Tweet MENOR que 25 caracteres, ajustando texto...
2021-09-05 20:52:40,125 - PHILOBOT --> [ETAPA 6] Tweet MENOR que 25 caracteres, ajustando texto...
2021-09-05 20:52:40,129 - PHILOBOT --> [ETAPA 5] Verificando aspas...
2021-09-05 20:52:40,129 - PHILOBOT --> [ETAPA 5] Verificando aspas...
2021-09-05 20:52:40,129 - PHILOBOT --> [ETAPA 6] Tweet MENOR que 25 caracteres, ajustando texto...
2021-09-05 20:52:40,129 - PHILOBOT --> [ETAPA 6] Tweet MENOR que 25 caracteres, ajustando texto...
2021-09-05 20:52:41,439 - PHILOBOT --> [X] - ERRO! Não foi possível enviar a imagem.
2021-09-05 20:52:41,439 - PHILOBOT --> [X] - ERRO! Não foi possível enviar a imagem.
2021-09-05 20:52:41,439 - PHILOBOT --> [{'code': 189, 'message': 'Error creating status.'}]
2021-09-05 20:52:41,439 - PHILOBOT --> [{'code': 189, 'message': 'Error creating status.'}]
2021-09-05 20:52:41,439 - PHILOBOT --> 
==========================
2021-09-05 20:52:41,439 - PHILOBOT --> 
==========================
2021-09-05 20:52:41,439 - PHILOBOT --> Finalizado, ID tratado: 1434665757720420358
2021-09-05 20:52:41,439 - PHILOBOT --> Finalizado, ID tratado: 1434665757720420358
2021-09-05 20:52:41,439 - PHILOBOT --> Itens restantes: 0
2021-09-05 20:52:41,439 - PHILOBOT --> Itens restantes: 0
2021-09-05 20:52:41,440 - PHILOBOT --> TWEET TRATADO COM SUCESSO
2021-09-05 20:52:41,440 - PHILOBOT --> TWEET TRATADO COM SUCESSO
2021-09-05 20:52:41,440 - PHILOBOT --> ----------------------------------------

2021-09-05 20:52:41,440 - PHILOBOT --> ----------------------------------------

2021-09-05 20:52:41,440 - PHILOBOT --> [LIMPANDO LISTAS E MEMÓRIAS...]
2021-09-05 20:52:41,440 - PHILOBOT --> [LIMPANDO LISTAS E MEMÓRIAS...]
2021-09-05 20:52:41,440 - PHILOBOT --> Limpeza realizada com sucesso!
2021-09-05 20:52:41,440 - PHILOBOT --> Limpeza realizada com sucesso!
2021-09-05 20:52:41,440 - PHILOBOT --> Esperando 20 segundos...

2021-09-05 20:52:41,440 - PHILOBOT --> Esperando 20 segundos...

2021-09-05 20:52:41,476 - PHILOBOT --> [X] - ERRO! Não foi possível enviar a imagem.
2021-09-05 20:52:41,476 - PHILOBOT --> [X] - ERRO! Não foi possível enviar a imagem.
2021-09-05 20:52:41,477 - PHILOBOT --> [{'code': 189, 'message': 'Error creating status.'}]
2021-09-05 20:52:41,477 - PHILOBOT --> [{'code': 189, 'message': 'Error creating status.'}]
2021-09-05 20:52:41,477 - PHILOBOT --> 
==========================
2021-09-05 20:52:41,477 - PHILOBOT --> 
==========================
2021-09-05 20:52:41,477 - PHILOBOT --> Finalizado, ID tratado: 1434665757720420358
2021-09-05 20:52:41,477 - PHILOBOT --> Finalizado, ID tratado: 1434665757720420358
2021-09-05 20:52:41,477 - PHILOBOT --> Itens restantes: 0
2021-09-05 20:52:41,477 - PHILOBOT --> Itens restantes: 0
2021-09-05 20:52:41,477 - PHILOBOT --> TWEET TRATADO COM SUCESSO
2021-09-05 20:52:41,477 - PHILOBOT --> TWEET TRATADO COM SUCESSO
2021-09-05 20:52:41,477 - PHILOBOT --> ----------------------------------------

2021-09-05 20:52:41,477 - PHILOBOT --> ----------------------------------------

2021-09-05 20:52:41,477 - PHILOBOT --> [LIMPANDO LISTAS E MEMÓRIAS...]
2021-09-05 20:52:41,477 - PHILOBOT --> [LIMPANDO LISTAS E MEMÓRIAS...]
2021-09-05 20:52:41,477 - PHILOBOT --> Limpeza realizada com sucesso!
2021-09-05 20:52:41,477 - PHILOBOT --> Limpeza realizada com sucesso!
2021-09-05 20:52:41,477 - PHILOBOT --> Esperando 20 segundos...

2021-09-05 20:52:41,477 - PHILOBOT --> Esperando 20 segundos...

2021-09-05 20:52:41,485 - PHILOBOT --> [X] - ERRO! Não foi possível enviar a imagem.
2021-09-05 20:52:41,485 - PHILOBOT --> [X] - ERRO! Não foi possível enviar a imagem.
2021-09-05 20:52:41,485 - PHILOBOT --> [{'code': 189, 'message': 'Error creating status.'}]
2021-09-05 20:52:41,485 - PHILOBOT --> [{'code': 189, 'message': 'Error creating status.'}]
2021-09-05 20:52:41,485 - PHILOBOT --> 
==========================
2021-09-05 20:52:41,485 - PHILOBOT --> 
==========================
2021-09-05 20:52:41,485 - PHILOBOT --> Finalizado, ID tratado: 1434665757720420358
2021-09-05 20:52:41,485 - PHILOBOT --> Finalizado, ID tratado: 1434665757720420358
2021-09-05 20:52:41,485 - PHILOBOT --> Itens restantes: 0
2021-09-05 20:52:41,485 - PHILOBOT --> Itens restantes: 0
2021-09-05 20:52:41,485 - PHILOBOT --> TWEET TRATADO COM SUCESSO
2021-09-05 20:52:41,485 - PHILOBOT --> TWEET TRATADO COM SUCESSO
2021-09-05 20:52:41,485 - PHILOBOT --> ----------------------------------------

2021-09-05 20:52:41,485 - PHILOBOT --> ----------------------------------------

2021-09-05 20:52:41,485 - PHILOBOT --> [LIMPANDO LISTAS E MEMÓRIAS...]
2021-09-05 20:52:41,485 - PHILOBOT --> [LIMPANDO LISTAS E MEMÓRIAS...]
2021-09-05 20:52:41,486 - PHILOBOT --> Limpeza realizada com sucesso!
2021-09-05 20:52:41,486 - PHILOBOT --> Limpeza realizada com sucesso!
2021-09-05 20:52:41,486 - PHILOBOT --> Esperando 20 segundos...

2021-09-05 20:52:41,486 - PHILOBOT --> Esperando 20 segundos...

2021-09-05 20:52:41,512 - PHILOBOT --> [X] - ERRO! Não foi possível enviar a imagem.
2021-09-05 20:52:41,512 - PHILOBOT --> [X] - ERRO! Não foi possível enviar a imagem.
2021-09-05 20:52:41,513 - PHILOBOT --> [{'code': 189, 'message': 'Error creating status.'}]
2021-09-05 20:52:41,513 - PHILOBOT --> [{'code': 189, 'message': 'Error creating status.'}]
2021-09-05 20:52:41,513 - PHILOBOT --> 
==========================
2021-09-05 20:52:41,513 - PHILOBOT --> 
==========================
2021-09-05 20:52:41,513 - PHILOBOT --> Finalizado, ID tratado: 1434665757720420358
2021-09-05 20:52:41,513 - PHILOBOT --> Finalizado, ID tratado: 1434665757720420358
2021-09-05 20:52:41,513 - PHILOBOT --> Itens restantes: 0
2021-09-05 20:52:41,513 - PHILOBOT --> Itens restantes: 0
2021-09-05 20:52:41,513 - PHILOBOT --> TWEET TRATADO COM SUCESSO
2021-09-05 20:52:41,513 - PHILOBOT --> TWEET TRATADO COM SUCESSO
2021-09-05 20:52:41,513 - PHILOBOT --> ----------------------------------------

2021-09-05 20:52:41,513 - PHILOBOT --> ----------------------------------------

2021-09-05 20:52:41,513 - PHILOBOT --> [LIMPANDO LISTAS E MEMÓRIAS...]
2021-09-05 20:52:41,513 - PHILOBOT --> [LIMPANDO LISTAS E MEMÓRIAS...]
2021-09-05 20:52:41,513 - PHILOBOT --> Limpeza realizada com sucesso!
2021-09-05 20:52:41,513 - PHILOBOT --> Limpeza realizada com sucesso!
2021-09-05 20:52:41,513 - PHILOBOT --> Esperando 20 segundos...

2021-09-05 20:52:41,513 - PHILOBOT --> Esperando 20 segundos...

2021-09-05 20:53:01,449 - PHILOBOT --> >AGUARDANDO NOVOS TWEETS...<
2021-09-05 20:53:01,449 - PHILOBOT --> >AGUARDANDO NOVOS TWEETS...<
2021-09-05 20:53:01,480 - PHILOBOT --> >AGUARDANDO NOVOS TWEETS...<
2021-09-05 20:53:01,480 - PHILOBOT --> >AGUARDANDO NOVOS TWEETS...<
2021-09-05 20:53:01,496 - PHILOBOT --> >AGUARDANDO NOVOS TWEETS...<
2021-09-05 20:53:01,496 - PHILOBOT --> >AGUARDANDO NOVOS TWEETS...<
2021-09-05 20:53:01,526 - PHILOBOT --> >AGUARDANDO NOVOS TWEETS...<
2021-09-05 20:53:01,526 - PHILOBOT --> >AGUARDANDO NOVOS TWEETS...<
2021-09-05 22:51:14,564 - HASHTAG --> Bem-vindo!

2021-09-05 22:51:14,564 - HASHTAG --> Philosopher BOT por Caio Madeira e Rodrigo Carmo

2021-09-05 22:51:14,564 - HASHTAG --> >INICIANDO HASHTAG - TESTE<
2021-09-05 22:51:14,564 - HASHTAG --> HASHTAG EXTENSION ESCOLHIDA, INICIANDO #TESTEPHILO...
2021-09-05 22:53:35,552 - HASHTAG --> =============== NOVO TWEET ENCONTRADO ================
2021-09-05 22:53:35,553 - HASHTAG --> Tweet ID: 1434696230391721990
2021-09-05 22:53:35,553 - HASHTAG --> Tweet USERNAME: SysCat_13
2021-09-05 22:53:35,553 - HASHTAG --> Adicionado na fila
2021-09-05 22:53:35,553 - HASHTAG --> =======================================================

2021-09-05 22:53:40,554 - PHILOBOT --> ----------------------------------------
2021-09-05 22:53:40,554 - PHILOBOT -->          > STARTING PHILOBOT < 
2021-09-05 22:53:40,554 - PHILOBOT --> ----------------------------------------
2021-09-05 22:53:40,554 - PHILOBOT --> ID Coletado: 1434696230391721990
2021-09-05 22:53:41,136 - PHILOBOT --> [ETAPA 1] Status coletado: #Testephilo rererererererer
2021-09-05 22:53:41,136 - PHILOBOT --> [ETAPA 3] Checando se é RT...
2021-09-05 22:53:41,136 - PHILOBOT --> [ETAPA 2] Status - marcações retiradas: #Testephilo rererererererer
2021-09-05 22:53:43,153 - PHILOBOT --> [ETAPA 4] Checando string vazia...
2021-09-05 22:53:45,200 - PHILOBOT --> [ETAPA 4] Configurando imagem...
2021-09-05 22:53:45,200 - PHILOBOT --> [ETAPA 4.1] Imagem do filósofo escolhida: Jean-Paul Sartre.png
2021-09-05 22:53:45,200 - PHILOBOT --> [ETAPA 4.2] Nenhum lixo no nome da imagem encontrado. Prosseguindo normalmente...
2021-09-05 22:53:45,200 - PHILOBOT --> [ETAPA 4.3] Nome do filósofo tratado: - Jean-Paul Sartre
2021-09-05 22:53:45,218 - PHILOBOT --> [ETAPA 5] Verificando aspas...
2021-09-05 22:53:45,218 - PHILOBOT --> [X] - ERRO AO COLETAR INFORMAÇÕES DO TWEET
2021-09-05 22:53:45,218 - PHILOBOT --> cannot import name 'HashtagClass' from 'Twitter.Hashtag' (C:\Users\rodri\Documents\GitHub\The-Philosopher-BOT\Twitter\Hashtag\__init__.py)
2021-09-05 22:53:45,218 - PHILOBOT --> [-] - Ignorando e continuando os tweets

2021-09-05 23:18:58,118 - HASHTAG --> Bem-vindo!

2021-09-05 23:18:58,118 - HASHTAG --> Philosopher BOT por Caio Madeira e Rodrigo Carmo

2021-09-05 23:18:58,118 - HASHTAG --> >INICIANDO HASHTAG - TESTE<
2021-09-05 23:18:58,118 - HASHTAG --> HASHTAG EXTENSION ESCOLHIDA, INICIANDO #TESTEPHILO...
2021-09-05 23:19:03,160 - HASHTAG --> >HASHTAG TESTE INICIADA<
2021-09-05 23:19:03,160 - HASHTAG --> >AGUARDANDO NOVOS TWEETS...<
2021-09-05 23:19:26,334 - HASHTAG --> =============== NOVO TWEET ENCONTRADO ================
2021-09-05 23:19:26,334 - HASHTAG --> Tweet ID: 1434702734742245376
2021-09-05 23:19:26,334 - HASHTAG --> Tweet USERNAME: SysCat_13
2021-09-05 23:19:26,334 - HASHTAG --> Adicionado na fila
2021-09-05 23:19:26,335 - HASHTAG --> =======================================================

2021-09-05 23:19:31,348 - PHILOBOT --> ----------------------------------------
2021-09-05 23:19:31,348 - PHILOBOT -->          > STARTING PHILOBOT < 
2021-09-05 23:19:31,348 - PHILOBOT --> ----------------------------------------
2021-09-05 23:19:31,348 - PHILOBOT --> ID Coletado: 1434702734742245376
2021-09-05 23:19:31,917 - PHILOBOT --> [ETAPA 1] Status coletado: #Testephilo 42342342
2021-09-05 23:19:31,917 - PHILOBOT --> [ETAPA 3] Checando se é RT...
2021-09-05 23:19:31,917 - PHILOBOT --> [ETAPA 2] Status - marcações retiradas: #Testephilo 42342342
2021-09-05 23:19:33,931 - PHILOBOT --> [ETAPA 4] Checando string vazia...
2021-09-05 23:19:35,979 - PHILOBOT --> [ETAPA 4] Configurando imagem...
2021-09-05 23:19:35,979 - PHILOBOT --> [ETAPA 4.1] Imagem do filósofo escolhida: Michelangelo.png
2021-09-05 23:19:35,980 - PHILOBOT --> [ETAPA 4.2] Nenhum lixo no nome da imagem encontrado. Prosseguindo normalmente...
2021-09-05 23:19:35,980 - PHILOBOT --> [ETAPA 4.3] Nome do filósofo tratado: - Michelangelo
2021-09-05 23:19:35,995 - PHILOBOT --> [ETAPA 5] Verificando aspas...
2021-09-05 23:19:35,996 - PHILOBOT --> [ETAPA 6] Tweet MENOR que 25 caracteres, ajustando texto...
2021-09-05 23:19:35,996 - PHILOBOT --> [X] - ERRO AO COLETAR INFORMAÇÕES DO TWEET
2021-09-05 23:19:35,996 - PHILOBOT --> 'NoneType' object has no attribute 'read'
2021-09-05 23:19:35,996 - PHILOBOT --> [-] - Ignorando e continuando os tweets

