2021-04-02 02:46:12,984 - HASHTAG --> Bem-vindo!

2021-04-02 02:46:12,984 - HASHTAG --> Philosopher BOT por Caio Madeira e Rodrigo Carmo

2021-04-02 02:46:12,984 - HASHTAG --> >INICIANDO HASHTAG - EXTENSION<
2021-04-02 02:46:13,640 - HASHTAG --> HASHTAG Test ESCOLHIDA, INICIANDO #PHILOBOT
2021-04-02 02:46:17,003 - HASHTAG --> ERRO AO INICIAR O STREAM COM A API DO TWITTER
2021-04-02 02:46:17,003 - HASHTAG --> 'Config' object has no attribute 'positions'
2021-04-02 03:00:54,201 - HASHTAG --> Bem-vindo!

2021-04-02 03:00:54,201 - HASHTAG --> Philosopher BOT por Caio Madeira e Rodrigo Carmo

2021-04-02 03:00:54,216 - HASHTAG --> >INICIANDO HASHTAG - EXTENSION<
2021-04-02 03:02:51,421 - HASHTAG --> Bem-vindo!

2021-04-02 03:02:51,421 - HASHTAG --> Philosopher BOT por Caio Madeira e Rodrigo Carmo

2021-04-02 03:02:51,421 - HASHTAG --> >INICIANDO HASHTAG - EXTENSION<
2021-04-02 03:03:09,467 - HASHTAG --> Bem-vindo!

2021-04-02 03:03:09,467 - HASHTAG --> Philosopher BOT por Caio Madeira e Rodrigo Carmo

2021-04-02 03:03:09,467 - HASHTAG --> >INICIANDO HASHTAG - EXTENSION<
2021-04-02 03:03:09,514 - HASHTAG --> HASHTAG Test ESCOLHIDA, INICIANDO #PHILOBOT
2021-04-02 03:04:15,827 - HASHTAG --> Bem-vindo!

2021-04-02 03:04:15,827 - HASHTAG --> Philosopher BOT por Caio Madeira e Rodrigo Carmo

2021-04-02 03:04:15,827 - HASHTAG --> >INICIANDO HASHTAG - EXTENSION<
2021-04-02 03:04:15,858 - HASHTAG --> HASHTAG Test ESCOLHIDA, INICIANDO #PHILOBOT
2021-04-02 03:04:57,203 - HASHTAG --> =============== NOVO TWEET ENCONTRADO ================
2021-04-02 03:04:57,203 - HASHTAG --> [LOG PARA DEBUG - PROBLEMA MARCAÇÃO ERRADA - TEMPORARIO]
2021-04-02 03:04:57,203 - HASHTAG --> ITENS NA LISTA:
2021-04-02 03:04:57,203 - HASHTAG --> ['TestePhiloBot']
2021-04-02 03:04:57,203 - HASHTAG --> Tweet ID: 1377864590025973761
2021-04-02 03:04:57,203 - HASHTAG --> Tweet USERNAME: TestePhiloBot
2021-04-02 03:04:57,203 - HASHTAG --> Adicionado na fila
2021-04-02 03:04:57,203 - HASHTAG --> =======================================================

2021-04-02 03:05:02,210 - HASHTAG --> ----------------------------------------
2021-04-02 03:05:02,210 - HASHTAG --> > STARTING PHILOBOT < '
2021-04-02 03:05:02,210 - HASHTAG --> ----------------------------------------
2021-04-02 03:18:28,430 - HASHTAG --> Bem-vindo!

2021-04-02 03:18:28,430 - HASHTAG --> Philosopher BOT por Caio Madeira e Rodrigo Carmo

2021-04-02 03:18:28,430 - HASHTAG --> >INICIANDO HASHTAG - EXTENSION<
2021-04-02 03:18:28,462 - HASHTAG --> HASHTAG Test ESCOLHIDA, INICIANDO #PHILOBOT
2021-04-02 03:19:01,183 - HASHTAG --> Bem-vindo!

2021-04-02 03:19:01,183 - HASHTAG --> Philosopher BOT por Caio Madeira e Rodrigo Carmo

2021-04-02 03:19:01,183 - HASHTAG --> >INICIANDO HASHTAG - EXTENSION<
2021-04-02 03:19:01,214 - HASHTAG --> HASHTAG Test ESCOLHIDA, INICIANDO #PHILOBOT
2021-04-02 03:19:14,856 - HASHTAG --> =============== NOVO TWEET ENCONTRADO ================
2021-04-02 03:19:14,856 - HASHTAG --> [LOG PARA DEBUG - PROBLEMA MARCAÇÃO ERRADA - TEMPORARIO]
2021-04-02 03:19:14,856 - HASHTAG --> ITENS NA LISTA:
2021-04-02 03:19:14,856 - HASHTAG --> ['TestePhiloBot']
2021-04-02 03:19:14,856 - HASHTAG --> Tweet ID: 1377868187379843073
2021-04-02 03:19:14,856 - HASHTAG --> Tweet USERNAME: TestePhiloBot
2021-04-02 03:19:14,856 - HASHTAG --> Adicionado na fila
2021-04-02 03:19:14,856 - HASHTAG --> =======================================================

2021-04-02 03:19:19,876 - HASHTAG --> ----------------------------------------
2021-04-02 03:19:19,876 - HASHTAG --> > STARTING PHILOBOT < '
2021-04-02 03:19:19,876 - HASHTAG --> ----------------------------------------
2021-04-02 03:20:06,506 - HASHTAG --> Bem-vindo!

2021-04-02 03:20:06,506 - HASHTAG --> Philosopher BOT por Caio Madeira e Rodrigo Carmo

2021-04-02 03:20:06,506 - HASHTAG --> >INICIANDO HASHTAG - EXTENSION<
2021-04-02 03:20:06,560 - HASHTAG --> HASHTAG Test ESCOLHIDA, INICIANDO #PHILOBOT
2021-04-02 03:20:20,317 - HASHTAG --> =============== NOVO TWEET ENCONTRADO ================
2021-04-02 03:20:20,317 - HASHTAG --> [LOG PARA DEBUG - PROBLEMA MARCAÇÃO ERRADA - TEMPORARIO]
2021-04-02 03:20:20,317 - HASHTAG --> ITENS NA LISTA:
2021-04-02 03:20:20,317 - HASHTAG --> ['TestePhiloBot']
2021-04-02 03:20:20,317 - HASHTAG --> Tweet ID: 1377868461930655748
2021-04-02 03:20:20,317 - HASHTAG --> Tweet USERNAME: TestePhiloBot
2021-04-02 03:20:20,317 - HASHTAG --> Adicionado na fila
2021-04-02 03:20:20,317 - HASHTAG --> =======================================================

2021-04-02 03:20:25,333 - HASHTAG --> ----------------------------------------
2021-04-02 03:20:25,333 - HASHTAG --> > STARTING PHILOBOT < '
2021-04-02 03:20:25,333 - HASHTAG --> ----------------------------------------
2021-04-02 03:23:47,048 - HASHTAG --> Bem-vindo!

2021-04-02 03:23:47,048 - HASHTAG --> Philosopher BOT por Caio Madeira e Rodrigo Carmo

2021-04-02 03:23:47,048 - HASHTAG --> >INICIANDO HASHTAG - EXTENSION<
2021-04-02 03:23:47,079 - HASHTAG --> HASHTAG Test ESCOLHIDA, INICIANDO #PHILOBOT
2021-04-02 03:24:00,918 - HASHTAG --> =============== NOVO TWEET ENCONTRADO ================
2021-04-02 03:24:00,918 - HASHTAG --> [LOG PARA DEBUG - PROBLEMA MARCAÇÃO ERRADA - TEMPORARIO]
2021-04-02 03:24:00,918 - HASHTAG --> ITENS NA LISTA:
2021-04-02 03:24:00,918 - HASHTAG --> ['TestePhiloBot']
2021-04-02 03:24:00,918 - HASHTAG --> Tweet ID: 1377869387076661249
2021-04-02 03:24:00,918 - HASHTAG --> Tweet USERNAME: TestePhiloBot
2021-04-02 03:24:00,918 - HASHTAG --> Adicionado na fila
2021-04-02 03:24:00,918 - HASHTAG --> =======================================================

2021-04-02 03:24:05,939 - HASHTAG --> ----------------------------------------
2021-04-02 03:24:05,939 - HASHTAG --> > STARTING PHILOBOT < '
2021-04-02 03:24:05,939 - HASHTAG --> ----------------------------------------
2021-04-02 03:24:37,250 - HASHTAG --> Bem-vindo!

2021-04-02 03:24:37,250 - HASHTAG --> Philosopher BOT por Caio Madeira e Rodrigo Carmo

2021-04-02 03:24:37,250 - HASHTAG --> >INICIANDO HASHTAG - EXTENSION<
2021-04-02 03:24:37,297 - HASHTAG --> HASHTAG Test ESCOLHIDA, INICIANDO #PHILOBOT
2021-04-02 03:24:51,141 - HASHTAG --> =============== NOVO TWEET ENCONTRADO ================
2021-04-02 03:24:51,141 - HASHTAG --> [LOG PARA DEBUG - PROBLEMA MARCAÇÃO ERRADA - TEMPORARIO]
2021-04-02 03:24:51,141 - HASHTAG --> ITENS NA LISTA:
2021-04-02 03:24:51,141 - HASHTAG --> ['TestePhiloBot']
2021-04-02 03:24:51,141 - HASHTAG --> Tweet ID: 1377869597781733379
2021-04-02 03:24:51,141 - HASHTAG --> Tweet USERNAME: TestePhiloBot
2021-04-02 03:24:51,141 - HASHTAG --> Adicionado na fila
2021-04-02 03:24:51,141 - HASHTAG --> =======================================================

2021-04-02 03:24:56,163 - HASHTAG --> ----------------------------------------
2021-04-02 03:24:56,163 - HASHTAG --> > STARTING PHILOBOT < '
2021-04-02 03:24:56,163 - HASHTAG --> ----------------------------------------
2021-04-02 03:25:40,258 - HASHTAG --> Bem-vindo!

2021-04-02 03:25:40,273 - HASHTAG --> Philosopher BOT por Caio Madeira e Rodrigo Carmo

2021-04-02 03:25:40,273 - HASHTAG --> >INICIANDO HASHTAG - EXTENSION<
2021-04-02 03:25:40,305 - HASHTAG --> HASHTAG Test ESCOLHIDA, INICIANDO #PHILOBOT
2021-04-02 03:26:24,275 - HASHTAG --> Bem-vindo!

2021-04-02 03:26:24,275 - HASHTAG --> Philosopher BOT por Caio Madeira e Rodrigo Carmo

2021-04-02 03:26:24,275 - HASHTAG --> >INICIANDO HASHTAG - EXTENSION<
2021-04-02 03:26:24,306 - HASHTAG --> HASHTAG Test ESCOLHIDA, INICIANDO #PHILOBOT
2021-04-02 03:27:11,093 - HASHTAG --> =============== NOVO TWEET ENCONTRADO ================
2021-04-02 03:27:11,093 - HASHTAG --> [LOG PARA DEBUG - PROBLEMA MARCAÇÃO ERRADA - TEMPORARIO]
2021-04-02 03:27:11,093 - HASHTAG --> ITENS NA LISTA:
2021-04-02 03:27:11,093 - HASHTAG --> ['TestePhiloBot']
2021-04-02 03:27:11,093 - HASHTAG --> Tweet ID: 1377870184665526277
2021-04-02 03:27:11,093 - HASHTAG --> Tweet USERNAME: TestePhiloBot
2021-04-02 03:27:11,093 - HASHTAG --> Adicionado na fila
2021-04-02 03:27:11,093 - HASHTAG --> =======================================================

2021-04-02 03:27:16,116 - HASHTAG --> ----------------------------------------
2021-04-02 03:27:16,116 - HASHTAG --> > STARTING PHILOBOT < '
2021-04-02 03:27:16,116 - HASHTAG --> ----------------------------------------
2021-04-02 03:39:46,811 - HASHTAG --> Bem-vindo!

2021-04-02 03:39:46,811 - HASHTAG --> Philosopher BOT por Caio Madeira e Rodrigo Carmo

2021-04-02 03:39:46,811 - HASHTAG --> >INICIANDO HASHTAG - EXTENSION<
2021-04-02 03:39:46,842 - HASHTAG --> HASHTAG Test ESCOLHIDA, INICIANDO #PHILOBOT
2021-04-02 03:40:00,578 - HASHTAG --> =============== NOVO TWEET ENCONTRADO ================
2021-04-02 03:40:00,578 - HASHTAG --> [LOG PARA DEBUG - PROBLEMA MARCAÇÃO ERRADA - TEMPORARIO]
2021-04-02 03:40:00,578 - HASHTAG --> ITENS NA LISTA:
2021-04-02 03:40:00,578 - HASHTAG --> ['TestePhiloBot']
2021-04-02 03:40:00,578 - HASHTAG --> Tweet ID: 1377873412098560003
2021-04-02 03:40:00,578 - HASHTAG --> Tweet USERNAME: TestePhiloBot
2021-04-02 03:40:00,578 - HASHTAG --> Adicionado na fila
2021-04-02 03:40:00,578 - HASHTAG --> =======================================================

2021-04-02 03:40:05,584 - HASHTAG --> ----------------------------------------
2021-04-02 03:40:05,584 - HASHTAG --> > STARTING PHILOBOT < '
2021-04-02 03:40:05,584 - HASHTAG --> ----------------------------------------
2021-04-02 03:41:14,371 - HASHTAG --> Bem-vindo!

2021-04-02 03:41:14,371 - HASHTAG --> Philosopher BOT por Caio Madeira e Rodrigo Carmo

2021-04-02 03:41:14,371 - HASHTAG --> >INICIANDO HASHTAG - EXTENSION<
2021-04-02 03:41:14,409 - HASHTAG --> HASHTAG Test ESCOLHIDA, INICIANDO #PHILOBOT
2021-04-02 03:41:28,077 - HASHTAG --> =============== NOVO TWEET ENCONTRADO ================
2021-04-02 03:41:28,077 - HASHTAG --> [LOG PARA DEBUG - PROBLEMA MARCAÇÃO ERRADA - TEMPORARIO]
2021-04-02 03:41:28,077 - HASHTAG --> ITENS NA LISTA:
2021-04-02 03:41:28,077 - HASHTAG --> ['TestePhiloBot']
2021-04-02 03:41:28,077 - HASHTAG --> Tweet ID: 1377873779284660227
2021-04-02 03:41:28,077 - HASHTAG --> Tweet USERNAME: TestePhiloBot
2021-04-02 03:41:28,077 - HASHTAG --> Adicionado na fila
2021-04-02 03:41:28,077 - HASHTAG --> =======================================================

2021-04-02 03:41:33,098 - HASHTAG --> ----------------------------------------
2021-04-02 03:41:33,098 - HASHTAG --> > STARTING PHILOBOT < '
2021-04-02 03:41:33,098 - HASHTAG --> ----------------------------------------
2021-04-02 03:43:00,286 - HASHTAG --> Bem-vindo!

2021-04-02 03:43:00,286 - HASHTAG --> Philosopher BOT por Caio Madeira e Rodrigo Carmo

2021-04-02 03:43:00,286 - HASHTAG --> >INICIANDO HASHTAG - EXTENSION<
2021-04-02 03:43:00,355 - HASHTAG --> HASHTAG Test ESCOLHIDA, INICIANDO #PHILOBOT
2021-04-02 03:43:14,056 - HASHTAG --> =============== NOVO TWEET ENCONTRADO ================
2021-04-02 03:43:14,056 - HASHTAG --> [LOG PARA DEBUG - PROBLEMA MARCAÇÃO ERRADA - TEMPORARIO]
2021-04-02 03:43:14,056 - HASHTAG --> ITENS NA LISTA:
2021-04-02 03:43:14,056 - HASHTAG --> ['TestePhiloBot']
2021-04-02 03:43:14,056 - HASHTAG --> Tweet ID: 1377874223583084546
2021-04-02 03:43:14,056 - HASHTAG --> Tweet USERNAME: TestePhiloBot
2021-04-02 03:43:14,056 - HASHTAG --> Adicionado na fila
2021-04-02 03:43:14,056 - HASHTAG --> =======================================================

2021-04-02 03:43:19,071 - HASHTAG --> ----------------------------------------
2021-04-02 03:43:19,071 - HASHTAG --> > STARTING PHILOBOT < '
2021-04-02 03:43:19,071 - HASHTAG --> ----------------------------------------
2021-04-02 03:45:00,438 - HASHTAG --> Bem-vindo!

2021-04-02 03:45:00,438 - HASHTAG --> Philosopher BOT por Caio Madeira e Rodrigo Carmo

2021-04-02 03:45:00,438 - HASHTAG --> >INICIANDO HASHTAG - EXTENSION<
2021-04-02 03:45:00,485 - HASHTAG --> HASHTAG Test ESCOLHIDA, INICIANDO #PHILOBOT
2021-04-02 03:45:14,305 - HASHTAG --> =============== NOVO TWEET ENCONTRADO ================
2021-04-02 03:45:14,305 - HASHTAG --> [LOG PARA DEBUG - PROBLEMA MARCAÇÃO ERRADA - TEMPORARIO]
2021-04-02 03:45:14,305 - HASHTAG --> ITENS NA LISTA:
2021-04-02 03:45:14,305 - HASHTAG --> ['TestePhiloBot']
2021-04-02 03:45:14,305 - HASHTAG --> Tweet ID: 1377874728120160263
2021-04-02 03:45:14,305 - HASHTAG --> Tweet USERNAME: TestePhiloBot
2021-04-02 03:45:14,305 - HASHTAG --> Adicionado na fila
2021-04-02 03:45:14,305 - HASHTAG --> =======================================================

2021-04-02 03:45:19,328 - HASHTAG --> ----------------------------------------
2021-04-02 03:45:19,328 - HASHTAG --> > STARTING PHILOBOT < '
2021-04-02 03:45:19,328 - HASHTAG --> ----------------------------------------
2021-04-02 03:46:06,270 - HASHTAG --> Bem-vindo!

2021-04-02 03:46:06,270 - HASHTAG --> Philosopher BOT por Caio Madeira e Rodrigo Carmo

2021-04-02 03:46:06,270 - HASHTAG --> >INICIANDO HASHTAG - EXTENSION<
2021-04-02 03:46:06,308 - HASHTAG --> HASHTAG Test ESCOLHIDA, INICIANDO #PHILOBOT
2021-04-02 03:46:20,142 - HASHTAG --> =============== NOVO TWEET ENCONTRADO ================
2021-04-02 03:46:20,142 - HASHTAG --> [LOG PARA DEBUG - PROBLEMA MARCAÇÃO ERRADA - TEMPORARIO]
2021-04-02 03:46:20,142 - HASHTAG --> ITENS NA LISTA:
2021-04-02 03:46:20,142 - HASHTAG --> ['TestePhiloBot']
2021-04-02 03:46:20,142 - HASHTAG --> Tweet ID: 1377875004294115330
2021-04-02 03:46:20,142 - HASHTAG --> Tweet USERNAME: TestePhiloBot
2021-04-02 03:46:20,142 - HASHTAG --> Adicionado na fila
2021-04-02 03:46:20,142 - HASHTAG --> =======================================================

2021-04-02 03:46:25,158 - HASHTAG --> ----------------------------------------
2021-04-02 03:46:25,158 - HASHTAG --> > STARTING PHILOBOT < '
2021-04-02 03:46:25,158 - HASHTAG --> ----------------------------------------
2021-04-02 03:46:26,160 - HASHTAG --> [ETAPA 1] Status coletado: #TestePhilo E21E41CAAF857ED8B55EB299
2021-04-02 03:46:26,160 - HASHTAG --> [ETAPA 3] Checando se é RT...
2021-04-02 03:46:26,160 - HASHTAG --> [ETAPA 4] Checando string vazia...
2021-04-02 03:46:26,160 - HASHTAG --> ERRO: FALHA AO CHECAR SE A STRING É VAZIA
2021-04-02 03:46:26,160 - HASHTAG --> ----------------------------------------

2021-04-02 03:46:26,160 - HASHTAG --> >AGUARDANDO NOVOS TWEETS...<
2021-04-02 03:46:26,160 - HASHTAG --> ----------------------------------------

2021-04-02 03:46:26,160 - HASHTAG --> >AGUARDANDO NOVOS TWEETS...<
2021-04-02 03:50:40,102 - HASHTAG --> Bem-vindo!

2021-04-02 03:50:40,102 - HASHTAG --> Philosopher BOT por Caio Madeira e Rodrigo Carmo

2021-04-02 03:50:40,102 - HASHTAG --> >INICIANDO HASHTAG - EXTENSION<
2021-04-02 03:50:40,196 - HASHTAG --> HASHTAG Test ESCOLHIDA, INICIANDO #PHILOBOT
2021-04-02 03:50:53,930 - HASHTAG --> =============== NOVO TWEET ENCONTRADO ================
2021-04-02 03:50:53,938 - HASHTAG --> [LOG PARA DEBUG - PROBLEMA MARCAÇÃO ERRADA - TEMPORARIO]
2021-04-02 03:50:53,938 - HASHTAG --> ITENS NA LISTA:
2021-04-02 03:50:53,938 - HASHTAG --> ['TestePhiloBot']
2021-04-02 03:50:53,938 - HASHTAG --> Tweet ID: 1377876152606412802
2021-04-02 03:50:53,938 - HASHTAG --> Tweet USERNAME: TestePhiloBot
2021-04-02 03:50:53,938 - HASHTAG --> Adicionado na fila
2021-04-02 03:50:53,938 - HASHTAG --> =======================================================

2021-04-02 03:50:58,959 - HASHTAG --> ----------------------------------------
2021-04-02 03:50:58,959 - HASHTAG --> > STARTING PHILOBOT < '
2021-04-02 03:50:58,959 - HASHTAG --> ----------------------------------------
2021-04-02 03:50:59,986 - HASHTAG --> [ETAPA 1] Status coletado: #TestePhilo 36A34DA7A27A7114834607C7
2021-04-02 03:50:59,986 - HASHTAG --> [ETAPA 3] Checando se é RT...
2021-04-02 03:50:59,986 - HASHTAG --> [ETAPA 4] Checando string vazia...
2021-04-02 03:50:59,986 - HASHTAG --> ERRO: FALHA AO CHECAR SE A STRING É VAZIA
2021-04-02 03:50:59,986 - HASHTAG --> Limpeza de lista realizada com sucesso!
2021-04-02 03:50:59,986 - HASHTAG --> ----------------------------------------

2021-04-02 03:50:59,986 - HASHTAG --> >AGUARDANDO NOVOS TWEETS...<
2021-04-02 03:50:59,986 - HASHTAG --> ----------------------------------------

2021-04-02 03:50:59,986 - HASHTAG --> >AGUARDANDO NOVOS TWEETS...<
2021-04-02 03:53:05,517 - HASHTAG --> Bem-vindo!

2021-04-02 03:53:05,517 - HASHTAG --> Philosopher BOT por Caio Madeira e Rodrigo Carmo

2021-04-02 03:53:05,517 - HASHTAG --> >INICIANDO HASHTAG - EXTENSION<
2021-04-02 03:53:05,564 - HASHTAG --> HASHTAG Test ESCOLHIDA, INICIANDO #PHILOBOT
2021-04-02 03:53:19,268 - HASHTAG --> =============== NOVO TWEET ENCONTRADO ================
2021-04-02 03:53:19,268 - HASHTAG --> [LOG PARA DEBUG - PROBLEMA MARCAÇÃO ERRADA - TEMPORARIO]
2021-04-02 03:53:19,268 - HASHTAG --> ITENS NA LISTA:
2021-04-02 03:53:19,268 - HASHTAG --> ['TestePhiloBot']
2021-04-02 03:53:19,268 - HASHTAG --> Tweet ID: 1377876762177236992
2021-04-02 03:53:19,268 - HASHTAG --> Tweet USERNAME: TestePhiloBot
2021-04-02 03:53:19,268 - HASHTAG --> Adicionado na fila
2021-04-02 03:53:19,268 - HASHTAG --> =======================================================

2021-04-02 03:53:24,284 - HASHTAG --> ----------------------------------------
2021-04-02 03:53:24,284 - HASHTAG --> > STARTING PHILOBOT < '
2021-04-02 03:53:24,284 - HASHTAG --> ----------------------------------------
2021-04-02 03:53:24,924 - HASHTAG --> [ETAPA 1] Status coletado: #TestePhilo 527F4891ACE199F1D5218304
2021-04-02 03:53:24,924 - HASHTAG --> [ETAPA 3] Checando se é RT...
2021-04-02 04:00:56,214 - HASHTAG --> Bem-vindo!

2021-04-02 04:00:56,214 - HASHTAG --> Philosopher BOT por Caio Madeira e Rodrigo Carmo

2021-04-02 04:00:56,214 - HASHTAG --> >INICIANDO HASHTAG - EXTENSION<
2021-04-02 04:00:56,252 - HASHTAG --> HASHTAG Test ESCOLHIDA, INICIANDO #PHILOBOT
2021-04-02 04:01:09,968 - HASHTAG --> =============== NOVO TWEET ENCONTRADO ================
2021-04-02 04:01:09,968 - HASHTAG --> [LOG PARA DEBUG - PROBLEMA MARCAÇÃO ERRADA - TEMPORARIO]
2021-04-02 04:01:09,968 - HASHTAG --> ITENS NA LISTA:
2021-04-02 04:01:09,968 - HASHTAG --> ['TestePhiloBot']
2021-04-02 04:01:09,968 - HASHTAG --> Tweet ID: 1377878736436092929
2021-04-02 04:01:09,968 - HASHTAG --> Tweet USERNAME: TestePhiloBot
2021-04-02 04:01:09,968 - HASHTAG --> Adicionado na fila
2021-04-02 04:01:09,968 - HASHTAG --> =======================================================

2021-04-02 04:01:14,976 - HASHTAG --> ----------------------------------------
2021-04-02 04:01:14,976 - HASHTAG --> > STARTING PHILOBOT < '
2021-04-02 04:01:14,976 - HASHTAG --> ----------------------------------------
2021-04-02 04:01:15,632 - HASHTAG --> [ETAPA 1] Status coletado: #TestePhilo B55B4060B6DA7A20A8F8F841
2021-04-02 04:01:15,632 - HASHTAG --> [ETAPA 3] Checando se é RT...
2021-04-02 04:01:26,013 - HASHTAG --> Bem-vindo!

2021-04-02 04:01:26,013 - HASHTAG --> Philosopher BOT por Caio Madeira e Rodrigo Carmo

2021-04-02 04:01:26,013 - HASHTAG --> >INICIANDO HASHTAG - EXTENSION<
2021-04-02 04:01:26,060 - HASHTAG --> HASHTAG Test ESCOLHIDA, INICIANDO #PHILOBOT
2021-04-02 04:01:39,812 - HASHTAG --> =============== NOVO TWEET ENCONTRADO ================
2021-04-02 04:01:39,812 - HASHTAG --> [LOG PARA DEBUG - PROBLEMA MARCAÇÃO ERRADA - TEMPORARIO]
2021-04-02 04:01:39,812 - HASHTAG --> ITENS NA LISTA:
2021-04-02 04:01:39,812 - HASHTAG --> ['TestePhiloBot']
2021-04-02 04:01:39,812 - HASHTAG --> Tweet ID: 1377878861552234496
2021-04-02 04:01:39,812 - HASHTAG --> Tweet USERNAME: TestePhiloBot
2021-04-02 04:01:39,812 - HASHTAG --> Adicionado na fila
2021-04-02 04:01:39,812 - HASHTAG --> =======================================================

2021-04-02 04:01:44,817 - HASHTAG --> ----------------------------------------
2021-04-02 04:01:44,817 - HASHTAG --> > STARTING PHILOBOT < '
2021-04-02 04:01:44,817 - HASHTAG --> ----------------------------------------
2021-04-02 04:01:45,473 - HASHTAG --> [ETAPA 1] Status coletado: #TestePhilo FB85482F9C471847DBDCD218
2021-04-02 04:01:45,473 - HASHTAG --> [ETAPA 3] Checando se é RT...
2021-04-02 04:07:17,026 - HASHTAG --> Bem-vindo!

2021-04-02 04:07:17,026 - HASHTAG --> Philosopher BOT por Caio Madeira e Rodrigo Carmo

2021-04-02 04:07:17,026 - HASHTAG --> >INICIANDO HASHTAG - EXTENSION<
2021-04-02 04:07:17,064 - HASHTAG --> HASHTAG Test ESCOLHIDA, INICIANDO #PHILOBOT
2021-04-02 04:07:31,018 - HASHTAG --> =============== NOVO TWEET ENCONTRADO ================
2021-04-02 04:07:31,018 - HASHTAG --> [LOG PARA DEBUG - PROBLEMA MARCAÇÃO ERRADA - TEMPORARIO]
2021-04-02 04:07:31,018 - HASHTAG --> ITENS NA LISTA:
2021-04-02 04:07:31,018 - HASHTAG --> ['TestePhiloBot']
2021-04-02 04:07:31,018 - HASHTAG --> Tweet ID: 1377880334134603777
2021-04-02 04:07:31,018 - HASHTAG --> Tweet USERNAME: TestePhiloBot
2021-04-02 04:07:31,018 - HASHTAG --> Adicionado na fila
2021-04-02 04:07:31,018 - HASHTAG --> =======================================================

2021-04-02 04:07:36,040 - HASHTAG --> ----------------------------------------
2021-04-02 04:07:36,040 - HASHTAG --> > STARTING PHILOBOT < '
2021-04-02 04:07:36,040 - HASHTAG --> ----------------------------------------
2021-04-02 04:07:36,704 - HASHTAG --> [ETAPA 1] Status coletado: #TestePhilo 928B480E8C53604465BBF113
2021-04-02 04:09:03,412 - HASHTAG --> Bem-vindo!

2021-04-02 04:09:03,412 - HASHTAG --> Philosopher BOT por Caio Madeira e Rodrigo Carmo

2021-04-02 04:09:03,412 - HASHTAG --> >INICIANDO HASHTAG - EXTENSION<
2021-04-02 04:09:03,459 - HASHTAG --> HASHTAG Test ESCOLHIDA, INICIANDO #PHILOBOT
2021-04-02 04:09:17,251 - HASHTAG --> =============== NOVO TWEET ENCONTRADO ================
2021-04-02 04:09:17,251 - HASHTAG --> [LOG PARA DEBUG - PROBLEMA MARCAÇÃO ERRADA - TEMPORARIO]
2021-04-02 04:09:17,251 - HASHTAG --> ITENS NA LISTA:
2021-04-02 04:09:17,251 - HASHTAG --> ['TestePhiloBot']
2021-04-02 04:09:17,251 - HASHTAG --> Tweet ID: 1377880779934597122
2021-04-02 04:09:17,251 - HASHTAG --> Tweet USERNAME: TestePhiloBot
2021-04-02 04:09:17,251 - HASHTAG --> Adicionado na fila
2021-04-02 04:09:17,251 - HASHTAG --> =======================================================

2021-04-02 04:09:22,283 - HASHTAG --> ----------------------------------------
2021-04-02 04:09:22,283 - HASHTAG --> > STARTING PHILOBOT < '
2021-04-02 04:09:22,283 - HASHTAG --> ----------------------------------------
2021-04-02 04:09:22,916 - HASHTAG --> [ETAPA 1] Status coletado: #TestePhilo 2F544061A7D0BE0F97F59D72
2021-04-02 04:12:43,245 - HASHTAG --> Bem-vindo!

2021-04-02 04:12:43,245 - HASHTAG --> Philosopher BOT por Caio Madeira e Rodrigo Carmo

2021-04-02 04:12:43,245 - HASHTAG --> >INICIANDO HASHTAG - EXTENSION<
2021-04-02 04:12:43,292 - HASHTAG --> HASHTAG Test ESCOLHIDA, INICIANDO #PHILOBOT
2021-04-02 04:12:57,035 - HASHTAG --> =============== NOVO TWEET ENCONTRADO ================
2021-04-02 04:12:57,035 - HASHTAG --> [LOG PARA DEBUG - PROBLEMA MARCAÇÃO ERRADA - TEMPORARIO]
2021-04-02 04:12:57,035 - HASHTAG --> ITENS NA LISTA:
2021-04-02 04:12:57,035 - HASHTAG --> ['TestePhiloBot']
2021-04-02 04:12:57,035 - HASHTAG --> Tweet ID: 1377881701972594692
2021-04-02 04:12:57,035 - HASHTAG --> Tweet USERNAME: TestePhiloBot
2021-04-02 04:12:57,035 - HASHTAG --> Adicionado na fila
2021-04-02 04:12:57,035 - HASHTAG --> =======================================================

2021-04-02 04:13:02,043 - HASHTAG --> ----------------------------------------
2021-04-02 04:13:02,043 - HASHTAG --> > STARTING PHILOBOT < '
2021-04-02 04:13:02,043 - HASHTAG --> ----------------------------------------
2021-04-02 04:13:02,662 - HASHTAG --> [ETAPA 1] Status coletado: #TestePhilo 49F74D58950369D6E83EC253
2021-04-02 04:13:02,662 - HASHTAG --> [ETAPA 3] Checando se é RT...
2021-04-02 04:14:51,529 - HASHTAG --> Bem-vindo!

2021-04-02 04:14:51,529 - HASHTAG --> Philosopher BOT por Caio Madeira e Rodrigo Carmo

2021-04-02 04:14:51,529 - HASHTAG --> >INICIANDO HASHTAG - EXTENSION<
2021-04-02 04:14:51,576 - HASHTAG --> HASHTAG Test ESCOLHIDA, INICIANDO #PHILOBOT
2021-04-02 04:15:05,284 - HASHTAG --> =============== NOVO TWEET ENCONTRADO ================
2021-04-02 04:15:05,284 - HASHTAG --> [LOG PARA DEBUG - PROBLEMA MARCAÇÃO ERRADA - TEMPORARIO]
2021-04-02 04:15:05,284 - HASHTAG --> ITENS NA LISTA:
2021-04-02 04:15:05,284 - HASHTAG --> ['TestePhiloBot']
2021-04-02 04:15:05,284 - HASHTAG --> Tweet ID: 1377882239904710657
2021-04-02 04:15:05,284 - HASHTAG --> Tweet USERNAME: TestePhiloBot
2021-04-02 04:15:05,284 - HASHTAG --> Adicionado na fila
2021-04-02 04:15:05,284 - HASHTAG --> =======================================================

2021-04-02 04:15:10,293 - HASHTAG --> ----------------------------------------
2021-04-02 04:15:10,293 - HASHTAG --> > STARTING PHILOBOT < '
2021-04-02 04:15:10,293 - HASHTAG --> ----------------------------------------
2021-04-02 04:15:10,911 - HASHTAG --> [ETAPA 1] Status coletado: #TestePhilo F9AA4717BD9134B651FF74CC
2021-04-02 04:15:10,911 - HASHTAG --> [ETAPA 3] Checando se é RT...
2021-04-02 04:15:10,911 - HASHTAG --> Nenhum RT Encontrado. Passando...
2021-04-02 04:15:10,911 - HASHTAG --> Saindo da CHECK RT SAFE
2021-04-02 04:34:12,519 - HASHTAG --> Bem-vindo!

2021-04-02 04:34:12,519 - HASHTAG --> Philosopher BOT por Caio Madeira e Rodrigo Carmo

2021-04-02 04:34:12,519 - HASHTAG --> >INICIANDO HASHTAG - EXTENSION<
2021-04-02 04:34:12,559 - HASHTAG --> HASHTAG Test ESCOLHIDA, INICIANDO #PHILOBOT
2021-04-02 04:34:26,259 - HASHTAG --> =============== NOVO TWEET ENCONTRADO ================
2021-04-02 04:34:26,259 - HASHTAG --> [LOG PARA DEBUG - PROBLEMA MARCAÇÃO ERRADA - TEMPORARIO]
2021-04-02 04:34:26,259 - HASHTAG --> ITENS NA LISTA:
2021-04-02 04:34:26,259 - HASHTAG --> ['TestePhiloBot']
2021-04-02 04:34:26,259 - HASHTAG --> Tweet ID: 1377887109516771328
2021-04-02 04:34:26,259 - HASHTAG --> Tweet USERNAME: TestePhiloBot
2021-04-02 04:34:26,259 - HASHTAG --> Adicionado na fila
2021-04-02 04:34:26,259 - HASHTAG --> =======================================================

2021-04-02 04:34:31,279 - HASHTAG --> ----------------------------------------
2021-04-02 04:34:31,279 - HASHTAG --> > STARTING PHILOBOT < '
2021-04-02 04:34:31,279 - HASHTAG --> ----------------------------------------
2021-04-02 04:34:31,898 - HASHTAG --> [ETAPA 1] Status coletado: #TestePhilo D3024E488C85B94DC2D93F54
2021-04-02 04:34:31,898 - HASHTAG --> [ETAPA 3] Checando se é RT...
2021-04-02 04:34:31,898 - HASHTAG --> Nenhum RT Encontrado. Passando...
2021-04-02 04:34:31,898 - HASHTAG --> Saindo da CHECK RT SAFE
2021-04-02 04:39:10,185 - HASHTAG --> Bem-vindo!

2021-04-02 04:39:10,185 - HASHTAG --> Philosopher BOT por Caio Madeira e Rodrigo Carmo

2021-04-02 04:39:10,185 - HASHTAG --> >INICIANDO HASHTAG - EXTENSION<
2021-04-02 04:39:10,234 - HASHTAG --> HASHTAG Test ESCOLHIDA, INICIANDO #PHILOBOT
2021-04-02 04:39:23,934 - HASHTAG --> =============== NOVO TWEET ENCONTRADO ================
2021-04-02 04:39:23,934 - HASHTAG --> [LOG PARA DEBUG - PROBLEMA MARCAÇÃO ERRADA - TEMPORARIO]
2021-04-02 04:39:23,934 - HASHTAG --> ITENS NA LISTA:
2021-04-02 04:39:23,934 - HASHTAG --> ['TestePhiloBot']
2021-04-02 04:39:23,934 - HASHTAG --> Tweet ID: 1377888358047825922
2021-04-02 04:39:23,934 - HASHTAG --> Tweet USERNAME: TestePhiloBot
2021-04-02 04:39:23,934 - HASHTAG --> Adicionado na fila
2021-04-02 04:39:23,934 - HASHTAG --> =======================================================

2021-04-02 04:39:28,945 - HASHTAG --> ----------------------------------------
2021-04-02 04:39:28,945 - HASHTAG --> > STARTING PHILOBOT < '
2021-04-02 04:39:28,945 - HASHTAG --> ----------------------------------------
2021-04-02 04:39:29,585 - HASHTAG --> [ETAPA 1] Status coletado: #TestePhilo B9054E8CAC9A5B51774616F2
2021-04-02 04:39:29,585 - HASHTAG --> [ETAPA 3] Checando se é RT...
2021-04-02 04:39:29,585 - HASHTAG --> Nenhum RT Encontrado. Passando...
2021-04-02 04:39:29,585 - HASHTAG --> Saindo da CHECK RT SAFE
2021-04-02 05:13:08,104 - HASHTAG --> Bem-vindo!

2021-04-02 05:13:08,104 - HASHTAG --> Philosopher BOT por Caio Madeira e Rodrigo Carmo

2021-04-02 05:13:08,104 - HASHTAG --> >INICIANDO HASHTAG - EXTENSION<
2021-04-02 05:13:08,775 - HASHTAG --> HASHTAG Test ESCOLHIDA, INICIANDO #PHILOBOT
2021-04-02 05:13:22,579 - HASHTAG --> =============== NOVO TWEET ENCONTRADO ================
2021-04-02 05:13:22,579 - HASHTAG --> [LOG PARA DEBUG - PROBLEMA MARCAÇÃO ERRADA - TEMPORARIO]
2021-04-02 05:13:22,579 - HASHTAG --> ITENS NA LISTA:
2021-04-02 05:13:22,579 - HASHTAG --> ['TestePhiloBot']
2021-04-02 05:13:22,579 - HASHTAG --> Tweet ID: 1377896908702765060
2021-04-02 05:13:22,579 - HASHTAG --> Tweet USERNAME: TestePhiloBot
2021-04-02 05:13:22,579 - HASHTAG --> Adicionado na fila
2021-04-02 05:13:22,579 - HASHTAG --> =======================================================

2021-04-02 05:13:27,586 - HASHTAG --> ----------------------------------------
2021-04-02 05:13:27,586 - HASHTAG --> > STARTING PHILOBOT < '
2021-04-02 05:13:27,586 - HASHTAG --> ----------------------------------------
2021-04-02 05:13:28,189 - HASHTAG --> [ETAPA 1] Status coletado: #TestePhilo 16CD438583EFC0B51E10D7AD
2021-04-02 05:13:28,189 - HASHTAG --> [ETAPA 3] Checando se é RT...
2021-04-02 05:13:28,189 - HASHTAG --> Nenhum RT Encontrado. Passando...
2021-04-02 05:13:28,189 - HASHTAG --> Saindo da CHECK RT SAFE
2021-04-02 05:14:30,852 - HASHTAG --> Bem-vindo!

2021-04-02 05:14:30,852 - HASHTAG --> Philosopher BOT por Caio Madeira e Rodrigo Carmo

2021-04-02 05:14:30,852 - HASHTAG --> >INICIANDO HASHTAG - EXTENSION<
2021-04-02 05:14:30,968 - HASHTAG --> HASHTAG Test ESCOLHIDA, INICIANDO #PHILOBOT
2021-04-02 05:14:44,741 - HASHTAG --> =============== NOVO TWEET ENCONTRADO ================
2021-04-02 05:14:44,741 - HASHTAG --> [LOG PARA DEBUG - PROBLEMA MARCAÇÃO ERRADA - TEMPORARIO]
2021-04-02 05:14:44,741 - HASHTAG --> ITENS NA LISTA:
2021-04-02 05:14:44,741 - HASHTAG --> ['TestePhiloBot']
2021-04-02 05:14:44,741 - HASHTAG --> Tweet ID: 1377897253365514240
2021-04-02 05:14:44,741 - HASHTAG --> Tweet USERNAME: TestePhiloBot
2021-04-02 05:14:44,741 - HASHTAG --> Adicionado na fila
2021-04-02 05:14:44,741 - HASHTAG --> =======================================================

2021-04-02 05:14:49,765 - HASHTAG --> ----------------------------------------
2021-04-02 05:14:49,765 - HASHTAG --> > STARTING PHILOBOT < '
2021-04-02 05:14:49,765 - HASHTAG --> ----------------------------------------
2021-04-02 05:14:50,405 - HASHTAG --> [ETAPA 1] Status coletado: #TestePhilo 57FF42D5AC13758A24EA77DB
2021-04-02 05:14:50,405 - HASHTAG --> [ETAPA 3] Checando se é RT...
2021-04-02 05:14:50,405 - HASHTAG --> Nenhum RT Encontrado. Passando...
2021-04-02 05:14:50,405 - HASHTAG --> Saindo da CHECK RT SAFE
2021-04-02 05:23:50,750 - HASHTAG --> Bem-vindo!

2021-04-02 05:23:50,750 - HASHTAG --> Philosopher BOT por Caio Madeira e Rodrigo Carmo

2021-04-02 05:23:50,750 - HASHTAG --> >INICIANDO HASHTAG - EXTENSION<
2021-04-02 05:24:13,971 - HASHTAG --> Bem-vindo!

2021-04-02 05:24:13,971 - HASHTAG --> Philosopher BOT por Caio Madeira e Rodrigo Carmo

2021-04-02 05:24:13,971 - HASHTAG --> >INICIANDO HASHTAG - EXTENSION<
2021-04-02 05:26:13,955 - HASHTAG --> Bem-vindo!

2021-04-02 05:26:13,955 - HASHTAG --> Philosopher BOT por Caio Madeira e Rodrigo Carmo

2021-04-02 05:26:13,955 - HASHTAG --> >INICIANDO HASHTAG - EXTENSION<
2021-04-02 05:31:47,766 - HASHTAG --> Bem-vindo!

2021-04-02 05:31:47,766 - HASHTAG --> Philosopher BOT por Caio Madeira e Rodrigo Carmo

2021-04-02 05:31:47,766 - HASHTAG --> >INICIANDO HASHTAG - EXTENSION<
2021-04-02 05:37:05,462 - HASHTAG --> Bem-vindo!

2021-04-02 05:37:05,462 - HASHTAG --> Philosopher BOT por Caio Madeira e Rodrigo Carmo

2021-04-02 05:37:05,462 - HASHTAG --> >INICIANDO HASHTAG - EXTENSION<
2021-04-02 05:37:05,509 - HASHTAG --> HASHTAG Test ESCOLHIDA, INICIANDO #PHILOBOT
2021-04-02 05:37:19,339 - HASHTAG --> =============== NOVO TWEET ENCONTRADO ================
2021-04-02 05:37:19,339 - HASHTAG --> [LOG PARA DEBUG - PROBLEMA MARCAÇÃO ERRADA - TEMPORARIO]
2021-04-02 05:37:19,339 - HASHTAG --> ITENS NA LISTA:
2021-04-02 05:37:19,339 - HASHTAG --> ['TestePhiloBot']
2021-04-02 05:37:19,339 - HASHTAG --> Tweet ID: 1377902935024271361
2021-04-02 05:37:19,339 - HASHTAG --> Tweet USERNAME: TestePhiloBot
2021-04-02 05:37:19,339 - HASHTAG --> Adicionado na fila
2021-04-02 05:37:19,339 - HASHTAG --> =======================================================

2021-04-02 05:37:24,341 - HASHTAG --> ----------------------------------------
2021-04-02 05:37:24,341 - HASHTAG --> > STARTING PHILOBOT < '
2021-04-02 05:37:24,341 - HASHTAG --> ----------------------------------------
2021-04-02 05:37:24,975 - HASHTAG --> [ETAPA 1] Status coletado: #TestePhilo 34AE420A868CB16F58E9D1F8
2021-04-02 05:37:24,975 - HASHTAG --> [ETAPA 3] Checando se é RT...
2021-04-02 05:37:24,975 - HASHTAG --> Nenhum RT Encontrado. Passando...
2021-04-02 05:37:24,975 - HASHTAG --> Saindo da CHECK RT SAFE
2021-04-02 05:46:30,243 - HASHTAG --> Bem-vindo!

2021-04-02 05:46:30,243 - HASHTAG --> Philosopher BOT por Caio Madeira e Rodrigo Carmo

2021-04-02 05:46:30,243 - HASHTAG --> >INICIANDO HASHTAG - EXTENSION<
2021-04-02 05:48:50,388 - HASHTAG --> Bem-vindo!

2021-04-02 05:48:50,388 - HASHTAG --> Philosopher BOT por Caio Madeira e Rodrigo Carmo

2021-04-02 05:48:50,388 - HASHTAG --> >INICIANDO HASHTAG - EXTENSION<
2021-04-02 05:49:46,666 - HASHTAG --> Bem-vindo!

2021-04-02 05:49:46,666 - HASHTAG --> Philosopher BOT por Caio Madeira e Rodrigo Carmo

2021-04-02 05:49:46,666 - HASHTAG --> >INICIANDO HASHTAG - EXTENSION<
2021-04-02 05:55:03,140 - HASHTAG --> Bem-vindo!

2021-04-02 05:55:03,140 - HASHTAG --> Philosopher BOT por Caio Madeira e Rodrigo Carmo

2021-04-02 05:55:03,140 - HASHTAG --> >INICIANDO HASHTAG - EXTENSION<
2021-04-02 05:55:19,653 - HASHTAG --> Bem-vindo!

2021-04-02 05:55:19,653 - HASHTAG --> Philosopher BOT por Caio Madeira e Rodrigo Carmo

2021-04-02 05:55:19,653 - HASHTAG --> >INICIANDO HASHTAG - EXTENSION<
2021-04-02 05:59:01,566 - HASHTAG --> Bem-vindo!

2021-04-02 05:59:01,566 - HASHTAG --> Philosopher BOT por Caio Madeira e Rodrigo Carmo

2021-04-02 05:59:01,566 - HASHTAG --> >INICIANDO HASHTAG - EXTENSION<
2021-04-02 06:00:37,995 - HASHTAG --> Bem-vindo!

2021-04-02 06:00:37,995 - HASHTAG --> Philosopher BOT por Caio Madeira e Rodrigo Carmo

2021-04-02 06:00:37,995 - HASHTAG --> >INICIANDO HASHTAG - EXTENSION<
2021-04-02 06:00:38,280 - HASHTAG --> HASHTAG Test ESCOLHIDA, INICIANDO #PHILOBOT
2021-04-02 06:00:52,019 - HASHTAG --> =============== NOVO TWEET ENCONTRADO ================
2021-04-02 06:00:52,019 - HASHTAG --> [LOG PARA DEBUG - PROBLEMA MARCAÇÃO ERRADA - TEMPORARIO]
2021-04-02 06:00:52,019 - HASHTAG --> ITENS NA LISTA:
2021-04-02 06:00:52,019 - HASHTAG --> ['TestePhiloBot']
2021-04-02 06:00:52,019 - HASHTAG --> Tweet ID: 1377908860267139077
2021-04-02 06:00:52,019 - HASHTAG --> Tweet USERNAME: TestePhiloBot
2021-04-02 06:00:52,019 - HASHTAG --> Adicionado na fila
2021-04-02 06:00:52,019 - HASHTAG --> =======================================================

2021-04-02 06:00:57,039 - HASHTAG --> ----------------------------------------
2021-04-02 06:00:57,039 - HASHTAG --> > STARTING PHILOBOT < '
2021-04-02 06:00:57,039 - HASHTAG --> ----------------------------------------
2021-04-02 06:00:57,890 - HASHTAG --> [ETAPA 1] Status coletado: #TestePhilo 8FFB4A5C8F4C750947192952
2021-04-02 06:00:57,890 - HASHTAG --> [ETAPA 3] Checando se é RT...
2021-04-02 06:00:57,890 - HASHTAG --> Nenhum RT Encontrado. Passando...
2021-04-02 06:00:57,890 - HASHTAG --> Saindo da CHECK RT SAFE
2021-04-02 06:00:57,890 - HASHTAG --> [ETAPA 2] Status - marcações retiradas: 
2021-04-02 06:00:57,990 - HASHTAG --> [ETAPA 4] Checando string vazia...
