2021-03-31 23:51:11,171 - HASHTAG --> Bem-vindo!

2021-03-31 23:51:11,171 - HASHTAG --> Philosopher BOT por Caio Madeira e Rodrigo Carmo

2021-03-31 23:51:11,171 - HASHTAG --> >INICIANDO HASHTAG - EXTENSION<
2021-03-31 23:51:11,936 - HASHTAG --> HASHTAG Test ESCOLHIDA, INICIANDO #PHILOBOT
2021-03-31 23:51:23,684 - HASHTAG --> =============== NOVO TWEET ENCONTRADO ================
2021-03-31 23:51:23,734 - HASHTAG --> [LOG PARA DEBUG - PROBLEMA MARCAÇÃO ERRADA - TEMPORARIO]
2021-03-31 23:51:23,734 - HASHTAG --> ITENS NA LISTA:
2021-03-31 23:51:23,734 - HASHTAG --> ['TestePhiloBot']
2021-03-31 23:51:23,734 - HASHTAG --> Tweet ID: 1377453490147106816
2021-03-31 23:51:23,734 - HASHTAG --> Tweet USERNAME: TestePhiloBot
2021-03-31 23:51:23,734 - HASHTAG --> Adicionado na fila
2021-03-31 23:51:23,734 - HASHTAG --> =======================================================

2021-03-31 23:53:58,325 - HASHTAG --> Bem-vindo!

2021-03-31 23:53:58,325 - HASHTAG --> Philosopher BOT por Caio Madeira e Rodrigo Carmo

2021-03-31 23:53:58,325 - HASHTAG --> >INICIANDO HASHTAG - EXTENSION<
2021-03-31 23:53:58,356 - HASHTAG --> HASHTAG Test ESCOLHIDA, INICIANDO #PHILOBOT
2021-03-31 23:54:09,717 - HASHTAG --> =============== NOVO TWEET ENCONTRADO ================
2021-03-31 23:54:09,717 - HASHTAG --> [LOG PARA DEBUG - PROBLEMA MARCAÇÃO ERRADA - TEMPORARIO]
2021-03-31 23:54:09,717 - HASHTAG --> ITENS NA LISTA:
2021-03-31 23:54:09,717 - HASHTAG --> ['TestePhiloBot']
2021-03-31 23:54:09,717 - HASHTAG --> Tweet ID: 1377454186560901123
2021-03-31 23:54:09,717 - HASHTAG --> Tweet USERNAME: TestePhiloBot
2021-03-31 23:54:09,717 - HASHTAG --> Adicionado na fila
2021-03-31 23:54:09,717 - HASHTAG --> =======================================================

2021-03-31 23:54:14,739 - PHILOBOT --> ----------------------------------------
2021-03-31 23:54:14,739 - PHILOBOT -->          > STARTING PHILOBOT < 
2021-03-31 23:54:14,739 - PHILOBOT --> ----------------------------------------
2021-03-31 23:54:14,739 - PHILOBOT --> ID Coletado: 1377454186560901123
