2021-09-02 00:50:53,950 - HASHTAG --> AAA
2021-09-02 12:42:16,451 - HASHTAG --> =============== NOVO TWEET ENCONTRADO ================
2021-09-02 12:42:16,452 - HASHTAG --> Tweet ID: 1433455219501936648
2021-09-02 12:42:16,452 - HASHTAG --> Tweet USERNAME: SysCat_13
2021-09-02 12:42:16,452 - HASHTAG --> Adicionado na fila
2021-09-02 12:42:16,452 - HASHTAG --> =======================================================

2021-09-02 12:42:21,462 - PHILOBOT --> ----------------------------------------
2021-09-02 12:42:21,462 - PHILOBOT -->          > STARTING PHILOBOT < 
2021-09-02 12:42:21,462 - PHILOBOT --> ----------------------------------------
2021-09-02 12:42:21,462 - PHILOBOT --> ID Coletado: 1433455219501936648
2021-09-02 12:42:22,133 - PHILOBOT --> [ETAPA 1] Status coletado: #Testephilo AAAAAAAAAAAAAAAAAAAA
2021-09-02 12:42:22,133 - PHILOBOT --> [ETAPA 3] Checando se é RT...
2021-09-02 12:42:22,133 - PHILOBOT --> [ETAPA 2] Status - marcações retiradas: #Testephilo AAAAAAAAAAAAAAAAAAAA
2021-09-02 12:42:24,163 - PHILOBOT --> [ETAPA 4] Checando string vazia...
2021-09-02 12:42:26,221 - PHILOBOT --> [ETAPA 4] Configurando imagem...
2021-09-02 12:42:26,222 - PHILOBOT --> [ETAPA 4.1] Imagem do filósofo escolhida: Luiz Inácio Lula da Silva.png
2021-09-02 12:42:26,222 - PHILOBOT --> [ETAPA 4.2] Nenhum lixo no nome da imagem encontrado. Prosseguindo normalmente...
2021-09-02 12:42:26,222 - PHILOBOT --> [ETAPA 4.3] Nome do filósofo tratado: - Luiz Inácio Lula da Silva
2021-09-02 12:42:26,243 - PHILOBOT --> [ETAPA 5] Verificando aspas...
2021-09-02 12:42:26,244 - PHILOBOT --> [ETAPA 6] Tweet MENOR que 25 caracteres, ajustando texto...
2021-09-02 12:42:28,033 - PHILOBOT --> [+] - IMAGEM ENVIADA!
2021-09-02 12:42:31,039 - PHILOBOT --> Finalizado, ID tratado: 1433455219501936648
2021-09-02 12:42:31,039 - PHILOBOT --> Itens restantes: 0
2021-09-02 12:42:31,039 - PHILOBOT --> TWEET TRATADO COM SUCESSO
2021-09-02 12:42:31,039 - PHILOBOT --> ----------------------------------------

2021-09-02 12:42:31,039 - PHILOBOT --> [LIMPANDO LISTAS E MEMÓRIAS...]
2021-09-02 12:42:31,039 - PHILOBOT --> Limpeza realizada com sucesso!
2021-09-02 12:42:31,039 - PHILOBOT --> Esperando 20 segundos...

2021-09-02 12:42:51,043 - PHILOBOT --> >AGUARDANDO NOVOS TWEETS...<
2021-09-02 12:42:59,107 - PHILOBOT --> =============== NOVO TWEET ENCONTRADO ================
2021-09-02 12:42:59,108 - PHILOBOT --> Tweet ID: 1433455398317699073
2021-09-02 12:42:59,108 - PHILOBOT --> Tweet USERNAME: SysCat_13
2021-09-02 12:42:59,108 - PHILOBOT --> Adicionado na fila
2021-09-02 12:42:59,108 - PHILOBOT --> =======================================================

2021-09-02 12:43:04,122 - PHILOBOT --> ----------------------------------------
2021-09-02 12:43:04,122 - PHILOBOT -->          > STARTING PHILOBOT < 
2021-09-02 12:43:04,122 - PHILOBOT --> ----------------------------------------
2021-09-02 12:43:04,122 - PHILOBOT --> ID Coletado: 1433455398317699073
2021-09-02 12:43:04,763 - PHILOBOT --> [X] - ERRO: FALHA NA PEGA DO ID - TWEET DELETADO
2021-09-02 12:43:04,764 - PHILOBOT --> [{'code': 144, 'message': 'No status found with that ID.'}]
2021-09-02 12:43:04,764 - PHILOBOT --> ----------------------------------------

2021-09-02 12:43:04,764 - PHILOBOT --> >AGUARDANDO NOVOS TWEETS...<
2021-09-02 12:43:30,657 - PHILOBOT --> =============== NOVO TWEET ENCONTRADO ================
2021-09-02 12:43:30,657 - PHILOBOT --> Tweet ID: 1433455530639507456
2021-09-02 12:43:30,657 - PHILOBOT --> Tweet USERNAME: SysCat_13
2021-09-02 12:43:30,657 - PHILOBOT --> Adicionado na fila
2021-09-02 12:43:30,657 - PHILOBOT --> =======================================================

2021-09-02 12:43:35,671 - PHILOBOT --> ----------------------------------------
2021-09-02 12:43:35,671 - PHILOBOT -->          > STARTING PHILOBOT < 
2021-09-02 12:43:35,671 - PHILOBOT --> ----------------------------------------
2021-09-02 12:43:35,671 - PHILOBOT --> ID Coletado: 1433455530639507456
2021-09-02 12:43:36,207 - PHILOBOT --> [ETAPA 1] Status coletado: RT @SysCat_13: #Testephilo AAAAAAAAAAAAAAAAAAAA
2021-09-02 12:43:36,207 - PHILOBOT --> [ETAPA 3] Checando se é RT...
2021-09-02 12:43:36,207 - PHILOBOT --> [ETAPA 2] Status - marcações retiradas: RT  #Testephilo AAAAAAAAAAAAAAAAAAAA
2021-09-02 12:43:38,217 - PHILOBOT --> [ETAPA 4] Checando string vazia...
2021-09-02 12:43:40,270 - PHILOBOT --> [ETAPA 4] Configurando imagem...
2021-09-02 12:43:40,271 - PHILOBOT --> [ETAPA 4.1] Imagem do filósofo escolhida: Friedrich W. Nietzsche.png
2021-09-02 12:43:40,271 - PHILOBOT --> [ETAPA 4.2] Nenhum lixo no nome da imagem encontrado. Prosseguindo normalmente...
2021-09-02 12:43:40,271 - PHILOBOT --> [ETAPA 4.3] Nome do filósofo tratado: - Friedrich W. Nietzsche
2021-09-02 12:43:40,286 - PHILOBOT --> [ETAPA 5] Verificando aspas...
2021-09-02 12:43:40,286 - PHILOBOT --> [ETAPA 6] Tweet MENOR que 25 caracteres, ajustando texto...
2021-09-02 12:43:42,316 - PHILOBOT --> [+] - IMAGEM ENVIADA!
2021-09-02 12:43:45,320 - PHILOBOT --> Finalizado, ID tratado: 1433455530639507456
2021-09-02 12:43:45,320 - PHILOBOT --> Itens restantes: 0
2021-09-02 12:43:45,320 - PHILOBOT --> TWEET TRATADO COM SUCESSO
2021-09-02 12:43:45,320 - PHILOBOT --> ----------------------------------------

2021-09-02 12:43:45,320 - PHILOBOT --> [LIMPANDO LISTAS E MEMÓRIAS...]
2021-09-02 12:43:45,320 - PHILOBOT --> Limpeza realizada com sucesso!
2021-09-02 12:43:45,320 - PHILOBOT --> Esperando 20 segundos...

2021-09-02 12:44:05,333 - PHILOBOT --> >AGUARDANDO NOVOS TWEETS...<
2021-09-02 13:19:44,607 - PHILOBOT --> =============== NOVO TWEET ENCONTRADO ================
2021-09-02 13:19:44,608 - PHILOBOT --> Tweet ID: 1433464649035534336
2021-09-02 13:19:44,608 - PHILOBOT --> Tweet USERNAME: SysCat_13
2021-09-02 13:19:44,608 - PHILOBOT --> Adicionado na fila
2021-09-02 13:19:44,608 - PHILOBOT --> =======================================================

2021-09-02 13:19:49,608 - PHILOBOT --> ----------------------------------------
2021-09-02 13:19:49,608 - PHILOBOT -->          > STARTING PHILOBOT < 
2021-09-02 13:19:49,608 - PHILOBOT --> ----------------------------------------
2021-09-02 13:19:49,608 - PHILOBOT --> ID Coletado: 1433464649035534336
2021-09-02 13:19:50,254 - PHILOBOT --> [ETAPA 1] Status coletado: RT @SysCat_13: #Testephilo meu giru
2021-09-02 13:19:50,254 - PHILOBOT --> [ETAPA 3] Checando se é RT...
2021-09-02 13:19:50,254 - PHILOBOT --> RETWEET ENCONTRADO, IGNORANDO... - USER: SysCat_13
2021-09-02 13:19:50,254 - PHILOBOT --> ----------------------------------------

2021-09-02 13:19:50,254 - PHILOBOT --> >AGUARDANDO NOVOS TWEETS...<
2021-09-02 13:32:51,427 - PHILOBOT --> =============== NOVO TWEET ENCONTRADO ================
2021-09-02 13:32:51,428 - PHILOBOT --> Tweet ID: 1433467949197795328
2021-09-02 13:32:51,428 - PHILOBOT --> Tweet USERNAME: SysCat_13
2021-09-02 13:32:51,428 - PHILOBOT --> Adicionado na fila
2021-09-02 13:32:51,428 - PHILOBOT --> =======================================================

2021-09-02 13:32:56,434 - PHILOBOT --> ----------------------------------------
2021-09-02 13:32:56,434 - PHILOBOT -->          > STARTING PHILOBOT < 
2021-09-02 13:32:56,434 - PHILOBOT --> ----------------------------------------
2021-09-02 13:32:56,434 - PHILOBOT --> ID Coletado: 1433467949197795328
2021-09-02 13:32:57,111 - PHILOBOT --> [ETAPA 1] Status coletado: RT @SysCat_13: #Testephilo AAAAAAAAAAAAAAAAAAAA
2021-09-02 13:32:57,111 - PHILOBOT --> [ETAPA 3] Checando se é RT...
2021-09-02 13:32:57,111 - PHILOBOT --> RETWEET ENCONTRADO, IGNORANDO... - USER: SysCat_13
2021-09-02 13:32:57,111 - PHILOBOT --> ----------------------------------------

2021-09-02 13:32:57,111 - PHILOBOT --> >AGUARDANDO NOVOS TWEETS...<
2021-09-02 13:37:58,680 - PHILOBOT --> =============== NOVO TWEET ENCONTRADO ================
2021-09-02 13:37:58,680 - PHILOBOT --> Tweet ID: 1433469237830602752
2021-09-02 13:37:58,680 - PHILOBOT --> Tweet USERNAME: SysCat_13
2021-09-02 13:37:58,680 - PHILOBOT --> Adicionado na fila
2021-09-02 13:37:58,680 - PHILOBOT --> =======================================================

2021-09-02 13:38:03,681 - PHILOBOT --> ----------------------------------------
2021-09-02 13:38:03,681 - PHILOBOT -->          > STARTING PHILOBOT < 
2021-09-02 13:38:03,681 - PHILOBOT --> ----------------------------------------
2021-09-02 13:38:03,681 - PHILOBOT --> ID Coletado: 1433469237830602752
2021-09-02 13:38:04,387 - PHILOBOT --> [ETAPA 1] Status coletado: RT @SysCat_13: #Testephilo AAAAAAAAAAAAAAAAAAAA
2021-09-02 13:38:04,387 - PHILOBOT --> [ETAPA 3] Checando se é RT...
2021-09-02 13:38:04,387 - PHILOBOT --> RETWEET ENCONTRADO, IGNORANDO... - USER: SysCat_13
2021-09-02 13:38:04,387 - PHILOBOT --> ----------------------------------------

2021-09-02 13:38:04,388 - PHILOBOT --> >AGUARDANDO NOVOS TWEETS...<
2021-09-02 13:38:16,369 - PHILOBOT --> =============== NOVO TWEET ENCONTRADO ================
2021-09-02 13:38:16,370 - PHILOBOT --> Tweet ID: 1433469312069668876
2021-09-02 13:38:16,370 - PHILOBOT --> Tweet USERNAME: SysCat_13
2021-09-02 13:38:16,370 - PHILOBOT --> Adicionado na fila
2021-09-02 13:38:16,370 - PHILOBOT --> =======================================================

2021-09-02 13:38:21,380 - PHILOBOT --> ----------------------------------------
2021-09-02 13:38:21,380 - PHILOBOT -->          > STARTING PHILOBOT < 
2021-09-02 13:38:21,380 - PHILOBOT --> ----------------------------------------
2021-09-02 13:38:21,380 - PHILOBOT --> ID Coletado: 1433469312069668876
2021-09-02 13:38:22,058 - PHILOBOT --> [ETAPA 1] Status coletado: RT @SysCat_13: #Testephilo meu giru
2021-09-02 13:38:22,058 - PHILOBOT --> [ETAPA 3] Checando se é RT...
2021-09-02 13:38:22,058 - PHILOBOT --> RETWEET ENCONTRADO, IGNORANDO... - USER: SysCat_13
2021-09-02 13:38:22,058 - PHILOBOT --> ----------------------------------------

2021-09-02 13:38:22,058 - PHILOBOT --> >AGUARDANDO NOVOS TWEETS...<
2021-09-02 13:38:31,770 - PHILOBOT --> =============== NOVO TWEET ENCONTRADO ================
2021-09-02 13:38:31,770 - PHILOBOT --> Tweet ID: 1433469376674648064
2021-09-02 13:38:31,770 - PHILOBOT --> Tweet USERNAME: SysCat_13
2021-09-02 13:38:31,770 - PHILOBOT --> Adicionado na fila
2021-09-02 13:38:31,770 - PHILOBOT --> =======================================================

2021-09-02 13:38:36,779 - PHILOBOT --> ----------------------------------------
2021-09-02 13:38:36,779 - PHILOBOT -->          > STARTING PHILOBOT < 
2021-09-02 13:38:36,779 - PHILOBOT --> ----------------------------------------
2021-09-02 13:38:36,779 - PHILOBOT --> ID Coletado: 1433469376674648064
2021-09-02 13:38:37,408 - PHILOBOT --> [ETAPA 1] Status coletado: RT @SysCat_13: #Testephilo 111111333333
2021-09-02 13:38:37,408 - PHILOBOT --> [ETAPA 3] Checando se é RT...
2021-09-02 13:38:37,408 - PHILOBOT --> RETWEET ENCONTRADO, IGNORANDO... - USER: SysCat_13
2021-09-02 13:38:37,408 - PHILOBOT --> ----------------------------------------

2021-09-02 13:38:37,408 - PHILOBOT --> >AGUARDANDO NOVOS TWEETS...<
2021-09-02 19:44:59,475 - HASHTAG --> Bem-vindo!

2021-09-02 19:44:59,475 - HASHTAG --> Philosopher BOT por Caio Madeira e Rodrigo Carmo

2021-09-02 19:44:59,475 - HASHTAG --> >INICIANDO HASHTAG - EXTENSION<
2021-09-02 19:44:59,557 - HASHTAG --> HASHTAG EXTENSION ESCOLHIDA, INICIANDO #PHILOBOT E #PHILOMAKER...
2021-09-02 19:47:42,175 - HASHTAG --> Bem-vindo!

2021-09-02 19:47:42,175 - HASHTAG --> Philosopher BOT por Caio Madeira e Rodrigo Carmo

2021-09-02 19:47:42,175 - HASHTAG --> >INICIANDO HASHTAG - EXTENSION<
2021-09-02 19:47:42,199 - HASHTAG --> HASHTAG EXTENSION ESCOLHIDA, INICIANDO #PHILOBOT E #PHILOMAKER...
2021-09-02 20:12:56,832 - HASHTAG --> =============== NOVO TWEET ENCONTRADO ================
2021-09-02 20:12:56,832 - HASHTAG --> Tweet ID: 1433568636699086851
2021-09-02 20:12:56,832 - HASHTAG --> Tweet USERNAME: SysCat_13
2021-09-02 20:12:56,832 - HASHTAG --> Adicionado na fila
2021-09-02 20:12:56,833 - HASHTAG --> =======================================================

