2021-09-01 23:02:34,880 - HASHTAG --> AAA
2021-09-01 23:02:39,884 - HASHTAG --> AAA
2021-09-01 23:23:53,696 - HASHTAG --> AAA
2021-09-01 23:23:58,708 - HASHTAG --> AAA
2021-09-01 23:25:04,789 - HASHTAG --> AAA
2021-09-01 23:25:09,801 - HASHTAG --> AAA
2021-09-01 23:26:44,541 - HASHTAG --> AAA
2021-09-01 23:26:49,548 - HASHTAG --> AAA
2021-09-01 23:33:53,834 - HASHTAG --> AAA
2021-09-01 23:34:16,832 - HASHTAG --> AAA
2021-09-01 23:35:29,498 - HASHTAG --> AAA
2021-09-01 23:37:12,517 - HASHTAG --> AAA
2021-09-01 23:38:06,943 - HASHTAG --> AAA
2021-09-01 23:42:29,218 - HASHTAG --> AAA
2021-09-01 23:42:50,462 - HASHTAG --> =============== NOVO TWEET ENCONTRADO ================
2021-09-01 23:42:50,465 - HASHTAG --> [LOG PARA DEBUG - PROBLEMA MARCAÇÃO ERRADA - TEMPORARIO]
2021-09-01 23:42:50,465 - HASHTAG --> ITENS NA LISTA:
2021-09-01 23:42:50,465 - HASHTAG --> ['SysCat_13']
2021-09-01 23:42:50,465 - HASHTAG --> Tweet ID: 1433259070962741249
2021-09-01 23:42:50,465 - HASHTAG --> Tweet USERNAME: SysCat_13
2021-09-01 23:42:50,465 - HASHTAG --> Adicionado na fila
2021-09-01 23:42:50,465 - HASHTAG --> =======================================================

2021-09-01 23:42:55,477 - PHILOBOT --> ----------------------------------------
2021-09-01 23:42:55,477 - PHILOBOT -->          > STARTING PHILOBOT < 
2021-09-01 23:42:55,477 - PHILOBOT --> ----------------------------------------
2021-09-01 23:42:55,477 - PHILOBOT --> ID Coletado: 1433259070962741249
2021-09-01 23:42:56,140 - PHILOBOT --> [ETAPA 1] Status coletado: #Testephilo 111111333333
2021-09-01 23:42:56,140 - PHILOBOT --> [ETAPA 3] Checando se é RT...
2021-09-01 23:42:56,140 - PHILOBOT --> [ETAPA 2] Status - marcações retiradas: #Testephilo 111111333333
2021-09-01 23:42:58,170 - PHILOBOT --> [ETAPA 4] Checando string vazia...
2021-09-01 23:43:00,225 - PHILOBOT --> [ETAPA 4] Configurando imagem...
2021-09-01 23:43:00,226 - PHILOBOT --> [ETAPA 4.1] Imagem do filósofo escolhida: Nicolás Maduro.png
2021-09-01 23:43:00,226 - PHILOBOT --> [ETAPA 4.2] Nenhum lixo no nome da imagem encontrado. Prosseguindo normalmente...
2021-09-01 23:43:00,226 - PHILOBOT --> [ETAPA 4.3] Nome do filósofo tratado: - Nicolás Maduro
2021-09-01 23:43:00,250 - PHILOBOT --> [ETAPA 5] Verificando aspas...
2021-09-01 23:43:00,250 - PHILOBOT --> [ETAPA 6] Tweet MENOR que 25 caracteres, ajustando texto...
2021-09-01 23:43:02,022 - PHILOBOT --> IMAGEM ENVIADA!
2021-09-01 23:43:05,036 - PHILOBOT --> Finalizado, ID tratado: 1433259070962741249
2021-09-01 23:43:05,036 - PHILOBOT --> Itens restantes: 0
2021-09-01 23:43:05,036 - PHILOBOT --> TWEET TRATADO COM SUCESSO
2021-09-01 23:43:05,036 - PHILOBOT --> ----------------------------------------

2021-09-01 23:43:05,036 - PHILOBOT --> [LIMPANDO LISTAS E MEMÓRIAS...]
2021-09-01 23:43:05,036 - PHILOBOT --> Limpeza realizada com sucesso!
2021-09-01 23:43:05,036 - PHILOBOT --> Esperando 20 segundos...
2021-09-01 23:43:25,052 - PHILOBOT --> >AGUARDANDO NOVOS TWEETS...<
2021-09-01 23:43:25,052 - PHILOBOT --> [LOG PARA DEBUG - PROBLEMA MARCAÇÃO ERRADA - TEMPORARIO]
2021-09-01 23:43:25,052 - PHILOBOT --> ITENS NA LISTA:
2021-09-01 23:43:25,052 - PHILOBOT --> []
2021-09-01 23:44:42,763 - HASHTAG --> AAA
2021-09-01 23:54:19,485 - HASHTAG --> AAA
