2021-09-09 20:58:03,758 - PHILOWATCH --> [!] - Iniciando análise de logs...
2021-09-09 20:58:03,758 - PHILOWATCH --> [!] - Chamando funções...

2021-09-09 20:58:03,759 - PHILOWATCH --> C:\Users\rodri\Documents\GitHub\The-Philosopher-BOT\Logs\Twitter\logs_hashtag\INFO
2021-09-09 20:58:03,760 - PHILOWATCH --> [!] - Arquivo de log coletado: C:\Users\rodri\Documents\GitHub\The-Philosopher-BOT\Logs\Twitter\logs_hashtag\INFO\HASHTAG

2021-09-09 20:58:03,761 - PHILOWATCH --> ---------------------------------------------
2021-09-09 20:58:03,761 - PHILOWATCH --> [!] - Horário coletado no log para análise:
2021-09-09 20:58:03,761 - PHILOWATCH --> 2021-09-09 20:32:08.977000
2021-09-09 20:58:03,762 - PHILOWATCH --> ---------------------------------------------

2021-09-09 20:58:03,762 - PHILOWATCH --> ---------------------------------------------
2021-09-09 20:58:03,762 - PHILOWATCH --> [!] - Horário atual:
2021-09-09 20:58:03,762 - PHILOWATCH --> 2021-09-09 20:58:03.761062
2021-09-09 20:58:03,762 - PHILOWATCH --> ---------------------------------------------

2021-09-09 20:58:03,762 - PHILOWATCH --> ---------------------------------------------
2021-09-09 20:58:03,762 - PHILOWATCH --> [!] - Quanto o tempo o bot ficou sem postar: 
2021-09-09 20:58:03,762 - PHILOWATCH --> 0:25:54.784062
2021-09-09 20:58:03,762 - PHILOWATCH --> ---------------------------------------------

2021-09-09 20:58:03,763 - PHILOWATCH --> [!] - Função HASHTAG completou 30 minutos sem utilização
2021-09-09 20:58:03,763 - PHILOWATCH --> [!] - Enviando tweet de HEARTBEAT para verificar sinais vitais do bot...
2021-09-09 20:58:03,860 - PHILOWATCH --> PARAMS: {'status': b'#Testephilo HEARTBEAT bca98865ce738fc1a79a2db1bf1145d7'}
2021-09-09 20:58:03,860 - PHILOWATCH --> Signing request <PreparedRequest [POST]> using client <Client client_key=nHR1KTNmZjZtjw7SZGNqZV7wc, client_secret=****, resource_owner_key=1350818728649367552-Ma3M9Avmgfn6RCJeR4wqAzCLoZR1Eq, resource_owner_secret=****, signature_method=HMAC-SHA1, signature_type=AUTH_HEADER, callback_uri=None, rsa_key=None, verifier=None, realm=None, encoding=utf-8, decoding=None, nonce=None, timestamp=None>
2021-09-09 20:58:03,860 - PHILOWATCH --> Including body in call to sign: False
2021-09-09 20:58:03,861 - PHILOWATCH --> Collected params: [('status', '#Testephilo HEARTBEAT bca98865ce738fc1a79a2db1bf1145d7'), ('oauth_nonce', '132072551939773485631631231883'), ('oauth_timestamp', '1631231883'), ('oauth_version', '1.0'), ('oauth_signature_method', 'HMAC-SHA1'), ('oauth_consumer_key', 'nHR1KTNmZjZtjw7SZGNqZV7wc'), ('oauth_token', '1350818728649367552-Ma3M9Avmgfn6RCJeR4wqAzCLoZR1Eq')]
2021-09-09 20:58:03,861 - PHILOWATCH --> Normalized params: oauth_consumer_key=nHR1KTNmZjZtjw7SZGNqZV7wc&oauth_nonce=132072551939773485631631231883&oauth_signature_method=HMAC-SHA1&oauth_timestamp=1631231883&oauth_token=1350818728649367552-Ma3M9Avmgfn6RCJeR4wqAzCLoZR1Eq&oauth_version=1.0&status=%23Testephilo%20HEARTBEAT%20bca98865ce738fc1a79a2db1bf1145d7
2021-09-09 20:58:03,861 - PHILOWATCH --> Normalized URI: https://api.twitter.com/1.1/statuses/update.json
2021-09-09 20:58:03,861 - PHILOWATCH --> Signing: signature base string: POST&https%3A%2F%2Fapi.twitter.com%2F1.1%2Fstatuses%2Fupdate.json&oauth_consumer_key%3DnHR1KTNmZjZtjw7SZGNqZV7wc%26oauth_nonce%3D132072551939773485631631231883%26oauth_signature_method%3DHMAC-SHA1%26oauth_timestamp%3D1631231883%26oauth_token%3D1350818728649367552-Ma3M9Avmgfn6RCJeR4wqAzCLoZR1Eq%26oauth_version%3D1.0%26status%3D%2523Testephilo%2520HEARTBEAT%2520bca98865ce738fc1a79a2db1bf1145d7
2021-09-09 20:58:03,861 - PHILOWATCH --> Signature: 6vnmi/5Gkx5cKUHSI6LLdgQsE2A=
2021-09-09 20:58:03,861 - PHILOWATCH --> Updated url: https://api.twitter.com/1.1/statuses/update.json?status=%23Testephilo+HEARTBEAT+bca98865ce738fc1a79a2db1bf1145d7
2021-09-09 20:58:03,861 - PHILOWATCH --> Updated headers: {'Host': 'api.twitter.com', 'Content-Length': '0', 'Authorization': 'OAuth oauth_nonce="132072551939773485631631231883", oauth_timestamp="1631231883", oauth_version="1.0", oauth_signature_method="HMAC-SHA1", oauth_consumer_key="nHR1KTNmZjZtjw7SZGNqZV7wc", oauth_token="1350818728649367552-Ma3M9Avmgfn6RCJeR4wqAzCLoZR1Eq", oauth_signature="6vnmi%2F5Gkx5cKUHSI6LLdgQsE2A%3D"'}
2021-09-09 20:58:03,861 - PHILOWATCH --> Updated body: None
2021-09-09 20:58:03,862 - PHILOWATCH --> Starting new HTTPS connection (1): api.twitter.com:443
2021-09-09 20:58:04,325 - PHILOWATCH --> https://api.twitter.com:443 "POST /1.1/statuses/update.json?status=%23Testephilo+HEARTBEAT+bca98865ce738fc1a79a2db1bf1145d7 HTTP/1.1" 200 2171
2021-09-09 20:58:04,327 - PHILOWATCH --> [+] - HEARTBEAT enviado com sucesso!
2021-09-09 20:58:04,327 - PHILOWATCH --> ------------------------------------------

2021-09-09 20:58:04,327 - PHILOWATCH --> [!] - Aguardando tempo de tratativa do bot
2021-09-09 20:59:25,477 - PHILOWATCH --> [!] - Iniciando análise de logs...
2021-09-09 20:59:25,477 - PHILOWATCH --> [!] - Chamando funções...

2021-09-09 20:59:25,478 - PHILOWATCH --> C:\Users\rodri\Documents\GitHub\The-Philosopher-BOT\Logs\Twitter\logs_hashtag\INFO
2021-09-09 20:59:25,479 - PHILOWATCH --> [!] - Arquivo de log coletado: C:\Users\rodri\Documents\GitHub\The-Philosopher-BOT\Logs\Twitter\logs_hashtag\INFO\HASHTAG

2021-09-09 20:59:25,480 - PHILOWATCH --> ---------------------------------------------
2021-09-09 20:59:25,480 - PHILOWATCH --> [!] - Horário coletado no log para análise:
2021-09-09 20:59:25,481 - PHILOWATCH --> 2021-09-09 20:32:08.977000
2021-09-09 20:59:25,481 - PHILOWATCH --> ---------------------------------------------

2021-09-09 20:59:25,481 - PHILOWATCH --> ---------------------------------------------
2021-09-09 20:59:25,481 - PHILOWATCH --> [!] - Horário atual:
2021-09-09 20:59:25,481 - PHILOWATCH --> 2021-09-09 20:59:25.480147
2021-09-09 20:59:25,481 - PHILOWATCH --> ---------------------------------------------

2021-09-09 20:59:25,481 - PHILOWATCH --> ---------------------------------------------
2021-09-09 20:59:25,481 - PHILOWATCH --> [!] - Quanto o tempo o bot ficou sem postar: 
2021-09-09 20:59:25,481 - PHILOWATCH --> 0:27:16.503147
2021-09-09 20:59:25,481 - PHILOWATCH --> ---------------------------------------------

2021-09-09 20:59:25,482 - PHILOWATCH --> [!] - Função HASHTAG completou 30 minutos sem utilização
2021-09-09 20:59:25,482 - PHILOWATCH --> [!] - Enviando tweet de HEARTBEAT para verificar sinais vitais do bot...
2021-09-09 20:59:25,589 - PHILOWATCH --> PARAMS: {'status': b'#Testephilo HEARTBEAT a6c70f4b795278701a92d8506abe9084'}
2021-09-09 20:59:25,589 - PHILOWATCH --> Signing request <PreparedRequest [POST]> using client <Client client_key=nHR1KTNmZjZtjw7SZGNqZV7wc, client_secret=****, resource_owner_key=1350818728649367552-Ma3M9Avmgfn6RCJeR4wqAzCLoZR1Eq, resource_owner_secret=****, signature_method=HMAC-SHA1, signature_type=AUTH_HEADER, callback_uri=None, rsa_key=None, verifier=None, realm=None, encoding=utf-8, decoding=None, nonce=None, timestamp=None>
2021-09-09 20:59:25,589 - PHILOWATCH --> Including body in call to sign: False
2021-09-09 20:59:25,590 - PHILOWATCH --> Collected params: [('status', '#Testephilo HEARTBEAT a6c70f4b795278701a92d8506abe9084'), ('oauth_nonce', '81505115680796809631631231965'), ('oauth_timestamp', '1631231965'), ('oauth_version', '1.0'), ('oauth_signature_method', 'HMAC-SHA1'), ('oauth_consumer_key', 'nHR1KTNmZjZtjw7SZGNqZV7wc'), ('oauth_token', '1350818728649367552-Ma3M9Avmgfn6RCJeR4wqAzCLoZR1Eq')]
2021-09-09 20:59:25,590 - PHILOWATCH --> Normalized params: oauth_consumer_key=nHR1KTNmZjZtjw7SZGNqZV7wc&oauth_nonce=81505115680796809631631231965&oauth_signature_method=HMAC-SHA1&oauth_timestamp=1631231965&oauth_token=1350818728649367552-Ma3M9Avmgfn6RCJeR4wqAzCLoZR1Eq&oauth_version=1.0&status=%23Testephilo%20HEARTBEAT%20a6c70f4b795278701a92d8506abe9084
2021-09-09 20:59:25,590 - PHILOWATCH --> Normalized URI: https://api.twitter.com/1.1/statuses/update.json
2021-09-09 20:59:25,590 - PHILOWATCH --> Signing: signature base string: POST&https%3A%2F%2Fapi.twitter.com%2F1.1%2Fstatuses%2Fupdate.json&oauth_consumer_key%3DnHR1KTNmZjZtjw7SZGNqZV7wc%26oauth_nonce%3D81505115680796809631631231965%26oauth_signature_method%3DHMAC-SHA1%26oauth_timestamp%3D1631231965%26oauth_token%3D1350818728649367552-Ma3M9Avmgfn6RCJeR4wqAzCLoZR1Eq%26oauth_version%3D1.0%26status%3D%2523Testephilo%2520HEARTBEAT%2520a6c70f4b795278701a92d8506abe9084
2021-09-09 20:59:25,590 - PHILOWATCH --> Signature: VzjfQ//ef18Z2WqY7jg5ANJ2f8Y=
2021-09-09 20:59:25,590 - PHILOWATCH --> Updated url: https://api.twitter.com/1.1/statuses/update.json?status=%23Testephilo+HEARTBEAT+a6c70f4b795278701a92d8506abe9084
2021-09-09 20:59:25,590 - PHILOWATCH --> Updated headers: {'Host': 'api.twitter.com', 'Content-Length': '0', 'Authorization': 'OAuth oauth_nonce="81505115680796809631631231965", oauth_timestamp="1631231965", oauth_version="1.0", oauth_signature_method="HMAC-SHA1", oauth_consumer_key="nHR1KTNmZjZtjw7SZGNqZV7wc", oauth_token="1350818728649367552-Ma3M9Avmgfn6RCJeR4wqAzCLoZR1Eq", oauth_signature="VzjfQ%2F%2Fef18Z2WqY7jg5ANJ2f8Y%3D"'}
2021-09-09 20:59:25,590 - PHILOWATCH --> Updated body: None
2021-09-09 20:59:25,591 - PHILOWATCH --> Starting new HTTPS connection (1): api.twitter.com:443
2021-09-09 20:59:26,064 - PHILOWATCH --> https://api.twitter.com:443 "POST /1.1/statuses/update.json?status=%23Testephilo+HEARTBEAT+a6c70f4b795278701a92d8506abe9084 HTTP/1.1" 200 2171
2021-09-09 20:59:26,066 - PHILOWATCH --> [+] - HEARTBEAT enviado com sucesso!
2021-09-09 20:59:26,066 - PHILOWATCH --> ------------------------------------------

2021-09-09 20:59:26,066 - PHILOWATCH --> [!] - Aguardando tempo de tratativa do bot
2021-09-09 21:07:13,458 - PHILOWATCH --> [!] - Iniciando análise de logs...
2021-09-09 21:07:13,458 - PHILOWATCH --> [!] - Chamando funções...

2021-09-09 21:07:13,460 - PHILOWATCH --> C:\Users\rodri\Documents\GitHub\The-Philosopher-BOT\Logs\Twitter\logs_hashtag\INFO
2021-09-09 21:07:13,460 - PHILOWATCH --> [!] - Arquivo de log coletado: C:\Users\rodri\Documents\GitHub\The-Philosopher-BOT\Logs\Twitter\logs_hashtag\INFO\HASHTAG

2021-09-09 21:07:13,465 - PHILOWATCH --> ---------------------------------------------
2021-09-09 21:07:13,465 - PHILOWATCH --> [!] - Horário coletado no log para análise:
2021-09-09 21:07:13,465 - PHILOWATCH --> 2021-09-09 21:01:21.542000
2021-09-09 21:07:13,465 - PHILOWATCH --> ---------------------------------------------

2021-09-09 21:07:13,465 - PHILOWATCH --> ---------------------------------------------
2021-09-09 21:07:13,465 - PHILOWATCH --> [!] - Horário atual:
2021-09-09 21:07:13,465 - PHILOWATCH --> 2021-09-09 21:07:13.465935
2021-09-09 21:07:13,465 - PHILOWATCH --> ---------------------------------------------

2021-09-09 21:07:13,465 - PHILOWATCH --> ---------------------------------------------
2021-09-09 21:07:13,465 - PHILOWATCH --> [!] - Quanto o tempo o bot ficou sem postar: 
2021-09-09 21:07:13,466 - PHILOWATCH --> 0:05:51.923935
2021-09-09 21:07:13,466 - PHILOWATCH --> ---------------------------------------------

2021-09-09 21:07:13,467 - PHILOWATCH --> [!] - Função HASHTAG completou 30 minutos sem utilização
2021-09-09 21:07:13,467 - PHILOWATCH --> [!] - Enviando tweet de HEARTBEAT para verificar sinais vitais do bot...
2021-09-09 21:07:13,570 - PHILOWATCH --> PARAMS: {'status': b'#Testephilo HEARTBEAT d008010c947ad786bec37e70795ed1e6'}
2021-09-09 21:07:13,571 - PHILOWATCH --> Signing request <PreparedRequest [POST]> using client <Client client_key=nHR1KTNmZjZtjw7SZGNqZV7wc, client_secret=****, resource_owner_key=1350818728649367552-Ma3M9Avmgfn6RCJeR4wqAzCLoZR1Eq, resource_owner_secret=****, signature_method=HMAC-SHA1, signature_type=AUTH_HEADER, callback_uri=None, rsa_key=None, verifier=None, realm=None, encoding=utf-8, decoding=None, nonce=None, timestamp=None>
2021-09-09 21:07:13,571 - PHILOWATCH --> Including body in call to sign: False
2021-09-09 21:07:13,571 - PHILOWATCH --> Collected params: [('status', '#Testephilo HEARTBEAT d008010c947ad786bec37e70795ed1e6'), ('oauth_nonce', '167207579512895036171631232433'), ('oauth_timestamp', '1631232433'), ('oauth_version', '1.0'), ('oauth_signature_method', 'HMAC-SHA1'), ('oauth_consumer_key', 'nHR1KTNmZjZtjw7SZGNqZV7wc'), ('oauth_token', '1350818728649367552-Ma3M9Avmgfn6RCJeR4wqAzCLoZR1Eq')]
2021-09-09 21:07:13,571 - PHILOWATCH --> Normalized params: oauth_consumer_key=nHR1KTNmZjZtjw7SZGNqZV7wc&oauth_nonce=167207579512895036171631232433&oauth_signature_method=HMAC-SHA1&oauth_timestamp=1631232433&oauth_token=1350818728649367552-Ma3M9Avmgfn6RCJeR4wqAzCLoZR1Eq&oauth_version=1.0&status=%23Testephilo%20HEARTBEAT%20d008010c947ad786bec37e70795ed1e6
2021-09-09 21:07:13,571 - PHILOWATCH --> Normalized URI: https://api.twitter.com/1.1/statuses/update.json
2021-09-09 21:07:13,571 - PHILOWATCH --> Signing: signature base string: POST&https%3A%2F%2Fapi.twitter.com%2F1.1%2Fstatuses%2Fupdate.json&oauth_consumer_key%3DnHR1KTNmZjZtjw7SZGNqZV7wc%26oauth_nonce%3D167207579512895036171631232433%26oauth_signature_method%3DHMAC-SHA1%26oauth_timestamp%3D1631232433%26oauth_token%3D1350818728649367552-Ma3M9Avmgfn6RCJeR4wqAzCLoZR1Eq%26oauth_version%3D1.0%26status%3D%2523Testephilo%2520HEARTBEAT%2520d008010c947ad786bec37e70795ed1e6
2021-09-09 21:07:13,571 - PHILOWATCH --> Signature: MQOjF7HOkAMnqY+J/jQ63dz1E28=
2021-09-09 21:07:13,572 - PHILOWATCH --> Updated url: https://api.twitter.com/1.1/statuses/update.json?status=%23Testephilo+HEARTBEAT+d008010c947ad786bec37e70795ed1e6
2021-09-09 21:07:13,572 - PHILOWATCH --> Updated headers: {'Host': 'api.twitter.com', 'Content-Length': '0', 'Authorization': 'OAuth oauth_nonce="167207579512895036171631232433", oauth_timestamp="1631232433", oauth_version="1.0", oauth_signature_method="HMAC-SHA1", oauth_consumer_key="nHR1KTNmZjZtjw7SZGNqZV7wc", oauth_token="1350818728649367552-Ma3M9Avmgfn6RCJeR4wqAzCLoZR1Eq", oauth_signature="MQOjF7HOkAMnqY%2BJ%2FjQ63dz1E28%3D"'}
2021-09-09 21:07:13,572 - PHILOWATCH --> Updated body: None
2021-09-09 21:07:13,572 - PHILOWATCH --> Starting new HTTPS connection (1): api.twitter.com:443
2021-09-09 21:07:14,044 - PHILOWATCH --> https://api.twitter.com:443 "POST /1.1/statuses/update.json?status=%23Testephilo+HEARTBEAT+d008010c947ad786bec37e70795ed1e6 HTTP/1.1" 200 2171
2021-09-09 21:07:14,045 - PHILOWATCH --> [+] - HEARTBEAT enviado com sucesso!
2021-09-09 21:07:14,045 - PHILOWATCH --> ------------------------------------------

2021-09-09 21:07:14,045 - PHILOWATCH --> [!] - Aguardando tempo de tratativa do bot
2021-09-09 21:07:33,284 - PHILOWATCH --> [!] - Iniciando análise de logs...
2021-09-09 21:07:33,284 - PHILOWATCH --> [!] - Chamando funções...

2021-09-09 21:07:33,285 - PHILOWATCH --> C:\Users\rodri\Documents\GitHub\The-Philosopher-BOT\Logs\Twitter\logs_hashtag\INFO
2021-09-09 21:07:33,286 - PHILOWATCH --> [!] - Arquivo de log coletado: C:\Users\rodri\Documents\GitHub\The-Philosopher-BOT\Logs\Twitter\logs_hashtag\INFO\HASHTAG

2021-09-09 21:07:33,290 - PHILOWATCH --> [X] - Linha vazia detectada!
2021-09-09 21:07:33,290 - PHILOWATCH --> [!] - Tentativa 1 de 5
2021-09-09 21:07:33,290 - PHILOWATCH --> [!] - Aguardando 10 segundos e tentando novamente...
2021-09-09 21:07:43,298 - PHILOWATCH --> C:\Users\rodri\Documents\GitHub\The-Philosopher-BOT\Logs\Twitter\logs_hashtag\INFO
2021-09-09 21:07:43,298 - PHILOWATCH --> [!] - Arquivo de log coletado: C:\Users\rodri\Documents\GitHub\The-Philosopher-BOT\Logs\Twitter\logs_hashtag\INFO\HASHTAG

2021-09-09 21:07:43,298 - PHILOWATCH --> [X] - Linha vazia detectada!
2021-09-09 21:07:43,298 - PHILOWATCH --> [!] - Tentativa 2 de 5
2021-09-09 21:07:43,298 - PHILOWATCH --> [!] - Aguardando 10 segundos e tentando novamente...
2021-09-09 21:07:53,311 - PHILOWATCH --> C:\Users\rodri\Documents\GitHub\The-Philosopher-BOT\Logs\Twitter\logs_hashtag\INFO
2021-09-09 21:07:53,311 - PHILOWATCH --> [!] - Arquivo de log coletado: C:\Users\rodri\Documents\GitHub\The-Philosopher-BOT\Logs\Twitter\logs_hashtag\INFO\HASHTAG

2021-09-09 21:07:53,316 - PHILOWATCH --> ---------------------------------------------
2021-09-09 21:07:53,316 - PHILOWATCH --> [!] - Horário coletado no log para análise:
2021-09-09 21:07:53,316 - PHILOWATCH --> 2021-09-09 21:07:53.103000
2021-09-09 21:07:53,316 - PHILOWATCH --> ---------------------------------------------

2021-09-09 21:07:53,316 - PHILOWATCH --> ---------------------------------------------
2021-09-09 21:07:53,316 - PHILOWATCH --> [!] - Horário atual:
2021-09-09 21:07:53,316 - PHILOWATCH --> 2021-09-09 21:07:53.316878
2021-09-09 21:07:53,316 - PHILOWATCH --> ---------------------------------------------

2021-09-09 21:07:53,316 - PHILOWATCH --> ---------------------------------------------
2021-09-09 21:07:53,316 - PHILOWATCH --> [!] - Quanto o tempo o bot ficou sem postar: 
2021-09-09 21:07:53,316 - PHILOWATCH --> 0:00:00.213878
2021-09-09 21:07:53,316 - PHILOWATCH --> ---------------------------------------------

2021-09-09 21:07:53,317 - PHILOWATCH --> [!] - Logs estão normais, foram atualizados em menos de 30 minutos.
2021-09-09 21:07:53,317 - PHILOWATCH --> [+] - Hashtag em funcionamento. Nenhuma ação foi tomada

2021-09-09 21:08:02,927 - PHILOWATCH --> [!] - Iniciando análise de logs...
2021-09-09 21:08:02,928 - PHILOWATCH --> [!] - Chamando funções...

2021-09-09 21:08:02,929 - PHILOWATCH --> C:\Users\rodri\Documents\GitHub\The-Philosopher-BOT\Logs\Twitter\logs_hashtag\INFO
2021-09-09 21:08:02,929 - PHILOWATCH --> [!] - Arquivo de log coletado: C:\Users\rodri\Documents\GitHub\The-Philosopher-BOT\Logs\Twitter\logs_hashtag\INFO\HASHTAG

2021-09-09 21:08:02,930 - PHILOWATCH --> ---------------------------------------------
2021-09-09 21:08:02,930 - PHILOWATCH --> [!] - Horário coletado no log para análise:
2021-09-09 21:08:02,931 - PHILOWATCH --> 2021-09-09 21:07:53.103000
2021-09-09 21:08:02,931 - PHILOWATCH --> ---------------------------------------------

2021-09-09 21:08:02,931 - PHILOWATCH --> ---------------------------------------------
2021-09-09 21:08:02,931 - PHILOWATCH --> [!] - Horário atual:
2021-09-09 21:08:02,931 - PHILOWATCH --> 2021-09-09 21:08:02.930726
2021-09-09 21:08:02,931 - PHILOWATCH --> ---------------------------------------------

2021-09-09 21:08:02,931 - PHILOWATCH --> ---------------------------------------------
2021-09-09 21:08:02,931 - PHILOWATCH --> [!] - Quanto o tempo o bot ficou sem postar: 
2021-09-09 21:08:02,931 - PHILOWATCH --> 0:00:09.827726
2021-09-09 21:08:02,931 - PHILOWATCH --> ---------------------------------------------

2021-09-09 21:08:02,932 - PHILOWATCH --> [!] - Logs estão normais, foram atualizados em menos de 30 minutos.
2021-09-09 21:08:02,932 - PHILOWATCH --> [+] - Hashtag em funcionamento. Nenhuma ação foi tomada

2021-09-09 21:09:08,994 - PHILOWATCH --> [!] - Iniciando análise de logs...
2021-09-09 21:09:08,994 - PHILOWATCH --> [!] - Chamando funções...

2021-09-09 21:09:08,995 - PHILOWATCH --> C:\Users\rodri\Documents\GitHub\The-Philosopher-BOT\Logs\Twitter\logs_hashtag\INFO
2021-09-09 21:09:08,995 - PHILOWATCH --> [!] - Arquivo de log coletado: C:\Users\rodri\Documents\GitHub\The-Philosopher-BOT\Logs\Twitter\logs_hashtag\INFO\HASHTAG

2021-09-09 21:09:08,997 - PHILOWATCH --> ---------------------------------------------
2021-09-09 21:09:08,997 - PHILOWATCH --> [!] - Horário coletado no log para análise:
2021-09-09 21:09:08,997 - PHILOWATCH --> 2021-09-09 20:10:23.519000
2021-09-09 21:09:08,997 - PHILOWATCH --> ---------------------------------------------

2021-09-09 21:09:08,997 - PHILOWATCH --> ---------------------------------------------
2021-09-09 21:09:08,997 - PHILOWATCH --> [!] - Horário atual:
2021-09-09 21:09:08,997 - PHILOWATCH --> 2021-09-09 21:09:08.997881
2021-09-09 21:09:08,997 - PHILOWATCH --> ---------------------------------------------

2021-09-09 21:09:08,997 - PHILOWATCH --> ---------------------------------------------
2021-09-09 21:09:08,997 - PHILOWATCH --> [!] - Quanto o tempo o bot ficou sem postar: 
2021-09-09 21:09:08,997 - PHILOWATCH --> 0:58:45.478881
2021-09-09 21:09:08,997 - PHILOWATCH --> ---------------------------------------------

2021-09-09 21:09:08,998 - PHILOWATCH --> [!] - Função HASHTAG completou 30 minutos sem utilização
2021-09-09 21:09:08,998 - PHILOWATCH --> [!] - Enviando tweet de HEARTBEAT para verificar sinais vitais do bot...
2021-09-09 21:09:09,106 - PHILOWATCH --> PARAMS: {'status': b'#Testephilo HEARTBEAT b862fcf1acfe06d689fbe09c79fbedd0'}
2021-09-09 21:09:09,106 - PHILOWATCH --> Signing request <PreparedRequest [POST]> using client <Client client_key=nHR1KTNmZjZtjw7SZGNqZV7wc, client_secret=****, resource_owner_key=1350818728649367552-Ma3M9Avmgfn6RCJeR4wqAzCLoZR1Eq, resource_owner_secret=****, signature_method=HMAC-SHA1, signature_type=AUTH_HEADER, callback_uri=None, rsa_key=None, verifier=None, realm=None, encoding=utf-8, decoding=None, nonce=None, timestamp=None>
2021-09-09 21:09:09,106 - PHILOWATCH --> Including body in call to sign: False
2021-09-09 21:09:09,107 - PHILOWATCH --> Collected params: [('status', '#Testephilo HEARTBEAT b862fcf1acfe06d689fbe09c79fbedd0'), ('oauth_nonce', '34950316222712607741631232549'), ('oauth_timestamp', '1631232549'), ('oauth_version', '1.0'), ('oauth_signature_method', 'HMAC-SHA1'), ('oauth_consumer_key', 'nHR1KTNmZjZtjw7SZGNqZV7wc'), ('oauth_token', '1350818728649367552-Ma3M9Avmgfn6RCJeR4wqAzCLoZR1Eq')]
2021-09-09 21:09:09,107 - PHILOWATCH --> Normalized params: oauth_consumer_key=nHR1KTNmZjZtjw7SZGNqZV7wc&oauth_nonce=34950316222712607741631232549&oauth_signature_method=HMAC-SHA1&oauth_timestamp=1631232549&oauth_token=1350818728649367552-Ma3M9Avmgfn6RCJeR4wqAzCLoZR1Eq&oauth_version=1.0&status=%23Testephilo%20HEARTBEAT%20b862fcf1acfe06d689fbe09c79fbedd0
2021-09-09 21:09:09,107 - PHILOWATCH --> Normalized URI: https://api.twitter.com/1.1/statuses/update.json
2021-09-09 21:09:09,107 - PHILOWATCH --> Signing: signature base string: POST&https%3A%2F%2Fapi.twitter.com%2F1.1%2Fstatuses%2Fupdate.json&oauth_consumer_key%3DnHR1KTNmZjZtjw7SZGNqZV7wc%26oauth_nonce%3D34950316222712607741631232549%26oauth_signature_method%3DHMAC-SHA1%26oauth_timestamp%3D1631232549%26oauth_token%3D1350818728649367552-Ma3M9Avmgfn6RCJeR4wqAzCLoZR1Eq%26oauth_version%3D1.0%26status%3D%2523Testephilo%2520HEARTBEAT%2520b862fcf1acfe06d689fbe09c79fbedd0
2021-09-09 21:09:09,107 - PHILOWATCH --> Signature: fAWmiNUsoJXQd4pyeNWYUh9aebg=
2021-09-09 21:09:09,107 - PHILOWATCH --> Updated url: https://api.twitter.com/1.1/statuses/update.json?status=%23Testephilo+HEARTBEAT+b862fcf1acfe06d689fbe09c79fbedd0
2021-09-09 21:09:09,107 - PHILOWATCH --> Updated headers: {'Host': 'api.twitter.com', 'Content-Length': '0', 'Authorization': 'OAuth oauth_nonce="34950316222712607741631232549", oauth_timestamp="1631232549", oauth_version="1.0", oauth_signature_method="HMAC-SHA1", oauth_consumer_key="nHR1KTNmZjZtjw7SZGNqZV7wc", oauth_token="1350818728649367552-Ma3M9Avmgfn6RCJeR4wqAzCLoZR1Eq", oauth_signature="fAWmiNUsoJXQd4pyeNWYUh9aebg%3D"'}
2021-09-09 21:09:09,107 - PHILOWATCH --> Updated body: None
2021-09-09 21:09:09,108 - PHILOWATCH --> Starting new HTTPS connection (1): api.twitter.com:443
2021-09-09 21:09:09,589 - PHILOWATCH --> https://api.twitter.com:443 "POST /1.1/statuses/update.json?status=%23Testephilo+HEARTBEAT+b862fcf1acfe06d689fbe09c79fbedd0 HTTP/1.1" 200 2171
2021-09-09 21:09:09,591 - PHILOWATCH --> [+] - HEARTBEAT enviado com sucesso!
2021-09-09 21:09:09,591 - PHILOWATCH --> ------------------------------------------

2021-09-09 21:09:09,591 - PHILOWATCH --> [!] - Aguardando tempo de tratativa do bot
2021-09-09 21:09:19,602 - PHILOWATCH --> [!] - Verificando se o bot está vivo...
2021-09-09 21:09:19,603 - PHILOWATCH --> C:\Users\rodri\Documents\GitHub\The-Philosopher-BOT\Logs\Twitter\logs_hashtag\INFO
2021-09-09 21:09:19,603 - PHILOWATCH --> [!] - Arquivo de log coletado: C:\Users\rodri\Documents\GitHub\The-Philosopher-BOT\Logs\Twitter\logs_hashtag\INFO\HASHTAG

2021-09-09 21:09:19,608 - PHILOWATCH --> ---------------------------------------------
2021-09-09 21:09:19,608 - PHILOWATCH --> [!] - Horário coletado no log para análise:
2021-09-09 21:09:19,608 - PHILOWATCH --> 2021-09-09 21:09:19.602000
2021-09-09 21:09:19,608 - PHILOWATCH --> ---------------------------------------------

2021-09-09 21:09:19,608 - PHILOWATCH --> ---------------------------------------------
2021-09-09 21:09:19,608 - PHILOWATCH --> [!] - Horário atual:
2021-09-09 21:09:19,608 - PHILOWATCH --> 2021-09-09 21:09:19.608666
2021-09-09 21:09:19,608 - PHILOWATCH --> ---------------------------------------------

2021-09-09 21:09:19,608 - PHILOWATCH --> ---------------------------------------------
2021-09-09 21:09:19,608 - PHILOWATCH --> [!] - Quanto o tempo o bot ficou sem postar: 
2021-09-09 21:09:19,608 - PHILOWATCH --> 0:00:00.006666
2021-09-09 21:09:19,608 - PHILOWATCH --> ---------------------------------------------

2021-09-09 21:09:19,609 - PHILOWATCH --> [!] - BOT está VIVO e respondendo aos HEARTBEATS
2021-09-09 21:09:19,610 - PHILOWATCH --> [+] - Hashtag em funcionamento. Apenas o HEARTBEAT foi enviado para verificação.

2021-09-09 21:10:48,760 - PHILOWATCH --> [!] - Iniciando análise de logs...
2021-09-09 21:10:48,760 - PHILOWATCH --> [!] - Chamando funções...

2021-09-09 21:10:48,761 - PHILOWATCH --> C:\Users\rodri\Documents\GitHub\The-Philosopher-BOT\Logs\Twitter\logs_hashtag\INFO
2021-09-09 21:10:48,762 - PHILOWATCH --> [!] - Arquivo de log coletado: C:\Users\rodri\Documents\GitHub\The-Philosopher-BOT\Logs\Twitter\logs_hashtag\INFO\HASHTAG

2021-09-09 21:10:48,763 - PHILOWATCH --> ---------------------------------------------
2021-09-09 21:10:48,763 - PHILOWATCH --> [!] - Horário coletado no log para análise:
2021-09-09 21:10:48,763 - PHILOWATCH --> 2021-09-09 20:10:23.519000
2021-09-09 21:10:48,763 - PHILOWATCH --> ---------------------------------------------

2021-09-09 21:10:48,763 - PHILOWATCH --> ---------------------------------------------
2021-09-09 21:10:48,763 - PHILOWATCH --> [!] - Horário atual:
2021-09-09 21:10:48,763 - PHILOWATCH --> 2021-09-09 21:10:48.763710
2021-09-09 21:10:48,763 - PHILOWATCH --> ---------------------------------------------

2021-09-09 21:10:48,764 - PHILOWATCH --> ---------------------------------------------
2021-09-09 21:10:48,764 - PHILOWATCH --> [!] - Quanto o tempo o bot ficou sem postar: 
2021-09-09 21:10:48,764 - PHILOWATCH --> 1:00:25.244710
2021-09-09 21:10:48,764 - PHILOWATCH --> ---------------------------------------------

2021-09-09 21:10:48,765 - PHILOWATCH --> [!] - Função HASHTAG completou 30 minutos sem utilização
2021-09-09 21:10:48,765 - PHILOWATCH --> [!] - Enviando tweet de HEARTBEAT para verificar sinais vitais do bot...
2021-09-09 21:10:48,872 - PHILOWATCH --> PARAMS: {'status': b'#Testephilo HEARTBEAT bd3ec96eb5f03687daf09a306b3e37fd'}
2021-09-09 21:10:48,873 - PHILOWATCH --> Signing request <PreparedRequest [POST]> using client <Client client_key=nHR1KTNmZjZtjw7SZGNqZV7wc, client_secret=****, resource_owner_key=1350818728649367552-Ma3M9Avmgfn6RCJeR4wqAzCLoZR1Eq, resource_owner_secret=****, signature_method=HMAC-SHA1, signature_type=AUTH_HEADER, callback_uri=None, rsa_key=None, verifier=None, realm=None, encoding=utf-8, decoding=None, nonce=None, timestamp=None>
2021-09-09 21:10:48,873 - PHILOWATCH --> Including body in call to sign: False
2021-09-09 21:10:48,873 - PHILOWATCH --> Collected params: [('status', '#Testephilo HEARTBEAT bd3ec96eb5f03687daf09a306b3e37fd'), ('oauth_nonce', '63823412911755309521631232648'), ('oauth_timestamp', '1631232648'), ('oauth_version', '1.0'), ('oauth_signature_method', 'HMAC-SHA1'), ('oauth_consumer_key', 'nHR1KTNmZjZtjw7SZGNqZV7wc'), ('oauth_token', '1350818728649367552-Ma3M9Avmgfn6RCJeR4wqAzCLoZR1Eq')]
2021-09-09 21:10:48,873 - PHILOWATCH --> Normalized params: oauth_consumer_key=nHR1KTNmZjZtjw7SZGNqZV7wc&oauth_nonce=63823412911755309521631232648&oauth_signature_method=HMAC-SHA1&oauth_timestamp=1631232648&oauth_token=1350818728649367552-Ma3M9Avmgfn6RCJeR4wqAzCLoZR1Eq&oauth_version=1.0&status=%23Testephilo%20HEARTBEAT%20bd3ec96eb5f03687daf09a306b3e37fd
2021-09-09 21:10:48,873 - PHILOWATCH --> Normalized URI: https://api.twitter.com/1.1/statuses/update.json
2021-09-09 21:10:48,874 - PHILOWATCH --> Signing: signature base string: POST&https%3A%2F%2Fapi.twitter.com%2F1.1%2Fstatuses%2Fupdate.json&oauth_consumer_key%3DnHR1KTNmZjZtjw7SZGNqZV7wc%26oauth_nonce%3D63823412911755309521631232648%26oauth_signature_method%3DHMAC-SHA1%26oauth_timestamp%3D1631232648%26oauth_token%3D1350818728649367552-Ma3M9Avmgfn6RCJeR4wqAzCLoZR1Eq%26oauth_version%3D1.0%26status%3D%2523Testephilo%2520HEARTBEAT%2520bd3ec96eb5f03687daf09a306b3e37fd
2021-09-09 21:10:48,874 - PHILOWATCH --> Signature: 4n0j5lzLLBznQ4AbdRN4j7Hv6vs=
2021-09-09 21:10:48,874 - PHILOWATCH --> Updated url: https://api.twitter.com/1.1/statuses/update.json?status=%23Testephilo+HEARTBEAT+bd3ec96eb5f03687daf09a306b3e37fd
2021-09-09 21:10:48,874 - PHILOWATCH --> Updated headers: {'Host': 'api.twitter.com', 'Content-Length': '0', 'Authorization': 'OAuth oauth_nonce="63823412911755309521631232648", oauth_timestamp="1631232648", oauth_version="1.0", oauth_signature_method="HMAC-SHA1", oauth_consumer_key="nHR1KTNmZjZtjw7SZGNqZV7wc", oauth_token="1350818728649367552-Ma3M9Avmgfn6RCJeR4wqAzCLoZR1Eq", oauth_signature="4n0j5lzLLBznQ4AbdRN4j7Hv6vs%3D"'}
2021-09-09 21:10:48,874 - PHILOWATCH --> Updated body: None
2021-09-09 21:10:48,875 - PHILOWATCH --> Starting new HTTPS connection (1): api.twitter.com:443
2021-09-09 21:10:49,361 - PHILOWATCH --> https://api.twitter.com:443 "POST /1.1/statuses/update.json?status=%23Testephilo+HEARTBEAT+bd3ec96eb5f03687daf09a306b3e37fd HTTP/1.1" 200 2171
2021-09-09 21:10:49,364 - PHILOWATCH --> [+] - HEARTBEAT enviado com sucesso!
2021-09-09 21:10:49,364 - PHILOWATCH --> ------------------------------------------

2021-09-09 21:10:49,364 - PHILOWATCH --> [!] - Aguardando tempo de tratativa do bot
2021-09-09 21:10:59,376 - PHILOWATCH --> [!] - Verificando se o bot está vivo...
2021-09-09 21:10:59,377 - PHILOWATCH --> C:\Users\rodri\Documents\GitHub\The-Philosopher-BOT\Logs\Twitter\logs_hashtag\INFO
2021-09-09 21:10:59,377 - PHILOWATCH --> [!] - Arquivo de log coletado: C:\Users\rodri\Documents\GitHub\The-Philosopher-BOT\Logs\Twitter\logs_hashtag\INFO\HASHTAG

2021-09-09 21:10:59,377 - PHILOWATCH --> ---------------------------------------------
2021-09-09 21:10:59,377 - PHILOWATCH --> [!] - Horário coletado no log para análise:
2021-09-09 21:10:59,377 - PHILOWATCH --> 2021-09-09 20:10:23.519000
2021-09-09 21:10:59,378 - PHILOWATCH --> ---------------------------------------------

2021-09-09 21:10:59,378 - PHILOWATCH --> ---------------------------------------------
2021-09-09 21:10:59,378 - PHILOWATCH --> [!] - Horário atual:
2021-09-09 21:10:59,378 - PHILOWATCH --> 2021-09-09 21:10:59.377029
2021-09-09 21:10:59,378 - PHILOWATCH --> ---------------------------------------------

2021-09-09 21:10:59,378 - PHILOWATCH --> ---------------------------------------------
2021-09-09 21:10:59,378 - PHILOWATCH --> [!] - Quanto o tempo o bot ficou sem postar: 
2021-09-09 21:10:59,378 - PHILOWATCH --> 1:00:35.858029
2021-09-09 21:10:59,378 - PHILOWATCH --> ---------------------------------------------

2021-09-09 21:10:59,379 - PHILOWATCH --> [!] - Função HASHTAG completou 30 minutos sem utilização
2021-09-09 21:10:59,379 - PHILOWATCH --> [!] - Reiniciando script para renovar conexão...

2021-09-09 21:10:59,379 - PHILOWATCH --> "C:\Users\rodri\Documents\GitHub\The-Philosopher-BOT"
2021-09-09 21:10:59,387 - PHILOWATCH --> [+] - Script reiniciado com sucesso!
2021-09-09 21:10:59,387 - PHILOWATCH --> [!] - Enviando e-mail de informação...
2021-09-09 21:11:01,227 - PHILOWATCH --> [+] - E-mail de alerta enviado com sucesso!
2021-09-09 21:11:01,227 - PHILOWATCH --> --------------------------------------------------

