2021-02-05 21:51:52,930 - GENERAL --> Bem-vindo!

2021-02-05 21:51:52,930 - GENERAL --> Philosopher BOT por Caio Madeira e Rodrigo Carmo

2021-02-05 21:51:52,930 - GENERAL --> [32mPara acessar o PhiloBot Manager digite [1]
[0m
2021-02-05 21:51:52,930 - GENERAL --> Escolha qual script função rodar: HASHTAG OU POSTING

2021-02-05 21:51:52,937 - GENERAL --> Qual HASHTAG voce deseja iniciar?
2021-02-05 21:51:52,937 - GENERAL --> [ 1 ] - HASHTAG OFICIAL
2021-02-05 21:51:52,937 - GENERAL --> [ 2 ] - HASHTAG EXTENSION
2021-02-05 21:51:52,937 - GENERAL --> [ 3 ] - HASHTAG DE TESTE
2021-02-05 21:51:52,937 - GENERAL --> HASHTAG TESTE ESCOLHIDA, INICIANDO #Testephilo e #Testemaker...

2021-02-05 21:53:21,212 - GENERAL --> Bem-vindo!

2021-02-05 21:53:21,212 - GENERAL --> Philosopher BOT por Caio Madeira e Rodrigo Carmo

2021-02-05 21:53:21,212 - GENERAL --> [32mPara acessar o PhiloBot Manager digite [1]
[0m
2021-02-05 21:53:21,212 - GENERAL --> Escolha qual script função rodar: HASHTAG OU POSTING

2021-02-05 21:53:21,218 - GENERAL --> Qual HASHTAG voce deseja iniciar?
2021-02-05 21:53:21,218 - GENERAL --> [ 1 ] - HASHTAG OFICIAL
2021-02-05 21:53:21,218 - GENERAL --> [ 2 ] - HASHTAG EXTENSION
2021-02-05 21:53:21,218 - GENERAL --> [ 3 ] - HASHTAG DE TESTE
2021-02-05 21:53:21,218 - GENERAL --> HASHTAG TESTE ESCOLHIDA, INICIANDO #Testephilo e #Testemaker...

2021-02-05 22:00:22,089 - GENERAL --> Bem-vindo!

2021-02-05 22:00:22,089 - GENERAL --> Philosopher BOT por Caio Madeira e Rodrigo Carmo

2021-02-05 22:00:22,089 - GENERAL --> [32mPara acessar o PhiloBot Manager digite [1]
[0m
2021-02-05 22:00:22,089 - GENERAL --> Escolha qual script função rodar: HASHTAG OU POSTING

2021-02-05 22:00:22,100 - GENERAL --> Qual HASHTAG voce deseja iniciar?
2021-02-05 22:00:22,100 - GENERAL --> [ 1 ] - HASHTAG OFICIAL
2021-02-05 22:00:22,100 - GENERAL --> [ 2 ] - HASHTAG EXTENSION
2021-02-05 22:00:22,100 - GENERAL --> [ 3 ] - HASHTAG DE TESTE
2021-02-05 22:00:22,100 - GENERAL --> HASHTAG TESTE ESCOLHIDA, INICIANDO #Testephilo e #Testemaker...

2021-02-05 22:00:42,030 - GENERAL --> Bem-vindo!

2021-02-05 22:00:42,030 - GENERAL --> Philosopher BOT por Caio Madeira e Rodrigo Carmo

2021-02-05 22:00:42,030 - GENERAL --> [32mPara acessar o PhiloBot Manager digite [1]
[0m
2021-02-05 22:00:42,030 - GENERAL --> Escolha qual script função rodar: HASHTAG OU POSTING

2021-02-05 22:00:42,036 - GENERAL --> Qual HASHTAG voce deseja iniciar?
2021-02-05 22:00:42,036 - GENERAL --> [ 1 ] - HASHTAG OFICIAL
2021-02-05 22:00:42,036 - GENERAL --> [ 2 ] - HASHTAG EXTENSION
2021-02-05 22:00:42,036 - GENERAL --> [ 3 ] - HASHTAG DE TESTE
2021-02-05 22:00:42,036 - GENERAL --> HASHTAG TESTE ESCOLHIDA, INICIANDO #Testephilo e #Testemaker...

2021-02-05 22:11:06,189 - GENERAL --> Bem-vindo!

2021-02-05 22:11:06,189 - GENERAL --> Philosopher BOT por Caio Madeira e Rodrigo Carmo

2021-02-05 22:11:06,189 - GENERAL --> [32mPara acessar o PhiloBot Manager digite [1]
[0m
2021-02-05 22:11:06,189 - GENERAL --> Escolha qual script função rodar: HASHTAG OU POSTING

2021-02-05 22:11:06,204 - GENERAL --> Qual HASHTAG voce deseja iniciar?
2021-02-05 22:11:06,205 - GENERAL --> [ 1 ] - HASHTAG OFICIAL
2021-02-05 22:11:06,205 - GENERAL --> [ 2 ] - HASHTAG EXTENSION
2021-02-05 22:11:06,205 - GENERAL --> [ 3 ] - HASHTAG DE TESTE
2021-02-05 22:11:06,205 - GENERAL --> HASHTAG TESTE ESCOLHIDA, INICIANDO #Testephilo e #Testemaker...

2021-02-05 22:20:00,822 - GENERAL --> Bem-vindo!

2021-02-05 22:20:00,823 - GENERAL --> Philosopher BOT por Caio Madeira e Rodrigo Carmo

2021-02-05 22:20:00,823 - GENERAL --> [32mPara acessar o PhiloBot Manager digite [1]
[0m
2021-02-05 22:20:00,823 - GENERAL --> Escolha qual script função rodar: HASHTAG OU POSTING

2021-02-05 22:20:00,833 - GENERAL --> Qual HASHTAG voce deseja iniciar?
2021-02-05 22:20:00,833 - GENERAL --> [ 1 ] - HASHTAG OFICIAL
2021-02-05 22:20:00,833 - GENERAL --> [ 2 ] - HASHTAG EXTENSION
2021-02-05 22:20:00,833 - GENERAL --> [ 3 ] - HASHTAG DE TESTE
2021-02-05 22:20:00,833 - GENERAL --> HASHTAG TESTE ESCOLHIDA, INICIANDO #Testephilo e #Testemaker...

2021-02-05 22:24:32,571 - GENERAL --> Bem-vindo!

2021-02-05 22:24:32,571 - GENERAL --> Philosopher BOT por Caio Madeira e Rodrigo Carmo

2021-02-05 22:24:32,571 - GENERAL --> [32mPara acessar o PhiloBot Manager digite [1]
[0m
2021-02-05 22:24:32,571 - GENERAL --> Escolha qual script função rodar: HASHTAG OU POSTING

2021-02-05 22:24:32,586 - GENERAL --> Qual HASHTAG voce deseja iniciar?
2021-02-05 22:24:32,586 - GENERAL --> [ 1 ] - HASHTAG OFICIAL
2021-02-05 22:24:32,586 - GENERAL --> [ 2 ] - HASHTAG EXTENSION
2021-02-05 22:24:32,586 - GENERAL --> [ 3 ] - HASHTAG DE TESTE
2021-02-05 22:24:32,587 - GENERAL --> HASHTAG TESTE ESCOLHIDA, INICIANDO #Testephilo e #Testemaker...

2021-02-05 22:30:18,818 - GENERAL --> Bem-vindo!

2021-02-05 22:30:18,818 - GENERAL --> Philosopher BOT por Caio Madeira e Rodrigo Carmo

2021-02-05 22:30:18,818 - GENERAL --> [32mPara acessar o PhiloBot Manager digite [1]
[0m
2021-02-05 22:30:18,818 - GENERAL --> Escolha qual script função rodar: HASHTAG OU POSTING

2021-02-05 22:30:18,828 - GENERAL --> Qual HASHTAG voce deseja iniciar?
2021-02-05 22:30:18,828 - GENERAL --> [ 1 ] - HASHTAG OFICIAL
2021-02-05 22:30:18,828 - GENERAL --> [ 2 ] - HASHTAG EXTENSION
2021-02-05 22:30:18,828 - GENERAL --> [ 3 ] - HASHTAG DE TESTE
2021-02-05 22:30:18,828 - GENERAL --> HASHTAG TESTE ESCOLHIDA, INICIANDO #Testephilo e #Testemaker...

2021-02-05 22:32:12,444 - GENERAL --> Bem-vindo!

2021-02-05 22:32:12,445 - GENERAL --> Philosopher BOT por Caio Madeira e Rodrigo Carmo

2021-02-05 22:32:12,445 - GENERAL --> [32mPara acessar o PhiloBot Manager digite [1]
[0m
2021-02-05 22:32:12,445 - GENERAL --> Escolha qual script função rodar: HASHTAG OU POSTING

2021-02-05 22:32:12,455 - GENERAL --> Qual HASHTAG voce deseja iniciar?
2021-02-05 22:32:12,456 - GENERAL --> [ 1 ] - HASHTAG OFICIAL
2021-02-05 22:32:12,456 - GENERAL --> [ 2 ] - HASHTAG EXTENSION
2021-02-05 22:32:12,456 - GENERAL --> [ 3 ] - HASHTAG DE TESTE
2021-02-05 22:32:12,456 - GENERAL --> HASHTAG TESTE ESCOLHIDA, INICIANDO #Testephilo e #Testemaker...

2021-02-05 22:32:59,566 - GENERAL --> Bem-vindo!

2021-02-05 22:32:59,566 - GENERAL --> Philosopher BOT por Caio Madeira e Rodrigo Carmo

2021-02-05 22:32:59,566 - GENERAL --> [32mPara acessar o PhiloBot Manager digite [1]
[0m
2021-02-05 22:32:59,566 - GENERAL --> Escolha qual script função rodar: HASHTAG OU POSTING

2021-02-05 22:32:59,572 - GENERAL --> Qual HASHTAG voce deseja iniciar?
2021-02-05 22:32:59,572 - GENERAL --> [ 1 ] - HASHTAG OFICIAL
2021-02-05 22:32:59,572 - GENERAL --> [ 2 ] - HASHTAG EXTENSION
2021-02-05 22:32:59,572 - GENERAL --> [ 3 ] - HASHTAG DE TESTE
2021-02-05 22:32:59,572 - GENERAL --> HASHTAG TESTE ESCOLHIDA, INICIANDO #Testephilo e #Testemaker...

2021-02-05 22:36:35,738 - GENERAL --> Bem-vindo!

2021-02-05 22:36:35,738 - GENERAL --> Philosopher BOT por Caio Madeira e Rodrigo Carmo

2021-02-05 22:36:35,738 - GENERAL --> [32mPara acessar o PhiloBot Manager digite [1]
[0m
2021-02-05 22:36:35,738 - GENERAL --> Escolha qual script função rodar: HASHTAG OU POSTING

2021-02-05 22:36:35,749 - GENERAL --> Qual HASHTAG voce deseja iniciar?
2021-02-05 22:36:35,749 - GENERAL --> [ 1 ] - HASHTAG OFICIAL
2021-02-05 22:36:35,749 - GENERAL --> [ 2 ] - HASHTAG EXTENSION
2021-02-05 22:36:35,749 - GENERAL --> [ 3 ] - HASHTAG DE TESTE
2021-02-05 22:36:35,749 - GENERAL --> HASHTAG TESTE ESCOLHIDA, INICIANDO #Testephilo e #Testemaker...

2021-02-05 22:40:00,982 - GENERAL --> Bem-vindo!

2021-02-05 22:40:00,982 - GENERAL --> Philosopher BOT por Caio Madeira e Rodrigo Carmo

2021-02-05 22:40:00,982 - GENERAL --> [32mPara acessar o PhiloBot Manager digite [1]
[0m
2021-02-05 22:40:00,982 - GENERAL --> Escolha qual script função rodar: HASHTAG OU POSTING

2021-02-05 22:40:00,992 - GENERAL --> Qual HASHTAG voce deseja iniciar?
2021-02-05 22:40:00,992 - GENERAL --> [ 1 ] - HASHTAG OFICIAL
2021-02-05 22:40:00,992 - GENERAL --> [ 2 ] - HASHTAG EXTENSION
2021-02-05 22:40:00,992 - GENERAL --> [ 3 ] - HASHTAG DE TESTE
2021-02-05 22:40:00,992 - GENERAL --> HASHTAG TESTE ESCOLHIDA, INICIANDO #Testephilo e #Testemaker...

