2021-02-05 21:53:31,477 - HASHTAG --> =============== NOVO TWEET ENCONTRADO ================
2021-02-05 21:53:31,477 - HASHTAG --> Tweet ID: 1357854882368278529
2021-02-05 21:53:31,477 - HASHTAG --> Tweet USERNAME: TestePhiloBot
2021-02-05 21:53:31,477 - HASHTAG --> Adicionado na fila
2021-02-05 21:53:31,477 - HASHTAG --> =======================================================

2021-02-05 21:53:36,480 - PHILOBOT --> ----------------------------------------
2021-02-05 21:53:36,480 - PHILOBOT -->          > STARTING PHILOBOT < 
2021-02-05 21:53:36,480 - PHILOBOT --> ----------------------------------------
2021-02-05 21:53:36,482 - PHILOBOT --> ID Coletado: 1357854882368278529
2021-02-05 21:53:36,753 - PHILOBOT --> [ETAPA 1] Status coletado: #testephilo ah é? então vai la buscar a serra elétrica
2021-02-05 21:53:36,753 - PHILOBOT --> [ETAPA 2] Status - marcações retiradas: #testephilo ah é? então vai la buscar a serra elétrica
2021-02-05 21:53:36,774 - PHILOBOT --> [ETAPA 3] Checando se é RT...
2021-02-05 21:53:36,813 - PHILOBOT --> [ETAPA 4] Configurando imagem...
2021-02-05 21:53:36,814 - PHILOBOT --> [ETAPA 4.1] Imagem do filósofo escolhida: Heráclito.png
2021-02-05 21:53:36,814 - PHILOBOT --> [ETAPA 4.2] Nenhum lixo no nome da imagem encontrado. Prosseguindo normalmente...
2021-02-05 21:53:36,814 - PHILOBOT --> [ETAPA 4.3] Nome do filósofo tratado: - Heráclito
2021-02-05 21:53:36,827 - PHILOBOT --> [ETAPA 5] Verificando aspas...
2021-02-05 21:53:37,764 - PHILOBOT --> IMAGEM ENVIADA!
2021-02-05 21:53:40,778 - PHILOBOT --> Finalizado, ID tratado: 1357854882368278529
2021-02-05 21:53:40,778 - PHILOBOT --> Itens restantes: 0
2021-02-05 21:53:40,778 - PHILOBOT --> TWEET TRATADO COM SUCESSO
2021-02-05 21:53:40,778 - PHILOBOT --> ----------------------------------------

2021-02-05 21:53:40,778 - PHILOBOT --> >AGUARDANDO NOVOS TWEETS...<
2021-02-05 21:54:28,916 - HASHTAG --> =============== NOVO TWEET ENCONTRADO ================
2021-02-05 21:54:28,916 - HASHTAG --> Tweet ID: 1357855122920009731
2021-02-05 21:54:28,916 - HASHTAG --> Tweet USERNAME: TestePhiloBot
2021-02-05 21:54:28,916 - HASHTAG --> Adicionado na fila
2021-02-05 21:54:28,916 - HASHTAG --> =======================================================

2021-02-05 21:54:33,919 - PHILOMAKER --> ----------------------------------------
2021-02-05 21:54:33,919 - PHILOMAKER -->        > STARTING PHILOMAKER < 
2021-02-05 21:54:33,919 - PHILOMAKER --> ----------------------------------------
2021-02-05 21:54:33,919 - PHILOMAKER --> ID Coletado: 1357855122920009731
2021-02-05 21:54:34,179 - PHILOMAKER --> [ETAPA 1] Status coletado: #testemaker teste teste @JesusFlamengoo https://t.co/JtLfDUYMC7
2021-02-05 21:54:34,179 - PHILOMAKER --> [ETAPA 2] Status - marcações retiradas: #testemaker teste teste  https://t.co/JtLfDUYMC7
2021-02-05 21:54:36,196 - PHILOMAKER --> [ETAPA 3] Checando se é RT...
2021-02-05 21:54:36,196 - PHILOMAKER --> [ETAPA 4] Checando string vazia...
2021-02-05 21:54:38,210 - PHILOMAKER --> [ETAPA 5] Ajustando tamanho do texto para imagem...
2021-02-05 21:54:38,250 - PHILOMAKER --> [ETAPA 7] Coletando URL da imagem: http://pbs.twimg.com/media/EtgSCRDXAAMCME3.jpg
2021-02-05 21:54:38,984 - PHILOMAKER --> [ETAPA 8] Verificando aspas...
2021-02-05 21:54:38,985 - PHILOMAKER --> [ETAPA 9] Tweet MENOR que 25 caracteres, ajustando texto...

2021-02-05 21:54:39,995 - PHILOMAKER --> IMAGEM ENVIADA!
2021-02-05 21:54:42,997 - PHILOMAKER --> Imagem removida
2021-02-05 21:54:42,997 - PHILOMAKER --> Finalizado, ID tratado: 1357855122920009731
2021-02-05 21:54:42,997 - PHILOMAKER --> Itens restantes: 0
2021-02-05 21:54:42,997 - PHILOMAKER --> TWEET TRATADO COM SUCESSO
2021-02-05 21:54:42,997 - PHILOMAKER --> ----------------------------------------

2021-02-05 21:54:42,997 - PHILOMAKER --> >AGUARDANDO NOVOS TWEETS...<
2021-02-05 22:01:31,713 - HASHTAG --> =============== NOVO TWEET ENCONTRADO ================
2021-02-05 22:01:31,713 - HASHTAG --> Tweet ID: 1357856895646711808
2021-02-05 22:01:31,713 - HASHTAG --> Tweet USERNAME: TestePhiloBot
2021-02-05 22:01:31,713 - HASHTAG --> Adicionado na fila
2021-02-05 22:01:31,713 - HASHTAG --> =======================================================

2021-02-05 22:01:36,722 - PHILOMAKER --> ----------------------------------------
2021-02-05 22:01:36,722 - PHILOMAKER -->        > STARTING PHILOMAKER < 
2021-02-05 22:01:36,722 - PHILOMAKER --> ----------------------------------------
2021-02-05 22:01:36,722 - PHILOMAKER --> ID Coletado: 1357856895646711808
2021-02-05 22:01:36,979 - PHILOMAKER --> [ETAPA 1] Status coletado: #testemaker juda seu arrombado @JesusFlamengoo https://t.co/W3a7yqxHPG
2021-02-05 22:01:36,979 - PHILOMAKER --> [ETAPA 2] Status - marcações retiradas: #testemaker juda seu arrombado  https://t.co/W3a7yqxHPG
2021-02-05 22:01:38,992 - PHILOMAKER --> [ETAPA 3] Checando se é RT...
2021-02-05 22:01:38,992 - PHILOMAKER --> [ETAPA 4] Checando string vazia...
2021-02-05 22:01:40,995 - PHILOMAKER --> [ETAPA 5] Ajustando tamanho do texto para imagem...
2021-02-05 22:01:41,039 - PHILOMAKER --> [ETAPA 7] Coletando URL da imagem: http://pbs.twimg.com/media/EtgToO3XcAE8SEz.jpg
2021-02-05 22:01:41,231 - PHILOMAKER --> [ETAPA 8] Verificando aspas...
2021-02-05 22:01:41,231 - PHILOMAKER --> [ETAPA 9] Tweet MENOR que 25 caracteres, ajustando texto...

2021-02-05 22:01:42,059 - PHILOMAKER --> IMAGEM ENVIADA!
2021-02-05 22:01:45,073 - PHILOMAKER --> Imagem removida
2021-02-05 22:01:45,073 - PHILOMAKER --> Finalizado, ID tratado: 1357856895646711808
2021-02-05 22:01:45,073 - PHILOMAKER --> Itens restantes: 0
2021-02-05 22:01:45,073 - PHILOMAKER --> TWEET TRATADO COM SUCESSO
2021-02-05 22:01:45,073 - PHILOMAKER --> ----------------------------------------

2021-02-05 22:01:45,073 - PHILOMAKER --> >AGUARDANDO NOVOS TWEETS...<
2021-02-05 22:11:27,047 - HASHTAG --> =============== NOVO TWEET ENCONTRADO ================
2021-02-05 22:11:27,047 - HASHTAG --> Tweet ID: 1357859393639972868
2021-02-05 22:11:27,047 - HASHTAG --> Tweet USERNAME: TestePhiloBot
2021-02-05 22:11:27,047 - HASHTAG --> Adicionado na fila
2021-02-05 22:11:27,047 - HASHTAG --> =======================================================

2021-02-05 22:11:32,059 - PHILOBOT --> ----------------------------------------
2021-02-05 22:11:32,059 - PHILOBOT -->          > STARTING PHILOBOT < 
2021-02-05 22:11:32,059 - PHILOBOT --> ----------------------------------------
2021-02-05 22:11:32,059 - PHILOBOT --> ID Coletado: 1357859393639972868
2021-02-05 22:11:32,341 - PHILOBOT --> [ETAPA 1] Status coletado: #testephilo rnksi
2021-02-05 22:11:32,342 - PHILOBOT --> [ETAPA 2] Status - marcações retiradas: #testephilo rnksi
2021-02-05 22:11:32,363 - PHILOBOT --> [ETAPA 3] Checando se é RT...
2021-02-05 22:11:32,363 - PHILOBOT --> [ETAPA 4] Checando string vazia...
2021-02-05 22:11:34,414 - PHILOBOT --> [ETAPA 4] Configurando imagem...
2021-02-05 22:11:34,415 - PHILOBOT --> [ETAPA 4.1] Imagem do filósofo escolhida: Luz Inácio Lula da Silva.png
2021-02-05 22:11:34,415 - PHILOBOT --> [ETAPA 4.2] Nenhum lixo no nome da imagem encontrado. Prosseguindo normalmente...
2021-02-05 22:11:34,415 - PHILOBOT --> [ETAPA 4.3] Nome do filósofo tratado: - Luz Inácio Lula da Silva
2021-02-05 22:11:34,435 - PHILOBOT --> [ETAPA 5] Verificando aspas...
2021-02-05 22:11:34,435 - PHILOBOT --> [ETAPA 6] Tweet MENOR que 25 caracteres, ajustando texto...
2021-02-05 22:11:35,310 - PHILOBOT --> IMAGEM ENVIADA!
2021-02-05 22:11:38,324 - PHILOBOT --> Finalizado, ID tratado: 1357859393639972868
2021-02-05 22:11:38,324 - PHILOBOT --> Itens restantes: 0
2021-02-05 22:11:38,324 - PHILOBOT --> TWEET TRATADO COM SUCESSO
2021-02-05 22:11:38,324 - PHILOBOT --> ----------------------------------------

2021-02-05 22:11:38,324 - PHILOBOT --> >AGUARDANDO NOVOS TWEETS...<
2021-02-05 22:11:47,308 - PHILOBOT --> =============== NOVO TWEET ENCONTRADO ================
2021-02-05 22:11:47,308 - PHILOBOT --> Tweet ID: 1357859478633332739
2021-02-05 22:11:47,308 - PHILOBOT --> Tweet USERNAME: TestePhiloBot
2021-02-05 22:11:47,308 - PHILOBOT --> Adicionado na fila
2021-02-05 22:11:47,308 - PHILOBOT --> =======================================================

2021-02-05 22:11:52,311 - PHILOBOT --> ----------------------------------------
2021-02-05 22:11:52,311 - PHILOBOT -->          > STARTING PHILOBOT < 
2021-02-05 22:11:52,311 - PHILOBOT --> ----------------------------------------
2021-02-05 22:11:52,311 - PHILOBOT --> ID Coletado: 1357859478633332739
2021-02-05 22:11:52,582 - PHILOBOT --> [ETAPA 1] Status coletado: #testephilo
2021-02-05 22:11:52,582 - PHILOBOT --> [ETAPA 2] Status - marcações retiradas: #testephilo
2021-02-05 22:11:52,588 - PHILOBOT --> [ETAPA 3] Checando se é RT...
2021-02-05 22:11:52,588 - PHILOBOT --> [ETAPA 4] Checando string vazia...
2021-02-05 22:11:52,588 - PHILOBOT --> ERRO: FALHA AO CHECAR SE A STRING É VAZIA
2021-02-05 22:11:52,588 - PHILOBOT --> ----------------------------------------

2021-02-05 22:11:52,588 - PHILOBOT --> >AGUARDANDO NOVOS TWEETS...<
2021-02-05 22:11:52,588 - PHILOBOT --> ----------------------------------------

2021-02-05 22:11:52,588 - PHILOBOT --> >AGUARDANDO NOVOS TWEETS...<
2021-02-05 22:14:19,972 - HASHTAG --> =============== NOVO TWEET ENCONTRADO ================
2021-02-05 22:14:19,972 - HASHTAG --> Tweet ID: 1357860118499627016
2021-02-05 22:14:19,972 - HASHTAG --> Tweet USERNAME: TestePhiloBot
2021-02-05 22:14:19,972 - HASHTAG --> Adicionado na fila
2021-02-05 22:14:19,972 - HASHTAG --> =======================================================

2021-02-05 22:14:24,977 - PHILOMAKER --> ----------------------------------------
2021-02-05 22:14:24,977 - PHILOMAKER -->        > STARTING PHILOMAKER < 
2021-02-05 22:14:24,977 - PHILOMAKER --> ----------------------------------------
2021-02-05 22:14:24,977 - PHILOMAKER --> ID Coletado: 1357860118499627016
2021-02-05 22:14:25,236 - PHILOMAKER --> [ETAPA 1] Status coletado: #testemaker kdkdkdk @JesusFlamengoo https://t.co/kzMCmIY216
2021-02-05 22:14:25,236 - PHILOMAKER --> [ETAPA 2] Status - marcações retiradas: #testemaker kdkdkdk  https://t.co/kzMCmIY216
2021-02-05 22:14:27,248 - PHILOMAKER --> [ETAPA 3] Checando se é RT...
2021-02-05 22:14:27,248 - PHILOMAKER --> [ETAPA 4] Checando string vazia...
2021-02-05 22:14:29,257 - PHILOMAKER --> [ETAPA 5] Ajustando tamanho do texto para imagem...
2021-02-05 22:14:29,297 - PHILOMAKER --> [ETAPA 7] Coletando URL da imagem: http://pbs.twimg.com/media/EtgWkihXIAA3e4D.jpg
2021-02-05 22:14:29,536 - PHILOMAKER --> [ETAPA 8] Verificando aspas...
2021-02-05 22:14:29,537 - PHILOMAKER --> [ETAPA 9] Tweet MENOR que 25 caracteres, ajustando texto...

2021-02-05 22:14:30,456 - PHILOMAKER --> IMAGEM ENVIADA!
2021-02-05 22:14:33,468 - PHILOMAKER --> Imagem removida
2021-02-05 22:14:33,468 - PHILOMAKER --> Finalizado, ID tratado: 1357860118499627016
2021-02-05 22:14:33,468 - PHILOMAKER --> Itens restantes: 0
2021-02-05 22:14:33,468 - PHILOMAKER --> TWEET TRATADO COM SUCESSO
2021-02-05 22:14:33,468 - PHILOMAKER --> ----------------------------------------

2021-02-05 22:14:33,468 - PHILOMAKER --> >AGUARDANDO NOVOS TWEETS...<
2021-02-05 22:15:45,610 - PHILOMAKER --> =============== NOVO TWEET ENCONTRADO ================
2021-02-05 22:15:45,610 - PHILOMAKER --> Tweet ID: 1357860477074878466
2021-02-05 22:15:45,611 - PHILOMAKER --> Tweet USERNAME: TestePhiloBot
2021-02-05 22:15:45,611 - PHILOMAKER --> Adicionado na fila
2021-02-05 22:15:45,611 - PHILOMAKER --> =======================================================

2021-02-05 22:15:50,622 - PHILOMAKER --> ----------------------------------------
2021-02-05 22:15:50,622 - PHILOMAKER -->        > STARTING PHILOMAKER < 
2021-02-05 22:15:50,622 - PHILOMAKER --> ----------------------------------------
2021-02-05 22:15:50,622 - PHILOMAKER --> ID Coletado: 1357860477074878466
2021-02-05 22:15:50,911 - PHILOMAKER --> [ETAPA 1] Status coletado: #testemaker @Flamengo https://t.co/hwaLd7f94t
2021-02-05 22:15:50,911 - PHILOMAKER --> [ETAPA 2] Status - marcações retiradas: #testemaker  https://t.co/hwaLd7f94t
2021-02-05 22:15:52,923 - PHILOMAKER --> [ETAPA 3] Checando se é RT...
2021-02-05 22:15:52,923 - PHILOMAKER --> [ETAPA 4] Checando string vazia...
2021-02-05 22:15:52,923 - PHILOMAKER --> STRING VAZIA DETECTADA!
2021-02-05 22:15:52,923 - PHILOMAKER --> ENVIANDO TEMPLATE DE AJUDA PARA O @TestePhiloBot.
2021-02-05 22:15:54,436 - PHILOMAKER --> IMAGEM ENVIADA!
2021-02-05 22:15:57,438 - PHILOMAKER --> ----------------------------------------

2021-02-05 22:15:57,438 - PHILOMAKER --> >AGUARDANDO NOVOS TWEETS...<
2021-02-05 22:20:46,306 - HASHTAG --> =============== NOVO TWEET ENCONTRADO ================
2021-02-05 22:20:46,307 - HASHTAG --> Tweet ID: 1357861739140943872
2021-02-05 22:20:46,307 - HASHTAG --> Tweet USERNAME: TestePhiloBot
2021-02-05 22:20:46,307 - HASHTAG --> Adicionado na fila
2021-02-05 22:20:46,307 - HASHTAG --> =======================================================

2021-02-05 22:20:51,315 - PHILOBOT --> ----------------------------------------
2021-02-05 22:20:51,315 - PHILOBOT -->          > STARTING PHILOBOT < 
2021-02-05 22:20:51,315 - PHILOBOT --> ----------------------------------------
2021-02-05 22:20:51,315 - PHILOBOT --> ID Coletado: 1357861739140943872
2021-02-05 22:20:51,838 - PHILOBOT --> [ETAPA 1] Status coletado: #testephilo
2021-02-05 22:20:51,838 - PHILOBOT --> [ETAPA 2] Status - marcações retiradas: #testephilo
2021-02-05 22:20:51,859 - PHILOBOT --> [ETAPA 3] Checando se é RT...
2021-02-05 22:20:51,859 - PHILOBOT --> [ETAPA 4] Checando string vazia...
2021-02-05 22:20:51,859 - PHILOBOT --> ERRO: FALHA AO CHECAR SE A STRING É VAZIA
2021-02-05 22:20:51,859 - PHILOBOT --> ----------------------------------------

2021-02-05 22:20:51,859 - PHILOBOT --> >AGUARDANDO NOVOS TWEETS...<
2021-02-05 22:20:51,859 - PHILOBOT --> ----------------------------------------

2021-02-05 22:20:51,859 - PHILOBOT --> >AGUARDANDO NOVOS TWEETS...<
2021-02-05 22:25:04,919 - HASHTAG --> =============== NOVO TWEET ENCONTRADO ================
2021-02-05 22:25:04,919 - HASHTAG --> Tweet ID: 1357862823838294017
2021-02-05 22:25:04,919 - HASHTAG --> Tweet USERNAME: TestePhiloBot
2021-02-05 22:25:04,919 - HASHTAG --> Adicionado na fila
2021-02-05 22:25:04,919 - HASHTAG --> =======================================================

2021-02-05 22:25:09,924 - PHILOBOT --> ----------------------------------------
2021-02-05 22:25:09,924 - PHILOBOT -->          > STARTING PHILOBOT < 
2021-02-05 22:25:09,924 - PHILOBOT --> ----------------------------------------
2021-02-05 22:25:09,924 - PHILOBOT --> ID Coletado: 1357862823838294017
2021-02-05 22:25:11,192 - PHILOBOT --> [ETAPA 1] Status coletado: #testephilo
2021-02-05 22:25:11,192 - PHILOBOT --> [ETAPA 2] Status - marcações retiradas: #testephilo
2021-02-05 22:25:11,214 - PHILOBOT --> [ETAPA 3] Checando se é RT...
2021-02-05 22:30:46,268 - HASHTAG --> =============== NOVO TWEET ENCONTRADO ================
2021-02-05 22:30:46,269 - HASHTAG --> Tweet ID: 1357864255069028352
2021-02-05 22:30:46,269 - HASHTAG --> Tweet USERNAME: TestePhiloBot
2021-02-05 22:30:46,269 - HASHTAG --> Adicionado na fila
2021-02-05 22:30:46,269 - HASHTAG --> =======================================================

2021-02-05 22:30:51,275 - PHILOMAKER --> ----------------------------------------
2021-02-05 22:30:51,275 - PHILOMAKER -->        > STARTING PHILOMAKER < 
2021-02-05 22:30:51,275 - PHILOMAKER --> ----------------------------------------
2021-02-05 22:30:51,275 - PHILOMAKER --> ID Coletado: 1357864255069028352
2021-02-05 22:30:51,577 - PHILOMAKER --> [ETAPA 1] Status coletado: #testemaker @Flamengo https://t.co/6MOCu0j9T8
2021-02-05 22:30:51,577 - PHILOMAKER --> [ETAPA 2] Status - marcações retiradas: #testemaker  https://t.co/6MOCu0j9T8
2021-02-05 22:30:53,598 - PHILOMAKER --> [ETAPA 3] Checando se é RT...
2021-02-05 22:32:32,465 - HASHTAG --> =============== NOVO TWEET ENCONTRADO ================
2021-02-05 22:32:32,465 - HASHTAG --> Tweet ID: 1357864700541865986
2021-02-05 22:32:32,465 - HASHTAG --> Tweet USERNAME: TestePhiloBot
2021-02-05 22:32:32,465 - HASHTAG --> Adicionado na fila
2021-02-05 22:32:32,465 - HASHTAG --> =======================================================

2021-02-05 22:32:37,467 - PHILOMAKER --> ----------------------------------------
2021-02-05 22:32:37,467 - PHILOMAKER -->        > STARTING PHILOMAKER < 
2021-02-05 22:32:37,467 - PHILOMAKER --> ----------------------------------------
2021-02-05 22:32:37,467 - PHILOMAKER --> ID Coletado: 1357864700541865986
2021-02-05 22:32:37,743 - PHILOMAKER --> [ETAPA 1] Status coletado: #testemaker 
@Flamengo https://t.co/0LUnVld35Z
2021-02-05 22:32:37,743 - PHILOMAKER --> [ETAPA 2] Status - marcações retiradas: #testemaker 
 https://t.co/0LUnVld35Z
2021-02-05 22:32:39,751 - PHILOMAKER --> [ETAPA 3] Checando se é RT...
2021-02-05 22:32:39,751 - PHILOMAKER --> [ETAPA 4] Checando string vazia...
2021-02-05 22:32:39,751 - PHILOMAKER --> STRING VAZIA DETECTADA!
2021-02-05 22:32:39,751 - PHILOMAKER --> ENVIANDO TEMPLATE DE AJUDA PARA O @TestePhiloBot.
2021-02-05 22:32:40,609 - PHILOMAKER --> IMAGEM ENVIADA!
2021-02-05 22:32:43,623 - PHILOMAKER --> ----------------------------------------

2021-02-05 22:32:43,623 - PHILOMAKER --> >AGUARDANDO NOVOS TWEETS...<
2021-02-05 22:33:14,664 - HASHTAG --> =============== NOVO TWEET ENCONTRADO ================
2021-02-05 22:33:14,664 - HASHTAG --> Tweet ID: 1357864878032248840
2021-02-05 22:33:14,664 - HASHTAG --> Tweet USERNAME: TestePhiloBot
2021-02-05 22:33:14,664 - HASHTAG --> Adicionado na fila
2021-02-05 22:33:14,665 - HASHTAG --> =======================================================

2021-02-05 22:33:19,677 - PHILOBOT --> ----------------------------------------
2021-02-05 22:33:19,677 - PHILOBOT -->          > STARTING PHILOBOT < 
2021-02-05 22:33:19,677 - PHILOBOT --> ----------------------------------------
2021-02-05 22:33:19,677 - PHILOBOT --> ID Coletado: 1357864878032248840
2021-02-05 22:33:19,968 - PHILOBOT --> [ETAPA 1] Status coletado: #testephilo
2021-02-05 22:33:19,968 - PHILOBOT --> [ETAPA 2] Status - marcações retiradas: #testephilo
2021-02-05 22:33:19,990 - PHILOBOT --> [ETAPA 3] Checando se é RT...
2021-02-05 22:37:04,647 - HASHTAG --> =============== NOVO TWEET ENCONTRADO ================
2021-02-05 22:37:04,648 - HASHTAG --> Tweet ID: 1357865842776670210
2021-02-05 22:37:04,648 - HASHTAG --> Tweet USERNAME: TestePhiloBot
2021-02-05 22:37:04,648 - HASHTAG --> Adicionado na fila
2021-02-05 22:37:04,648 - HASHTAG --> =======================================================

2021-02-05 22:37:09,652 - PHILOBOT --> ----------------------------------------
2021-02-05 22:37:09,652 - PHILOBOT -->          > STARTING PHILOBOT < 
2021-02-05 22:37:09,652 - PHILOBOT --> ----------------------------------------
2021-02-05 22:37:09,652 - PHILOBOT --> ID Coletado: 1357865842776670210
2021-02-05 22:37:09,931 - PHILOBOT --> [ETAPA 1] Status coletado: #testephilo
2021-02-05 22:37:09,931 - PHILOBOT --> [ETAPA 2] Status - marcações retiradas: #testephilo
2021-02-05 22:37:09,952 - PHILOBOT --> [ETAPA 3] Checando se é RT...
2021-02-05 22:40:43,292 - HASHTAG --> =============== NOVO TWEET ENCONTRADO ================
2021-02-05 22:40:43,292 - HASHTAG --> Tweet ID: 1357866759848677381
2021-02-05 22:40:43,292 - HASHTAG --> Tweet USERNAME: TestePhiloBot
2021-02-05 22:40:43,292 - HASHTAG --> Adicionado na fila
2021-02-05 22:40:43,292 - HASHTAG --> =======================================================

2021-02-05 22:40:48,295 - PHILOBOT --> ----------------------------------------
2021-02-05 22:40:48,295 - PHILOBOT -->          > STARTING PHILOBOT < 
2021-02-05 22:40:48,295 - PHILOBOT --> ----------------------------------------
2021-02-05 22:40:48,295 - PHILOBOT --> ID Coletado: 1357866759848677381
2021-02-05 22:40:48,657 - PHILOBOT --> [ETAPA 1] Status coletado: #testephilo
2021-02-05 22:40:48,658 - PHILOBOT --> [ETAPA 2] Status - marcações retiradas: #testephilo
2021-02-05 22:40:48,678 - PHILOBOT --> [ETAPA 3] Checando se é RT...
2021-02-05 22:40:48,678 - PHILOBOT --> [ETAPA 4] Checando string vazia...
2021-02-05 22:40:48,678 - PHILOBOT --> STRING VAZIA DETECTADA!
2021-02-05 22:40:48,679 - PHILOBOT --> ENVIANDO TEMPLATE DE AJUDA PARA O @TestePhiloBot.
2021-02-05 22:40:49,511 - PHILOBOT --> IMAGEM ENVIADA!
2021-02-05 22:40:52,520 - PHILOBOT --> ----------------------------------------

2021-02-05 22:40:52,520 - PHILOBOT --> >AGUARDANDO NOVOS TWEETS...<
