2021-01-22 17:38:29,366 - Bem-vindo!

2021-01-22 17:38:29,366 - Philosopher BOT por Caio Madeira e Rodrigo Carmo

2021-01-22 17:38:29,367 - [32mPara acessar o PhiloBot Manager digite [1]
[0m
2021-01-22 17:38:31,367 - Escolha qual script função rodar: HASHTAG OU POSTING

2021-01-22 17:39:11,111 - Bem-vindo!

2021-01-22 17:39:11,111 - Philosopher BOT por Caio Madeira e Rodrigo Carmo

2021-01-22 17:39:11,111 - [32mPara acessar o PhiloBot Manager digite [1]
[0m
2021-01-22 17:39:13,111 - Escolha qual script função rodar: HASHTAG OU POSTING

2021-01-22 17:39:16,118 - Qual HASHTAG voce deseja iniciar?
2021-01-22 17:39:16,119 - [ 1 ] - HASHTAG OFICIAL
2021-01-22 17:39:16,119 - [ 2 ] - HASHTAG EXTENSION
2021-01-22 17:39:16,119 - [ 3 ] - HASHTAG DE TESTE
2021-01-22 17:39:20,002 - HASHTAG TESTE ESCOLHIDA, INICIANDO #TESTEPHILO...
2021-01-22 17:39:40,612 - Bem-vindo!

2021-01-22 17:39:40,612 - Philosopher BOT por Caio Madeira e Rodrigo Carmo

2021-01-22 17:39:40,612 - [32mPara acessar o PhiloBot Manager digite [1]
[0m
2021-01-22 17:39:42,612 - Escolha qual script função rodar: HASHTAG OU POSTING

2021-01-22 17:41:09,569 - POSTS DEFINIDOS PARA A CADA 5 SEGUNDOS EM 'config.py'

2021-01-22 17:47:17,635 - Bem-vindo!

2021-01-22 17:47:17,635 - Philosopher BOT por Caio Madeira e Rodrigo Carmo

2021-01-22 17:47:17,635 - [32mPara acessar o PhiloBot Manager digite [1]
[0m
2021-01-22 17:47:19,635 - Escolha qual script função rodar: HASHTAG OU POSTING

2021-01-22 17:47:27,921 - POSTS DEFINIDOS PARA A CADA 5 SEGUNDOS EM 'config.py'

2021-01-22 17:52:15,226 - Bem-vindo!

2021-01-22 17:52:15,227 - Philosopher BOT por Caio Madeira e Rodrigo Carmo

2021-01-22 17:52:15,227 - [32mPara acessar o PhiloBot Manager digite [1]
[0m
2021-01-22 17:52:17,227 - Escolha qual script função rodar: HASHTAG OU POSTING

2021-01-22 17:52:21,665 - POSTS DEFINIDOS PARA A CADA 5 SEGUNDOS EM 'config.py'

2021-01-22 18:01:44,618 - Bem-vindo!

2021-01-22 18:01:44,618 - Philosopher BOT por Caio Madeira e Rodrigo Carmo

2021-01-22 18:01:44,618 - [32mPara acessar o PhiloBot Manager digite [1]
[0m
2021-01-22 18:01:46,618 - Escolha qual script função rodar: HASHTAG OU POSTING

2021-01-22 18:01:52,563 - POSTS DEFINIDOS PARA A CADA 5 SEGUNDOS EM 'config.py'

2021-01-22 18:12:04,589 - Bem-vindo!

2021-01-22 18:12:04,590 - Philosopher BOT por Caio Madeira e Rodrigo Carmo

2021-01-22 18:12:04,590 - [32mPara acessar o PhiloBot Manager digite [1]
[0m
2021-01-22 18:12:06,590 - Escolha qual script função rodar: HASHTAG OU POSTING

2021-01-22 18:12:12,322 - POSTS DEFINIDOS PARA A CADA 5 SEGUNDOS EM 'config.py'

2021-01-22 18:12:21,116 - Bem-vindo!

2021-01-22 18:12:21,116 - Philosopher BOT por Caio Madeira e Rodrigo Carmo

2021-01-22 18:12:21,116 - [32mPara acessar o PhiloBot Manager digite [1]
[0m
2021-01-22 18:12:23,116 - Escolha qual script função rodar: HASHTAG OU POSTING

2021-01-22 18:12:26,289 - POSTS DEFINIDOS PARA A CADA 5 SEGUNDOS EM 'config.py'

2021-01-22 18:13:12,003 - Bem-vindo!

2021-01-22 18:13:12,004 - Philosopher BOT por Caio Madeira e Rodrigo Carmo

2021-01-22 18:13:12,004 - [32mPara acessar o PhiloBot Manager digite [1]
[0m
2021-01-22 18:13:14,004 - Escolha qual script função rodar: HASHTAG OU POSTING

2021-01-22 18:13:15,713 - Comando não registrado.

2021-01-22 18:13:15,714 - Deseja encerrar?

2021-01-22 18:13:22,882 - 
Retornando ao inicio...

2021-01-22 18:13:37,423 - Bem-vindo!

2021-01-22 18:13:37,423 - Philosopher BOT por Caio Madeira e Rodrigo Carmo

2021-01-22 18:13:37,424 - [32mPara acessar o PhiloBot Manager digite [1]
[0m
2021-01-22 18:13:39,424 - Escolha qual script função rodar: HASHTAG OU POSTING

2021-01-22 18:13:43,891 - POSTS DEFINIDOS PARA A CADA 5 SEGUNDOS EM 'config.py'

2021-01-22 18:28:22,908 - Bem-vindo!

2021-01-22 18:28:22,908 - Philosopher BOT por Caio Madeira e Rodrigo Carmo

2021-01-22 18:28:22,909 - [32mPara acessar o PhiloBot Manager digite [1]
[0m
2021-01-22 18:28:24,910 - Escolha qual script função rodar: HASHTAG OU POSTING

2021-01-22 18:28:28,978 - POSTS DEFINIDOS PARA A CADA 5 SEGUNDOS EM 'config.py'

2021-01-22 18:32:10,896 - Bem-vindo!

2021-01-22 18:32:10,896 - Philosopher BOT por Caio Madeira e Rodrigo Carmo

2021-01-22 18:32:10,896 - [32mPara acessar o PhiloBot Manager digite [1]
[0m
2021-01-22 18:32:12,897 - Escolha qual script função rodar: HASHTAG OU POSTING

2021-01-22 18:32:19,269 - POSTS DEFINIDOS PARA A CADA 5 SEGUNDOS EM 'config.py'

2021-01-22 18:49:18,378 - Bem-vindo!

2021-01-22 18:49:18,379 - Philosopher BOT por Caio Madeira e Rodrigo Carmo

2021-01-22 18:49:18,379 - [32mPara acessar o PhiloBot Manager digite [1]
[0m
2021-01-22 18:49:20,379 - Escolha qual script função rodar: HASHTAG OU POSTING

2021-01-22 18:49:24,531 - POSTS DEFINIDOS PARA A CADA 5 SEGUNDOS EM 'config.py'

2021-01-22 18:49:56,639 - Bem-vindo!

2021-01-22 18:49:56,639 - Philosopher BOT por Caio Madeira e Rodrigo Carmo

2021-01-22 18:49:56,639 - [32mPara acessar o PhiloBot Manager digite [1]
[0m
2021-01-22 18:49:58,639 - Escolha qual script função rodar: HASHTAG OU POSTING

2021-01-22 18:50:04,115 - POSTS DEFINIDOS PARA A CADA 5 SEGUNDOS EM 'config.py'

2021-01-22 18:52:14,817 - Bem-vindo!

2021-01-22 18:52:14,817 - Philosopher BOT por Caio Madeira e Rodrigo Carmo

2021-01-22 18:52:14,817 - [32mPara acessar o PhiloBot Manager digite [1]
[0m
2021-01-22 18:52:16,818 - Escolha qual script função rodar: HASHTAG OU POSTING

2021-01-22 18:52:38,788 - POSTS DEFINIDOS PARA A CADA 5 SEGUNDOS EM 'config.py'

2021-01-22 18:54:46,642 - Bem-vindo!

2021-01-22 18:54:46,642 - Philosopher BOT por Caio Madeira e Rodrigo Carmo

2021-01-22 18:54:46,642 - [32mPara acessar o PhiloBot Manager digite [1]
[0m
2021-01-22 18:54:48,642 - Escolha qual script função rodar: HASHTAG OU POSTING

2021-01-22 18:54:56,436 - POSTS DEFINIDOS PARA A CADA 5 SEGUNDOS EM 'config.py'

2021-01-22 19:02:57,594 - Bem-vindo!

2021-01-22 19:02:57,594 - Philosopher BOT por Caio Madeira e Rodrigo Carmo

2021-01-22 19:02:57,595 - [32mPara acessar o PhiloBot Manager digite [1]
[0m
2021-01-22 19:02:59,595 - Escolha qual script função rodar: HASHTAG OU POSTING

