2021-02-06 19:33:00,843 - HASHTAG --> =============== NOVO TWEET ENCONTRADO ================
2021-02-06 19:33:00,844 - HASHTAG --> Tweet ID: 1358181911101865984
2021-02-06 19:33:00,844 - HASHTAG --> Tweet USERNAME: TestePhiloBot
2021-02-06 19:33:00,844 - HASHTAG --> Adicionado na fila
2021-02-06 19:33:00,844 - HASHTAG --> =======================================================

2021-02-06 19:33:05,856 - PHILOBOT --> ----------------------------------------
2021-02-06 19:33:05,856 - PHILOBOT -->          > STARTING PHILOBOT < 
2021-02-06 19:33:05,856 - PHILOBOT --> ----------------------------------------
2021-02-06 19:33:05,858 - PHILOBOT --> ID Coletado: 1358181911101865984
2021-02-06 19:33:06,125 - PHILOBOT --> [ETAPA 1] Status coletado: #testephilo aaaaaaaaaaa
2021-02-06 19:38:46,939 - HASHTAG --> =============== NOVO TWEET ENCONTRADO ================
2021-02-06 19:38:46,939 - HASHTAG --> Tweet ID: 1358183362712772620
2021-02-06 19:38:46,939 - HASHTAG --> Tweet USERNAME: TestePhiloBot
2021-02-06 19:38:46,939 - HASHTAG --> Adicionado na fila
2021-02-06 19:38:46,939 - HASHTAG --> =======================================================

2021-02-06 19:38:51,951 - PHILOBOT --> ----------------------------------------
2021-02-06 19:38:51,951 - PHILOBOT -->          > STARTING PHILOBOT < 
2021-02-06 19:38:51,951 - PHILOBOT --> ----------------------------------------
2021-02-06 19:38:51,951 - PHILOBOT --> ID Coletado: 1358183362712772620
2021-02-06 19:38:52,249 - PHILOBOT --> [ETAPA 1] Status coletado: #testephilo iririirirriririr
2021-02-06 19:39:48,671 - HASHTAG --> =============== NOVO TWEET ENCONTRADO ================
2021-02-06 19:39:48,671 - HASHTAG --> Tweet ID: 1358183621492940800
2021-02-06 19:39:48,672 - HASHTAG --> Tweet USERNAME: TestePhiloBot
2021-02-06 19:39:48,672 - HASHTAG --> Adicionado na fila
2021-02-06 19:39:48,672 - HASHTAG --> =======================================================

2021-02-06 19:39:53,681 - PHILOBOT --> ----------------------------------------
2021-02-06 19:39:53,681 - PHILOBOT -->          > STARTING PHILOBOT < 
2021-02-06 19:39:53,681 - PHILOBOT --> ----------------------------------------
2021-02-06 19:39:53,681 - PHILOBOT --> ID Coletado: 1358183621492940800
2021-02-06 19:39:53,942 - PHILOBOT --> [ETAPA 1] Status coletado: #testephilo rorororororoo
2021-02-06 19:39:53,943 - PHILOBOT --> [ETAPA 2] Status - marcações retiradas: #testephilo rorororororoo
2021-02-06 19:39:55,972 - PHILOBOT --> [ETAPA 4] Checando string vazia...
2021-02-06 19:39:58,021 - PHILOBOT --> [ETAPA 4] Configurando imagem...
2021-02-06 19:39:58,022 - PHILOBOT --> [ETAPA 4.1] Imagem do filósofo escolhida: Frank Sinatra.png
2021-02-06 19:39:58,022 - PHILOBOT --> [ETAPA 4.2] Nenhum lixo no nome da imagem encontrado. Prosseguindo normalmente...
2021-02-06 19:39:58,022 - PHILOBOT --> [ETAPA 4.3] Nome do filósofo tratado: - Frank Sinatra
2021-02-06 19:39:58,037 - PHILOBOT --> [ETAPA 5] Verificando aspas...
2021-02-06 19:41:58,204 - HASHTAG --> =============== NOVO TWEET ENCONTRADO ================
2021-02-06 19:41:58,204 - HASHTAG --> Tweet ID: 1358184164953096194
2021-02-06 19:41:58,204 - HASHTAG --> Tweet USERNAME: TestePhiloBot
2021-02-06 19:41:58,205 - HASHTAG --> Adicionado na fila
2021-02-06 19:41:58,205 - HASHTAG --> =======================================================

2021-02-06 19:42:03,206 - PHILOBOT --> ----------------------------------------
2021-02-06 19:42:03,206 - PHILOBOT -->          > STARTING PHILOBOT < 
2021-02-06 19:42:03,206 - PHILOBOT --> ----------------------------------------
2021-02-06 19:42:03,206 - PHILOBOT --> ID Coletado: 1358184164953096194
2021-02-06 19:42:03,503 - PHILOBOT --> [ETAPA 1] Status coletado: #testephilo ytytytytyty
2021-02-06 19:42:03,503 - PHILOBOT --> [ETAPA 2] Status - marcações retiradas: #testephilo ytytytytyty
2021-02-06 19:42:05,531 - PHILOBOT --> [ETAPA 4] Checando string vazia...
2021-02-06 19:42:07,574 - PHILOBOT --> [ETAPA 4] Configurando imagem...
2021-02-06 19:42:07,574 - PHILOBOT --> [ETAPA 4.1] Imagem do filósofo escolhida: João Amoêdo.png
2021-02-06 19:42:07,574 - PHILOBOT --> [ETAPA 4.2] Nenhum lixo no nome da imagem encontrado. Prosseguindo normalmente...
2021-02-06 19:42:07,574 - PHILOBOT --> [ETAPA 4.3] Nome do filósofo tratado: - João Amoêdo
2021-02-06 19:42:07,595 - PHILOBOT --> [ETAPA 5] Verificando aspas...
2021-02-06 19:42:07,595 - PHILOBOT --> [ETAPA 6] Tweet MENOR que 25 caracteres, ajustando texto...
2021-02-06 19:44:13,560 - HASHTAG --> =============== NOVO TWEET ENCONTRADO ================
2021-02-06 19:44:13,560 - HASHTAG --> Tweet ID: 1358184732698238977
2021-02-06 19:44:13,560 - HASHTAG --> Tweet USERNAME: TestePhiloBot
2021-02-06 19:44:13,560 - HASHTAG --> Adicionado na fila
2021-02-06 19:44:13,560 - HASHTAG --> =======================================================

2021-02-06 19:44:18,574 - PHILOBOT --> ----------------------------------------
2021-02-06 19:44:18,574 - PHILOBOT -->          > STARTING PHILOBOT < 
2021-02-06 19:44:18,574 - PHILOBOT --> ----------------------------------------
2021-02-06 19:44:18,574 - PHILOBOT --> ID Coletado: 1358184732698238977
2021-02-06 19:44:18,839 - PHILOBOT --> [ETAPA 1] Status coletado: #testephilo ieieieieieiie
2021-02-06 19:44:18,839 - PHILOBOT --> [ETAPA 2] Status - marcações retiradas: #testephilo ieieieieieiie
2021-02-06 19:44:20,873 - PHILOBOT --> [ETAPA 4] Checando string vazia...
2021-02-06 19:44:22,911 - PHILOBOT --> [ETAPA 4] Configurando imagem...
2021-02-06 19:44:22,912 - PHILOBOT --> [ETAPA 4.1] Imagem do filósofo escolhida: Jesus Cristo(2).png
2021-02-06 19:44:22,912 - PHILOBOT --> [ETAPA 4.2] Removendo lixo no nome da imagem do filosofo...
2021-02-06 19:44:22,912 - PHILOBOT --> [ETAPA 4.3] Nome do filósofo tratado: - Jesus Cristo
2021-02-06 19:44:22,931 - PHILOBOT --> [ETAPA 5] Verificando aspas...
2021-02-06 19:44:22,931 - PHILOBOT --> [ETAPA 6] Tweet MENOR que 25 caracteres, ajustando texto...
2021-02-06 19:50:43,719 - HASHTAG --> =============== NOVO TWEET ENCONTRADO ================
2021-02-06 19:50:43,719 - HASHTAG --> Tweet ID: 1358186369147895809
2021-02-06 19:50:43,720 - HASHTAG --> Tweet USERNAME: TestePhiloBot
2021-02-06 19:50:43,720 - HASHTAG --> Adicionado na fila
2021-02-06 19:50:43,720 - HASHTAG --> =======================================================

2021-02-06 19:50:48,732 - PHILOBOT --> ----------------------------------------
2021-02-06 19:50:48,732 - PHILOBOT -->          > STARTING PHILOBOT < 
2021-02-06 19:50:48,732 - PHILOBOT --> ----------------------------------------
2021-02-06 19:50:48,732 - PHILOBOT --> ID Coletado: 1358186369147895809
2021-02-06 19:50:48,992 - PHILOBOT --> [ETAPA 1] Status coletado: #testephilo ooeoooeoooooeoooooeo
2021-02-06 19:50:48,993 - PHILOBOT --> [ETAPA 2] Status - marcações retiradas: #testephilo ooeoooeoooooeoooooeo
2021-02-06 19:50:51,021 - PHILOBOT --> [ETAPA 4] Checando string vazia...
2021-02-06 19:50:53,074 - PHILOBOT --> [ETAPA 4] Configurando imagem...
2021-02-06 19:50:53,074 - PHILOBOT --> [ETAPA 4.1] Imagem do filósofo escolhida: Euclides.png
2021-02-06 19:50:53,074 - PHILOBOT --> [ETAPA 4.2] Nenhum lixo no nome da imagem encontrado. Prosseguindo normalmente...
2021-02-06 19:50:53,074 - PHILOBOT --> [ETAPA 4.3] Nome do filósofo tratado: - Euclides
2021-02-06 19:50:53,088 - PHILOBOT --> [ETAPA 5] Verificando aspas...
2021-02-06 19:50:53,088 - PHILOBOT --> [ETAPA 6] Tweet MENOR que 25 caracteres, ajustando texto...
2021-02-06 19:54:51,787 - HASHTAG --> =============== NOVO TWEET ENCONTRADO ================
2021-02-06 19:54:51,787 - HASHTAG --> Tweet ID: 1358187409721196546
2021-02-06 19:54:51,787 - HASHTAG --> Tweet USERNAME: TestePhiloBot
2021-02-06 19:54:51,787 - HASHTAG --> Adicionado na fila
2021-02-06 19:54:51,787 - HASHTAG --> =======================================================

2021-02-06 19:54:56,794 - PHILOBOT --> ----------------------------------------
2021-02-06 19:54:56,794 - PHILOBOT -->          > STARTING PHILOBOT < 
2021-02-06 19:54:56,794 - PHILOBOT --> ----------------------------------------
2021-02-06 19:54:56,794 - PHILOBOT --> ID Coletado: 1358187409721196546
2021-02-06 19:54:57,082 - PHILOBOT --> [ETAPA 1] Status coletado: #testephilo oeoeoeoeoeo
2021-02-06 19:54:57,083 - PHILOBOT --> [ETAPA 2] Status - marcações retiradas: #testephilo oeoeoeoeoeo
2021-02-06 19:54:59,110 - PHILOBOT --> [ETAPA 4] Checando string vazia...
2021-02-06 19:55:01,157 - PHILOBOT --> [ETAPA 4] Configurando imagem...
2021-02-06 19:55:01,158 - PHILOBOT --> [ETAPA 4.1] Imagem do filósofo escolhida: Rosa Luxemburgo.png
2021-02-06 19:55:01,158 - PHILOBOT --> [ETAPA 4.2] Nenhum lixo no nome da imagem encontrado. Prosseguindo normalmente...
2021-02-06 19:55:01,158 - PHILOBOT --> [ETAPA 4.3] Nome do filósofo tratado: - Rosa Luxemburgo
2021-02-06 19:55:01,178 - PHILOBOT --> [ETAPA 5] Verificando aspas...
2021-02-06 19:55:01,178 - PHILOBOT --> [ETAPA 6] Tweet MENOR que 25 caracteres, ajustando texto...
2021-02-06 20:01:10,260 - HASHTAG --> =============== NOVO TWEET ENCONTRADO ================
2021-02-06 20:01:10,261 - HASHTAG --> Tweet ID: 1358188997101711361
2021-02-06 20:01:10,261 - HASHTAG --> Tweet USERNAME: TestePhiloBot
2021-02-06 20:01:10,261 - HASHTAG --> Adicionado na fila
2021-02-06 20:01:10,261 - HASHTAG --> =======================================================

2021-02-06 20:01:15,269 - PHILOBOT --> ----------------------------------------
2021-02-06 20:01:15,269 - PHILOBOT -->          > STARTING PHILOBOT < 
2021-02-06 20:01:15,269 - PHILOBOT --> ----------------------------------------
2021-02-06 20:01:15,269 - PHILOBOT --> ID Coletado: 1358188997101711361
2021-02-06 20:01:15,567 - PHILOBOT --> [ETAPA 1] Status coletado: #testephilo soososososso
2021-02-06 20:01:15,567 - PHILOBOT --> [ETAPA 2] Status - marcações retiradas: #testephilo soososososso
2021-02-06 20:01:17,603 - PHILOBOT --> [ETAPA 4] Checando string vazia...
2021-02-06 20:01:19,654 - PHILOBOT --> [ETAPA 4] Configurando imagem...
2021-02-06 20:01:19,655 - PHILOBOT --> [ETAPA 4.1] Imagem do filósofo escolhida: Atila Iamarino.png
2021-02-06 20:01:19,655 - PHILOBOT --> [ETAPA 4.2] Nenhum lixo no nome da imagem encontrado. Prosseguindo normalmente...
2021-02-06 20:01:19,655 - PHILOBOT --> [ETAPA 4.3] Nome do filósofo tratado: - Atila Iamarino
2021-02-06 20:01:19,677 - PHILOBOT --> [ETAPA 5] Verificando aspas...
2021-02-06 20:01:19,677 - PHILOBOT --> [ETAPA 6] Tweet MENOR que 25 caracteres, ajustando texto...
2021-02-06 20:05:02,947 - HASHTAG --> =============== NOVO TWEET ENCONTRADO ================
2021-02-06 20:05:02,947 - HASHTAG --> Tweet ID: 1358189973137154054
2021-02-06 20:05:02,947 - HASHTAG --> Tweet USERNAME: TestePhiloBot
2021-02-06 20:05:02,947 - HASHTAG --> Adicionado na fila
2021-02-06 20:05:02,947 - HASHTAG --> =======================================================

2021-02-06 20:05:07,951 - PHILOBOT --> ----------------------------------------
2021-02-06 20:05:07,951 - PHILOBOT -->          > STARTING PHILOBOT < 
2021-02-06 20:05:07,951 - PHILOBOT --> ----------------------------------------
2021-02-06 20:05:07,951 - PHILOBOT --> ID Coletado: 1358189973137154054
2021-02-06 20:05:08,215 - PHILOBOT --> [ETAPA 1] Status coletado: #testephilo ieieieieiieiweiw
2021-02-06 20:05:08,215 - PHILOBOT --> [ETAPA 2] Status - marcações retiradas: #testephilo ieieieieiieiweiw
2021-02-06 20:05:10,244 - PHILOBOT --> [ETAPA 4] Checando string vazia...
2021-02-06 20:05:12,290 - PHILOBOT --> [ETAPA 4] Configurando imagem...
2021-02-06 20:05:12,291 - PHILOBOT --> [ETAPA 4.1] Imagem do filósofo escolhida: Louis Pasteur.png
2021-02-06 20:05:12,291 - PHILOBOT --> [ETAPA 4.2] Nenhum lixo no nome da imagem encontrado. Prosseguindo normalmente...
2021-02-06 20:05:12,291 - PHILOBOT --> [ETAPA 4.3] Nome do filósofo tratado: - Louis Pasteur
2021-02-06 20:05:12,309 - PHILOBOT --> [ETAPA 5] Verificando aspas...
2021-02-06 20:05:12,309 - PHILOBOT --> [ETAPA 6] Tweet MENOR que 25 caracteres, ajustando texto...
2021-02-06 20:05:13,149 - PHILOBOT --> IMAGEM ENVIADA!
2021-02-06 20:05:16,163 - PHILOBOT --> Finalizado, ID tratado: 1358189973137154054
2021-02-06 20:05:16,163 - PHILOBOT --> Itens restantes: 0
2021-02-06 20:05:16,163 - PHILOBOT --> TWEET TRATADO COM SUCESSO
2021-02-06 20:05:16,163 - PHILOBOT --> ----------------------------------------

2021-02-06 20:05:16,163 - PHILOBOT --> >AGUARDANDO NOVOS TWEETS...<
2021-02-06 20:12:25,877 - HASHTAG --> =============== NOVO TWEET ENCONTRADO ================
2021-02-06 20:12:25,877 - HASHTAG --> Tweet ID: 1358191830807019520
2021-02-06 20:12:25,877 - HASHTAG --> Tweet USERNAME: TestePhiloBot
2021-02-06 20:12:25,877 - HASHTAG --> Adicionado na fila
2021-02-06 20:12:25,878 - HASHTAG --> =======================================================

2021-02-06 20:12:30,885 - PHILOBOT --> ----------------------------------------
2021-02-06 20:12:30,885 - PHILOBOT -->          > STARTING PHILOBOT < 
2021-02-06 20:12:30,885 - PHILOBOT --> ----------------------------------------
2021-02-06 20:12:30,885 - PHILOBOT --> ID Coletado: 1358191830807019520
2021-02-06 20:12:31,180 - PHILOBOT --> [ETAPA 1] Status coletado: #testephilo iritirturit
2021-02-06 20:12:31,180 - PHILOBOT --> [ETAPA 2] Status - marcações retiradas: #testephilo iritirturit
2021-02-06 20:12:33,209 - PHILOBOT --> [ETAPA 4] Checando string vazia...
2021-02-06 20:12:35,259 - PHILOBOT --> [ETAPA 4] Configurando imagem...
2021-02-06 20:12:35,260 - PHILOBOT --> [ETAPA 4.1] Imagem do filósofo escolhida: Mikhail Bakunin.png
2021-02-06 20:12:35,260 - PHILOBOT --> [ETAPA 4.2] Nenhum lixo no nome da imagem encontrado. Prosseguindo normalmente...
2021-02-06 20:12:35,260 - PHILOBOT --> [ETAPA 4.3] Nome do filósofo tratado: - Mikhail Bakunin
2021-02-06 20:12:35,278 - PHILOBOT --> [ETAPA 5] Verificando aspas...
2021-02-06 20:12:35,278 - PHILOBOT --> [ETAPA 6] Tweet MENOR que 25 caracteres, ajustando texto...
2021-02-06 20:12:36,191 - PHILOBOT --> IMAGEM ENVIADA!
2021-02-06 20:12:39,200 - PHILOBOT --> Finalizado, ID tratado: 1358191830807019520
2021-02-06 20:12:39,200 - PHILOBOT --> Itens restantes: 0
2021-02-06 20:12:39,200 - PHILOBOT --> TWEET TRATADO COM SUCESSO
2021-02-06 20:12:39,200 - PHILOBOT --> ----------------------------------------

2021-02-06 20:12:39,200 - PHILOBOT --> >AGUARDANDO NOVOS TWEETS...<
2021-02-06 20:12:39,202 - PHILOBOT --> =============== NOVO TWEET ENCONTRADO ================
2021-02-06 20:12:39,203 - PHILOBOT --> Tweet ID: 1358191841720557568
2021-02-06 20:12:39,203 - PHILOBOT --> Tweet USERNAME: TestePhiloBot
2021-02-06 20:12:39,203 - PHILOBOT --> Adicionado na fila
2021-02-06 20:12:39,203 - PHILOBOT --> =======================================================

2021-02-06 20:12:44,212 - PHILOBOT --> ----------------------------------------
2021-02-06 20:12:44,212 - PHILOBOT -->          > STARTING PHILOBOT < 
2021-02-06 20:12:44,212 - PHILOBOT --> ----------------------------------------
2021-02-06 20:12:44,212 - PHILOBOT --> ID Coletado: 1358191841720557568
2021-02-06 20:12:44,461 - PHILOBOT --> [ETAPA 1] Status coletado: #testephilo iritirturitgrgrgrg
2021-02-06 20:12:44,462 - PHILOBOT --> [ETAPA 2] Status - marcações retiradas: #testephilo iritirturitgrgrgrg
2021-02-06 20:12:46,479 - PHILOBOT --> [ETAPA 4] Checando string vazia...
2021-02-06 20:12:48,531 - PHILOBOT --> [ETAPA 4] Configurando imagem...
2021-02-06 20:12:48,532 - PHILOBOT --> [ETAPA 4.1] Imagem do filósofo escolhida: Aristóteles.png
2021-02-06 20:12:48,532 - PHILOBOT --> [ETAPA 4.2] Nenhum lixo no nome da imagem encontrado. Prosseguindo normalmente...
2021-02-06 20:12:48,532 - PHILOBOT --> [ETAPA 4.3] Nome do filósofo tratado: - Aristóteles
2021-02-06 20:12:48,550 - PHILOBOT --> [ETAPA 5] Verificando aspas...
2021-02-06 20:12:48,551 - PHILOBOT --> [ETAPA 6] Tweet MENOR que 25 caracteres, ajustando texto...
2021-02-06 20:12:49,490 - PHILOBOT --> IMAGEM ENVIADA!
2021-02-06 20:12:52,495 - PHILOBOT --> Finalizado, ID tratado: 1358191841720557568
2021-02-06 20:12:52,495 - PHILOBOT --> Itens restantes: 0
2021-02-06 20:12:52,495 - PHILOBOT --> TWEET TRATADO COM SUCESSO
2021-02-06 20:12:52,495 - PHILOBOT --> ----------------------------------------

2021-02-06 20:12:52,495 - PHILOBOT --> >AGUARDANDO NOVOS TWEETS...<
2021-02-06 20:12:52,497 - PHILOBOT --> =============== NOVO TWEET ENCONTRADO ================
2021-02-06 20:12:52,498 - PHILOBOT --> Tweet ID: 1358191849979150339
2021-02-06 20:12:52,498 - PHILOBOT --> Tweet USERNAME: TestePhiloBot
2021-02-06 20:12:52,498 - PHILOBOT --> Adicionado na fila
2021-02-06 20:12:52,498 - PHILOBOT --> =======================================================

2021-02-06 20:12:57,506 - PHILOBOT --> ----------------------------------------
2021-02-06 20:12:57,506 - PHILOBOT -->          > STARTING PHILOBOT < 
2021-02-06 20:12:57,506 - PHILOBOT --> ----------------------------------------
2021-02-06 20:12:57,506 - PHILOBOT --> ID Coletado: 1358191849979150339
2021-02-06 20:12:57,761 - PHILOBOT --> [ETAPA 1] Status coletado: #testephilo iritirturitrgergerg
2021-02-06 20:12:57,761 - PHILOBOT --> [ETAPA 2] Status - marcações retiradas: #testephilo iritirturitrgergerg
2021-02-06 20:12:59,777 - PHILOBOT --> [ETAPA 4] Checando string vazia...
2021-02-06 20:13:01,818 - PHILOBOT --> [ETAPA 4] Configurando imagem...
2021-02-06 20:13:01,818 - PHILOBOT --> [ETAPA 4.1] Imagem do filósofo escolhida: Jeon Jung-kook(2).png
2021-02-06 20:13:01,818 - PHILOBOT --> [ETAPA 4.2] Removendo lixo no nome da imagem do filosofo...
2021-02-06 20:13:01,818 - PHILOBOT --> [ETAPA 4.3] Nome do filósofo tratado: - Jeon Jung-kook
2021-02-06 20:13:01,836 - PHILOBOT --> [ETAPA 5] Verificando aspas...
2021-02-06 20:13:01,836 - PHILOBOT --> [ETAPA 6] Tweet MENOR que 25 caracteres, ajustando texto...
2021-02-06 20:13:02,736 - PHILOBOT --> IMAGEM ENVIADA!
2021-02-06 20:13:05,739 - PHILOBOT --> Finalizado, ID tratado: 1358191849979150339
2021-02-06 20:13:05,739 - PHILOBOT --> Itens restantes: 0
2021-02-06 20:13:05,739 - PHILOBOT --> TWEET TRATADO COM SUCESSO
2021-02-06 20:13:05,739 - PHILOBOT --> ----------------------------------------

2021-02-06 20:13:05,739 - PHILOBOT --> >AGUARDANDO NOVOS TWEETS...<
2021-02-06 20:13:05,741 - PHILOBOT --> =============== NOVO TWEET ENCONTRADO ================
2021-02-06 20:13:05,742 - PHILOBOT --> Tweet ID: 1358191855171743744
2021-02-06 20:13:05,742 - PHILOBOT --> Tweet USERNAME: TestePhiloBot
2021-02-06 20:13:05,742 - PHILOBOT --> Adicionado na fila
2021-02-06 20:13:05,742 - PHILOBOT --> =======================================================

2021-02-06 20:13:10,753 - PHILOBOT --> ----------------------------------------
2021-02-06 20:13:10,753 - PHILOBOT -->          > STARTING PHILOBOT < 
2021-02-06 20:13:10,753 - PHILOBOT --> ----------------------------------------
2021-02-06 20:13:10,753 - PHILOBOT --> ID Coletado: 1358191855171743744
2021-02-06 20:13:11,021 - PHILOBOT --> [ETAPA 1] Status coletado: #testephilo TWITTAÇO EMAMSA
2021-02-06 20:13:11,022 - PHILOBOT --> [ETAPA 2] Status - marcações retiradas: #testephilo TWITTAÇO EMAMSA
2021-02-06 20:13:13,039 - PHILOBOT --> [ETAPA 4] Checando string vazia...
2021-02-06 20:13:15,079 - PHILOBOT --> [ETAPA 4] Configurando imagem...
2021-02-06 20:13:15,080 - PHILOBOT --> [ETAPA 4.1] Imagem do filósofo escolhida: Benito Mussolini.png
2021-02-06 20:13:15,080 - PHILOBOT --> [ETAPA 4.2] Nenhum lixo no nome da imagem encontrado. Prosseguindo normalmente...
2021-02-06 20:13:15,080 - PHILOBOT --> [ETAPA 4.3] Nome do filósofo tratado: - Benito Mussolini
2021-02-06 20:13:15,098 - PHILOBOT --> [ETAPA 5] Verificando aspas...
2021-02-06 20:13:15,098 - PHILOBOT --> [ETAPA 6] Tweet MENOR que 25 caracteres, ajustando texto...
2021-02-06 20:13:15,972 - PHILOBOT --> IMAGEM ENVIADA!
2021-02-06 20:13:18,981 - PHILOBOT --> Finalizado, ID tratado: 1358191855171743744
2021-02-06 20:13:18,981 - PHILOBOT --> Itens restantes: 0
2021-02-06 20:13:18,981 - PHILOBOT --> TWEET TRATADO COM SUCESSO
2021-02-06 20:13:18,981 - PHILOBOT --> ----------------------------------------

2021-02-06 20:13:18,981 - PHILOBOT --> >AGUARDANDO NOVOS TWEETS...<
2021-02-06 20:13:18,983 - PHILOBOT --> =============== NOVO TWEET ENCONTRADO ================
2021-02-06 20:13:18,984 - PHILOBOT --> Tweet ID: 1358191858640420865
2021-02-06 20:13:18,984 - PHILOBOT --> Tweet USERNAME: TestePhiloBot
2021-02-06 20:13:18,984 - PHILOBOT --> Adicionado na fila
2021-02-06 20:13:18,984 - PHILOBOT --> =======================================================

2021-02-06 20:13:23,998 - PHILOBOT --> ----------------------------------------
2021-02-06 20:13:23,998 - PHILOBOT -->          > STARTING PHILOBOT < 
2021-02-06 20:13:23,998 - PHILOBOT --> ----------------------------------------
2021-02-06 20:13:23,998 - PHILOBOT --> ID Coletado: 1358191858640420865
2021-02-06 20:13:24,233 - PHILOBOT --> [ETAPA 1] Status coletado: #testephilo iritirturitgregergre
2021-02-06 20:13:24,233 - PHILOBOT --> [ETAPA 2] Status - marcações retiradas: #testephilo iritirturitgregergre
2021-02-06 20:13:26,252 - PHILOBOT --> [ETAPA 4] Checando string vazia...
2021-02-06 20:13:28,306 - PHILOBOT --> [ETAPA 4] Configurando imagem...
2021-02-06 20:13:28,307 - PHILOBOT --> [ETAPA 4.1] Imagem do filósofo escolhida: Georg W. Friedrich Hegel.png
2021-02-06 20:13:28,307 - PHILOBOT --> [ETAPA 4.2] Nenhum lixo no nome da imagem encontrado. Prosseguindo normalmente...
2021-02-06 20:13:28,307 - PHILOBOT --> [ETAPA 4.3] Nome do filósofo tratado: - Georg W. Friedrich Hegel
2021-02-06 20:13:28,326 - PHILOBOT --> [ETAPA 5] Verificando aspas...
2021-02-06 20:13:28,326 - PHILOBOT --> [ETAPA 6] Tweet MENOR que 25 caracteres, ajustando texto...
2021-02-06 20:13:29,240 - PHILOBOT --> IMAGEM ENVIADA!
2021-02-06 20:13:32,249 - PHILOBOT --> Finalizado, ID tratado: 1358191858640420865
2021-02-06 20:13:32,249 - PHILOBOT --> Itens restantes: 0
2021-02-06 20:13:32,249 - PHILOBOT --> TWEET TRATADO COM SUCESSO
2021-02-06 20:13:32,249 - PHILOBOT --> ----------------------------------------

2021-02-06 20:13:32,249 - PHILOBOT --> >AGUARDANDO NOVOS TWEETS...<
2021-02-06 20:13:32,251 - PHILOBOT --> =============== NOVO TWEET ENCONTRADO ================
2021-02-06 20:13:32,252 - PHILOBOT --> Tweet ID: 1358191867234570249
2021-02-06 20:13:32,252 - PHILOBOT --> Tweet USERNAME: TestePhiloBot
2021-02-06 20:13:32,252 - PHILOBOT --> Adicionado na fila
2021-02-06 20:13:32,252 - PHILOBOT --> =======================================================

2021-02-06 20:13:37,267 - PHILOBOT --> ----------------------------------------
2021-02-06 20:13:37,267 - PHILOBOT -->          > STARTING PHILOBOT < 
2021-02-06 20:13:37,267 - PHILOBOT --> ----------------------------------------
2021-02-06 20:13:37,267 - PHILOBOT --> ID Coletado: 1358191867234570249
2021-02-06 20:13:37,515 - PHILOBOT --> [ETAPA 1] Status coletado: #testephilo iritirturitgrgergerg
2021-02-06 20:13:37,516 - PHILOBOT --> [ETAPA 2] Status - marcações retiradas: #testephilo iritirturitgrgergerg
2021-02-06 20:13:39,523 - PHILOBOT --> [ETAPA 4] Checando string vazia...
2021-02-06 20:13:41,573 - PHILOBOT --> [ETAPA 4] Configurando imagem...
2021-02-06 20:13:41,574 - PHILOBOT --> [ETAPA 4.1] Imagem do filósofo escolhida: Malcolm X.png
2021-02-06 20:13:41,574 - PHILOBOT --> [ETAPA 4.2] Nenhum lixo no nome da imagem encontrado. Prosseguindo normalmente...
2021-02-06 20:13:41,574 - PHILOBOT --> [ETAPA 4.3] Nome do filósofo tratado: - Malcolm X
2021-02-06 20:13:41,590 - PHILOBOT --> [ETAPA 5] Verificando aspas...
2021-02-06 20:13:41,590 - PHILOBOT --> [ETAPA 6] Tweet MENOR que 25 caracteres, ajustando texto...
2021-02-06 20:13:42,369 - PHILOBOT --> IMAGEM ENVIADA!
2021-02-06 20:13:45,372 - PHILOBOT --> Finalizado, ID tratado: 1358191867234570249
2021-02-06 20:13:45,372 - PHILOBOT --> Itens restantes: 0
2021-02-06 20:13:45,372 - PHILOBOT --> TWEET TRATADO COM SUCESSO
2021-02-06 20:13:45,372 - PHILOBOT --> ----------------------------------------

2021-02-06 20:13:45,372 - PHILOBOT --> >AGUARDANDO NOVOS TWEETS...<
2021-02-06 20:13:45,374 - PHILOBOT --> =============== NOVO TWEET ENCONTRADO ================
2021-02-06 20:13:45,375 - PHILOBOT --> Tweet ID: 1358191910645624838
2021-02-06 20:13:45,375 - PHILOBOT --> Tweet USERNAME: TestePhiloBot
2021-02-06 20:13:45,375 - PHILOBOT --> Adicionado na fila
2021-02-06 20:13:45,375 - PHILOBOT --> =======================================================

2021-02-06 20:13:50,387 - PHILOBOT --> ----------------------------------------
2021-02-06 20:13:50,387 - PHILOBOT -->          > STARTING PHILOBOT < 
2021-02-06 20:13:50,387 - PHILOBOT --> ----------------------------------------
2021-02-06 20:13:50,387 - PHILOBOT --> ID Coletado: 1358191910645624838
2021-02-06 20:13:50,639 - PHILOBOT --> [ETAPA 1] Status coletado: #testephilo
2021-02-06 20:13:50,639 - PHILOBOT --> [ETAPA 2] Status - marcações retiradas: #testephilo
2021-02-06 20:13:52,659 - PHILOBOT --> [ETAPA 4] Checando string vazia...
2021-02-06 20:13:52,659 - PHILOBOT --> ERRO: FALHA AO CHECAR SE A STRING É VAZIA
2021-02-06 20:13:52,659 - PHILOBOT --> ----------------------------------------

2021-02-06 20:13:52,659 - PHILOBOT --> >AGUARDANDO NOVOS TWEETS...<
2021-02-06 20:13:52,659 - PHILOBOT --> ----------------------------------------

2021-02-06 20:13:52,659 - PHILOBOT --> >AGUARDANDO NOVOS TWEETS...<
2021-02-06 20:13:52,662 - PHILOBOT --> =============== NOVO TWEET ENCONTRADO ================
2021-02-06 20:13:52,662 - PHILOBOT --> Tweet ID: 1358191948104929283
2021-02-06 20:13:52,662 - PHILOBOT --> Tweet USERNAME: TestePhiloBot
2021-02-06 20:13:52,662 - PHILOBOT --> Adicionado na fila
2021-02-06 20:13:52,662 - PHILOBOT --> =======================================================

2021-02-06 20:13:57,670 - PHILOBOT --> ----------------------------------------
2021-02-06 20:13:57,670 - PHILOBOT -->          > STARTING PHILOBOT < 
2021-02-06 20:13:57,670 - PHILOBOT --> ----------------------------------------
2021-02-06 20:13:57,670 - PHILOBOT --> ID Coletado: 1358191948104929283
2021-02-06 20:13:57,965 - PHILOBOT --> [ETAPA 1] Status coletado: #testephilo "iritirturit"
2021-02-06 20:13:57,965 - PHILOBOT --> [ETAPA 2] Status - marcações retiradas: #testephilo "iritirturit"
2021-02-06 20:13:59,981 - PHILOBOT --> [ETAPA 4] Checando string vazia...
2021-02-06 20:14:02,031 - PHILOBOT --> [ETAPA 4] Configurando imagem...
2021-02-06 20:14:02,032 - PHILOBOT --> [ETAPA 4.1] Imagem do filósofo escolhida: Lucifer.png
2021-02-06 20:14:02,032 - PHILOBOT --> [ETAPA 4.2] Nenhum lixo no nome da imagem encontrado. Prosseguindo normalmente...
2021-02-06 20:14:02,032 - PHILOBOT --> [ETAPA 4.3] Nome do filósofo tratado: - Lucifer
2021-02-06 20:14:02,052 - PHILOBOT --> [ETAPA 5] Verificando aspas...
2021-02-06 20:14:02,052 - PHILOBOT --> [ETAPA 5.1] ASPAS IDENTIFICADAS
2021-02-06 20:14:02,052 - PHILOBOT --> [ETAPA 5.2] Iniciando manipulação de aspas especiais...
2021-02-06 20:14:02,563 - PHILOBOT --> [ETAPA 5.3] Removendo aspas do texto: iritirturit
2021-02-06 20:14:03,079 - PHILOBOT --> [ETAPA 5.4] Tweet MENOR que 25 caracteres, ajustando texto...
2021-02-06 20:14:03,080 - PHILOBOT --> [ETAPA 5.5] Colocando as imagens das aspas.
2021-02-06 20:14:04,027 - PHILOBOT --> IMAGEM ENVIADA!
2021-02-06 20:14:07,030 - PHILOBOT --> Finalizado, ID tratado: 1358191948104929283
2021-02-06 20:14:07,030 - PHILOBOT --> Itens restantes: 0
2021-02-06 20:14:07,030 - PHILOBOT --> ----------------------------------------

2021-02-06 20:14:07,030 - PHILOBOT --> >AGUARDANDO NOVOS TWEETS...<
2021-02-06 20:14:07,033 - PHILOBOT --> =============== NOVO TWEET ENCONTRADO ================
2021-02-06 20:14:07,033 - PHILOBOT --> Tweet ID: 1358192005524897792
2021-02-06 20:14:07,033 - PHILOBOT --> Tweet USERNAME: TestePhiloBot
2021-02-06 20:14:07,033 - PHILOBOT --> Adicionado na fila
2021-02-06 20:14:07,033 - PHILOBOT --> =======================================================

2021-02-06 20:14:12,049 - PHILOBOT --> ----------------------------------------
2021-02-06 20:14:12,049 - PHILOBOT -->          > STARTING PHILOBOT < 
2021-02-06 20:14:12,049 - PHILOBOT --> ----------------------------------------
2021-02-06 20:14:12,049 - PHILOBOT --> ID Coletado: 1358192005524897792
2021-02-06 20:14:12,332 - PHILOBOT --> [ETAPA 1] Status coletado: #testephilo "iritirturitfregrerererererererererererererererererererererererererererererererererererererererererererererererererererererererererererererererererererererererererererererererererererererererererererererererere"
2021-02-06 20:14:12,332 - PHILOBOT --> [ETAPA 2] Status - marcações retiradas: #testephilo "iritirturitfregrerererererererererererererererererererererererererererererererererererererererererererererererererererererererererererererererererererererererererererererererererererererererererererererererere"
2021-02-06 20:14:14,345 - PHILOBOT --> [ETAPA 4] Checando string vazia...
2021-02-06 20:14:16,398 - PHILOBOT --> [ETAPA 4] Configurando imagem...
2021-02-06 20:14:16,399 - PHILOBOT --> [ETAPA 4.1] Imagem do filósofo escolhida: Administrador.png
2021-02-06 20:14:16,399 - PHILOBOT --> [ETAPA 4.2] Nenhum lixo no nome da imagem encontrado. Prosseguindo normalmente...
2021-02-06 20:14:16,399 - PHILOBOT --> [ETAPA 4.3] Nome do filósofo tratado: - Administrador
2021-02-06 20:14:16,415 - PHILOBOT --> [ETAPA 5] Verificando aspas...
2021-02-06 20:14:16,415 - PHILOBOT --> [ETAPA 5.1] ASPAS IDENTIFICADAS
2021-02-06 20:14:16,415 - PHILOBOT --> [ETAPA 5.2] Iniciando manipulação de aspas especiais...
2021-02-06 20:14:16,919 - PHILOBOT --> [ETAPA 5.3] Removendo aspas do texto: iritirturitfregrerererererererererererererererererererererererererererererererererererererererererererererererererererererererererererererererererererererererererererererererererererererererererererererererere
2021-02-06 20:18:27,227 - HASHTAG --> =============== NOVO TWEET ENCONTRADO ================
2021-02-06 20:18:27,227 - HASHTAG --> Tweet ID: 1358193346255220739
2021-02-06 20:18:27,227 - HASHTAG --> Tweet USERNAME: TestePhiloBot
2021-02-06 20:18:27,227 - HASHTAG --> Adicionado na fila
2021-02-06 20:18:27,227 - HASHTAG --> =======================================================

2021-02-06 20:18:32,238 - PHILOBOT --> ----------------------------------------
2021-02-06 20:18:32,238 - PHILOBOT -->          > STARTING PHILOBOT < 
2021-02-06 20:18:32,238 - PHILOBOT --> ----------------------------------------
2021-02-06 20:18:32,238 - PHILOBOT --> ID Coletado: 1358193346255220739
2021-02-06 20:18:32,506 - PHILOBOT --> [ETAPA 1] Status coletado: #testephilo "iritirturitrgeeeeeeeeeeeeeeeeeeeeeeeeeeeeeeeeeeeeeeeeeeeeeeeeeeeeeeeeeeeeeeeeeeeeeeeeeeeeeeeeeeeeeeeeeeeeeeeeeeeeeeeeeeeefeeeeeeeeeeeeeeeeeeeeeeeeeeeeeeeeeeeeeeeeeeeeeeeeeeeeeeeeeeeeeeeeeeeeeeeeeeeeeeee"
2021-02-06 20:18:32,506 - PHILOBOT --> [ETAPA 2] Status - marcações retiradas: #testephilo "iritirturitrgeeeeeeeeeeeeeeeeeeeeeeeeeeeeeeeeeeeeeeeeeeeeeeeeeeeeeeeeeeeeeeeeeeeeeeeeeeeeeeeeeeeeeeeeeeeeeeeeeeeeeeeeeeeefeeeeeeeeeeeeeeeeeeeeeeeeeeeeeeeeeeeeeeeeeeeeeeeeeeeeeeeeeeeeeeeeeeeeeeeeeeeeeeee"
2021-02-06 20:18:34,543 - PHILOBOT --> [ETAPA 4] Checando string vazia...
2021-02-06 20:18:36,583 - PHILOBOT --> [ETAPA 4] Configurando imagem...
2021-02-06 20:18:36,584 - PHILOBOT --> [ETAPA 4.1] Imagem do filósofo escolhida: Leonardo Da Vinci.png
2021-02-06 20:18:36,584 - PHILOBOT --> [ETAPA 4.2] Nenhum lixo no nome da imagem encontrado. Prosseguindo normalmente...
2021-02-06 20:18:36,584 - PHILOBOT --> [ETAPA 4.3] Nome do filósofo tratado: - Leonardo Da Vinci
2021-02-06 20:18:36,603 - PHILOBOT --> [ETAPA 5] Verificando aspas...
2021-02-06 20:18:36,603 - PHILOBOT --> [ETAPA 5.1] ASPAS IDENTIFICADAS
2021-02-06 20:18:36,603 - PHILOBOT --> [ETAPA 5.2] Iniciando manipulação de aspas especiais...
2021-02-06 20:18:37,108 - PHILOBOT --> [ETAPA 5.3] Removendo aspas do texto: iritirturitrgeeeeeeeeeeeeeeeeeeeeeeeeeeeeeeeeeeeeeeeeeeeeeeeeeeeeeeeeeeeeeeeeeeeeeeeeeeeeeeeeeeeeeeeeeeeeeeeeeeeeeeeeeeeefeeeeeeeeeeeeeeeeeeeeeeeeeeeeeeeeeeeeeeeeeeeeeeeeeeeeeeeeeeeeeeeeeeeeeeeeeeeeeeee
2021-02-06 20:23:45,541 - HASHTAG --> =============== NOVO TWEET ENCONTRADO ================
2021-02-06 20:23:45,541 - HASHTAG --> Tweet ID: 1358194681407041539
2021-02-06 20:23:45,541 - HASHTAG --> Tweet USERNAME: TestePhiloBot
2021-02-06 20:23:45,541 - HASHTAG --> Adicionado na fila
2021-02-06 20:23:45,541 - HASHTAG --> =======================================================

2021-02-06 20:23:50,557 - PHILOBOT --> ----------------------------------------
2021-02-06 20:23:50,557 - PHILOBOT -->          > STARTING PHILOBOT < 
2021-02-06 20:23:50,557 - PHILOBOT --> ----------------------------------------
2021-02-06 20:23:50,557 - PHILOBOT --> ID Coletado: 1358194681407041539
2021-02-06 20:23:50,847 - PHILOBOT --> [ETAPA 1] Status coletado: #testephilo "iritirturitrgggggggggggggggiritirturitrgggggggggggggggiritirturitrgggggggggggggggiritirturitrgggggggggggggggiritirturitrgggggggggggggggiritirturitrgggggggggggggggiritirturitrgggggggggggggggiritirturitrgggggggggggggggiritirturitrggggggggggggggg"
2021-02-06 20:23:50,847 - PHILOBOT --> [ETAPA 2] Status - marcações retiradas: #testephilo "iritirturitrgggggggggggggggiritirturitrgggggggggggggggiritirturitrgggggggggggggggiritirturitrgggggggggggggggiritirturitrgggggggggggggggiritirturitrgggggggggggggggiritirturitrgggggggggggggggiritirturitrgggggggggggggggiritirturitrggggggggggggggg"
2021-02-06 20:23:52,873 - PHILOBOT --> [ETAPA 4] Checando string vazia...
2021-02-06 20:23:54,923 - PHILOBOT --> [ETAPA 4] Configurando imagem...
2021-02-06 20:23:54,924 - PHILOBOT --> [ETAPA 4.1] Imagem do filósofo escolhida: Pitágoras.png
2021-02-06 20:23:54,924 - PHILOBOT --> [ETAPA 4.2] Nenhum lixo no nome da imagem encontrado. Prosseguindo normalmente...
2021-02-06 20:23:54,924 - PHILOBOT --> [ETAPA 4.3] Nome do filósofo tratado: - Pitágoras
2021-02-06 20:23:54,943 - PHILOBOT --> [ETAPA 5] Verificando aspas...
2021-02-06 20:23:54,943 - PHILOBOT --> [ETAPA 5.1] ASPAS IDENTIFICADAS
2021-02-06 20:23:54,943 - PHILOBOT --> [ETAPA 5.2] Iniciando manipulação de aspas especiais...
2021-02-06 20:23:55,447 - PHILOBOT --> [ETAPA 5.3] Removendo aspas do texto: iritirturitrgggggggggggggggiritirturitrgggggggggggggggiritirturitrgggggggggggggggiritirturitrgggggggggggggggiritirturitrgggggggggggggggiritirturitrgggggggggggggggiritirturitrgggggggggggggggiritirturitrgggggggggggggggiritirturitrggggggggggggggg
2021-02-06 20:23:55,962 - PHILOBOT --> [ETAPA 5.4] Tweet MAIOR que 240 caracteres, ajustando texto...
2021-02-06 20:23:55,981 - PHILOBOT --> [ETAPA 5.5] Colocando as imagens das aspas.
2021-02-06 20:23:56,883 - PHILOBOT --> IMAGEM ENVIADA!
2021-02-06 20:23:59,888 - PHILOBOT --> Finalizado, ID tratado: 1358194681407041539
2021-02-06 20:23:59,888 - PHILOBOT --> Itens restantes: 0
2021-02-06 20:23:59,888 - PHILOBOT --> ----------------------------------------

2021-02-06 20:23:59,888 - PHILOBOT --> >AGUARDANDO NOVOS TWEETS...<
2021-02-06 20:24:50,165 - PHILOBOT --> =============== NOVO TWEET ENCONTRADO ================
2021-02-06 20:24:50,165 - PHILOBOT --> Tweet ID: 1358194952652652550
2021-02-06 20:24:50,165 - PHILOBOT --> Tweet USERNAME: TestePhiloBot
2021-02-06 20:24:50,165 - PHILOBOT --> Adicionado na fila
2021-02-06 20:24:50,165 - PHILOBOT --> =======================================================

2021-02-06 20:24:55,178 - PHILOBOT --> ----------------------------------------
2021-02-06 20:24:55,178 - PHILOBOT -->          > STARTING PHILOBOT < 
2021-02-06 20:24:55,178 - PHILOBOT --> ----------------------------------------
2021-02-06 20:24:55,178 - PHILOBOT --> ID Coletado: 1358194952652652550
2021-02-06 20:24:55,419 - PHILOBOT --> [ETAPA 1] Status coletado: #testephilo aaaaaaaaaaaaa
2021-02-06 20:24:55,419 - PHILOBOT --> [ETAPA 2] Status - marcações retiradas: #testephilo aaaaaaaaaaaaa
2021-02-06 20:24:57,440 - PHILOBOT --> [ETAPA 4] Checando string vazia...
2021-02-06 20:24:59,481 - PHILOBOT --> [ETAPA 4] Configurando imagem...
2021-02-06 20:24:59,482 - PHILOBOT --> [ETAPA 4.1] Imagem do filósofo escolhida: Carlos Drummond de Andrade.png
2021-02-06 20:24:59,482 - PHILOBOT --> [ETAPA 4.2] Nenhum lixo no nome da imagem encontrado. Prosseguindo normalmente...
2021-02-06 20:24:59,482 - PHILOBOT --> [ETAPA 4.3] Nome do filósofo tratado: - Carlos Drummond de Andrade
2021-02-06 20:24:59,499 - PHILOBOT --> [ETAPA 5] Verificando aspas...
2021-02-06 20:24:59,499 - PHILOBOT --> [ETAPA 6] Tweet MENOR que 25 caracteres, ajustando texto...
2021-02-06 20:25:00,413 - PHILOBOT --> IMAGEM ENVIADA!
2021-02-06 20:25:03,419 - PHILOBOT --> Finalizado, ID tratado: 1358194952652652550
2021-02-06 20:25:03,419 - PHILOBOT --> Itens restantes: 0
2021-02-06 20:25:03,419 - PHILOBOT --> TWEET TRATADO COM SUCESSO
2021-02-06 20:25:03,419 - PHILOBOT --> ----------------------------------------

2021-02-06 20:25:03,419 - PHILOBOT --> >AGUARDANDO NOVOS TWEETS...<
2021-02-06 20:25:06,997 - PHILOBOT --> =============== NOVO TWEET ENCONTRADO ================
2021-02-06 20:25:06,997 - PHILOBOT --> Tweet ID: 1358195023255392270
2021-02-06 20:25:06,998 - PHILOBOT --> Tweet USERNAME: TestePhiloBot
2021-02-06 20:25:06,998 - PHILOBOT --> Adicionado na fila
2021-02-06 20:25:06,998 - PHILOBOT --> =======================================================

2021-02-06 20:25:12,005 - PHILOBOT --> ----------------------------------------
2021-02-06 20:25:12,005 - PHILOBOT -->          > STARTING PHILOBOT < 
2021-02-06 20:25:12,005 - PHILOBOT --> ----------------------------------------
2021-02-06 20:25:12,005 - PHILOBOT --> ID Coletado: 1358195023255392270
2021-02-06 20:25:12,292 - PHILOBOT --> [ETAPA 1] Status coletado: #TESTEPHILO
2021-02-06 20:25:12,292 - PHILOBOT --> [ETAPA 2] Status - marcações retiradas: #TESTEPHILO
2021-02-06 20:25:14,311 - PHILOBOT --> [ETAPA 4] Checando string vazia...
2021-02-06 20:25:14,311 - PHILOBOT --> ERRO: FALHA AO CHECAR SE A STRING É VAZIA
2021-02-06 20:25:14,311 - PHILOBOT --> ----------------------------------------

2021-02-06 20:25:14,311 - PHILOBOT --> >AGUARDANDO NOVOS TWEETS...<
2021-02-06 20:25:14,311 - PHILOBOT --> ----------------------------------------

2021-02-06 20:25:14,311 - PHILOBOT --> >AGUARDANDO NOVOS TWEETS...<
2021-02-06 20:25:39,993 - PHILOBOT --> =============== NOVO TWEET ENCONTRADO ================
2021-02-06 20:25:39,993 - PHILOBOT --> Tweet ID: 1358195161558351874
2021-02-06 20:25:39,993 - PHILOBOT --> Tweet USERNAME: TestePhiloBot
2021-02-06 20:25:39,993 - PHILOBOT --> Adicionado na fila
2021-02-06 20:25:39,994 - PHILOBOT --> =======================================================

2021-02-06 20:25:45,001 - PHILOBOT --> ----------------------------------------
2021-02-06 20:25:45,001 - PHILOBOT -->          > STARTING PHILOBOT < 
2021-02-06 20:25:45,001 - PHILOBOT --> ----------------------------------------
2021-02-06 20:25:45,001 - PHILOBOT --> ID Coletado: 1358195161558351874
2021-02-06 20:25:45,245 - PHILOBOT --> [ETAPA 1] Status coletado: #testephilo aaaaaaaaaaaaaaaaaaaaaaaaaaaaaaaaaaaaaaaaaaaaaaaaaaaaaaaaaaaaaaaaaaaaaaaaaaaaaaaaaaaaaaaaaaaaaaaaaaaaaaaaaaaaaaaaaaaaaaaaaaaaaaaaaaaaaaaaaaaaaaaaaaaaaaaaaaaaaaaaaaaaaaaaaaaaaaaaaaaaaaaaaaaaaaaaaaaaaaaaaaaaaaaaaaaaaaaaaaaaaaaaaaaaaaaaaaaaaaaaaaaaaaaaaaaaaaaaaaaaaaaaaaaa
2021-02-06 20:25:45,245 - PHILOBOT --> [ETAPA 2] Status - marcações retiradas: #testephilo aaaaaaaaaaaaaaaaaaaaaaaaaaaaaaaaaaaaaaaaaaaaaaaaaaaaaaaaaaaaaaaaaaaaaaaaaaaaaaaaaaaaaaaaaaaaaaaaaaaaaaaaaaaaaaaaaaaaaaaaaaaaaaaaaaaaaaaaaaaaaaaaaaaaaaaaaaaaaaaaaaaaaaaaaaaaaaaaaaaaaaaaaaaaaaaaaaaaaaaaaaaaaaaaaaaaaaaaaaaaaaaaaaaaaaaaaaaaaaaaaaaaaaaaaaaaaaaaaaaaaaaaaaaa
2021-02-06 20:25:47,265 - PHILOBOT --> [ETAPA 4] Checando string vazia...
2021-02-06 20:25:49,316 - PHILOBOT --> [ETAPA 4] Configurando imagem...
2021-02-06 20:25:49,317 - PHILOBOT --> [ETAPA 4.1] Imagem do filósofo escolhida: Santo Agostinho.png
2021-02-06 20:25:49,317 - PHILOBOT --> [ETAPA 4.2] Nenhum lixo no nome da imagem encontrado. Prosseguindo normalmente...
2021-02-06 20:25:49,317 - PHILOBOT --> [ETAPA 4.3] Nome do filósofo tratado: - Santo Agostinho
2021-02-06 20:25:49,332 - PHILOBOT --> [ETAPA 5] Verificando aspas...
2021-02-06 20:25:49,332 - PHILOBOT --> [ETAPA 6] Tweet MAIOR que 240 caracteres, ajustando texto...

2021-02-06 20:25:50,360 - PHILOBOT --> IMAGEM ENVIADA!
2021-02-06 20:25:53,371 - PHILOBOT --> Finalizado, ID tratado: 1358195161558351874
2021-02-06 20:25:53,371 - PHILOBOT --> Itens restantes: 0
2021-02-06 20:25:53,371 - PHILOBOT --> TWEET TRATADO COM SUCESSO
2021-02-06 20:25:53,371 - PHILOBOT --> ----------------------------------------

2021-02-06 20:25:53,371 - PHILOBOT --> >AGUARDANDO NOVOS TWEETS...<
2021-02-06 20:27:21,103 - HASHTAG --> =============== NOVO TWEET ENCONTRADO ================
2021-02-06 20:27:21,103 - HASHTAG --> Tweet ID: 1358195585757642752
2021-02-06 20:27:21,103 - HASHTAG --> Tweet USERNAME: TestePhiloBot
2021-02-06 20:27:21,103 - HASHTAG --> Adicionado na fila
2021-02-06 20:27:21,103 - HASHTAG --> =======================================================

2021-02-06 20:27:26,108 - PHILOBOT --> ----------------------------------------
2021-02-06 20:27:26,108 - PHILOBOT -->          > STARTING PHILOBOT < 
2021-02-06 20:27:26,108 - PHILOBOT --> ----------------------------------------
2021-02-06 20:27:26,108 - PHILOBOT --> ID Coletado: 1358195585757642752
2021-02-06 20:27:26,361 - PHILOBOT --> [ETAPA 1] Status coletado: #testephilo
2021-02-06 20:27:26,361 - PHILOBOT --> [ETAPA 2] Status - marcações retiradas: #testephilo
2021-02-06 20:27:28,384 - PHILOBOT --> [ETAPA 4] Checando string vazia...
2021-02-06 20:27:28,384 - PHILOBOT --> STRING VAZIA DETECTADA!
2021-02-06 20:27:28,384 - PHILOBOT --> ENVIANDO TEMPLATE DE AJUDA PARA O @TestePhiloBot.
2021-02-06 20:27:29,219 - PHILOBOT --> IMAGEM ENVIADA!
2021-02-06 20:27:32,225 - PHILOBOT --> ----------------------------------------

2021-02-06 20:27:32,225 - PHILOBOT --> >AGUARDANDO NOVOS TWEETS...<
2021-02-06 20:27:57,711 - PHILOBOT --> =============== NOVO TWEET ENCONTRADO ================
2021-02-06 20:27:57,712 - PHILOBOT --> Tweet ID: 1358195739302760449
2021-02-06 20:27:57,712 - PHILOBOT --> Tweet USERNAME: TestePhiloBot
2021-02-06 20:27:57,712 - PHILOBOT --> Adicionado na fila
2021-02-06 20:27:57,712 - PHILOBOT --> =======================================================

2021-02-06 20:28:02,725 - PHILOBOT --> ----------------------------------------
2021-02-06 20:28:02,725 - PHILOBOT -->          > STARTING PHILOBOT < 
2021-02-06 20:28:02,725 - PHILOBOT --> ----------------------------------------
2021-02-06 20:28:02,725 - PHILOBOT --> ID Coletado: 1358195739302760449
2021-02-06 20:28:02,998 - PHILOBOT --> [ETAPA 1] Status coletado: #testephilo "aaaaaaaaaaaaaaaaaaaaa"
2021-02-06 20:28:02,998 - PHILOBOT --> [ETAPA 2] Status - marcações retiradas: #testephilo "aaaaaaaaaaaaaaaaaaaaa"
2021-02-06 20:28:05,014 - PHILOBOT --> [ETAPA 4] Checando string vazia...
2021-02-06 20:28:07,060 - PHILOBOT --> [ETAPA 4] Configurando imagem...
2021-02-06 20:28:07,061 - PHILOBOT --> [ETAPA 4.1] Imagem do filósofo escolhida: Machado de Assis.png
2021-02-06 20:28:07,061 - PHILOBOT --> [ETAPA 4.2] Nenhum lixo no nome da imagem encontrado. Prosseguindo normalmente...
2021-02-06 20:28:07,061 - PHILOBOT --> [ETAPA 4.3] Nome do filósofo tratado: - Machado de Assis
2021-02-06 20:28:07,078 - PHILOBOT --> [ETAPA 5] Verificando aspas...
2021-02-06 20:28:07,078 - PHILOBOT --> [ETAPA 5.1] ASPAS IDENTIFICADAS
2021-02-06 20:28:07,078 - PHILOBOT --> [ETAPA 5.2] Iniciando manipulação de aspas especiais...
2021-02-06 20:28:07,584 - PHILOBOT --> [ETAPA 5.3] Removendo aspas do texto: aaaaaaaaaaaaaaaaaaaaa
2021-02-06 20:28:08,098 - PHILOBOT --> [ETAPA 5.4] Tweet MENOR que 25 caracteres, ajustando texto...
2021-02-06 20:28:08,100 - PHILOBOT --> [ETAPA 5.5] Colocando as imagens das aspas.
2021-02-06 20:28:09,205 - PHILOBOT --> IMAGEM ENVIADA!
2021-02-06 20:28:12,217 - PHILOBOT --> Finalizado, ID tratado: 1358195739302760449
2021-02-06 20:28:12,217 - PHILOBOT --> Itens restantes: 0
2021-02-06 20:28:12,217 - PHILOBOT --> ----------------------------------------

2021-02-06 20:28:12,217 - PHILOBOT --> >AGUARDANDO NOVOS TWEETS...<
2021-02-06 20:28:12,219 - PHILOBOT --> =============== NOVO TWEET ENCONTRADO ================
2021-02-06 20:28:12,219 - PHILOBOT --> Tweet ID: 1358195751919251463
2021-02-06 20:28:12,219 - PHILOBOT --> Tweet USERNAME: TestePhiloBot
2021-02-06 20:28:12,219 - PHILOBOT --> Adicionado na fila
2021-02-06 20:28:12,220 - PHILOBOT --> =======================================================

2021-02-06 20:28:17,230 - PHILOBOT --> ----------------------------------------
2021-02-06 20:28:17,230 - PHILOBOT -->          > STARTING PHILOBOT < 
2021-02-06 20:28:17,230 - PHILOBOT --> ----------------------------------------
2021-02-06 20:28:17,230 - PHILOBOT --> ID Coletado: 1358195751919251463
2021-02-06 20:28:17,496 - PHILOBOT --> [ETAPA 1] Status coletado: #TESTEPHILO "jgjrjgurg"
2021-02-06 20:28:17,496 - PHILOBOT --> [ETAPA 2] Status - marcações retiradas: #TESTEPHILO "jgjrjgurg"
2021-02-06 20:28:19,503 - PHILOBOT --> [ETAPA 4] Checando string vazia...
2021-02-06 20:28:21,557 - PHILOBOT --> [ETAPA 4] Configurando imagem...
2021-02-06 20:28:21,558 - PHILOBOT --> [ETAPA 4.1] Imagem do filósofo escolhida: John Locke.png
2021-02-06 20:28:21,558 - PHILOBOT --> [ETAPA 4.2] Nenhum lixo no nome da imagem encontrado. Prosseguindo normalmente...
2021-02-06 20:28:21,558 - PHILOBOT --> [ETAPA 4.3] Nome do filósofo tratado: - John Locke
2021-02-06 20:28:21,574 - PHILOBOT --> [ETAPA 5] Verificando aspas...
2021-02-06 20:28:21,574 - PHILOBOT --> [ETAPA 5.1] ASPAS IDENTIFICADAS
2021-02-06 20:28:21,574 - PHILOBOT --> [ETAPA 5.2] Iniciando manipulação de aspas especiais...
2021-02-06 20:28:22,079 - PHILOBOT --> [ETAPA 5.3] Removendo aspas do texto: jgjrjgurg
2021-02-06 20:28:22,593 - PHILOBOT --> [ETAPA 5.4] Tweet MENOR que 25 caracteres, ajustando texto...
2021-02-06 20:28:22,594 - PHILOBOT --> [ETAPA 5.5] Colocando as imagens das aspas.
2021-02-06 20:28:23,578 - PHILOBOT --> IMAGEM ENVIADA!
2021-02-06 20:28:26,582 - PHILOBOT --> Finalizado, ID tratado: 1358195751919251463
2021-02-06 20:28:26,582 - PHILOBOT --> Itens restantes: 0
2021-02-06 20:28:26,582 - PHILOBOT --> ----------------------------------------

2021-02-06 20:28:26,582 - PHILOBOT --> >AGUARDANDO NOVOS TWEETS...<
2021-02-06 20:28:47,119 - PHILOBOT --> =============== NOVO TWEET ENCONTRADO ================
2021-02-06 20:28:47,119 - PHILOBOT --> Tweet ID: 1358195946467831813
2021-02-06 20:28:47,119 - PHILOBOT --> Tweet USERNAME: TestePhiloBot
2021-02-06 20:28:47,120 - PHILOBOT --> Adicionado na fila
2021-02-06 20:28:47,120 - PHILOBOT --> =======================================================

2021-02-06 20:28:52,128 - PHILOBOT --> ----------------------------------------
2021-02-06 20:28:52,128 - PHILOBOT -->          > STARTING PHILOBOT < 
2021-02-06 20:28:52,128 - PHILOBOT --> ----------------------------------------
2021-02-06 20:28:52,128 - PHILOBOT --> ID Coletado: 1358195946467831813
2021-02-06 20:28:52,413 - PHILOBOT --> [ETAPA 1] Status coletado: #testephilo "AAAAAAAAAAAAAAAAAAAAAAAAAAAAAAAAAAAAAAAAAAAAAAAAAAAAAAAAAAAAAAAAAAAAAAAAAAAAAAAAAAAAAAAAAAAAAAAAAAAAAAAAAAAAAAAAAAAAAAAAAAAAAAAAAAAAAAAAAAAAAAAAAAAAAAAAAAAAAAAAAAAAAAAAAAAAAAAAAAAAAAAAAAAAAAAAAAAAAAAAAAAAAAAAAAAAAAAAAAAAAAAAAAAAAAAAAAAAAAAAAAAAAAAAA3AAAAAAAAAAAAAAAA"
2021-02-06 20:28:52,413 - PHILOBOT --> [ETAPA 2] Status - marcações retiradas: #testephilo "AAAAAAAAAAAAAAAAAAAAAAAAAAAAAAAAAAAAAAAAAAAAAAAAAAAAAAAAAAAAAAAAAAAAAAAAAAAAAAAAAAAAAAAAAAAAAAAAAAAAAAAAAAAAAAAAAAAAAAAAAAAAAAAAAAAAAAAAAAAAAAAAAAAAAAAAAAAAAAAAAAAAAAAAAAAAAAAAAAAAAAAAAAAAAAAAAAAAAAAAAAAAAAAAAAAAAAAAAAAAAAAAAAAAAAAAAAAAAAAAAAAAAAAAA3AAAAAAAAAAAAAAAA"
2021-02-06 20:28:54,428 - PHILOBOT --> [ETAPA 4] Checando string vazia...
2021-02-06 20:28:56,470 - PHILOBOT --> [ETAPA 4] Configurando imagem...
2021-02-06 20:28:56,471 - PHILOBOT --> [ETAPA 4.1] Imagem do filósofo escolhida: Walt Disney.png
2021-02-06 20:28:56,471 - PHILOBOT --> [ETAPA 4.2] Nenhum lixo no nome da imagem encontrado. Prosseguindo normalmente...
2021-02-06 20:28:56,471 - PHILOBOT --> [ETAPA 4.3] Nome do filósofo tratado: - Walt Disney
2021-02-06 20:28:56,491 - PHILOBOT --> [ETAPA 5] Verificando aspas...
2021-02-06 20:28:56,491 - PHILOBOT --> [ETAPA 5.1] ASPAS IDENTIFICADAS
2021-02-06 20:28:56,491 - PHILOBOT --> [ETAPA 5.2] Iniciando manipulação de aspas especiais...
2021-02-06 20:28:57,002 - PHILOBOT --> [ETAPA 5.3] Removendo aspas do texto: AAAAAAAAAAAAAAAAAAAAAAAAAAAAAAAAAAAAAAAAAAAAAAAAAAAAAAAAAAAAAAAAAAAAAAAAAAAAAAAAAAAAAAAAAAAAAAAAAAAAAAAAAAAAAAAAAAAAAAAAAAAAAAAAAAAAAAAAAAAAAAAAAAAAAAAAAAAAAAAAAAAAAAAAAAAAAAAAAAAAAAAAAAAAAAAAAAAAAAAAAAAAAAAAAAAAAAAAAAAAAAAAAAAAAAAAAAAAAAAAAAAAAAAAA3AAAAAAAAAAAAAAAA
2021-02-06 20:28:57,523 - PHILOBOT --> [ETAPA 5.4] Tweet MAIOR que 240 caracteres, ajustando texto...
2021-02-06 20:28:57,543 - PHILOBOT --> [ETAPA 5.5] Colocando as imagens das aspas.
2021-02-06 20:28:58,552 - PHILOBOT --> IMAGEM ENVIADA!
2021-02-06 20:29:01,566 - PHILOBOT --> Finalizado, ID tratado: 1358195946467831813
2021-02-06 20:29:01,566 - PHILOBOT --> Itens restantes: 0
2021-02-06 20:29:01,566 - PHILOBOT --> ----------------------------------------

2021-02-06 20:29:01,566 - PHILOBOT --> >AGUARDANDO NOVOS TWEETS...<
2021-02-06 20:29:23,440 - PHILOBOT --> =============== NOVO TWEET ENCONTRADO ================
2021-02-06 20:29:23,440 - PHILOBOT --> Tweet ID: 1358196098825912322
2021-02-06 20:29:23,440 - PHILOBOT --> Tweet USERNAME: TestePhiloBot
2021-02-06 20:29:23,440 - PHILOBOT --> Adicionado na fila
2021-02-06 20:29:23,440 - PHILOBOT --> =======================================================

2021-02-06 20:29:28,448 - PHILOBOT --> ----------------------------------------
2021-02-06 20:29:28,448 - PHILOBOT -->          > STARTING PHILOBOT < 
2021-02-06 20:29:28,448 - PHILOBOT --> ----------------------------------------
2021-02-06 20:29:28,448 - PHILOBOT --> ID Coletado: 1358196098825912322
2021-02-06 20:29:28,735 - PHILOBOT --> [ETAPA 1] Status coletado: RT @TestePhiloBot: #testephilo "AAAAAAAAAAAAAAAAAAAAAAAAAAAAAAAAAAAAAAAAAAAAAAAAAAAAAAAAAAAAAAAAAAAAAAAAAAAAAAAAAAAAAAAAAAAAAAAAAAAAAAAAAAA
2021-02-06 20:29:28,736 - PHILOBOT --> [ETAPA 2] Status - marcações retiradas: RT  #testephilo "AAAAAAAAAAAAAAAAAAAAAAAAAAAAAAAAAAAAAAAAAAAAAAAAAAAAAAAAAAAAAAAAAAAAAAAAAAAAAAAAAAAAAAAAAAAAAAAAAAAAAAAAAAA
2021-02-06 20:29:30,752 - PHILOBOT --> [ETAPA 4] Checando string vazia...
2021-02-06 20:29:32,794 - PHILOBOT --> [ETAPA 4] Configurando imagem...
2021-02-06 20:29:32,795 - PHILOBOT --> [ETAPA 4.1] Imagem do filósofo escolhida: Malcolm X.png
2021-02-06 20:29:32,795 - PHILOBOT --> [ETAPA 4.2] Nenhum lixo no nome da imagem encontrado. Prosseguindo normalmente...
2021-02-06 20:29:32,795 - PHILOBOT --> [ETAPA 4.3] Nome do filósofo tratado: - Malcolm X
2021-02-06 20:29:32,808 - PHILOBOT --> [ETAPA 5] Verificando aspas...
2021-02-06 20:30:58,594 - HASHTAG --> =============== NOVO TWEET ENCONTRADO ================
2021-02-06 20:30:58,594 - HASHTAG --> Tweet ID: 1358196497746165761
2021-02-06 20:30:58,594 - HASHTAG --> Tweet USERNAME: TestePhiloBot
2021-02-06 20:30:58,594 - HASHTAG --> Adicionado na fila
2021-02-06 20:30:58,594 - HASHTAG --> =======================================================

2021-02-06 20:31:03,607 - PHILOBOT --> ----------------------------------------
2021-02-06 20:31:03,607 - PHILOBOT -->          > STARTING PHILOBOT < 
2021-02-06 20:31:03,607 - PHILOBOT --> ----------------------------------------
2021-02-06 20:31:03,607 - PHILOBOT --> ID Coletado: 1358196497746165761
2021-02-06 20:31:03,877 - PHILOBOT --> [ETAPA 1] Status coletado: #testephilo "aaaaaaaaaaaaaaaaaaaaaaaaaaaaaaaaaaaaaaaaaaaaaaaaaaaaaaaaaaaaaaaaaaaaaaaaaaaaaaaaaaaaaaaaaaaaaaaaaaaaaaaaaaaaaaaaaaaaaaaaaaaaaaaaaaaaaaaaaaaaaaaaaaaaaaaaaaaaaaaaaaaaaaaaaaaaaaaaaaaaaaaaaaaaaaaaaaaaaaaaaaaaaaaaaaaaaaaaaaaaaaaaaaaaaaaaaaaaaaaaaaaaaaaaaaaaaaaaaaaaaaaaaa"
2021-02-06 20:31:03,877 - PHILOBOT --> [ETAPA 3] Checando se é RT...
2021-02-06 20:31:03,877 - PHILOBOT --> [ETAPA 2] Status - marcações retiradas: #testephilo "aaaaaaaaaaaaaaaaaaaaaaaaaaaaaaaaaaaaaaaaaaaaaaaaaaaaaaaaaaaaaaaaaaaaaaaaaaaaaaaaaaaaaaaaaaaaaaaaaaaaaaaaaaaaaaaaaaaaaaaaaaaaaaaaaaaaaaaaaaaaaaaaaaaaaaaaaaaaaaaaaaaaaaaaaaaaaaaaaaaaaaaaaaaaaaaaaaaaaaaaaaaaaaaaaaaaaaaaaaaaaaaaaaaaaaaaaaaaaaaaaaaaaaaaaaaaaaaaaaaaaaaaaa"
2021-02-06 20:31:05,915 - PHILOBOT --> [ETAPA 4] Checando string vazia...
2021-02-06 20:31:07,965 - PHILOBOT --> [ETAPA 4] Configurando imagem...
2021-02-06 20:31:07,966 - PHILOBOT --> [ETAPA 4.1] Imagem do filósofo escolhida: Heráclito de Éfeso.png
2021-02-06 20:31:07,966 - PHILOBOT --> [ETAPA 4.2] Nenhum lixo no nome da imagem encontrado. Prosseguindo normalmente...
2021-02-06 20:31:07,966 - PHILOBOT --> [ETAPA 4.3] Nome do filósofo tratado: - Heráclito de Éfeso
2021-02-06 20:31:07,982 - PHILOBOT --> [ETAPA 5] Verificando aspas...
2021-02-06 20:31:07,982 - PHILOBOT --> [ETAPA 5.1] ASPAS IDENTIFICADAS
2021-02-06 20:31:07,982 - PHILOBOT --> [ETAPA 5.2] Iniciando manipulação de aspas especiais...
2021-02-06 20:31:08,495 - PHILOBOT --> [ETAPA 5.3] Removendo aspas do texto: aaaaaaaaaaaaaaaaaaaaaaaaaaaaaaaaaaaaaaaaaaaaaaaaaaaaaaaaaaaaaaaaaaaaaaaaaaaaaaaaaaaaaaaaaaaaaaaaaaaaaaaaaaaaaaaaaaaaaaaaaaaaaaaaaaaaaaaaaaaaaaaaaaaaaaaaaaaaaaaaaaaaaaaaaaaaaaaaaaaaaaaaaaaaaaaaaaaaaaaaaaaaaaaaaaaaaaaaaaaaaaaaaaaaaaaaaaaaaaaaaaaaaaaaaaaaaaaaaaaaaaaaaa
2021-02-06 20:31:09,013 - PHILOBOT --> [ETAPA 5.4] Tweet MAIOR que 240 caracteres, ajustando texto...
2021-02-06 20:31:09,034 - PHILOBOT --> [ETAPA 5.5] Colocando as imagens das aspas.
2021-02-06 20:31:10,006 - PHILOBOT --> IMAGEM ENVIADA!
2021-02-06 20:31:13,011 - PHILOBOT --> Finalizado, ID tratado: 1358196497746165761
2021-02-06 20:31:13,011 - PHILOBOT --> Itens restantes: 0
2021-02-06 20:31:13,011 - PHILOBOT --> ----------------------------------------

2021-02-06 20:31:13,011 - PHILOBOT --> >AGUARDANDO NOVOS TWEETS...<
2021-02-06 20:31:34,992 - PHILOBOT --> =============== NOVO TWEET ENCONTRADO ================
2021-02-06 20:31:34,992 - PHILOBOT --> Tweet ID: 1358196650443997186
2021-02-06 20:31:34,993 - PHILOBOT --> Tweet USERNAME: TestePhiloBot
2021-02-06 20:31:34,993 - PHILOBOT --> Adicionado na fila
2021-02-06 20:31:34,993 - PHILOBOT --> =======================================================

2021-02-06 20:31:40,008 - PHILOBOT --> ----------------------------------------
2021-02-06 20:31:40,008 - PHILOBOT -->          > STARTING PHILOBOT < 
2021-02-06 20:31:40,008 - PHILOBOT --> ----------------------------------------
2021-02-06 20:31:40,008 - PHILOBOT --> ID Coletado: 1358196650443997186
2021-02-06 20:31:40,292 - PHILOBOT --> [ETAPA 1] Status coletado: RT @TestePhiloBot: #testephilo "aaaaaaaaaaaaaaaaaaaaaaaaaaaaaaaaaaaaaaaaaaaaaaaaaaaaaaaaaaaaaaaaaaaaaaaaaaaaaaaaaaaaaaaaaaaaaaaaaaaaaaaaaaa
2021-02-06 20:31:40,292 - PHILOBOT --> [ETAPA 3] Checando se é RT...
2021-02-06 20:31:40,292 - PHILOBOT --> RETWEET ENCONTRADO, IGNORANDO... - USER: TestePhiloBot
2021-02-06 20:31:40,292 - PHILOBOT --> [ETAPA 2] Status - marcações retiradas: RT  #testephilo "aaaaaaaaaaaaaaaaaaaaaaaaaaaaaaaaaaaaaaaaaaaaaaaaaaaaaaaaaaaaaaaaaaaaaaaaaaaaaaaaaaaaaaaaaaaaaaaaaaaaaaaaaaa
2021-02-06 20:31:42,299 - PHILOBOT --> [ETAPA 4] Checando string vazia...
2021-02-06 20:31:44,348 - PHILOBOT --> [ETAPA 4] Configurando imagem...
2021-02-06 20:31:44,349 - PHILOBOT --> [ETAPA 4.1] Imagem do filósofo escolhida: Carl Sagan.png
2021-02-06 20:31:44,349 - PHILOBOT --> [ETAPA 4.2] Nenhum lixo no nome da imagem encontrado. Prosseguindo normalmente...
2021-02-06 20:31:44,349 - PHILOBOT --> [ETAPA 4.3] Nome do filósofo tratado: - Carl Sagan
2021-02-06 20:31:44,367 - PHILOBOT --> [ETAPA 5] Verificando aspas...
2021-02-06 20:37:22,227 - HASHTAG --> =============== NOVO TWEET ENCONTRADO ================
2021-02-06 20:37:22,228 - HASHTAG --> Tweet ID: 1358198106949574658
2021-02-06 20:37:22,228 - HASHTAG --> Tweet USERNAME: TestePhiloBot
2021-02-06 20:37:22,228 - HASHTAG --> Adicionado na fila
2021-02-06 20:37:22,228 - HASHTAG --> =======================================================

2021-02-06 20:37:27,246 - PHILOBOT --> ----------------------------------------
2021-02-06 20:37:27,246 - PHILOBOT -->          > STARTING PHILOBOT < 
2021-02-06 20:37:27,246 - PHILOBOT --> ----------------------------------------
2021-02-06 20:37:27,246 - PHILOBOT --> ID Coletado: 1358198106949574658
2021-02-06 20:37:27,550 - PHILOBOT --> [ETAPA 1] Status coletado: RT @TestePhiloBot: #TESTEPHILO "jgjrjgurg"
2021-02-06 20:37:27,550 - PHILOBOT --> [ETAPA 3] Checando se é RT...
2021-02-06 20:37:27,550 - PHILOBOT --> RETWEET ENCONTRADO, IGNORANDO... - USER: TestePhiloBot
2021-02-06 20:37:52,403 - PHILOBOT --> =============== NOVO TWEET ENCONTRADO ================
2021-02-06 20:37:52,403 - PHILOBOT --> Tweet ID: 1358198232862629888
2021-02-06 20:37:52,403 - PHILOBOT --> Tweet USERNAME: TestePhiloBot
2021-02-06 20:37:52,403 - PHILOBOT --> Adicionado na fila
2021-02-06 20:37:52,403 - PHILOBOT --> =======================================================

2021-02-06 20:37:57,404 - PHILOBOT --> ----------------------------------------
2021-02-06 20:37:57,404 - PHILOBOT -->          > STARTING PHILOBOT < 
2021-02-06 20:37:57,404 - PHILOBOT --> ----------------------------------------
2021-02-06 20:37:57,404 - PHILOBOT --> ID Coletado: 1358198232862629888
2021-02-06 20:37:57,668 - PHILOBOT --> [ETAPA 1] Status coletado: #testephilo ififififififififif
2021-02-06 20:37:57,668 - PHILOBOT --> [ETAPA 3] Checando se é RT...
2021-02-06 20:37:57,668 - PHILOBOT --> [ETAPA 2] Status - marcações retiradas: #testephilo ififififififififif
2021-02-06 20:37:59,703 - PHILOBOT --> [ETAPA 4] Checando string vazia...
2021-02-06 20:38:01,744 - PHILOBOT --> [ETAPA 4] Configurando imagem...
2021-02-06 20:38:01,745 - PHILOBOT --> [ETAPA 4.1] Imagem do filósofo escolhida: Malcolm X.png
2021-02-06 20:38:01,745 - PHILOBOT --> [ETAPA 4.2] Nenhum lixo no nome da imagem encontrado. Prosseguindo normalmente...
2021-02-06 20:38:01,745 - PHILOBOT --> [ETAPA 4.3] Nome do filósofo tratado: - Malcolm X
2021-02-06 20:38:01,758 - PHILOBOT --> [ETAPA 5] Verificando aspas...
2021-02-06 20:38:01,758 - PHILOBOT --> [ETAPA 6] Tweet MENOR que 25 caracteres, ajustando texto...
2021-02-06 20:38:02,662 - PHILOBOT --> IMAGEM ENVIADA!
2021-02-06 20:38:05,666 - PHILOBOT --> Finalizado, ID tratado: 1358198232862629888
2021-02-06 20:38:05,666 - PHILOBOT --> Itens restantes: 0
2021-02-06 20:38:05,666 - PHILOBOT --> TWEET TRATADO COM SUCESSO
2021-02-06 20:38:05,666 - PHILOBOT --> ----------------------------------------

2021-02-06 20:38:05,666 - PHILOBOT --> >AGUARDANDO NOVOS TWEETS...<
2021-02-06 20:38:13,208 - HASHTAG --> =============== NOVO TWEET ENCONTRADO ================
2021-02-06 20:38:13,208 - HASHTAG --> Tweet ID: 1358198320771039233
2021-02-06 20:38:13,208 - HASHTAG --> Tweet USERNAME: TestePhiloBot
2021-02-06 20:38:13,208 - HASHTAG --> Adicionado na fila
2021-02-06 20:38:13,208 - HASHTAG --> =======================================================

2021-02-06 20:38:18,215 - PHILOMAKER --> ----------------------------------------
2021-02-06 20:38:18,215 - PHILOMAKER -->        > STARTING PHILOMAKER < 
2021-02-06 20:38:18,215 - PHILOMAKER --> ----------------------------------------
2021-02-06 20:38:18,215 - PHILOMAKER --> ID Coletado: 1358198320771039233
2021-02-06 20:38:18,480 - PHILOMAKER --> [ETAPA 1] Status coletado: #testemaker oi @wmnobrasil
2021-02-06 20:38:18,480 - PHILOMAKER --> [ETAPA 2] Status - marcações retiradas: #testemaker oi 
2021-02-06 20:38:20,489 - PHILOMAKER --> [ETAPA 3] Checando se é RT...
2021-02-06 20:38:20,489 - PHILOMAKER --> [ETAPA 4] Checando string vazia...
2021-02-06 20:38:22,491 - PHILOMAKER --> [ETAPA 5] Ajustando tamanho do texto para imagem...
2021-02-06 20:38:22,531 - PHILOMAKER --> [ETAPA 6] Nome do filósofo coletado: - Wiki Movimento Brasil
2021-02-06 20:38:22,531 - PHILOMAKER --> ERRO: IMAGEM NÃO ENCONTRADA
2021-02-06 20:38:22,531 - PHILOMAKER --> [Errno 2] No such file or directory: 'Hashtag/twitter_philo_img.png'
2021-02-06 20:38:22,531 - PHILOMAKER --> Enviando imagem de ajuda para o @TestePhiloBot.
2021-02-06 20:38:23,358 - PHILOMAKER --> IMAGEM ENVIADA!
2021-02-06 20:38:26,373 - PHILOMAKER --> ----------------------------------------

2021-02-06 20:38:26,373 - PHILOMAKER --> >AGUARDANDO NOVOS TWEETS...<
2021-02-06 20:39:25,045 - HASHTAG --> =============== NOVO TWEET ENCONTRADO ================
2021-02-06 20:39:25,045 - HASHTAG --> Tweet ID: 1358198621800431616
2021-02-06 20:39:25,045 - HASHTAG --> Tweet USERNAME: TestePhiloBot
2021-02-06 20:39:25,045 - HASHTAG --> Adicionado na fila
2021-02-06 20:39:25,045 - HASHTAG --> =======================================================

2021-02-06 20:39:30,049 - PHILOMAKER --> ----------------------------------------
2021-02-06 20:39:30,049 - PHILOMAKER -->        > STARTING PHILOMAKER < 
2021-02-06 20:39:30,049 - PHILOMAKER --> ----------------------------------------
2021-02-06 20:39:30,049 - PHILOMAKER --> ID Coletado: 1358198621800431616
2021-02-06 20:39:30,329 - PHILOMAKER --> [ETAPA 1] Status coletado: #testemaker oi @wilsonwitzel https://t.co/fAiRqFanjd
2021-02-06 20:39:30,330 - PHILOMAKER --> [ETAPA 2] Status - marcações retiradas: #testemaker oi  https://t.co/fAiRqFanjd
2021-02-06 20:39:32,343 - PHILOMAKER --> [ETAPA 3] Checando se é RT...
2021-02-06 20:39:32,343 - PHILOMAKER --> [ETAPA 4] Checando string vazia...
2021-02-06 20:39:34,357 - PHILOMAKER --> [ETAPA 5] Ajustando tamanho do texto para imagem...
2021-02-06 20:39:34,396 - PHILOMAKER --> [ETAPA 6] Nome do filósofo coletado: - Wilson Witzel
2021-02-06 20:39:34,397 - PHILOMAKER --> [ETAPA 7] Coletando URL da imagem: http://pbs.twimg.com/media/EtlKcbsXYAcokk_.jpg
2021-02-06 20:39:34,593 - PHILOMAKER --> [ETAPA 5] Verificando aspas...
2021-02-06 20:39:34,593 - PHILOMAKER --> [ETAPA 6] Tweet MENOR que 25 caracteres, ajustando texto...
2021-02-06 20:44:23,409 - HASHTAG --> =============== NOVO TWEET ENCONTRADO ================
2021-02-06 20:44:23,409 - HASHTAG --> Tweet ID: 1358199873150009345
2021-02-06 20:44:23,409 - HASHTAG --> Tweet USERNAME: TestePhiloBot
2021-02-06 20:44:23,409 - HASHTAG --> Adicionado na fila
2021-02-06 20:44:23,409 - HASHTAG --> =======================================================

2021-02-06 20:44:28,414 - PHILOMAKER --> ----------------------------------------
2021-02-06 20:44:28,414 - PHILOMAKER -->        > STARTING PHILOMAKER < 
2021-02-06 20:44:28,414 - PHILOMAKER --> ----------------------------------------
2021-02-06 20:44:28,414 - PHILOMAKER --> ID Coletado: 1358199873150009345
2021-02-06 20:44:28,697 - PHILOMAKER --> [ETAPA 1] Status coletado: #testemaker eiejfiefje @Flamengo https://t.co/aE0whEJmX4
2021-02-06 20:44:28,697 - PHILOMAKER --> [ETAPA 2] Status - marcações retiradas: #testemaker eiejfiefje  https://t.co/aE0whEJmX4
2021-02-06 20:44:30,712 - PHILOMAKER --> [ETAPA 3] Checando se é RT...
2021-02-06 20:44:30,712 - PHILOMAKER --> [ETAPA 4] Checando string vazia...
2021-02-06 20:44:32,713 - PHILOMAKER --> [ETAPA 5] Ajustando tamanho do texto para imagem...
2021-02-06 20:44:32,753 - PHILOMAKER --> [ETAPA 6] Nome do filósofo coletado: - Flamengo
2021-02-06 20:44:32,753 - PHILOMAKER --> [ETAPA 7] Coletando URL da imagem: http://pbs.twimg.com/media/EtlLlXiXIAEAbuD.jpg
2021-02-06 20:44:32,960 - PHILOMAKER --> [ETAPA 5] Verificando aspas...
2021-02-06 20:44:32,960 - PHILOMAKER --> [ETAPA 6] Tweet MENOR que 25 caracteres, ajustando texto...
2021-02-06 20:52:14,750 - HASHTAG --> =============== NOVO TWEET ENCONTRADO ================
2021-02-06 20:52:14,750 - HASHTAG --> Tweet ID: 1358201850265296896
2021-02-06 20:52:14,751 - HASHTAG --> Tweet USERNAME: TestePhiloBot
2021-02-06 20:52:14,751 - HASHTAG --> Adicionado na fila
2021-02-06 20:52:14,751 - HASHTAG --> =======================================================

2021-02-06 20:52:19,752 - PHILOMAKER --> ----------------------------------------
2021-02-06 20:52:19,752 - PHILOMAKER -->        > STARTING PHILOMAKER < 
2021-02-06 20:52:19,752 - PHILOMAKER --> ----------------------------------------
2021-02-06 20:52:19,752 - PHILOMAKER --> ID Coletado: 1358201850265296896
2021-02-06 20:52:20,049 - PHILOMAKER --> [ETAPA 1] Status coletado: #testemaker erererer @Flamengo https://t.co/h0jYpFbDU2
2021-02-06 20:52:20,049 - PHILOMAKER --> [ETAPA 2] Status - marcações retiradas: #testemaker erererer  https://t.co/h0jYpFbDU2
2021-02-06 20:52:22,070 - PHILOMAKER --> [ETAPA 3] Checando se é RT...
2021-02-06 20:52:22,070 - PHILOMAKER --> [ETAPA 4] Checando string vazia...
2021-02-06 20:52:24,080 - PHILOMAKER --> [ETAPA 5] Ajustando tamanho do texto para imagem...
2021-02-06 20:52:24,120 - PHILOMAKER --> [ETAPA 6] Nome do filósofo coletado: - Flamengo
2021-02-06 20:52:24,120 - PHILOMAKER --> [ETAPA 7] Coletando URL da imagem: http://pbs.twimg.com/media/EtlNYIKXAAcKoc0.jpg
2021-02-06 20:52:24,300 - PHILOMAKER --> [ETAPA 5] Verificando aspas...
2021-02-06 20:52:24,300 - PHILOMAKER --> [ETAPA 6] Tweet MENOR que 25 caracteres, ajustando texto...
2021-02-06 20:56:52,300 - HASHTAG --> =============== NOVO TWEET ENCONTRADO ================
2021-02-06 20:56:52,300 - HASHTAG --> Tweet ID: 1358203014281129986
2021-02-06 20:56:52,300 - HASHTAG --> Tweet USERNAME: TestePhiloBot
2021-02-06 20:56:52,300 - HASHTAG --> Adicionado na fila
2021-02-06 20:56:52,300 - HASHTAG --> =======================================================

2021-02-06 20:56:57,300 - PHILOMAKER --> ----------------------------------------
2021-02-06 20:56:57,300 - PHILOMAKER -->        > STARTING PHILOMAKER < 
2021-02-06 20:56:57,300 - PHILOMAKER --> ----------------------------------------
2021-02-06 20:56:57,300 - PHILOMAKER --> ID Coletado: 1358203014281129986
2021-02-06 20:56:57,594 - PHILOMAKER --> [ETAPA 1] Status coletado: #testemaker teste teste teste @JesusFlamengoo https://t.co/fpAE3czq7v
2021-02-06 20:56:57,595 - PHILOMAKER --> [ETAPA 2] Status - marcações retiradas: #testemaker teste teste teste  https://t.co/fpAE3czq7v
2021-02-06 20:56:59,607 - PHILOMAKER --> [ETAPA 3] Checando se é RT...
2021-02-06 20:56:59,607 - PHILOMAKER --> [ETAPA 4] Checando string vazia...
2021-02-06 20:57:01,621 - PHILOMAKER --> [ETAPA 5] Ajustando tamanho do texto para imagem...
2021-02-06 20:57:01,675 - PHILOMAKER --> [ETAPA 7] Coletando URL da imagem: http://pbs.twimg.com/media/EtlOa8VXIAIfz0d.jpg
2021-02-06 20:57:01,981 - PHILOMAKER --> [ETAPA 5] Verificando aspas...
2021-02-06 20:57:01,981 - PHILOMAKER --> [ETAPA 6] Tweet MENOR que 25 caracteres, ajustando texto...
2021-02-06 20:57:02,945 - PHILOMAKER --> IMAGEM ENVIADA!
2021-02-06 20:57:05,959 - PHILOMAKER --> Finalizado, ID tratado: 1358203014281129986
2021-02-06 20:57:05,959 - PHILOMAKER --> Itens restantes: 0
2021-02-06 20:57:05,959 - PHILOMAKER --> TWEET TRATADO COM SUCESSO
2021-02-06 20:57:05,959 - PHILOMAKER --> Imagem removida
2021-02-06 20:57:05,959 - PHILOMAKER --> Finalizado, ID tratado: 1358203014281129986
2021-02-06 20:57:05,959 - PHILOMAKER --> Itens restantes: 0
2021-02-06 20:57:05,959 - PHILOMAKER --> TWEET TRATADO COM SUCESSO
2021-02-06 20:57:05,959 - PHILOMAKER --> ----------------------------------------

2021-02-06 20:57:05,959 - PHILOMAKER --> >AGUARDANDO NOVOS TWEETS...<
