2021-02-03 19:51:50,731 - PHILOBOT --> Bem-vindo!

2021-02-03 19:51:50,731 - PHILOBOT --> Philosopher BOT por Caio Madeira e Rodrigo Carmo

2021-02-03 19:51:50,731 - PHILOBOT --> [32mPara acessar o PhiloBot Manager digite [1]
[0m
2021-02-03 19:51:50,731 - PHILOBOT --> Escolha qual script função rodar: HASHTAG OU POSTING

2021-02-03 19:55:57,732 - PHILOBOT --> Bem-vindo!

2021-02-03 19:55:57,732 - PHILOBOT --> Philosopher BOT por Caio Madeira e Rodrigo Carmo

2021-02-03 19:55:57,732 - PHILOBOT --> [32mPara acessar o PhiloBot Manager digite [1]
[0m
2021-02-03 19:55:57,735 - PHILOBOT --> Escolha qual script função rodar: HASHTAG OU POSTING

2021-02-03 19:55:57,769 - PHILOBOT --> Qual HASHTAG voce deseja iniciar?
2021-02-03 19:55:57,769 - PHILOBOT --> Qual HASHTAG voce deseja iniciar?
2021-02-03 19:55:57,769 - PHILOMAKER --> Qual HASHTAG voce deseja iniciar?
2021-02-03 19:55:57,769 - PHILOBOT --> Qual HASHTAG voce deseja iniciar?
2021-02-03 19:55:57,769 - PHILOBOT --> [ 1 ] - HASHTAG OFICIAL
2021-02-03 19:55:57,769 - PHILOBOT --> [ 1 ] - HASHTAG OFICIAL
2021-02-03 19:55:57,769 - PHILOMAKER --> [ 1 ] - HASHTAG OFICIAL
2021-02-03 19:55:57,769 - PHILOBOT --> [ 1 ] - HASHTAG OFICIAL
2021-02-03 19:55:57,769 - PHILOBOT --> [ 2 ] - HASHTAG EXTENSION
2021-02-03 19:55:57,769 - PHILOBOT --> [ 2 ] - HASHTAG EXTENSION
2021-02-03 19:55:57,769 - PHILOMAKER --> [ 2 ] - HASHTAG EXTENSION
2021-02-03 19:55:57,769 - PHILOBOT --> [ 2 ] - HASHTAG EXTENSION
2021-02-03 19:55:57,769 - PHILOBOT --> [ 3 ] - HASHTAG DE TESTE
2021-02-03 19:55:57,769 - PHILOBOT --> [ 3 ] - HASHTAG DE TESTE
2021-02-03 19:55:57,769 - PHILOMAKER --> [ 3 ] - HASHTAG DE TESTE
2021-02-03 19:55:57,769 - PHILOBOT --> [ 3 ] - HASHTAG DE TESTE
2021-02-03 19:55:57,769 - PHILOBOT --> HASHTAG TESTE ESCOLHIDA, INICIANDO #Testephilo e #Testemaker...
2021-02-03 19:55:57,769 - PHILOBOT --> HASHTAG TESTE ESCOLHIDA, INICIANDO #Testephilo e #Testemaker...
2021-02-03 19:55:57,769 - PHILOMAKER --> HASHTAG TESTE ESCOLHIDA, INICIANDO #Testephilo e #Testemaker...
2021-02-03 19:55:57,769 - PHILOBOT --> HASHTAG TESTE ESCOLHIDA, INICIANDO #Testephilo e #Testemaker...
2021-02-03 19:58:31,765 - PHILOBOT --> Bem-vindo!

2021-02-03 19:58:31,765 - PHILOBOT --> Philosopher BOT por Caio Madeira e Rodrigo Carmo

2021-02-03 19:58:31,765 - PHILOBOT --> [32mPara acessar o PhiloBot Manager digite [1]
[0m
2021-02-03 19:58:31,765 - PHILOBOT --> Escolha qual script função rodar: HASHTAG OU POSTING

2021-02-03 19:58:31,786 - PHILOBOT --> Qual HASHTAG voce deseja iniciar?
2021-02-03 19:58:31,786 - PHILOBOT --> Qual HASHTAG voce deseja iniciar?
2021-02-03 19:58:31,786 - PHILOMAKER --> Qual HASHTAG voce deseja iniciar?
2021-02-03 19:58:31,786 - PHILOBOT --> Qual HASHTAG voce deseja iniciar?
2021-02-03 19:58:31,786 - PHILOBOT --> [ 1 ] - HASHTAG OFICIAL
2021-02-03 19:58:31,786 - PHILOBOT --> [ 1 ] - HASHTAG OFICIAL
2021-02-03 19:58:31,786 - PHILOMAKER --> [ 1 ] - HASHTAG OFICIAL
2021-02-03 19:58:31,786 - PHILOBOT --> [ 1 ] - HASHTAG OFICIAL
2021-02-03 19:58:31,786 - PHILOBOT --> [ 2 ] - HASHTAG EXTENSION
2021-02-03 19:58:31,786 - PHILOBOT --> [ 2 ] - HASHTAG EXTENSION
2021-02-03 19:58:31,786 - PHILOMAKER --> [ 2 ] - HASHTAG EXTENSION
2021-02-03 19:58:31,786 - PHILOBOT --> [ 2 ] - HASHTAG EXTENSION
2021-02-03 19:58:31,786 - PHILOBOT --> [ 3 ] - HASHTAG DE TESTE
2021-02-03 19:58:31,786 - PHILOBOT --> [ 3 ] - HASHTAG DE TESTE
2021-02-03 19:58:31,786 - PHILOMAKER --> [ 3 ] - HASHTAG DE TESTE
2021-02-03 19:58:31,786 - PHILOBOT --> [ 3 ] - HASHTAG DE TESTE
2021-02-03 19:58:31,786 - PHILOBOT --> HASHTAG TESTE ESCOLHIDA, INICIANDO #Testephilo e #Testemaker...
2021-02-03 19:58:31,786 - PHILOBOT --> HASHTAG TESTE ESCOLHIDA, INICIANDO #Testephilo e #Testemaker...
2021-02-03 19:58:31,786 - PHILOMAKER --> HASHTAG TESTE ESCOLHIDA, INICIANDO #Testephilo e #Testemaker...
2021-02-03 19:58:31,786 - PHILOBOT --> HASHTAG TESTE ESCOLHIDA, INICIANDO #Testephilo e #Testemaker...
2021-02-03 19:59:03,109 - PHILOBOT --> Bem-vindo!

2021-02-03 19:59:03,109 - PHILOBOT --> Philosopher BOT por Caio Madeira e Rodrigo Carmo

2021-02-03 19:59:03,109 - PHILOBOT --> [32mPara acessar o PhiloBot Manager digite [1]
[0m
2021-02-03 19:59:03,109 - PHILOBOT --> Escolha qual script função rodar: HASHTAG OU POSTING

2021-02-03 19:59:03,135 - PHILOBOT --> Qual HASHTAG voce deseja iniciar?
2021-02-03 19:59:03,135 - PHILOMAKER --> Qual HASHTAG voce deseja iniciar?
2021-02-03 19:59:03,135 - PHILOMAKER --> Qual HASHTAG voce deseja iniciar?
2021-02-03 19:59:03,135 - PHILOMAKER --> Qual HASHTAG voce deseja iniciar?
2021-02-03 19:59:03,135 - PHILOBOT --> [ 1 ] - HASHTAG OFICIAL
2021-02-03 19:59:03,135 - PHILOMAKER --> [ 1 ] - HASHTAG OFICIAL
2021-02-03 19:59:03,135 - PHILOMAKER --> [ 1 ] - HASHTAG OFICIAL
2021-02-03 19:59:03,135 - PHILOMAKER --> [ 1 ] - HASHTAG OFICIAL
2021-02-03 19:59:03,135 - PHILOBOT --> [ 2 ] - HASHTAG EXTENSION
2021-02-03 19:59:03,135 - PHILOMAKER --> [ 2 ] - HASHTAG EXTENSION
2021-02-03 19:59:03,135 - PHILOMAKER --> [ 2 ] - HASHTAG EXTENSION
2021-02-03 19:59:03,135 - PHILOMAKER --> [ 2 ] - HASHTAG EXTENSION
2021-02-03 19:59:03,136 - PHILOBOT --> [ 3 ] - HASHTAG DE TESTE
2021-02-03 19:59:03,136 - PHILOMAKER --> [ 3 ] - HASHTAG DE TESTE
2021-02-03 19:59:03,136 - PHILOMAKER --> [ 3 ] - HASHTAG DE TESTE
2021-02-03 19:59:03,136 - PHILOMAKER --> [ 3 ] - HASHTAG DE TESTE
2021-02-03 19:59:03,136 - PHILOBOT --> HASHTAG TESTE ESCOLHIDA, INICIANDO #Testephilo e #Testemaker...
2021-02-03 19:59:03,136 - PHILOMAKER --> HASHTAG TESTE ESCOLHIDA, INICIANDO #Testephilo e #Testemaker...
2021-02-03 19:59:03,136 - PHILOMAKER --> HASHTAG TESTE ESCOLHIDA, INICIANDO #Testephilo e #Testemaker...
2021-02-03 19:59:03,136 - PHILOMAKER --> HASHTAG TESTE ESCOLHIDA, INICIANDO #Testephilo e #Testemaker...
2021-02-03 19:59:40,313 - PHILOBOT --> Bem-vindo!

2021-02-03 19:59:40,314 - PHILOBOT --> Philosopher BOT por Caio Madeira e Rodrigo Carmo

2021-02-03 19:59:40,314 - PHILOBOT --> [32mPara acessar o PhiloBot Manager digite [1]
[0m
2021-02-03 19:59:40,314 - PHILOBOT --> Escolha qual script função rodar: HASHTAG OU POSTING

2021-02-03 19:59:40,342 - PHILOBOT --> Qual HASHTAG voce deseja iniciar?
2021-02-03 19:59:40,342 - PHILOBOT --> [ 1 ] - HASHTAG OFICIAL
2021-02-03 19:59:40,342 - PHILOBOT --> [ 2 ] - HASHTAG EXTENSION
2021-02-03 19:59:40,342 - PHILOBOT --> [ 3 ] - HASHTAG DE TESTE
2021-02-03 19:59:40,342 - PHILOBOT --> HASHTAG TESTE ESCOLHIDA, INICIANDO #Testephilo e #Testemaker...
2021-02-03 20:01:46,653 - PHILOBOT --> Bem-vindo!

2021-02-03 20:01:46,653 - PHILOBOT --> Philosopher BOT por Caio Madeira e Rodrigo Carmo

2021-02-03 20:01:46,653 - PHILOBOT --> [32mPara acessar o PhiloBot Manager digite [1]
[0m
2021-02-03 20:01:46,653 - PHILOBOT --> Escolha qual script função rodar: HASHTAG OU POSTING

2021-02-03 20:01:46,673 - PHILOBOT --> Qual HASHTAG voce deseja iniciar?
2021-02-03 20:01:46,673 - PHILOBOT --> [ 1 ] - HASHTAG OFICIAL
2021-02-03 20:01:46,673 - PHILOBOT --> [ 2 ] - HASHTAG EXTENSION
2021-02-03 20:01:46,673 - PHILOBOT --> [ 3 ] - HASHTAG DE TESTE
2021-02-03 20:01:46,673 - PHILOBOT --> HASHTAG TESTE ESCOLHIDA, INICIANDO #Testephilo e #Testemaker...
2021-02-03 20:03:58,399 - PHILOBOT --> Bem-vindo!

2021-02-03 20:03:58,400 - PHILOBOT --> Philosopher BOT por Caio Madeira e Rodrigo Carmo

2021-02-03 20:03:58,400 - PHILOBOT --> [32mPara acessar o PhiloBot Manager digite [1]
[0m
2021-02-03 20:03:58,400 - PHILOBOT --> Escolha qual script função rodar: HASHTAG OU POSTING

2021-02-03 20:03:58,419 - PHILOBOT --> Qual HASHTAG voce deseja iniciar?
2021-02-03 20:03:58,420 - PHILOBOT --> [ 1 ] - HASHTAG OFICIAL
2021-02-03 20:03:58,420 - PHILOBOT --> [ 2 ] - HASHTAG EXTENSION
2021-02-03 20:03:58,420 - PHILOBOT --> [ 3 ] - HASHTAG DE TESTE
2021-02-03 20:03:58,420 - PHILOBOT --> HASHTAG TESTE ESCOLHIDA, INICIANDO #Testephilo e #Testemaker...
2021-02-03 20:04:25,852 - Bem-vindo!

2021-02-03 20:04:25,852 - Philosopher BOT por Caio Madeira e Rodrigo Carmo

2021-02-03 20:04:25,852 - [32mPara acessar o PhiloBot Manager digite [1]
[0m
2021-02-03 20:04:25,852 - Escolha qual script função rodar: HASHTAG OU POSTING

2021-02-03 20:04:25,876 - Qual HASHTAG voce deseja iniciar?
2021-02-03 20:04:25,876 - [ 1 ] - HASHTAG OFICIAL
2021-02-03 20:04:25,876 - [ 2 ] - HASHTAG EXTENSION
2021-02-03 20:04:25,876 - [ 3 ] - HASHTAG DE TESTE
2021-02-03 20:04:25,876 - HASHTAG TESTE ESCOLHIDA, INICIANDO #Testephilo e #Testemaker...
2021-02-03 20:04:40,669 - Bem-vindo!

2021-02-03 20:04:40,669 - Philosopher BOT por Caio Madeira e Rodrigo Carmo

2021-02-03 20:04:40,669 - [32mPara acessar o PhiloBot Manager digite [1]
[0m
2021-02-03 20:04:40,669 - Escolha qual script função rodar: HASHTAG OU POSTING

2021-02-03 20:04:40,696 - Qual HASHTAG voce deseja iniciar?
2021-02-03 20:04:40,696 - Qual HASHTAG voce deseja iniciar?
2021-02-03 20:04:40,696 - [ 1 ] - HASHTAG OFICIAL
2021-02-03 20:04:40,696 - [ 1 ] - HASHTAG OFICIAL
2021-02-03 20:04:40,696 - [ 2 ] - HASHTAG EXTENSION
2021-02-03 20:04:40,696 - [ 2 ] - HASHTAG EXTENSION
2021-02-03 20:04:40,697 - [ 3 ] - HASHTAG DE TESTE
2021-02-03 20:04:40,697 - [ 3 ] - HASHTAG DE TESTE
2021-02-03 20:04:40,697 - HASHTAG TESTE ESCOLHIDA, INICIANDO #Testephilo e #Testemaker...
2021-02-03 20:04:40,697 - HASHTAG TESTE ESCOLHIDA, INICIANDO #Testephilo e #Testemaker...
2021-02-03 20:44:45,439 - Bem-vindo!

2021-02-03 20:44:45,440 - Philosopher BOT por Caio Madeira e Rodrigo Carmo

2021-02-03 20:44:45,440 - [32mPara acessar o PhiloBot Manager digite [1]
[0m
2021-02-03 20:44:45,440 - Escolha qual script função rodar: HASHTAG OU POSTING

2021-02-03 20:44:45,464 - Qual HASHTAG voce deseja iniciar?
2021-02-03 20:44:45,464 - [ 1 ] - HASHTAG OFICIAL
2021-02-03 20:44:45,464 - [ 2 ] - HASHTAG EXTENSION
2021-02-03 20:44:45,464 - [ 3 ] - HASHTAG DE TESTE
2021-02-03 20:44:45,464 - HASHTAG TESTE ESCOLHIDA, INICIANDO #Testephilo e #Testemaker...
2021-02-03 20:45:16,814 - Bem-vindo!

2021-02-03 20:45:16,814 - Philosopher BOT por Caio Madeira e Rodrigo Carmo

2021-02-03 20:45:16,815 - [32mPara acessar o PhiloBot Manager digite [1]
[0m
2021-02-03 20:45:16,815 - Escolha qual script função rodar: HASHTAG OU POSTING

2021-02-03 20:45:16,837 - Qual HASHTAG voce deseja iniciar?
2021-02-03 20:45:16,837 - [ 1 ] - HASHTAG OFICIAL
2021-02-03 20:45:16,838 - [ 2 ] - HASHTAG EXTENSION
2021-02-03 20:45:16,838 - [ 3 ] - HASHTAG DE TESTE
2021-02-03 20:45:16,838 - HASHTAG TESTE ESCOLHIDA, INICIANDO #Testephilo e #Testemaker...
2021-02-03 20:49:15,810 - Bem-vindo!

2021-02-03 20:49:15,810 - Philosopher BOT por Caio Madeira e Rodrigo Carmo

2021-02-03 20:49:15,810 - [32mPara acessar o PhiloBot Manager digite [1]
[0m
2021-02-03 20:49:15,810 - Escolha qual script função rodar: HASHTAG OU POSTING

2021-02-03 20:49:15,835 - Qual HASHTAG voce deseja iniciar?
2021-02-03 20:49:15,835 - [ 1 ] - HASHTAG OFICIAL
2021-02-03 20:49:15,835 - [ 2 ] - HASHTAG EXTENSION
2021-02-03 20:49:15,835 - [ 3 ] - HASHTAG DE TESTE
2021-02-03 20:49:15,835 - HASHTAG TESTE ESCOLHIDA, INICIANDO #Testephilo e #Testemaker...
2021-02-03 20:53:27,786 - =============== NOVO TWEET ENCONTRADO ================
2021-02-03 20:53:27,786 - =============== NOVO TWEET ENCONTRADO ================
2021-02-03 20:53:27,786 - =============== NOVO TWEET ENCONTRADO ================
2021-02-03 20:53:27,786 - Tweet ID: 1357114991359516672
2021-02-03 20:53:27,786 - Tweet ID: 1357114991359516672
2021-02-03 20:53:27,786 - Tweet ID: 1357114991359516672
2021-02-03 20:53:27,786 - Tweet USERNAME: TestePhiloBot
2021-02-03 20:53:27,786 - Tweet USERNAME: TestePhiloBot
2021-02-03 20:53:27,786 - Tweet USERNAME: TestePhiloBot
2021-02-03 20:53:27,786 - Adicionado na fila
2021-02-03 20:53:27,786 - Adicionado na fila
2021-02-03 20:53:27,786 - Adicionado na fila
2021-02-03 20:53:27,787 - --------------------------------------------------------

2021-02-03 20:53:27,787 - --------------------------------------------------------

2021-02-03 20:53:27,787 - --------------------------------------------------------

2021-02-03 20:54:42,539 - Bem-vindo!

2021-02-03 20:54:42,539 - Philosopher BOT por Caio Madeira e Rodrigo Carmo

2021-02-03 20:54:42,539 - [32mPara acessar o PhiloBot Manager digite [1]
[0m
2021-02-03 20:54:42,539 - Escolha qual script função rodar: HASHTAG OU POSTING

2021-02-03 20:54:42,565 - Qual HASHTAG voce deseja iniciar?
2021-02-03 20:54:42,565 - [ 1 ] - HASHTAG OFICIAL
2021-02-03 20:54:42,566 - [ 2 ] - HASHTAG EXTENSION
2021-02-03 20:54:42,566 - [ 3 ] - HASHTAG DE TESTE
2021-02-03 20:54:42,566 - HASHTAG TESTE ESCOLHIDA, INICIANDO #Testephilo e #Testemaker...
2021-02-03 20:55:00,466 - =============== NOVO TWEET ENCONTRADO ================
2021-02-03 20:55:00,466 - =============== NOVO TWEET ENCONTRADO ================
2021-02-03 20:55:00,466 - =============== NOVO TWEET ENCONTRADO ================
2021-02-03 20:55:00,466 - Tweet ID: 1357115380184023043
2021-02-03 20:55:00,466 - Tweet ID: 1357115380184023043
2021-02-03 20:55:00,466 - Tweet ID: 1357115380184023043
2021-02-03 20:55:00,466 - Tweet USERNAME: TestePhiloBot
2021-02-03 20:55:00,466 - Tweet USERNAME: TestePhiloBot
2021-02-03 20:55:00,466 - Tweet USERNAME: TestePhiloBot
2021-02-03 20:55:00,466 - Adicionado na fila
2021-02-03 20:55:00,466 - Adicionado na fila
2021-02-03 20:55:00,466 - Adicionado na fila
2021-02-03 20:55:00,467 - --------------------------------------------------------

2021-02-03 20:55:00,467 - --------------------------------------------------------

2021-02-03 20:55:00,467 - --------------------------------------------------------

2021-02-03 20:56:18,310 - Bem-vindo!

2021-02-03 20:56:18,310 - Philosopher BOT por Caio Madeira e Rodrigo Carmo

2021-02-03 20:56:18,310 - [32mPara acessar o PhiloBot Manager digite [1]
[0m
2021-02-03 20:56:18,310 - Escolha qual script função rodar: HASHTAG OU POSTING

2021-02-03 20:56:18,337 - Qual HASHTAG voce deseja iniciar?
2021-02-03 20:56:18,337 - [ 1 ] - HASHTAG OFICIAL
2021-02-03 20:56:18,337 - [ 2 ] - HASHTAG EXTENSION
2021-02-03 20:56:18,338 - [ 3 ] - HASHTAG DE TESTE
2021-02-03 20:56:18,338 - HASHTAG TESTE ESCOLHIDA, INICIANDO #Testephilo e #Testemaker...
2021-02-03 20:56:34,888 - =============== NOVO TWEET ENCONTRADO ================
2021-02-03 20:56:34,888 - =============== NOVO TWEET ENCONTRADO ================
2021-02-03 20:56:34,888 - =============== NOVO TWEET ENCONTRADO ================
2021-02-03 20:56:34,888 - Tweet ID: 1357115776117964806
2021-02-03 20:56:34,888 - Tweet ID: 1357115776117964806
2021-02-03 20:56:34,888 - Tweet ID: 1357115776117964806
2021-02-03 20:56:34,888 - Tweet USERNAME: TestePhiloBot
2021-02-03 20:56:34,888 - Tweet USERNAME: TestePhiloBot
2021-02-03 20:56:34,888 - Tweet USERNAME: TestePhiloBot
2021-02-03 20:56:34,888 - Adicionado na fila
2021-02-03 20:56:34,888 - Adicionado na fila
2021-02-03 20:56:34,888 - Adicionado na fila
2021-02-03 20:56:34,889 - --------------------------------------------------------

2021-02-03 20:56:34,889 - --------------------------------------------------------

2021-02-03 20:56:34,889 - --------------------------------------------------------

2021-02-03 20:56:56,948 - Bem-vindo!

2021-02-03 20:56:56,948 - Philosopher BOT por Caio Madeira e Rodrigo Carmo

2021-02-03 20:56:56,948 - [32mPara acessar o PhiloBot Manager digite [1]
[0m
2021-02-03 20:56:56,948 - Escolha qual script função rodar: HASHTAG OU POSTING

2021-02-03 20:56:56,973 - Qual HASHTAG voce deseja iniciar?
2021-02-03 20:56:56,973 - [ 1 ] - HASHTAG OFICIAL
2021-02-03 20:56:56,973 - [ 2 ] - HASHTAG EXTENSION
2021-02-03 20:56:56,973 - [ 3 ] - HASHTAG DE TESTE
2021-02-03 20:56:56,973 - HASHTAG TESTE ESCOLHIDA, INICIANDO #Testephilo e #Testemaker...
2021-02-03 20:58:03,262 - Bem-vindo!

2021-02-03 20:58:03,262 - Philosopher BOT por Caio Madeira e Rodrigo Carmo

2021-02-03 20:58:03,262 - [32mPara acessar o PhiloBot Manager digite [1]
[0m
2021-02-03 20:58:03,262 - Escolha qual script função rodar: HASHTAG OU POSTING

2021-02-03 20:58:03,287 - Qual HASHTAG voce deseja iniciar?
2021-02-03 20:58:03,287 - [ 1 ] - HASHTAG OFICIAL
2021-02-03 20:58:03,287 - [ 2 ] - HASHTAG EXTENSION
2021-02-03 20:58:03,287 - [ 3 ] - HASHTAG DE TESTE
2021-02-03 20:58:03,287 - HASHTAG TESTE ESCOLHIDA, INICIANDO #Testephilo e #Testemaker...
2021-02-03 20:58:20,162 - =============== NOVO TWEET ENCONTRADO ================
2021-02-03 20:58:20,162 - =============== NOVO TWEET ENCONTRADO ================
2021-02-03 20:58:20,162 - =============== NOVO TWEET ENCONTRADO ================
2021-02-03 20:58:20,162 - Tweet ID: 1357116217719406594
2021-02-03 20:58:20,162 - Tweet ID: 1357116217719406594
2021-02-03 20:58:20,162 - Tweet ID: 1357116217719406594
2021-02-03 20:58:20,162 - Tweet USERNAME: TestePhiloBot
2021-02-03 20:58:20,162 - Tweet USERNAME: TestePhiloBot
2021-02-03 20:58:20,162 - Tweet USERNAME: TestePhiloBot
2021-02-03 20:58:20,162 - Adicionado na fila
2021-02-03 20:58:20,162 - Adicionado na fila
2021-02-03 20:58:20,162 - Adicionado na fila
2021-02-03 20:58:20,162 - --------------------------------------------------------

2021-02-03 20:58:20,162 - --------------------------------------------------------

2021-02-03 20:58:20,162 - --------------------------------------------------------

2021-02-03 21:03:15,821 - Bem-vindo!

2021-02-03 21:03:15,821 - Philosopher BOT por Caio Madeira e Rodrigo Carmo

2021-02-03 21:03:15,821 - [32mPara acessar o PhiloBot Manager digite [1]
[0m
2021-02-03 21:03:15,821 - Escolha qual script função rodar: HASHTAG OU POSTING

2021-02-03 21:03:15,846 - Qual HASHTAG voce deseja iniciar?
2021-02-03 21:03:15,846 - [ 1 ] - HASHTAG OFICIAL
2021-02-03 21:03:15,846 - [ 2 ] - HASHTAG EXTENSION
2021-02-03 21:03:15,846 - [ 3 ] - HASHTAG DE TESTE
2021-02-03 21:03:15,846 - HASHTAG TESTE ESCOLHIDA, INICIANDO #Testephilo e #Testemaker...
2021-02-03 21:03:34,206 - =============== NOVO TWEET ENCONTRADO ================
2021-02-03 21:03:34,206 - =============== NOVO TWEET ENCONTRADO ================
2021-02-03 21:03:34,206 - =============== NOVO TWEET ENCONTRADO ================
2021-02-03 21:03:34,206 - Tweet ID: 1357117534823215105
2021-02-03 21:03:34,206 - Tweet ID: 1357117534823215105
2021-02-03 21:03:34,206 - Tweet ID: 1357117534823215105
2021-02-03 21:03:34,206 - Tweet USERNAME: TestePhiloBot
2021-02-03 21:03:34,206 - Tweet USERNAME: TestePhiloBot
2021-02-03 21:03:34,206 - Tweet USERNAME: TestePhiloBot
2021-02-03 21:03:34,206 - Adicionado na fila
2021-02-03 21:03:34,206 - Adicionado na fila
2021-02-03 21:03:34,206 - Adicionado na fila
2021-02-03 21:03:34,207 - --------------------------------------------------------

2021-02-03 21:03:34,207 - --------------------------------------------------------

2021-02-03 21:03:34,207 - --------------------------------------------------------

2021-02-03 21:05:04,869 - Bem-vindo!

2021-02-03 21:05:04,870 - Philosopher BOT por Caio Madeira e Rodrigo Carmo

2021-02-03 21:05:04,870 - [32mPara acessar o PhiloBot Manager digite [1]
[0m
2021-02-03 21:05:04,870 - Escolha qual script função rodar: HASHTAG OU POSTING

2021-02-03 21:05:04,892 - Qual HASHTAG voce deseja iniciar?
2021-02-03 21:05:04,892 - [ 1 ] - HASHTAG OFICIAL
2021-02-03 21:05:04,892 - [ 2 ] - HASHTAG EXTENSION
2021-02-03 21:05:04,892 - [ 3 ] - HASHTAG DE TESTE
2021-02-03 21:05:04,892 - HASHTAG TESTE ESCOLHIDA, INICIANDO #Testephilo e #Testemaker...
2021-02-03 21:05:28,036 - =============== NOVO TWEET ENCONTRADO ================
2021-02-03 21:05:28,036 - =============== NOVO TWEET ENCONTRADO ================
2021-02-03 21:05:28,036 - =============== NOVO TWEET ENCONTRADO ================
2021-02-03 21:05:28,036 - Tweet ID: 1357118012357308418
2021-02-03 21:05:28,036 - Tweet ID: 1357118012357308418
2021-02-03 21:05:28,036 - Tweet ID: 1357118012357308418
2021-02-03 21:05:28,036 - Tweet USERNAME: TestePhiloBot
2021-02-03 21:05:28,036 - Tweet USERNAME: TestePhiloBot
2021-02-03 21:05:28,036 - Tweet USERNAME: TestePhiloBot
2021-02-03 21:05:28,036 - Adicionado na fila
2021-02-03 21:05:28,036 - Adicionado na fila
2021-02-03 21:05:28,036 - Adicionado na fila
2021-02-03 21:05:28,037 - --------------------------------------------------------

2021-02-03 21:05:28,037 - --------------------------------------------------------

2021-02-03 21:05:28,037 - --------------------------------------------------------

2021-02-03 21:06:02,505 - Bem-vindo!

2021-02-03 21:06:02,505 - Philosopher BOT por Caio Madeira e Rodrigo Carmo

2021-02-03 21:06:02,505 - [32mPara acessar o PhiloBot Manager digite [1]
[0m
2021-02-03 21:06:02,505 - Escolha qual script função rodar: HASHTAG OU POSTING

2021-02-03 21:06:02,531 - Qual HASHTAG voce deseja iniciar?
2021-02-03 21:06:02,532 - [ 1 ] - HASHTAG OFICIAL
2021-02-03 21:06:02,532 - [ 2 ] - HASHTAG EXTENSION
2021-02-03 21:06:02,532 - [ 3 ] - HASHTAG DE TESTE
2021-02-03 21:06:02,532 - HASHTAG TESTE ESCOLHIDA, INICIANDO #Testephilo e #Testemaker...
2021-02-03 21:06:26,484 - =============== NOVO TWEET ENCONTRADO ================
2021-02-03 21:06:26,484 - =============== NOVO TWEET ENCONTRADO ================
2021-02-03 21:06:26,484 - =============== NOVO TWEET ENCONTRADO ================
2021-02-03 21:06:26,484 - Tweet ID: 1357118257564708865
2021-02-03 21:06:26,484 - Tweet ID: 1357118257564708865
2021-02-03 21:06:26,484 - Tweet ID: 1357118257564708865
2021-02-03 21:06:26,484 - Tweet USERNAME: TestePhiloBot
2021-02-03 21:06:26,484 - Tweet USERNAME: TestePhiloBot
2021-02-03 21:06:26,484 - Tweet USERNAME: TestePhiloBot
2021-02-03 21:06:26,484 - Adicionado na fila
2021-02-03 21:06:26,484 - Adicionado na fila
2021-02-03 21:06:26,484 - Adicionado na fila
2021-02-03 21:06:26,484 - --------------------------------------------------------

2021-02-03 21:06:26,484 - --------------------------------------------------------

2021-02-03 21:06:26,484 - --------------------------------------------------------

2021-02-03 21:07:30,460 - Bem-vindo!

2021-02-03 21:07:30,460 - Philosopher BOT por Caio Madeira e Rodrigo Carmo

2021-02-03 21:07:30,460 - [32mPara acessar o PhiloBot Manager digite [1]
[0m
2021-02-03 21:07:30,460 - Escolha qual script função rodar: HASHTAG OU POSTING

2021-02-03 21:07:30,484 - Qual HASHTAG voce deseja iniciar?
2021-02-03 21:07:30,484 - [ 1 ] - HASHTAG OFICIAL
2021-02-03 21:07:30,484 - [ 2 ] - HASHTAG EXTENSION
2021-02-03 21:07:30,484 - [ 3 ] - HASHTAG DE TESTE
2021-02-03 21:07:30,484 - HASHTAG TESTE ESCOLHIDA, INICIANDO #Testephilo e #Testemaker...
2021-02-03 21:07:55,311 - =============== NOVO TWEET ENCONTRADO ================
2021-02-03 21:07:55,311 - =============== NOVO TWEET ENCONTRADO ================
2021-02-03 21:07:55,311 - =============== NOVO TWEET ENCONTRADO ================
2021-02-03 21:07:55,311 - Tweet ID: 1357118630044065800
2021-02-03 21:07:55,311 - Tweet ID: 1357118630044065800
2021-02-03 21:07:55,311 - Tweet ID: 1357118630044065800
2021-02-03 21:07:55,311 - Tweet USERNAME: TestePhiloBot
2021-02-03 21:07:55,311 - Tweet USERNAME: TestePhiloBot
2021-02-03 21:07:55,311 - Tweet USERNAME: TestePhiloBot
2021-02-03 21:07:55,312 - Adicionado na fila
2021-02-03 21:07:55,312 - Adicionado na fila
2021-02-03 21:07:55,312 - Adicionado na fila
2021-02-03 21:07:55,312 - --------------------------------------------------------

2021-02-03 21:07:55,312 - --------------------------------------------------------

2021-02-03 21:07:55,312 - --------------------------------------------------------

2021-02-03 21:08:42,082 - Bem-vindo!

2021-02-03 21:08:42,082 - Philosopher BOT por Caio Madeira e Rodrigo Carmo

2021-02-03 21:08:42,082 - [32mPara acessar o PhiloBot Manager digite [1]
[0m
2021-02-03 21:08:42,082 - Escolha qual script função rodar: HASHTAG OU POSTING

2021-02-03 21:08:42,108 - Qual HASHTAG voce deseja iniciar?
2021-02-03 21:08:42,108 - [ 1 ] - HASHTAG OFICIAL
2021-02-03 21:08:42,108 - [ 2 ] - HASHTAG EXTENSION
2021-02-03 21:08:42,109 - [ 3 ] - HASHTAG DE TESTE
2021-02-03 21:08:42,109 - HASHTAG TESTE ESCOLHIDA, INICIANDO #Testephilo e #Testemaker...
2021-02-03 21:09:09,597 - =============== NOVO TWEET ENCONTRADO ================
2021-02-03 21:09:09,597 - =============== NOVO TWEET ENCONTRADO ================
2021-02-03 21:09:09,597 - =============== NOVO TWEET ENCONTRADO ================
2021-02-03 21:09:09,598 - Tweet ID: 1357118941685030916
2021-02-03 21:09:09,598 - Tweet ID: 1357118941685030916
2021-02-03 21:09:09,598 - Tweet ID: 1357118941685030916
2021-02-03 21:09:09,598 - Tweet USERNAME: TestePhiloBot
2021-02-03 21:09:09,598 - Tweet USERNAME: TestePhiloBot
2021-02-03 21:09:09,598 - Tweet USERNAME: TestePhiloBot
2021-02-03 21:09:09,598 - Adicionado na fila
2021-02-03 21:09:09,598 - Adicionado na fila
2021-02-03 21:09:09,598 - Adicionado na fila
2021-02-03 21:09:09,598 - --------------------------------------------------------

2021-02-03 21:09:09,598 - --------------------------------------------------------

2021-02-03 21:09:09,598 - --------------------------------------------------------

2021-02-03 21:10:00,383 - Bem-vindo!

2021-02-03 21:10:00,383 - Philosopher BOT por Caio Madeira e Rodrigo Carmo

2021-02-03 21:10:00,383 - [32mPara acessar o PhiloBot Manager digite [1]
[0m
2021-02-03 21:10:00,383 - Escolha qual script função rodar: HASHTAG OU POSTING

2021-02-03 21:10:00,404 - Qual HASHTAG voce deseja iniciar?
2021-02-03 21:10:00,404 - [ 1 ] - HASHTAG OFICIAL
2021-02-03 21:10:00,405 - [ 2 ] - HASHTAG EXTENSION
2021-02-03 21:10:00,405 - [ 3 ] - HASHTAG DE TESTE
2021-02-03 21:10:00,405 - HASHTAG TESTE ESCOLHIDA, INICIANDO #Testephilo e #Testemaker...
2021-02-03 21:10:11,341 - Bem-vindo!

2021-02-03 21:10:11,342 - Philosopher BOT por Caio Madeira e Rodrigo Carmo

2021-02-03 21:10:11,342 - [32mPara acessar o PhiloBot Manager digite [1]
[0m
2021-02-03 21:10:11,342 - Escolha qual script função rodar: HASHTAG OU POSTING

2021-02-03 21:10:11,363 - Qual HASHTAG voce deseja iniciar?
2021-02-03 21:10:11,363 - [ 1 ] - HASHTAG OFICIAL
2021-02-03 21:10:11,363 - [ 2 ] - HASHTAG EXTENSION
2021-02-03 21:10:11,363 - [ 3 ] - HASHTAG DE TESTE
2021-02-03 21:10:11,363 - HASHTAG TESTE ESCOLHIDA, INICIANDO #Testephilo e #Testemaker...
2021-02-03 21:11:12,195 - Bem-vindo!

2021-02-03 21:11:12,195 - Philosopher BOT por Caio Madeira e Rodrigo Carmo

2021-02-03 21:11:12,195 - [32mPara acessar o PhiloBot Manager digite [1]
[0m
2021-02-03 21:11:12,195 - Escolha qual script função rodar: HASHTAG OU POSTING

2021-02-03 21:11:12,220 - Qual HASHTAG voce deseja iniciar?
2021-02-03 21:11:12,220 - [ 1 ] - HASHTAG OFICIAL
2021-02-03 21:11:12,220 - [ 2 ] - HASHTAG EXTENSION
2021-02-03 21:11:12,220 - [ 3 ] - HASHTAG DE TESTE
2021-02-03 21:11:12,220 - HASHTAG TESTE ESCOLHIDA, INICIANDO #Testephilo e #Testemaker...
2021-02-03 21:11:45,330 - =============== NOVO TWEET ENCONTRADO ================
2021-02-03 21:11:45,330 - =============== NOVO TWEET ENCONTRADO ================
2021-02-03 21:11:45,330 - =============== NOVO TWEET ENCONTRADO ================
2021-02-03 21:11:45,330 - Tweet ID: 1357119594926923781
2021-02-03 21:11:45,330 - Tweet ID: 1357119594926923781
2021-02-03 21:11:45,330 - Tweet ID: 1357119594926923781
2021-02-03 21:11:45,330 - Tweet USERNAME: TestePhiloBot
2021-02-03 21:11:45,330 - Tweet USERNAME: TestePhiloBot
2021-02-03 21:11:45,330 - Tweet USERNAME: TestePhiloBot
2021-02-03 21:11:45,330 - Adicionado na fila
2021-02-03 21:11:45,330 - Adicionado na fila
2021-02-03 21:11:45,330 - Adicionado na fila
2021-02-03 21:11:45,331 - --------------------------------------------------------

2021-02-03 21:11:45,331 - --------------------------------------------------------

2021-02-03 21:11:45,331 - --------------------------------------------------------

2021-02-03 21:12:04,160 - Bem-vindo!

2021-02-03 21:12:04,161 - Philosopher BOT por Caio Madeira e Rodrigo Carmo

2021-02-03 21:12:04,161 - [32mPara acessar o PhiloBot Manager digite [1]
[0m
2021-02-03 21:12:04,161 - Escolha qual script função rodar: HASHTAG OU POSTING

2021-02-03 21:12:04,188 - Qual HASHTAG voce deseja iniciar?
2021-02-03 21:12:04,189 - [ 1 ] - HASHTAG OFICIAL
2021-02-03 21:12:04,189 - [ 2 ] - HASHTAG EXTENSION
2021-02-03 21:12:04,189 - [ 3 ] - HASHTAG DE TESTE
2021-02-03 21:12:04,189 - HASHTAG TESTE ESCOLHIDA, INICIANDO #Testephilo e #Testemaker...
2021-02-03 21:12:36,889 - =============== NOVO TWEET ENCONTRADO ================
2021-02-03 21:12:36,889 - =============== NOVO TWEET ENCONTRADO ================
2021-02-03 21:12:36,889 - =============== NOVO TWEET ENCONTRADO ================
2021-02-03 21:12:36,889 - Tweet ID: 1357119811151671296
2021-02-03 21:12:36,889 - Tweet ID: 1357119811151671296
2021-02-03 21:12:36,889 - Tweet ID: 1357119811151671296
2021-02-03 21:12:36,889 - Tweet USERNAME: TestePhiloBot
2021-02-03 21:12:36,889 - Tweet USERNAME: TestePhiloBot
2021-02-03 21:12:36,889 - Tweet USERNAME: TestePhiloBot
2021-02-03 21:12:36,889 - Adicionado na fila
2021-02-03 21:12:36,889 - Adicionado na fila
2021-02-03 21:12:36,889 - Adicionado na fila
2021-02-03 21:12:36,889 - --------------------------------------------------------

2021-02-03 21:12:36,889 - --------------------------------------------------------

2021-02-03 21:12:36,889 - --------------------------------------------------------

2021-02-03 21:12:56,393 - Bem-vindo!

2021-02-03 21:12:56,393 - Philosopher BOT por Caio Madeira e Rodrigo Carmo

2021-02-03 21:12:56,393 - [32mPara acessar o PhiloBot Manager digite [1]
[0m
2021-02-03 21:12:56,393 - Escolha qual script função rodar: HASHTAG OU POSTING

2021-02-03 21:12:56,423 - Qual HASHTAG voce deseja iniciar?
2021-02-03 21:12:56,423 - [ 1 ] - HASHTAG OFICIAL
2021-02-03 21:12:56,423 - [ 2 ] - HASHTAG EXTENSION
2021-02-03 21:12:56,423 - [ 3 ] - HASHTAG DE TESTE
2021-02-03 21:12:56,423 - HASHTAG TESTE ESCOLHIDA, INICIANDO #Testephilo e #Testemaker...
2021-02-03 21:13:28,245 - =============== NOVO TWEET ENCONTRADO ================
2021-02-03 21:13:28,245 - =============== NOVO TWEET ENCONTRADO ================
2021-02-03 21:13:28,245 - =============== NOVO TWEET ENCONTRADO ================
2021-02-03 21:13:28,245 - Tweet ID: 1357120026562752512
2021-02-03 21:13:28,245 - Tweet ID: 1357120026562752512
2021-02-03 21:13:28,245 - Tweet ID: 1357120026562752512
2021-02-03 21:13:28,245 - Tweet USERNAME: TestePhiloBot
2021-02-03 21:13:28,245 - Tweet USERNAME: TestePhiloBot
2021-02-03 21:13:28,245 - Tweet USERNAME: TestePhiloBot
2021-02-03 21:13:28,245 - Adicionado na fila
2021-02-03 21:13:28,245 - Adicionado na fila
2021-02-03 21:13:28,245 - Adicionado na fila
2021-02-03 21:13:28,245 - --------------------------------------------------------

2021-02-03 21:13:28,245 - --------------------------------------------------------

2021-02-03 21:13:28,245 - --------------------------------------------------------

2021-02-03 21:14:41,912 - GENERAL - Bem-vindo!

2021-02-03 21:14:41,912 - GENERAL - Philosopher BOT por Caio Madeira e Rodrigo Carmo

2021-02-03 21:14:41,912 - GENERAL - [32mPara acessar o PhiloBot Manager digite [1]
[0m
2021-02-03 21:14:41,912 - GENERAL - Escolha qual script função rodar: HASHTAG OU POSTING

2021-02-03 21:14:41,935 - GENERAL - Qual HASHTAG voce deseja iniciar?
2021-02-03 21:14:41,935 - GENERAL - [ 1 ] - HASHTAG OFICIAL
2021-02-03 21:14:41,935 - GENERAL - [ 2 ] - HASHTAG EXTENSION
2021-02-03 21:14:41,936 - GENERAL - [ 3 ] - HASHTAG DE TESTE
2021-02-03 21:14:41,936 - GENERAL - HASHTAG TESTE ESCOLHIDA, INICIANDO #Testephilo e #Testemaker...
2021-02-03 21:16:38,963 - GENERAL - =============== NOVO TWEET ENCONTRADO ================
2021-02-03 21:16:38,963 - HASHTAG - =============== NOVO TWEET ENCONTRADO ================
2021-02-03 21:16:38,963 - HASHTAG - =============== NOVO TWEET ENCONTRADO ================
2021-02-03 21:16:38,963 - GENERAL - Tweet ID: 1357120826252918784
2021-02-03 21:16:38,963 - HASHTAG - Tweet ID: 1357120826252918784
2021-02-03 21:16:38,963 - HASHTAG - Tweet ID: 1357120826252918784
2021-02-03 21:16:38,963 - GENERAL - Tweet USERNAME: TestePhiloBot
2021-02-03 21:16:38,963 - HASHTAG - Tweet USERNAME: TestePhiloBot
2021-02-03 21:16:38,963 - HASHTAG - Tweet USERNAME: TestePhiloBot
2021-02-03 21:16:38,964 - GENERAL - Adicionado na fila
2021-02-03 21:16:38,964 - HASHTAG - Adicionado na fila
2021-02-03 21:16:38,964 - HASHTAG - Adicionado na fila
2021-02-03 21:16:38,964 - GENERAL - --------------------------------------------------------

2021-02-03 21:16:38,964 - HASHTAG - --------------------------------------------------------

2021-02-03 21:16:38,964 - HASHTAG - --------------------------------------------------------

2021-02-03 21:21:14,118 - GENERAL - Bem-vindo!

2021-02-03 21:21:14,119 - GENERAL - Philosopher BOT por Caio Madeira e Rodrigo Carmo

2021-02-03 21:21:14,119 - GENERAL - [32mPara acessar o PhiloBot Manager digite [1]
[0m
2021-02-03 21:21:14,119 - GENERAL - Escolha qual script função rodar: HASHTAG OU POSTING

2021-02-03 21:21:14,141 - GENERAL - Qual HASHTAG voce deseja iniciar?
2021-02-03 21:21:14,141 - GENERAL - [ 1 ] - HASHTAG OFICIAL
2021-02-03 21:21:14,141 - GENERAL - [ 2 ] - HASHTAG EXTENSION
2021-02-03 21:21:14,141 - GENERAL - [ 3 ] - HASHTAG DE TESTE
2021-02-03 21:21:14,141 - GENERAL - HASHTAG TESTE ESCOLHIDA, INICIANDO #Testephilo e #Testemaker...
2021-02-03 21:21:44,298 - GENERAL - =============== NOVO TWEET ENCONTRADO ================
2021-02-03 21:21:44,298 - HASHTAG - =============== NOVO TWEET ENCONTRADO ================
2021-02-03 21:21:44,298 - HASHTAG - =============== NOVO TWEET ENCONTRADO ================
2021-02-03 21:21:44,298 - GENERAL - Tweet ID: 1357122107134648321
2021-02-03 21:21:44,298 - HASHTAG - Tweet ID: 1357122107134648321
2021-02-03 21:21:44,298 - HASHTAG - Tweet ID: 1357122107134648321
2021-02-03 21:21:44,298 - GENERAL - Tweet USERNAME: TestePhiloBot
2021-02-03 21:21:44,298 - HASHTAG - Tweet USERNAME: TestePhiloBot
2021-02-03 21:21:44,298 - HASHTAG - Tweet USERNAME: TestePhiloBot
2021-02-03 21:21:44,298 - GENERAL - Adicionado na fila
2021-02-03 21:21:44,298 - HASHTAG - Adicionado na fila
2021-02-03 21:21:44,298 - HASHTAG - Adicionado na fila
2021-02-03 21:21:44,298 - GENERAL - --------------------------------------------------------

2021-02-03 21:21:44,298 - HASHTAG - --------------------------------------------------------

2021-02-03 21:21:44,298 - HASHTAG - --------------------------------------------------------

2021-02-03 21:38:31,927 - GENERAL - Bem-vindo!

2021-02-03 21:38:31,927 - GENERAL - Philosopher BOT por Caio Madeira e Rodrigo Carmo

2021-02-03 21:38:31,927 - GENERAL - [32mPara acessar o PhiloBot Manager digite [1]
[0m
2021-02-03 21:38:31,927 - GENERAL - Escolha qual script função rodar: HASHTAG OU POSTING

2021-02-03 21:38:31,953 - GENERAL - Qual HASHTAG voce deseja iniciar?
2021-02-03 21:38:31,953 - GENERAL - [ 1 ] - HASHTAG OFICIAL
2021-02-03 21:38:31,953 - GENERAL - [ 2 ] - HASHTAG EXTENSION
2021-02-03 21:38:31,953 - GENERAL - [ 3 ] - HASHTAG DE TESTE
2021-02-03 21:38:31,953 - GENERAL - HASHTAG TESTE ESCOLHIDA, INICIANDO #Testephilo e #Testemaker...
2021-02-03 21:38:58,512 - HASHTAG - =============== NOVO TWEET ENCONTRADO ================
2021-02-03 21:38:58,512 - HASHTAG - Tweet ID: 1357126444737056770
2021-02-03 21:38:58,512 - HASHTAG - Tweet USERNAME: TestePhiloBot
2021-02-03 21:38:58,512 - HASHTAG - Adicionado na fila
2021-02-03 21:38:58,512 - HASHTAG - --------------------------------------------------------

2021-02-03 21:43:14,351 - GENERAL - Bem-vindo!

2021-02-03 21:43:14,352 - GENERAL - Philosopher BOT por Caio Madeira e Rodrigo Carmo

2021-02-03 21:43:14,352 - GENERAL - [32mPara acessar o PhiloBot Manager digite [1]
[0m
2021-02-03 21:43:14,352 - GENERAL - Escolha qual script função rodar: HASHTAG OU POSTING

2021-02-03 21:43:14,380 - GENERAL - Qual HASHTAG voce deseja iniciar?
2021-02-03 21:43:14,380 - GENERAL - [ 1 ] - HASHTAG OFICIAL
2021-02-03 21:43:14,380 - GENERAL - [ 2 ] - HASHTAG EXTENSION
2021-02-03 21:43:14,380 - GENERAL - [ 3 ] - HASHTAG DE TESTE
2021-02-03 21:43:14,380 - GENERAL - HASHTAG TESTE ESCOLHIDA, INICIANDO #Testephilo e #Testemaker...
2021-02-03 21:43:30,921 - HASHTAG - =============== NOVO TWEET ENCONTRADO ================
2021-02-03 21:43:30,921 - HASHTAG - Tweet ID: 1357127587294826497
2021-02-03 21:43:30,922 - HASHTAG - Tweet USERNAME: TestePhiloBot
2021-02-03 21:43:30,922 - HASHTAG - Adicionado na fila
2021-02-03 21:43:30,922 - HASHTAG - --------------------------------------------------------

2021-02-03 21:45:01,679 - GENERAL - Bem-vindo!

2021-02-03 21:45:01,679 - GENERAL - Philosopher BOT por Caio Madeira e Rodrigo Carmo

2021-02-03 21:45:01,679 - GENERAL - [32mPara acessar o PhiloBot Manager digite [1]
[0m
2021-02-03 21:45:01,679 - GENERAL - Escolha qual script função rodar: HASHTAG OU POSTING

2021-02-03 21:45:01,706 - GENERAL - Qual HASHTAG voce deseja iniciar?
2021-02-03 21:45:01,706 - GENERAL - [ 1 ] - HASHTAG OFICIAL
2021-02-03 21:45:01,706 - GENERAL - [ 2 ] - HASHTAG EXTENSION
2021-02-03 21:45:01,706 - GENERAL - [ 3 ] - HASHTAG DE TESTE
2021-02-03 21:45:01,706 - GENERAL - HASHTAG TESTE ESCOLHIDA, INICIANDO #Testephilo e #Testemaker...
2021-02-03 21:45:19,993 - HASHTAG - =============== NOVO TWEET ENCONTRADO ================
2021-02-03 21:45:19,994 - HASHTAG - Tweet ID: 1357128045002452996
2021-02-03 21:45:19,994 - HASHTAG - Tweet USERNAME: TestePhiloBot
2021-02-03 21:45:19,994 - HASHTAG - Adicionado na fila
2021-02-03 21:45:19,994 - HASHTAG - --------------------------------------------------------

2021-02-03 21:45:25,004 - PHILOBOT --> ----------------------------------------
2021-02-03 21:45:25,004 - PHILOBOT --> _\|/_ STARTING PHILO_BOT_ENGINE _\|/_ 
2021-02-03 21:45:25,004 - PHILOBOT --> ----------------------------------------
2021-02-03 21:45:25,004 - PHILOBOT --> TAMANHO FILA: 1
2021-02-03 21:45:25,004 - PHILOBOT --> Motor atuando: 1357128045002452996
2021-02-03 21:45:25,338 - PHILOBOT --> STATUS CONVERTIDO: #testephilo é macarrão com galinha galera
2021-02-03 21:45:25,338 - PHILOBOT --> STATUS TRATADO: #testephilo é macarrão com galinha galera
2021-02-03 21:45:25,400 - PHILOBOT --> Imagem do filósofo escolhida: Steve Jobs.png
2021-02-03 21:45:25,400 - PHILOBOT --> Nome do filósofo tratado: - Steve Jobs
2021-02-03 21:45:26,464 - PHILOBOT --> IMAGEM ENVIADA!
2021-02-03 21:45:29,480 - PHILOBOT --> Finalizado, enviando: 1357128045002452996
2021-02-03 21:45:29,480 - PHILOBOT --> Itens restantes: 0
2021-02-03 21:45:29,480 - PHILOBOT --> --------------------------------------------------------

2021-02-03 21:45:29,480 - PHILOBOT --> Lista tratada com sucesso.
2021-02-03 21:45:29,480 - PHILOBOT --> _\|/_ TURNING OFF PHILO_BOT_ENGINE _\|/_ 
2021-02-03 21:47:27,315 - HASHTAG - =============== NOVO TWEET ENCONTRADO ================
2021-02-03 21:47:27,315 - HASHTAG - Tweet ID: 1357128578744397825
2021-02-03 21:47:27,315 - HASHTAG - Tweet USERNAME: TestePhiloBot
2021-02-03 21:47:27,316 - HASHTAG - Adicionado na fila
2021-02-03 21:47:27,316 - HASHTAG - --------------------------------------------------------

2021-02-03 21:47:32,323 - PHILOMAKER --> ----------------------------------------
2021-02-03 21:47:32,323 - PHILOMAKER --> > STARTING PHILOMAKER < 
2021-02-03 21:47:32,323 - PHILOMAKER --> ----------------------------------------
2021-02-03 21:47:32,323 - PHILOMAKER --> TAMANHO FILA: 1
2021-02-03 21:47:32,323 - PHILOMAKER --> Motor atuando: 1357128578744397825
2021-02-03 21:47:32,610 - PHILOMAKER --> ETAPA 1 -> STATUS CONVERTIDO EM TEXTO: #testemaker Você acha que eu sou gay? @PCERJ https://t.co/LtvtZDAWSe
2021-02-03 21:47:32,610 - PHILOMAKER --> STATUS TRATADO: #testemaker Você acha que eu sou gay?  https://t.co/LtvtZDAWSe
2021-02-03 21:47:34,625 - PHILOMAKER --> ETAPA 3 -> CHECANDO SE É RT
2021-02-03 21:47:34,625 - PHILOMAKER --> -- Nenhum RT encontrado. Continuando...
2021-02-03 21:47:34,625 - PHILOMAKER --> ETAPA 4 -> CHECANDO SE É STRING VAZIA.
2021-02-03 21:47:36,634 - PHILOMAKER --> ETAPA 5 -> AJUSTANDO TAMANHO DO TEXTO PARA A IMAGEM
2021-02-03 21:47:36,677 - PHILOMAKER --> ETAPA 6 -> NOME DO FILÓSOFO COLETADO: - Polícia Civil RJ
2021-02-03 21:47:36,677 - PHILOMAKER --> ETAPA 8 -> COLETANDO URL DA IMAGEM DO FILÓSOFO: http://pbs.twimg.com/media/EtV9HSPWYAAhW5X.jpg
2021-02-03 21:47:36,837 - PHILOMAKER --> Imagem do Filósofo salva.
2021-02-03 21:47:37,775 - PHILOMAKER --> IMAGEM ENVIADA!
2021-02-03 21:47:40,791 - PHILOMAKER --> Finalizado, enviando: 1357128578744397825
2021-02-03 21:47:40,791 - PHILOMAKER --> Itens restantes: 0
2021-02-03 21:47:40,791 - PHILOMAKER --> --------------------------------------------------------

2021-02-03 21:47:40,791 - PHILOMAKER --> Finalizado, enviando: 1357128578744397825
2021-02-03 21:47:40,791 - PHILOMAKER --> Itens restantes: 0
2021-02-03 21:47:40,791 - PHILOMAKER --> --------------------------------------------------------

2021-02-03 21:47:40,791 - PHILOMAKER --> Lista tratada com sucesso.
2021-02-03 21:47:40,791 - PHILOMAKER --> _\|/_ TURNING OFF PHILOMAKER _\|/_ 
2021-02-03 21:47:40,792 - PHILOMAKER --> Imagem removida
2021-02-03 21:55:51,556 - GENERAL --> Bem-vindo!

2021-02-03 21:55:51,556 - GENERAL --> Philosopher BOT por Caio Madeira e Rodrigo Carmo

2021-02-03 21:55:51,557 - GENERAL --> [32mPara acessar o PhiloBot Manager digite [1]
[0m
2021-02-03 21:55:51,557 - GENERAL --> Escolha qual script função rodar: HASHTAG OU POSTING

2021-02-03 21:55:51,580 - GENERAL --> Qual HASHTAG voce deseja iniciar?
2021-02-03 21:55:51,580 - GENERAL --> [ 1 ] - HASHTAG OFICIAL
2021-02-03 21:55:51,580 - GENERAL --> [ 2 ] - HASHTAG EXTENSION
2021-02-03 21:55:51,580 - GENERAL --> [ 3 ] - HASHTAG DE TESTE
2021-02-03 21:55:51,580 - GENERAL --> HASHTAG TESTE ESCOLHIDA, INICIANDO #Testephilo e #Testemaker...
2021-02-03 21:56:58,606 - HASHTAG --> =============== NOVO TWEET ENCONTRADO ================
2021-02-03 21:56:58,606 - HASHTAG --> Tweet ID: 1357130974933504001
2021-02-03 21:56:58,606 - HASHTAG --> Tweet USERNAME: TestePhiloBot
2021-02-03 21:56:58,606 - HASHTAG --> Adicionado na fila
2021-02-03 21:56:58,606 - HASHTAG --> --------------------------------------------------------

2021-02-03 21:57:03,618 - PHILOBOT --> ----------------------------------------
2021-02-03 21:57:03,618 - PHILOBOT --> > STARTING PHILOBOT < 
2021-02-03 21:57:03,618 - PHILOBOT --> ----------------------------------------
2021-02-03 21:57:03,618 - PHILOBOT --> ID Coletado: 1357130974933504001
2021-02-03 21:57:03,980 - PHILOBOT --> STATUS CONVERTIDO: #testephilo hmmmm galinha 
@Flamengo
2021-02-03 21:57:03,980 - PHILOBOT --> STATUS TRATADO: #testephilo hmmmm galinha 

2021-02-03 21:57:04,042 - PHILOBOT --> Imagem do filósofo escolhida: Sócrates.png
2021-02-03 21:57:04,042 - PHILOBOT --> Nome do filósofo tratado: - Sócrates
2021-02-03 21:57:05,325 - PHILOBOT --> IMAGEM ENVIADA!
2021-02-03 21:57:08,337 - PHILOBOT --> Finalizado, enviando: 1357130974933504001
2021-02-03 21:57:08,337 - PHILOBOT --> Itens restantes: 0
2021-02-03 21:57:08,337 - PHILOBOT --> --------------------------------------------------------

2021-02-03 21:57:08,337 - PHILOBOT --> Lista tratada com sucesso.
2021-02-03 21:57:08,337 - PHILOBOT --> _\|/_ TURNING OFF PHILO_BOT_ENGINE _\|/_ 
2021-02-03 22:09:07,826 - GENERAL --> Bem-vindo!

2021-02-03 22:09:07,827 - GENERAL --> Philosopher BOT por Caio Madeira e Rodrigo Carmo

2021-02-03 22:09:07,827 - GENERAL --> [32mPara acessar o PhiloBot Manager digite [1]
[0m
2021-02-03 22:09:07,827 - GENERAL --> Escolha qual script função rodar: HASHTAG OU POSTING

2021-02-03 22:09:07,855 - GENERAL --> Qual HASHTAG voce deseja iniciar?
2021-02-03 22:09:07,855 - GENERAL --> [ 1 ] - HASHTAG OFICIAL
2021-02-03 22:09:07,855 - GENERAL --> [ 2 ] - HASHTAG EXTENSION
2021-02-03 22:09:07,855 - GENERAL --> [ 3 ] - HASHTAG DE TESTE
2021-02-03 22:09:07,855 - GENERAL --> HASHTAG TESTE ESCOLHIDA, INICIANDO #Testephilo e #Testemaker...
2021-02-03 22:09:24,459 - HASHTAG --> =============== NOVO TWEET ENCONTRADO ================
2021-02-03 22:09:24,459 - HASHTAG --> Tweet ID: 1357134103515189250
2021-02-03 22:09:24,459 - HASHTAG --> Tweet USERNAME: TestePhiloBot
2021-02-03 22:09:24,459 - HASHTAG --> Adicionado na fila
2021-02-03 22:09:24,459 - HASHTAG --> --------------------------------------------------------

2021-02-03 22:09:29,473 - PHILOBOT --> ----------------------------------------
2021-02-03 22:09:29,473 - PHILOBOT -->          > STARTING PHILOBOT < 
2021-02-03 22:09:29,473 - PHILOBOT --> ----------------------------------------
2021-02-03 22:09:29,473 - PHILOBOT --> ID Coletado: 1357134103515189250
2021-02-03 22:09:29,783 - PHILOBOT --> Status coletado: #testephilo ssskkskajaj
2021-02-03 22:09:29,783 - PHILOBOT --> Status - marcações retiradas: #testephilo ssskkskajaj
2021-02-03 22:09:29,847 - PHILOBOT --> Imagem do filósofo escolhida: Carlos Lacerda.png
2021-02-03 22:09:29,847 - PHILOBOT --> Nenhum lixo no nome da imagem encontrado. Prosseguindo normalmente...
2021-02-03 22:09:29,847 - PHILOBOT --> Nome do filósofo tratado: - Carlos Lacerda
2021-02-03 22:09:29,865 - PHILOBOT --> Tweet com menos ou 25 caracteres.
Ajustando texto...
2021-02-03 22:09:30,814 - PHILOBOT --> IMAGEM ENVIADA!
2021-02-03 22:09:33,821 - PHILOBOT --> Finalizado, enviando: 1357134103515189250
2021-02-03 22:09:33,821 - PHILOBOT --> Itens restantes: 0
2021-02-03 22:09:33,821 - PHILOBOT --> TWEET TRATADO COM SUCESSO
2021-02-03 22:09:33,821 - PHILOBOT --> ----------------------------------------

2021-02-03 22:09:33,821 - PHILOBOT --> >AGUARDANDO NOVOS TWEETS...<
2021-02-03 22:13:31,282 - GENERAL --> Bem-vindo!

2021-02-03 22:13:31,282 - GENERAL --> Philosopher BOT por Caio Madeira e Rodrigo Carmo

2021-02-03 22:13:31,282 - GENERAL --> [32mPara acessar o PhiloBot Manager digite [1]
[0m
2021-02-03 22:13:31,282 - GENERAL --> Escolha qual script função rodar: HASHTAG OU POSTING

2021-02-03 22:13:31,312 - GENERAL --> Qual HASHTAG voce deseja iniciar?
2021-02-03 22:13:31,312 - GENERAL --> [ 1 ] - HASHTAG OFICIAL
2021-02-03 22:13:31,312 - GENERAL --> [ 2 ] - HASHTAG EXTENSION
2021-02-03 22:13:31,312 - GENERAL --> [ 3 ] - HASHTAG DE TESTE
2021-02-03 22:13:31,312 - GENERAL --> HASHTAG TESTE ESCOLHIDA, INICIANDO #Testephilo e #Testemaker...

2021-02-03 22:14:02,169 - HASHTAG --> =============== NOVO TWEET ENCONTRADO ================
2021-02-03 22:14:02,169 - HASHTAG --> Tweet ID: 1357135267962961920
2021-02-03 22:14:02,169 - HASHTAG --> Tweet USERNAME: TestePhiloBot
2021-02-03 22:14:02,169 - HASHTAG --> Adicionado na fila
2021-02-03 22:14:02,169 - HASHTAG --> =======================================================

2021-02-03 22:14:07,181 - PHILOMAKER --> ----------------------------------------
2021-02-03 22:14:07,181 - PHILOMAKER --> > STARTING PHILOMAKER < 
2021-02-03 22:14:07,181 - PHILOMAKER --> ----------------------------------------
2021-02-03 22:14:07,181 - PHILOMAKER --> TAMANHO FILA: 1
2021-02-03 22:14:07,181 - PHILOMAKER --> Motor atuando: 1357135267962961920
2021-02-03 22:14:07,697 - PHILOMAKER --> ETAPA 1 -> STATUS CONVERTIDO EM TEXTO: #testemaker poetico? @WillSmithBahia https://t.co/cbDo3FsJEk
2021-02-03 22:14:07,697 - PHILOMAKER --> Status - marcações retiradas: #testemaker poetico?  https://t.co/cbDo3FsJEk
2021-02-03 22:14:09,713 - PHILOMAKER --> ETAPA 3 -> CHECANDO SE É RT
2021-02-03 22:14:09,713 - PHILOMAKER --> -- Nenhum RT encontrado. Continuando...
2021-02-03 22:14:09,713 - PHILOMAKER --> ETAPA 4 -> CHECANDO SE É STRING VAZIA.
2021-02-03 22:14:11,728 - PHILOMAKER --> ETAPA 5 -> AJUSTANDO TAMANHO DO TEXTO PARA A IMAGEM
2021-02-03 22:14:11,775 - PHILOMAKER --> ETAPA 6 -> NOME DO FILÓSOFO COLETADO: - Will Smith Baiano
2021-02-03 22:14:11,775 - PHILOMAKER --> ETAPA 8 -> COLETANDO URL DA IMAGEM DO FILÓSOFO: http://pbs.twimg.com/media/EtWDVN6WYAcy-nl.jpg
2021-02-03 22:14:12,118 - PHILOMAKER --> Imagem do Filósofo salva.
2021-02-03 22:14:13,129 - PHILOMAKER --> IMAGEM ENVIADA!
2021-02-03 22:14:16,141 - PHILOMAKER --> Finalizado, enviando: 1357135267962961920
2021-02-03 22:14:16,141 - PHILOMAKER --> Itens restantes: 0
2021-02-03 22:14:16,141 - PHILOMAKER --> --------------------------------------------------------

2021-02-03 22:14:16,141 - PHILOMAKER --> Finalizado, enviando: 1357135267962961920
2021-02-03 22:14:16,141 - PHILOMAKER --> Itens restantes: 0
2021-02-03 22:14:16,141 - PHILOMAKER --> --------------------------------------------------------

2021-02-03 22:14:16,141 - PHILOMAKER --> Lista tratada com sucesso.
2021-02-03 22:14:16,141 - PHILOMAKER --> _\|/_ TURNING OFF PHILOMAKER _\|/_ 
2021-02-03 22:14:16,142 - PHILOMAKER --> Imagem removida
2021-02-03 22:18:19,358 - GENERAL --> Bem-vindo!

2021-02-03 22:18:19,358 - GENERAL --> Philosopher BOT por Caio Madeira e Rodrigo Carmo

2021-02-03 22:18:19,358 - GENERAL --> [32mPara acessar o PhiloBot Manager digite [1]
[0m
2021-02-03 22:18:19,358 - GENERAL --> Escolha qual script função rodar: HASHTAG OU POSTING

2021-02-03 22:18:19,386 - GENERAL --> Qual HASHTAG voce deseja iniciar?
2021-02-03 22:18:19,386 - GENERAL --> [ 1 ] - HASHTAG OFICIAL
2021-02-03 22:18:19,386 - GENERAL --> [ 2 ] - HASHTAG EXTENSION
2021-02-03 22:18:19,387 - GENERAL --> [ 3 ] - HASHTAG DE TESTE
2021-02-03 22:18:19,387 - GENERAL --> HASHTAG TESTE ESCOLHIDA, INICIANDO #Testephilo e #Testemaker...

2021-02-03 22:18:53,130 - HASHTAG --> =============== NOVO TWEET ENCONTRADO ================
2021-02-03 22:18:53,130 - HASHTAG --> Tweet ID: 1357136488023138307
2021-02-03 22:18:53,130 - HASHTAG --> Tweet USERNAME: TestePhiloBot
2021-02-03 22:18:53,130 - HASHTAG --> Adicionado na fila
2021-02-03 22:18:53,130 - HASHTAG --> =======================================================

2021-02-03 22:18:58,138 - PHILOMAKER --> ----------------------------------------
2021-02-03 22:18:58,138 - PHILOMAKER -->        > STARTING PHILOMAKER < 
2021-02-03 22:18:58,138 - PHILOMAKER --> ----------------------------------------
2021-02-03 22:18:58,138 - PHILOMAKER --> ID Coletado: 1357136488023138307
2021-02-03 22:18:58,465 - PHILOMAKER --> [ETAPA 1] Status coletado: #testemaker jejejeje @Flamengo https://t.co/VD9H5YDPDS
2021-02-03 22:18:58,465 - PHILOMAKER --> ETAPA 2 -> REMOVIDO O @USER_NAME DO TEXTO: #testemaker jejejeje  https://t.co/VD9H5YDPDS
2021-02-03 22:19:00,476 - PHILOMAKER --> ETAPA 3 -> CHECANDO SE É RT
2021-02-03 22:19:00,476 - PHILOMAKER --> -- Nenhum RT encontrado. Continuando...
2021-02-03 22:19:00,476 - PHILOMAKER --> ETAPA 4 -> CHECANDO SE É STRING VAZIA.
2021-02-03 22:19:02,491 - PHILOMAKER --> ETAPA 5 -> AJUSTANDO TAMANHO DO TEXTO PARA A IMAGEM
2021-02-03 22:19:02,531 - PHILOMAKER --> ETAPA 6 -> NOME DO FILÓSOFO COLETADO: - Flamengo
2021-02-03 22:19:02,531 - PHILOMAKER --> ETAPA 8 -> COLETANDO URL DA IMAGEM DO FILÓSOFO: http://pbs.twimg.com/media/EtWEcJMWYAAQenk.jpg
2021-02-03 22:19:02,692 - PHILOMAKER --> Imagem do Filósofo salva.
2021-02-03 22:19:03,486 - PHILOMAKER --> IMAGEM ENVIADA!
2021-02-03 22:19:06,492 - PHILOMAKER --> Finalizado, enviando: 1357136488023138307
2021-02-03 22:19:06,492 - PHILOMAKER --> Itens restantes: 0
2021-02-03 22:19:06,492 - PHILOMAKER --> --------------------------------------------------------

2021-02-03 22:19:06,492 - PHILOMAKER --> Finalizado, enviando: 1357136488023138307
2021-02-03 22:19:06,492 - PHILOMAKER --> Itens restantes: 0
2021-02-03 22:19:06,492 - PHILOMAKER --> --------------------------------------------------------

2021-02-03 22:19:06,492 - PHILOMAKER --> Lista tratada com sucesso.
2021-02-03 22:19:06,492 - PHILOMAKER --> _\|/_ TURNING OFF PHILOMAKER _\|/_ 
2021-02-03 22:19:06,492 - PHILOMAKER --> Imagem removida
2021-02-03 22:54:22,993 - GENERAL --> Bem-vindo!

2021-02-03 22:54:22,993 - GENERAL --> Philosopher BOT por Caio Madeira e Rodrigo Carmo

2021-02-03 22:54:22,993 - GENERAL --> [32mPara acessar o PhiloBot Manager digite [1]
[0m
2021-02-03 22:54:22,993 - GENERAL --> Escolha qual script função rodar: HASHTAG OU POSTING

2021-02-03 22:54:23,024 - GENERAL --> Qual HASHTAG voce deseja iniciar?
2021-02-03 22:54:23,024 - GENERAL --> [ 1 ] - HASHTAG OFICIAL
2021-02-03 22:54:23,024 - GENERAL --> [ 2 ] - HASHTAG EXTENSION
2021-02-03 22:54:23,024 - GENERAL --> [ 3 ] - HASHTAG DE TESTE
2021-02-03 22:54:23,024 - GENERAL --> HASHTAG TESTE ESCOLHIDA, INICIANDO #Testephilo e #Testemaker...

2021-02-03 22:54:45,756 - HASHTAG --> =============== NOVO TWEET ENCONTRADO ================
2021-02-03 22:54:45,756 - HASHTAG --> Tweet ID: 1357145517218795521
2021-02-03 22:54:45,756 - HASHTAG --> Tweet USERNAME: TestePhiloBot
2021-02-03 22:54:45,757 - HASHTAG --> Adicionado na fila
2021-02-03 22:54:45,757 - HASHTAG --> =======================================================

2021-02-03 22:54:50,760 - PHILOMAKER --> ----------------------------------------
2021-02-03 22:54:50,760 - PHILOMAKER -->        > STARTING PHILOMAKER < 
2021-02-03 22:54:50,760 - PHILOMAKER --> ----------------------------------------
2021-02-03 22:54:50,760 - PHILOMAKER --> ID Coletado: 1357145517218795521
2021-02-03 22:54:51,055 - PHILOMAKER --> [ETAPA 1] Status coletado: #testemaker jsjsjsj @Flamengo https://t.co/q9q8xe8tt0
2021-02-03 22:54:51,055 - PHILOMAKER --> [ETAPA 2] Status - marcações retiradas: #testemaker jsjsjsj  https://t.co/q9q8xe8tt0
2021-02-03 22:54:53,069 - PHILOMAKER --> [ETAPA 3] Checando se é RT...
2021-02-03 22:54:53,069 - PHILOMAKER --> [ETAPA 4] Checando string vazia...
2021-02-03 22:54:55,084 - PHILOMAKER --> [ETAPA 5] Ajustando tamanho do texto para imagem...
2021-02-03 22:54:55,128 - PHILOMAKER --> [ETAPA 6] Nome do filósofo coletado: - Flamengo
2021-02-03 22:54:55,128 - PHILOMAKER --> [ETAPA 7] Coletando URL da imagem: http://pbs.twimg.com/media/EtWMpxGXMAIsZ_k.jpg
2021-02-03 22:54:55,806 - PHILOMAKER --> [ETAPA 8] Verificando aspas...
2021-02-03 22:54:55,806 - PHILOMAKER --> [ETAPA 9] Tweet MENOR que 25 caracteres, ajustando texto...
2021-02-03 22:54:56,731 - PHILOMAKER --> IMAGEM ENVIADA!
2021-02-03 22:54:59,734 - PHILOMAKER --> Finalizado, ID tratado: 1357145517218795521
2021-02-03 22:54:59,734 - PHILOMAKER --> Itens restantes: 0
2021-02-03 22:54:59,734 - PHILOMAKER --> --------------------------------------------------------

2021-02-03 22:54:59,734 - PHILOMAKER --> Finalizado, ID tratado: 1357145517218795521
2021-02-03 22:54:59,734 - PHILOMAKER --> Itens restantes: 0
2021-02-03 22:54:59,734 - PHILOMAKER --> TWEET TRATADO COM SUCESSO
2021-02-03 22:54:59,734 - PHILOMAKER --> ----------------------------------------

2021-02-03 22:54:59,734 - PHILOMAKER --> >AGUARDANDO NOVOS TWEETS...<
2021-02-03 22:54:59,735 - PHILOMAKER --> Imagem removida
2021-02-03 22:57:08,637 - GENERAL --> Bem-vindo!

2021-02-03 22:57:08,637 - GENERAL --> Philosopher BOT por Caio Madeira e Rodrigo Carmo

2021-02-03 22:57:08,637 - GENERAL --> [32mPara acessar o PhiloBot Manager digite [1]
[0m
2021-02-03 22:57:08,637 - GENERAL --> Escolha qual script função rodar: HASHTAG OU POSTING

2021-02-03 22:57:08,666 - GENERAL --> Qual HASHTAG voce deseja iniciar?
2021-02-03 22:57:08,666 - GENERAL --> [ 1 ] - HASHTAG OFICIAL
2021-02-03 22:57:08,666 - GENERAL --> [ 2 ] - HASHTAG EXTENSION
2021-02-03 22:57:08,666 - GENERAL --> [ 3 ] - HASHTAG DE TESTE
2021-02-03 22:57:08,666 - GENERAL --> HASHTAG TESTE ESCOLHIDA, INICIANDO #Testephilo e #Testemaker...

2021-02-03 22:57:28,640 - HASHTAG --> =============== NOVO TWEET ENCONTRADO ================
2021-02-03 22:57:28,640 - HASHTAG --> Tweet ID: 1357146199950848000
2021-02-03 22:57:28,640 - HASHTAG --> Tweet USERNAME: TestePhiloBot
2021-02-03 22:57:28,640 - HASHTAG --> Adicionado na fila
2021-02-03 22:57:28,640 - HASHTAG --> =======================================================

2021-02-03 22:57:33,648 - PHILOMAKER --> ----------------------------------------
2021-02-03 22:57:33,648 - PHILOMAKER -->        > STARTING PHILOMAKER < 
2021-02-03 22:57:33,648 - PHILOMAKER --> ----------------------------------------
2021-02-03 22:57:33,649 - PHILOMAKER --> ID Coletado: 1357146199950848000
2021-02-03 22:57:33,956 - PHILOMAKER --> [ETAPA 1] Status coletado: #testemaker kekeekek @Flamengo https://t.co/7z9Eb4lhbK
2021-02-03 22:57:33,956 - PHILOMAKER --> [ETAPA 2] Status - marcações retiradas: #testemaker kekeekek  https://t.co/7z9Eb4lhbK
2021-02-03 22:57:35,967 - PHILOMAKER --> [ETAPA 3] Checando se é RT...
2021-02-03 22:57:35,967 - PHILOMAKER --> [ETAPA 4] Checando string vazia...
2021-02-03 22:57:37,978 - PHILOMAKER --> [ETAPA 5] Ajustando tamanho do texto para imagem...
2021-02-03 22:57:38,026 - PHILOMAKER --> [ETAPA 6] Nome do filósofo coletado: - Flamengo
2021-02-03 22:57:38,026 - PHILOMAKER --> [ETAPA 7] Coletando URL da imagem: http://pbs.twimg.com/media/EtWNRdjXUAIYQcC.jpg
2021-02-03 22:57:38,551 - PHILOMAKER --> [ETAPA 8] Verificando aspas...
2021-02-03 22:57:38,551 - PHILOMAKER --> [ETAPA 9] Tweet MENOR que 25 caracteres, ajustando texto...
2021-02-03 22:57:39,422 - PHILOMAKER --> IMAGEM ENVIADA!
2021-02-03 22:57:42,431 - PHILOMAKER --> Finalizado, ID tratado: 1357146199950848000
2021-02-03 22:57:42,431 - PHILOMAKER --> Itens restantes: 0
2021-02-03 22:57:42,431 - PHILOMAKER --> --------------------------------------------------------

2021-02-03 22:57:42,431 - PHILOMAKER --> Finalizado, ID tratado: 1357146199950848000
2021-02-03 22:57:42,431 - PHILOMAKER --> Itens restantes: 0
2021-02-03 22:57:42,431 - PHILOMAKER --> TWEET TRATADO COM SUCESSO
2021-02-03 22:57:42,431 - PHILOMAKER --> ----------------------------------------

2021-02-03 22:57:42,431 - PHILOMAKER --> >AGUARDANDO NOVOS TWEETS...<
2021-02-03 22:57:42,432 - PHILOMAKER --> Imagem removida
2021-02-03 23:18:26,420 - GENERAL --> Bem-vindo!

2021-02-03 23:18:26,420 - GENERAL --> Philosopher BOT por Caio Madeira e Rodrigo Carmo

2021-02-03 23:18:26,420 - GENERAL --> [32mPara acessar o PhiloBot Manager digite [1]
[0m
2021-02-03 23:18:26,420 - GENERAL --> Escolha qual script função rodar: HASHTAG OU POSTING

2021-02-03 23:18:26,452 - GENERAL --> Qual HASHTAG voce deseja iniciar?
2021-02-03 23:18:26,452 - GENERAL --> [ 1 ] - HASHTAG OFICIAL
2021-02-03 23:18:26,452 - GENERAL --> [ 2 ] - HASHTAG EXTENSION
2021-02-03 23:18:26,452 - GENERAL --> [ 3 ] - HASHTAG DE TESTE
2021-02-03 23:18:26,452 - GENERAL --> HASHTAG TESTE ESCOLHIDA, INICIANDO #Testephilo e #Testemaker...

2021-02-03 23:18:40,814 - GENERAL --> Bem-vindo!

2021-02-03 23:18:40,815 - GENERAL --> Philosopher BOT por Caio Madeira e Rodrigo Carmo

2021-02-03 23:18:40,815 - GENERAL --> [32mPara acessar o PhiloBot Manager digite [1]
[0m
2021-02-03 23:18:40,815 - GENERAL --> Escolha qual script função rodar: HASHTAG OU POSTING

2021-02-03 23:18:40,836 - GENERAL --> Qual HASHTAG voce deseja iniciar?
2021-02-03 23:18:40,836 - GENERAL --> [ 1 ] - HASHTAG OFICIAL
2021-02-03 23:18:40,836 - GENERAL --> [ 2 ] - HASHTAG EXTENSION
2021-02-03 23:18:40,836 - GENERAL --> [ 3 ] - HASHTAG DE TESTE
2021-02-03 23:18:40,836 - GENERAL --> HASHTAG TESTE ESCOLHIDA, INICIANDO #Testephilo e #Testemaker...

2021-02-03 23:18:51,764 - HASHTAG --> =============== NOVO TWEET ENCONTRADO ================
2021-02-03 23:18:51,764 - HASHTAG --> Tweet ID: 1357151582446567425
2021-02-03 23:18:51,764 - HASHTAG --> Tweet USERNAME: TestePhiloBot
2021-02-03 23:18:51,764 - HASHTAG --> Adicionado na fila
2021-02-03 23:18:51,764 - HASHTAG --> =======================================================

2021-02-03 23:18:56,768 - PHILOBOT --> ----------------------------------------
2021-02-03 23:18:56,768 - PHILOBOT -->          > STARTING PHILOBOT < 
2021-02-03 23:18:56,768 - PHILOBOT --> ----------------------------------------
2021-02-03 23:18:56,768 - PHILOBOT --> ID Coletado: 1357151582446567425
2021-02-03 23:18:57,299 - PHILOBOT --> [ETAPA 1] Status coletado: #testephilo kdkdkdkkd
2021-02-03 23:18:57,300 - PHILOBOT --> [ETAPA 2] Status - marcações retiradas: #testephilo kdkdkdkkd
2021-02-03 23:18:57,323 - PHILOBOT --> [ETAPA 3] Checando se é RT...
2021-02-03 23:18:57,323 - PHILOBOT --> [ETAPA 4] Checando string vazia...
2021-02-03 23:18:59,368 - PHILOBOT --> [ETAPA 4] Configurando imagem...
2021-02-03 23:18:59,369 - PHILOBOT --> [ETAPA 4.1] Imagem do filósofo escolhida: Karl Marx(2).png
2021-02-03 23:18:59,369 - PHILOBOT --> [ETAPA 4.2] Removendo lixo no nome da imagem do filosofo...
2021-02-03 23:18:59,369 - PHILOBOT --> Nome do filósofo tratado: - Karl Marx
2021-02-03 23:18:59,389 - PHILOBOT --> [ETAPA 5] Verificando aspas...
2021-02-03 23:18:59,389 - PHILOBOT --> [ETAPA 6] Tweet MENOR que 25 caracteres, ajustando texto...
2021-02-03 23:19:00,334 - PHILOBOT --> IMAGEM ENVIADA!
2021-02-03 23:19:03,341 - PHILOBOT --> Finalizado, ID tratado: 1357151582446567425
2021-02-03 23:19:03,341 - PHILOBOT --> Itens restantes: 0
2021-02-03 23:19:03,341 - PHILOBOT --> TWEET TRATADO COM SUCESSO
2021-02-03 23:19:03,341 - PHILOBOT --> ----------------------------------------

2021-02-03 23:19:03,341 - PHILOBOT --> >AGUARDANDO NOVOS TWEETS...<
2021-02-03 23:20:42,037 - GENERAL --> Bem-vindo!

2021-02-03 23:20:42,037 - GENERAL --> Philosopher BOT por Caio Madeira e Rodrigo Carmo

2021-02-03 23:20:42,037 - GENERAL --> [32mPara acessar o PhiloBot Manager digite [1]
[0m
2021-02-03 23:20:42,037 - GENERAL --> Escolha qual script função rodar: HASHTAG OU POSTING

2021-02-03 23:20:42,068 - GENERAL --> Qual HASHTAG voce deseja iniciar?
2021-02-03 23:20:42,068 - GENERAL --> [ 1 ] - HASHTAG OFICIAL
2021-02-03 23:20:42,068 - GENERAL --> [ 2 ] - HASHTAG EXTENSION
2021-02-03 23:20:42,068 - GENERAL --> [ 3 ] - HASHTAG DE TESTE
2021-02-03 23:20:42,068 - GENERAL --> HASHTAG TESTE ESCOLHIDA, INICIANDO #Testephilo e #Testemaker...

2021-02-03 23:21:58,856 - GENERAL --> Bem-vindo!

2021-02-03 23:21:58,857 - GENERAL --> Philosopher BOT por Caio Madeira e Rodrigo Carmo

2021-02-03 23:21:58,857 - GENERAL --> [32mPara acessar o PhiloBot Manager digite [1]
[0m
2021-02-03 23:21:58,857 - GENERAL --> Escolha qual script função rodar: HASHTAG OU POSTING

2021-02-03 23:21:58,879 - GENERAL --> Qual HASHTAG voce deseja iniciar?
2021-02-03 23:21:58,879 - GENERAL --> [ 1 ] - HASHTAG OFICIAL
2021-02-03 23:21:58,879 - GENERAL --> [ 2 ] - HASHTAG EXTENSION
2021-02-03 23:21:58,879 - GENERAL --> [ 3 ] - HASHTAG DE TESTE
2021-02-03 23:21:58,879 - GENERAL --> HASHTAG TESTE ESCOLHIDA, INICIANDO #Testephilo e #Testemaker...

2021-02-03 23:22:13,276 - HASHTAG --> =============== NOVO TWEET ENCONTRADO ================
2021-02-03 23:22:13,277 - HASHTAG --> Tweet ID: 1357152427619864576
2021-02-03 23:22:13,277 - HASHTAG --> Tweet USERNAME: TestePhiloBot
2021-02-03 23:22:13,277 - HASHTAG --> Adicionado na fila
2021-02-03 23:22:13,277 - HASHTAG --> =======================================================

2021-02-03 23:22:18,292 - PHILOBOT --> ----------------------------------------
2021-02-03 23:22:18,292 - PHILOBOT -->          > STARTING PHILOBOT < 
2021-02-03 23:22:18,292 - PHILOBOT --> ----------------------------------------
2021-02-03 23:22:18,292 - PHILOBOT --> ID Coletado: 1357152427619864576
2021-02-03 23:22:18,587 - PHILOBOT --> [ETAPA 1] Status coletado: #testephilo
2021-02-03 23:22:18,587 - PHILOBOT --> [ETAPA 2] Status - marcações retiradas: #testephilo
2021-02-03 23:22:18,616 - PHILOBOT --> [ETAPA 3] Checando se é RT...
2021-02-03 23:22:18,616 - PHILOBOT --> [ETAPA 4] Checando string vazia...
2021-02-03 23:22:18,616 - PHILOBOT --> ERRO: FALHA AO CHECAR SE A STRING É VAZIA
2021-02-03 23:22:18,616 - PHILOBOT --> ----------------------------------------

2021-02-03 23:22:18,616 - PHILOBOT --> >AGUARDANDO NOVOS TWEETS...<
2021-02-03 23:22:18,616 - PHILOBOT --> ----------------------------------------

2021-02-03 23:22:18,616 - PHILOBOT --> >AGUARDANDO NOVOS TWEETS...<
2021-02-03 23:25:14,279 - GENERAL --> Bem-vindo!

2021-02-03 23:25:14,279 - GENERAL --> Philosopher BOT por Caio Madeira e Rodrigo Carmo

2021-02-03 23:25:14,279 - GENERAL --> [32mPara acessar o PhiloBot Manager digite [1]
[0m
2021-02-03 23:25:14,279 - GENERAL --> Escolha qual script função rodar: HASHTAG OU POSTING

2021-02-03 23:25:14,307 - GENERAL --> Qual HASHTAG voce deseja iniciar?
2021-02-03 23:25:14,307 - GENERAL --> [ 1 ] - HASHTAG OFICIAL
2021-02-03 23:25:14,307 - GENERAL --> [ 2 ] - HASHTAG EXTENSION
2021-02-03 23:25:14,307 - GENERAL --> [ 3 ] - HASHTAG DE TESTE
2021-02-03 23:25:14,307 - GENERAL --> HASHTAG TESTE ESCOLHIDA, INICIANDO #Testephilo e #Testemaker...

2021-02-03 23:25:29,705 - GENERAL --> Bem-vindo!

2021-02-03 23:25:29,705 - GENERAL --> Philosopher BOT por Caio Madeira e Rodrigo Carmo

2021-02-03 23:25:29,705 - GENERAL --> [32mPara acessar o PhiloBot Manager digite [1]
[0m
2021-02-03 23:25:29,705 - GENERAL --> Escolha qual script função rodar: HASHTAG OU POSTING

2021-02-03 23:25:29,726 - GENERAL --> Qual HASHTAG voce deseja iniciar?
2021-02-03 23:25:29,726 - GENERAL --> [ 1 ] - HASHTAG OFICIAL
2021-02-03 23:25:29,726 - GENERAL --> [ 2 ] - HASHTAG EXTENSION
2021-02-03 23:25:29,726 - GENERAL --> [ 3 ] - HASHTAG DE TESTE
2021-02-03 23:25:29,726 - GENERAL --> HASHTAG TESTE ESCOLHIDA, INICIANDO #Testephilo e #Testemaker...

2021-02-03 23:25:44,553 - HASHTAG --> =============== NOVO TWEET ENCONTRADO ================
2021-02-03 23:25:44,553 - HASHTAG --> Tweet ID: 1357153313851113474
2021-02-03 23:25:44,553 - HASHTAG --> Tweet USERNAME: TestePhiloBot
2021-02-03 23:25:44,553 - HASHTAG --> Adicionado na fila
2021-02-03 23:25:44,553 - HASHTAG --> =======================================================

2021-02-03 23:25:49,556 - PHILOBOT --> ----------------------------------------
2021-02-03 23:25:49,556 - PHILOBOT -->          > STARTING PHILOBOT < 
2021-02-03 23:25:49,556 - PHILOBOT --> ----------------------------------------
2021-02-03 23:25:49,556 - PHILOBOT --> ID Coletado: 1357153313851113474
2021-02-03 23:25:49,853 - PHILOBOT --> [ETAPA 1] Status coletado: #testephilo
2021-02-03 23:25:49,854 - PHILOBOT --> [ETAPA 2] Status - marcações retiradas: #testephilo
2021-02-03 23:25:49,878 - PHILOBOT --> [ETAPA 3] Checando se é RT...
2021-02-03 23:26:26,532 - GENERAL --> Bem-vindo!

2021-02-03 23:26:26,532 - GENERAL --> Philosopher BOT por Caio Madeira e Rodrigo Carmo

2021-02-03 23:26:26,532 - GENERAL --> [32mPara acessar o PhiloBot Manager digite [1]
[0m
2021-02-03 23:26:26,532 - GENERAL --> Escolha qual script função rodar: HASHTAG OU POSTING

2021-02-03 23:26:26,558 - GENERAL --> Qual HASHTAG voce deseja iniciar?
2021-02-03 23:26:26,558 - GENERAL --> [ 1 ] - HASHTAG OFICIAL
2021-02-03 23:26:26,558 - GENERAL --> [ 2 ] - HASHTAG EXTENSION
2021-02-03 23:26:26,558 - GENERAL --> [ 3 ] - HASHTAG DE TESTE
2021-02-03 23:26:26,558 - GENERAL --> HASHTAG TESTE ESCOLHIDA, INICIANDO #Testephilo e #Testemaker...

2021-02-03 23:26:38,973 - HASHTAG --> =============== NOVO TWEET ENCONTRADO ================
2021-02-03 23:26:38,973 - HASHTAG --> Tweet ID: 1357153542079983616
2021-02-03 23:26:38,973 - HASHTAG --> Tweet USERNAME: TestePhiloBot
2021-02-03 23:26:38,973 - HASHTAG --> Adicionado na fila
2021-02-03 23:26:38,973 - HASHTAG --> =======================================================

2021-02-03 23:26:43,980 - PHILOBOT --> ----------------------------------------
2021-02-03 23:26:43,980 - PHILOBOT -->          > STARTING PHILOBOT < 
2021-02-03 23:26:43,980 - PHILOBOT --> ----------------------------------------
2021-02-03 23:26:43,980 - PHILOBOT --> ID Coletado: 1357153542079983616
2021-02-03 23:26:44,270 - PHILOBOT --> [ETAPA 1] Status coletado: #testephilo
2021-02-03 23:26:44,270 - PHILOBOT --> [ETAPA 2] Status - marcações retiradas: #testephilo
2021-02-03 23:26:44,294 - PHILOBOT --> [ETAPA 3] Checando se é RT...
2021-02-03 23:26:44,294 - PHILOBOT --> [ETAPA 4] Checando string vazia...
2021-02-03 23:26:44,294 - PHILOBOT --> ERRO: FALHA AO CHECAR SE A STRING É VAZIA
2021-02-03 23:26:44,294 - PHILOBOT --> ----------------------------------------

2021-02-03 23:26:44,294 - PHILOBOT --> >AGUARDANDO NOVOS TWEETS...<
2021-02-03 23:31:30,045 - GENERAL --> Bem-vindo!

2021-02-03 23:31:30,045 - GENERAL --> Philosopher BOT por Caio Madeira e Rodrigo Carmo

2021-02-03 23:31:30,045 - GENERAL --> [32mPara acessar o PhiloBot Manager digite [1]
[0m
2021-02-03 23:31:30,045 - GENERAL --> Escolha qual script função rodar: HASHTAG OU POSTING

2021-02-03 23:31:30,076 - GENERAL --> Qual HASHTAG voce deseja iniciar?
2021-02-03 23:31:30,076 - GENERAL --> [ 1 ] - HASHTAG OFICIAL
2021-02-03 23:31:30,076 - GENERAL --> [ 2 ] - HASHTAG EXTENSION
2021-02-03 23:31:30,076 - GENERAL --> [ 3 ] - HASHTAG DE TESTE
2021-02-03 23:31:30,076 - GENERAL --> HASHTAG TESTE ESCOLHIDA, INICIANDO #Testephilo e #Testemaker...

2021-02-03 23:31:42,477 - HASHTAG --> =============== NOVO TWEET ENCONTRADO ================
2021-02-03 23:31:42,477 - HASHTAG --> Tweet ID: 1357154814828941312
2021-02-03 23:31:42,477 - HASHTAG --> Tweet USERNAME: TestePhiloBot
2021-02-03 23:31:42,477 - HASHTAG --> Adicionado na fila
2021-02-03 23:31:42,477 - HASHTAG --> =======================================================

2021-02-03 23:31:47,480 - PHILOBOT --> ----------------------------------------
2021-02-03 23:31:47,480 - PHILOBOT -->          > STARTING PHILOBOT < 
2021-02-03 23:31:47,480 - PHILOBOT --> ----------------------------------------
2021-02-03 23:31:47,480 - PHILOBOT --> ID Coletado: 1357154814828941312
2021-02-03 23:31:47,796 - PHILOBOT --> [ETAPA 1] Status coletado: #testephilo ffefefefef
2021-02-03 23:31:47,796 - PHILOBOT --> [ETAPA 2] Status - marcações retiradas: #testephilo ffefefefef
2021-02-03 23:31:47,817 - PHILOBOT --> [ETAPA 3] Checando se é RT...
2021-02-03 23:31:47,857 - PHILOBOT --> [ETAPA 4] Configurando imagem...
2021-02-03 23:31:47,858 - PHILOBOT --> [ETAPA 4.1] Imagem do filósofo escolhida: Arthur Schopenhauer.png
2021-02-03 23:31:47,858 - PHILOBOT --> [ETAPA 4.2] Nenhum lixo no nome da imagem encontrado. Prosseguindo normalmente...
2021-02-03 23:31:47,858 - PHILOBOT --> [ETAPA 4.3] Nome do filósofo tratado: - Arthur Schopenhauer
2021-02-03 23:31:47,873 - PHILOBOT --> [ETAPA 5] Verificando aspas...
2021-02-03 23:31:47,873 - PHILOBOT --> [ETAPA 6] Tweet MENOR que 25 caracteres, ajustando texto...
2021-02-03 23:31:48,828 - PHILOBOT --> IMAGEM ENVIADA!
2021-02-03 23:31:51,838 - PHILOBOT --> Finalizado, ID tratado: 1357154814828941312
2021-02-03 23:31:51,838 - PHILOBOT --> Itens restantes: 0
2021-02-03 23:31:51,838 - PHILOBOT --> TWEET TRATADO COM SUCESSO
2021-02-03 23:31:51,838 - PHILOBOT --> ----------------------------------------

2021-02-03 23:31:51,838 - PHILOBOT --> >AGUARDANDO NOVOS TWEETS...<
2021-02-03 23:32:24,357 - HASHTAG --> =============== NOVO TWEET ENCONTRADO ================
2021-02-03 23:32:24,357 - HASHTAG --> Tweet ID: 1357154989714587654
2021-02-03 23:32:24,357 - HASHTAG --> Tweet USERNAME: TestePhiloBot
2021-02-03 23:32:24,357 - HASHTAG --> Adicionado na fila
2021-02-03 23:32:24,357 - HASHTAG --> =======================================================

2021-02-03 23:32:29,369 - PHILOMAKER --> ----------------------------------------
2021-02-03 23:32:29,369 - PHILOMAKER -->        > STARTING PHILOMAKER < 
2021-02-03 23:32:29,369 - PHILOMAKER --> ----------------------------------------
2021-02-03 23:32:29,369 - PHILOMAKER --> ID Coletado: 1357154989714587654
2021-02-03 23:32:29,643 - PHILOMAKER --> [ETAPA 1] Status coletado: #testemaker fefeffe @Flamengo https://t.co/hNC6ekeLXg
2021-02-03 23:32:29,643 - PHILOMAKER --> [ETAPA 2] Status - marcações retiradas: #testemaker fefeffe  https://t.co/hNC6ekeLXg
2021-02-03 23:32:31,661 - PHILOMAKER --> [ETAPA 3] Checando se é RT...
2021-02-03 23:32:31,661 - PHILOMAKER --> [ETAPA 4] Checando string vazia...
2021-02-03 23:32:33,674 - PHILOMAKER --> [ETAPA 5] Ajustando tamanho do texto para imagem...
2021-02-03 23:32:33,715 - PHILOMAKER --> [ETAPA 6] Nome do filósofo coletado: - Flamengo
2021-02-03 23:32:33,715 - PHILOMAKER --> [ETAPA 7] Coletando URL da imagem: http://pbs.twimg.com/media/EtWVRFwXEAEy-Ue.jpg
2021-02-03 23:32:34,159 - PHILOMAKER --> [ETAPA 8] Verificando aspas...
2021-02-03 23:32:34,159 - PHILOMAKER --> [ETAPA 9] Tweet MENOR que 25 caracteres, ajustando texto...

2021-02-03 23:32:34,910 - PHILOMAKER --> IMAGEM ENVIADA!
2021-02-03 23:32:37,915 - PHILOMAKER --> Imagem removida
2021-02-03 23:32:37,915 - PHILOMAKER --> Finalizado, ID tratado: 1357154989714587654
2021-02-03 23:32:37,915 - PHILOMAKER --> Itens restantes: 0
2021-02-03 23:32:37,915 - PHILOMAKER --> TWEET TRATADO COM SUCESSO
2021-02-03 23:32:37,915 - PHILOMAKER --> ----------------------------------------

2021-02-03 23:32:37,915 - PHILOMAKER --> >AGUARDANDO NOVOS TWEETS...<
2021-02-03 23:32:59,207 - PHILOBOT --> =============== NOVO TWEET ENCONTRADO ================
2021-02-03 23:32:59,207 - PHILOBOT --> Tweet ID: 1357155136666292225
2021-02-03 23:32:59,207 - PHILOBOT --> Tweet USERNAME: TestePhiloBot
2021-02-03 23:32:59,207 - PHILOBOT --> Adicionado na fila
2021-02-03 23:32:59,207 - PHILOBOT --> =======================================================

2021-02-03 23:33:04,211 - PHILOBOT --> ----------------------------------------
2021-02-03 23:33:04,211 - PHILOBOT -->          > STARTING PHILOBOT < 
2021-02-03 23:33:04,211 - PHILOBOT --> ----------------------------------------
2021-02-03 23:33:04,211 - PHILOBOT --> ID Coletado: 1357155136666292225
2021-02-03 23:33:04,493 - PHILOBOT --> [ETAPA 1] Status coletado: #testephilo "oi terra"
2021-02-03 23:33:04,493 - PHILOBOT --> [ETAPA 2] Status - marcações retiradas: #testephilo "oi terra"
2021-02-03 23:33:04,498 - PHILOBOT --> [ETAPA 3] Checando se é RT...
2021-02-03 23:33:04,540 - PHILOBOT --> [ETAPA 4] Configurando imagem...
2021-02-03 23:33:04,541 - PHILOBOT --> [ETAPA 4.1] Imagem do filósofo escolhida: Ednaldo Pereira.png
2021-02-03 23:33:04,541 - PHILOBOT --> [ETAPA 4.2] Nenhum lixo no nome da imagem encontrado. Prosseguindo normalmente...
2021-02-03 23:33:04,541 - PHILOBOT --> [ETAPA 4.3] Nome do filósofo tratado: - Ednaldo Pereira
2021-02-03 23:33:04,560 - PHILOBOT --> [ETAPA 5] Verificando aspas...
2021-02-03 23:33:04,561 - PHILOBOT --> [ETAPA 5.1] ASPAS IDENTIFICADAS
2021-02-03 23:33:04,561 - PHILOBOT --> [ETAPA 5.2] Iniciando manipulação de aspas especiais...
2021-02-03 23:33:05,076 - PHILOBOT --> [ETAPA 5.3] Removendo aspas do texto: oi terra
2021-02-03 23:33:05,591 - PHILOBOT --> [ETAPA 5.4] Tweet MENOR que 25 caracteres, ajustando texto...
2021-02-03 23:33:05,592 - PHILOBOT --> [ETAPA 5.5] Colocando as imagens das aspas.
2021-02-03 23:33:06,570 - PHILOBOT --> IMAGEM ENVIADA!
2021-02-03 23:33:09,584 - PHILOBOT --> Finalizado, ID tratado: 1357155136666292225
2021-02-03 23:33:09,584 - PHILOBOT --> Itens restantes: 0
2021-02-03 23:33:09,584 - PHILOBOT --> ----------------------------------------

2021-02-03 23:33:09,584 - PHILOBOT --> >AGUARDANDO NOVOS TWEETS...<
2021-02-03 23:33:42,866 - PHILOMAKER --> =============== NOVO TWEET ENCONTRADO ================
2021-02-03 23:33:42,866 - PHILOMAKER --> Tweet ID: 1357155318317408258
2021-02-03 23:33:42,866 - PHILOMAKER --> Tweet USERNAME: TestePhiloBot
2021-02-03 23:33:42,866 - PHILOMAKER --> Adicionado na fila
2021-02-03 23:33:42,867 - PHILOMAKER --> =======================================================

2021-02-03 23:33:47,883 - PHILOMAKER --> ----------------------------------------
2021-02-03 23:33:47,883 - PHILOMAKER -->        > STARTING PHILOMAKER < 
2021-02-03 23:33:47,883 - PHILOMAKER --> ----------------------------------------
2021-02-03 23:33:47,883 - PHILOMAKER --> ID Coletado: 1357155318317408258
2021-02-03 23:33:48,161 - PHILOMAKER --> [ETAPA 1] Status coletado: #testemaker "oi terra" @Flamengo https://t.co/yB7HdsBWYj
2021-02-03 23:33:48,161 - PHILOMAKER --> [ETAPA 2] Status - marcações retiradas: #testemaker "oi terra"  https://t.co/yB7HdsBWYj
2021-02-03 23:33:50,170 - PHILOMAKER --> [ETAPA 3] Checando se é RT...
2021-02-03 23:33:50,170 - PHILOMAKER --> [ETAPA 4] Checando string vazia...
2021-02-03 23:33:52,176 - PHILOMAKER --> [ETAPA 5] Ajustando tamanho do texto para imagem...
2021-02-03 23:33:52,218 - PHILOMAKER --> [ETAPA 6] Nome do filósofo coletado: - Flamengo
2021-02-03 23:33:52,218 - PHILOMAKER --> [ETAPA 7] Coletando URL da imagem: http://pbs.twimg.com/media/EtWVkOqXIAEPIne.jpg
2021-02-03 23:33:52,412 - PHILOMAKER --> [ETAPA 8] Verificando aspas...
2021-02-03 23:33:52,412 - PHILOMAKER --> [ETAPA 8.1] ASPAS IDENTIFICADAS
2021-02-03 23:33:52,412 - PHILOMAKER --> [ETAPA 8.2] Iniciando manipulação de aspas especiais...
2021-02-03 23:33:52,919 - PHILOMAKER --> [ETAPA 8.3] Removendo aspas do texto: oi terra
2021-02-03 23:33:53,440 - PHILOMAKER --> [ETAPA 8.4] Tweet MENOR que 25 caracteres, ajustando texto...
2021-02-03 23:33:53,441 - PHILOMAKER --> [ETAPA 8.5] Colocando as imagens das aspas.
2021-02-03 23:33:54,270 - PHILOMAKER --> IMAGEM ENVIADA!
2021-02-03 23:33:57,286 - PHILOMAKER --> Imagem removida
2021-02-03 23:33:57,286 - PHILOMAKER --> Finalizado, ID tratado: 1357155318317408258
2021-02-03 23:33:57,286 - PHILOMAKER --> Itens restantes: 0
2021-02-03 23:33:57,286 - PHILOMAKER --> TWEET TRATADO COM SUCESSO
2021-02-03 23:33:57,286 - PHILOMAKER --> ----------------------------------------

2021-02-03 23:33:57,286 - PHILOMAKER --> >AGUARDANDO NOVOS TWEETS...<
