2021-01-27 19:39:18,979 - Bem-vindo!

2021-01-27 19:39:18,979 - Philosopher BOT por Caio Madeira e Rodrigo Carmo

2021-01-27 19:39:18,979 - [32mPara acessar o PhiloBot Manager digite [1]
[0m
2021-01-27 19:39:20,985 - Escolha qual script função rodar: HASHTAG OU POSTING

2021-01-27 19:43:29,526 - Bem-vindo!

2021-01-27 19:43:29,526 - Philosopher BOT por Caio Madeira e Rodrigo Carmo

2021-01-27 19:43:29,526 - [32mPara acessar o PhiloBot Manager digite [1]
[0m
2021-01-27 19:43:31,528 - Escolha qual script função rodar: HASHTAG OU POSTING

2021-01-27 19:43:50,452 - POSTS DEFINIDOS PARA A CADA 5 SEGUNDOS EM 'config.py'

2021-01-27 19:45:05,528 - Bem-vindo!

2021-01-27 19:45:05,528 - Philosopher BOT por Caio Madeira e Rodrigo Carmo

2021-01-27 19:45:05,528 - [32mPara acessar o PhiloBot Manager digite [1]
[0m
2021-01-27 19:45:07,537 - Escolha qual script função rodar: HASHTAG OU POSTING

2021-01-27 19:45:09,914 - Comando não registrado.

2021-01-27 19:45:09,914 - Deseja encerrar?

2021-01-27 19:45:14,597 - 
Retornando ao inicio...

2021-01-27 19:45:20,859 - Bem-vindo!

2021-01-27 19:45:20,859 - Philosopher BOT por Caio Madeira e Rodrigo Carmo

2021-01-27 19:45:20,859 - [32mPara acessar o PhiloBot Manager digite [1]
[0m
2021-01-27 19:45:22,870 - Escolha qual script função rodar: HASHTAG OU POSTING

2021-01-27 19:45:40,489 - POSTS DEFINIDOS PARA A CADA 5 SEGUNDOS EM 'config.py'

2021-01-27 19:49:41,896 - Bem-vindo!

2021-01-27 19:49:41,896 - Philosopher BOT por Caio Madeira e Rodrigo Carmo

2021-01-27 19:49:41,896 - [32mPara acessar o PhiloBot Manager digite [1]
[0m
2021-01-27 19:49:43,904 - Escolha qual script função rodar: HASHTAG OU POSTING

2021-01-27 19:50:52,195 - Bem-vindo!

2021-01-27 19:50:52,195 - Philosopher BOT por Caio Madeira e Rodrigo Carmo

2021-01-27 19:50:52,195 - [32mPara acessar o PhiloBot Manager digite [1]
[0m
2021-01-27 19:50:54,200 - Escolha qual script função rodar: HASHTAG OU POSTING

2021-01-27 19:50:58,356 - POSTS DEFINIDOS PARA A CADA 5 SEGUNDOS EM 'config.py'

2021-01-27 19:51:27,685 - Bem-vindo!

2021-01-27 19:51:27,685 - Philosopher BOT por Caio Madeira e Rodrigo Carmo

2021-01-27 19:51:27,685 - [32mPara acessar o PhiloBot Manager digite [1]
[0m
2021-01-27 19:51:29,688 - Escolha qual script função rodar: HASHTAG OU POSTING

2021-01-27 19:51:33,524 - POSTS DEFINIDOS PARA A CADA 5 SEGUNDOS EM 'config.py'

2021-01-27 19:52:25,118 - Bem-vindo!

2021-01-27 19:52:25,118 - Philosopher BOT por Caio Madeira e Rodrigo Carmo

2021-01-27 19:52:25,118 - [32mPara acessar o PhiloBot Manager digite [1]
[0m
2021-01-27 19:52:27,120 - Escolha qual script função rodar: HASHTAG OU POSTING

2021-01-27 19:54:04,732 - Bem-vindo!

2021-01-27 19:54:04,732 - Philosopher BOT por Caio Madeira e Rodrigo Carmo

2021-01-27 19:54:04,732 - [32mPara acessar o PhiloBot Manager digite [1]
[0m
2021-01-27 19:54:06,741 - Escolha qual script função rodar: HASHTAG OU POSTING

2021-01-27 19:56:00,187 - Bem-vindo!

2021-01-27 19:56:00,188 - Philosopher BOT por Caio Madeira e Rodrigo Carmo

2021-01-27 19:56:00,188 - [32mPara acessar o PhiloBot Manager digite [1]
[0m
2021-01-27 19:56:02,190 - Escolha qual script função rodar: HASHTAG OU POSTING

2021-01-27 19:56:40,030 - Bem-vindo!

2021-01-27 19:56:40,030 - Philosopher BOT por Caio Madeira e Rodrigo Carmo

2021-01-27 19:56:40,030 - [32mPara acessar o PhiloBot Manager digite [1]
[0m
2021-01-27 19:56:42,040 - Escolha qual script função rodar: HASHTAG OU POSTING

2021-01-27 19:57:45,210 - Bem-vindo!

2021-01-27 19:57:45,210 - Philosopher BOT por Caio Madeira e Rodrigo Carmo

2021-01-27 19:57:45,210 - [32mPara acessar o PhiloBot Manager digite [1]
[0m
2021-01-27 19:57:47,223 - Escolha qual script função rodar: HASHTAG OU POSTING

2021-01-27 19:58:35,969 - Bem-vindo!

2021-01-27 19:58:35,969 - Philosopher BOT por Caio Madeira e Rodrigo Carmo

2021-01-27 19:58:35,969 - [32mPara acessar o PhiloBot Manager digite [1]
[0m
2021-01-27 19:58:37,981 - Escolha qual script função rodar: HASHTAG OU POSTING

2021-01-27 19:59:30,842 - Bem-vindo!

2021-01-27 19:59:30,842 - Philosopher BOT por Caio Madeira e Rodrigo Carmo

2021-01-27 19:59:30,842 - [32mPara acessar o PhiloBot Manager digite [1]
[0m
2021-01-27 19:59:32,850 - Escolha qual script função rodar: HASHTAG OU POSTING

2021-01-27 20:00:07,093 - Bem-vindo!

2021-01-27 20:00:07,093 - Philosopher BOT por Caio Madeira e Rodrigo Carmo

2021-01-27 20:00:07,093 - [32mPara acessar o PhiloBot Manager digite [1]
[0m
2021-01-27 20:00:09,107 - Escolha qual script função rodar: HASHTAG OU POSTING

2021-01-27 20:01:25,370 - Bem-vindo!

2021-01-27 20:01:25,370 - Philosopher BOT por Caio Madeira e Rodrigo Carmo

2021-01-27 20:01:25,370 - [32mPara acessar o PhiloBot Manager digite [1]
[0m
2021-01-27 20:01:27,373 - Escolha qual script função rodar: HASHTAG OU POSTING

2021-01-27 20:01:52,856 - POSTS DEFINIDOS PARA A CADA 5 SEGUNDOS EM 'config.py'

2021-01-27 20:10:09,969 - Bem-vindo!

2021-01-27 20:10:09,969 - Philosopher BOT por Caio Madeira e Rodrigo Carmo

2021-01-27 20:10:09,969 - [32mPara acessar o PhiloBot Manager digite [1]
[0m
2021-01-27 20:10:11,970 - Escolha qual script função rodar: HASHTAG OU POSTING

2021-01-27 20:10:26,901 - POSTS DEFINIDOS PARA A CADA 5 SEGUNDOS EM 'config.py'

2021-01-27 20:17:34,676 - Bem-vindo!

2021-01-27 20:17:34,676 - Philosopher BOT por Caio Madeira e Rodrigo Carmo

2021-01-27 20:17:34,676 - [32mPara acessar o PhiloBot Manager digite [1]
[0m
2021-01-27 20:17:36,691 - Escolha qual script função rodar: HASHTAG OU POSTING

2021-01-27 20:17:56,081 - POSTS DEFINIDOS PARA A CADA 5 SEGUNDOS EM 'config.py'

2021-01-27 20:18:44,020 - Bem-vindo!

2021-01-27 20:18:44,020 - Philosopher BOT por Caio Madeira e Rodrigo Carmo

2021-01-27 20:18:44,021 - [32mPara acessar o PhiloBot Manager digite [1]
[0m
2021-01-27 20:18:46,036 - Escolha qual script função rodar: HASHTAG OU POSTING

2021-01-27 20:20:25,025 - Bem-vindo!

2021-01-27 20:20:25,026 - Philosopher BOT por Caio Madeira e Rodrigo Carmo

2021-01-27 20:20:25,026 - [32mPara acessar o PhiloBot Manager digite [1]
[0m
2021-01-27 20:20:27,027 - Escolha qual script função rodar: HASHTAG OU POSTING

2021-01-27 20:20:41,884 - Bem-vindo!

2021-01-27 20:20:41,884 - Philosopher BOT por Caio Madeira e Rodrigo Carmo

2021-01-27 20:20:41,884 - [32mPara acessar o PhiloBot Manager digite [1]
[0m
2021-01-27 20:20:41,884 - Escolha qual script função rodar: HASHTAG OU POSTING

2021-01-27 20:20:50,436 - POSTS DEFINIDOS PARA A CADA 5 SEGUNDOS EM 'config.py'

2021-01-27 20:22:52,236 - Bem-vindo!

2021-01-27 20:22:52,237 - Philosopher BOT por Caio Madeira e Rodrigo Carmo

2021-01-27 20:22:52,237 - [32mPara acessar o PhiloBot Manager digite [1]
[0m
2021-01-27 20:22:52,237 - Escolha qual script função rodar: HASHTAG OU POSTING

2021-01-27 20:23:01,878 - Bem-vindo!

2021-01-27 20:23:01,879 - Philosopher BOT por Caio Madeira e Rodrigo Carmo

2021-01-27 20:23:01,879 - [32mPara acessar o PhiloBot Manager digite [1]
[0m
2021-01-27 20:23:01,879 - Escolha qual script função rodar: HASHTAG OU POSTING

2021-01-27 20:23:06,787 - POSTS DEFINIDOS PARA A CADA 5 SEGUNDOS EM 'config.py'

2021-01-27 20:25:47,652 - Bem-vindo!

2021-01-27 20:25:47,652 - Philosopher BOT por Caio Madeira e Rodrigo Carmo

2021-01-27 20:25:47,653 - [32mPara acessar o PhiloBot Manager digite [1]
[0m
2021-01-27 20:25:47,653 - Escolha qual script função rodar: HASHTAG OU POSTING

2021-01-27 20:25:56,055 - Bem-vindo!

2021-01-27 20:25:56,055 - Philosopher BOT por Caio Madeira e Rodrigo Carmo

2021-01-27 20:25:56,055 - [32mPara acessar o PhiloBot Manager digite [1]
[0m
2021-01-27 20:25:56,055 - Escolha qual script função rodar: HASHTAG OU POSTING

2021-01-27 20:26:02,499 - POSTS DEFINIDOS PARA A CADA 5 SEGUNDOS EM 'config.py'

2021-01-27 20:27:48,963 - Bem-vindo!

2021-01-27 20:27:48,963 - Philosopher BOT por Caio Madeira e Rodrigo Carmo

2021-01-27 20:27:48,963 - [32mPara acessar o PhiloBot Manager digite [1]
[0m
2021-01-27 20:27:48,963 - Escolha qual script função rodar: HASHTAG OU POSTING

2021-01-27 20:27:53,331 - POSTS DEFINIDOS PARA A CADA 5 SEGUNDOS EM 'config.py'

2021-01-27 20:28:28,846 - Bem-vindo!

2021-01-27 20:28:28,846 - Philosopher BOT por Caio Madeira e Rodrigo Carmo

2021-01-27 20:28:28,846 - [32mPara acessar o PhiloBot Manager digite [1]
[0m
2021-01-27 20:28:28,846 - Escolha qual script função rodar: HASHTAG OU POSTING

2021-01-27 20:28:33,411 - POSTS DEFINIDOS PARA A CADA 5 SEGUNDOS EM 'config.py'

2021-01-27 20:32:06,454 - Bem-vindo!

2021-01-27 20:32:06,454 - Philosopher BOT por Caio Madeira e Rodrigo Carmo

2021-01-27 20:32:06,454 - [32mPara acessar o PhiloBot Manager digite [1]
[0m
2021-01-27 20:32:06,454 - Escolha qual script função rodar: HASHTAG OU POSTING

2021-01-27 20:32:33,171 - POSTS DEFINIDOS PARA A CADA 5 SEGUNDOS EM 'config.py'

2021-01-27 20:33:01,540 - Bem-vindo!

2021-01-27 20:33:01,540 - Philosopher BOT por Caio Madeira e Rodrigo Carmo

2021-01-27 20:33:01,540 - [32mPara acessar o PhiloBot Manager digite [1]
[0m
2021-01-27 20:33:01,540 - Escolha qual script função rodar: HASHTAG OU POSTING

2021-01-27 20:34:06,332 - Bem-vindo!

2021-01-27 20:34:06,332 - Philosopher BOT por Caio Madeira e Rodrigo Carmo

2021-01-27 20:34:06,332 - [32mPara acessar o PhiloBot Manager digite [1]
[0m
2021-01-27 20:34:06,332 - Escolha qual script função rodar: HASHTAG OU POSTING

2021-01-27 20:34:10,867 - POSTS DEFINIDOS PARA A CADA 1 SEGUNDOS EM 'config.py'

2021-01-27 20:36:29,812 - Bem-vindo!

2021-01-27 20:36:29,812 - Philosopher BOT por Caio Madeira e Rodrigo Carmo

2021-01-27 20:36:29,812 - [32mPara acessar o PhiloBot Manager digite [1]
[0m
2021-01-27 20:36:29,812 - Escolha qual script função rodar: HASHTAG OU POSTING

2021-01-27 20:36:38,195 - POSTS DEFINIDOS PARA A CADA 1 SEGUNDOS EM 'config.py'

2021-01-27 20:41:18,468 - Bem-vindo!

2021-01-27 20:41:18,468 - Philosopher BOT por Caio Madeira e Rodrigo Carmo

2021-01-27 20:41:18,468 - [32mPara acessar o PhiloBot Manager digite [1]
[0m
2021-01-27 20:41:18,468 - Escolha qual script função rodar: HASHTAG OU POSTING

2021-01-27 20:41:24,339 - POSTS DEFINIDOS PARA A CADA 1 SEGUNDOS EM 'config.py'

2021-01-27 20:45:03,319 - Bem-vindo!

2021-01-27 20:45:03,319 - Philosopher BOT por Caio Madeira e Rodrigo Carmo

2021-01-27 20:45:03,319 - [32mPara acessar o PhiloBot Manager digite [1]
[0m
2021-01-27 20:45:03,319 - Escolha qual script função rodar: HASHTAG OU POSTING

2021-01-27 20:45:14,064 - Bem-vindo!

2021-01-27 20:45:14,064 - Philosopher BOT por Caio Madeira e Rodrigo Carmo

2021-01-27 20:45:14,064 - [32mPara acessar o PhiloBot Manager digite [1]
[0m
2021-01-27 20:45:14,064 - Escolha qual script função rodar: HASHTAG OU POSTING

2021-01-27 20:45:17,347 - POSTS DEFINIDOS PARA A CADA 1 SEGUNDOS EM 'config.py'

2021-01-27 20:50:29,542 - Bem-vindo!

2021-01-27 20:50:29,542 - Philosopher BOT por Caio Madeira e Rodrigo Carmo

2021-01-27 20:50:29,542 - [32mPara acessar o PhiloBot Manager digite [1]
[0m
2021-01-27 20:50:29,542 - Escolha qual script função rodar: HASHTAG OU POSTING

2021-01-27 20:50:34,115 - POSTS DEFINIDOS PARA A CADA 1 SEGUNDOS EM 'config.py'

2021-01-27 20:56:44,091 - Bem-vindo!

2021-01-27 20:56:44,091 - Philosopher BOT por Caio Madeira e Rodrigo Carmo

2021-01-27 20:56:44,092 - [32mPara acessar o PhiloBot Manager digite [1]
[0m
2021-01-27 20:56:44,092 - Escolha qual script função rodar: HASHTAG OU POSTING

2021-01-27 20:56:55,315 - POSTS DEFINIDOS PARA A CADA 1 SEGUNDOS EM 'config.py'

2021-01-27 20:59:27,990 - Bem-vindo!

2021-01-27 20:59:27,990 - Philosopher BOT por Caio Madeira e Rodrigo Carmo

2021-01-27 20:59:27,990 - [32mPara acessar o PhiloBot Manager digite [1]
[0m
2021-01-27 20:59:27,990 - Escolha qual script função rodar: HASHTAG OU POSTING

2021-01-27 20:59:34,006 - POSTS DEFINIDOS PARA A CADA 1 SEGUNDOS EM 'config.py'

