2021-09-03 17:17:08,305 - GENERAL --> Bem-vindo!

2021-09-03 17:17:08,306 - GENERAL --> Philosopher BOT por Caio Madeira e Rodrigo Carmo

2021-09-03 17:17:08,306 - GENERAL --> [32mPara acessar o PhiloBot Manager digite [1]
[0m
2021-09-03 17:17:08,306 - GENERAL --> Escolha qual script função rodar: HASHTAG OU POSTING

2021-09-03 17:17:08,309 - GENERAL --> Qual HASHTAG voce deseja iniciar?
2021-09-03 17:17:08,309 - GENERAL --> [ 1 ] - HASHTAG OFICIAL
2021-09-03 17:17:08,310 - GENERAL --> [ 2 ] - HASHTAG EXTENSION
2021-09-03 17:17:08,310 - GENERAL --> [ 3 ] - HASHTAG DE TESTE
2021-09-03 17:17:08,311 - GENERAL --> Diretório de arquivo temporário: C:\Users\rodri\AppData\Local\Temp\tmpvpjzlwwo
2021-09-03 17:17:08,311 - GENERAL --> HASHTAG TESTE ESCOLHIDA, INICIANDO #Testephilo e #Testemaker...

2021-09-03 17:17:24,115 - GENERAL --> Bem-vindo!

2021-09-03 17:17:24,116 - GENERAL --> Philosopher BOT por Caio Madeira e Rodrigo Carmo

2021-09-03 17:17:24,116 - GENERAL --> [32mPara acessar o PhiloBot Manager digite [1]
[0m
2021-09-03 17:17:24,116 - GENERAL --> Escolha qual script função rodar: HASHTAG OU POSTING

2021-09-03 17:17:24,117 - GENERAL --> Qual HASHTAG voce deseja iniciar?
2021-09-03 17:17:24,117 - GENERAL --> [ 1 ] - HASHTAG OFICIAL
2021-09-03 17:17:24,117 - GENERAL --> [ 2 ] - HASHTAG EXTENSION
2021-09-03 17:17:24,117 - GENERAL --> [ 3 ] - HASHTAG DE TESTE
2021-09-03 17:17:24,117 - GENERAL --> Diretório de arquivo temporário: C:\Users\rodri\AppData\Local\Temp\tmpww1c33gh
2021-09-03 17:17:24,118 - GENERAL --> HASHTAG TESTE ESCOLHIDA, INICIANDO #Testephilo e #Testemaker...

2021-09-03 17:19:49,082 - GENERAL --> Bem-vindo!

2021-09-03 17:19:49,082 - GENERAL --> Philosopher BOT por Caio Madeira e Rodrigo Carmo

2021-09-03 17:19:49,082 - GENERAL --> [32mPara acessar o PhiloBot Manager digite [1]
[0m
2021-09-03 17:19:49,082 - GENERAL --> Escolha qual script função rodar: HASHTAG OU POSTING

2021-09-03 17:19:49,085 - GENERAL --> Qual HASHTAG voce deseja iniciar?
2021-09-03 17:19:49,085 - GENERAL --> [ 1 ] - HASHTAG OFICIAL
2021-09-03 17:19:49,085 - GENERAL --> [ 2 ] - HASHTAG EXTENSION
2021-09-03 17:19:49,085 - GENERAL --> [ 3 ] - HASHTAG DE TESTE
2021-09-03 17:19:49,086 - GENERAL --> Diretório de arquivo temporário: C:\Users\rodri\AppData\Local\Temp\tmp1k3vqie8
2021-09-03 17:19:49,086 - GENERAL --> HASHTAG TESTE ESCOLHIDA, INICIANDO #Testephilo e #Testemaker...

