2021-09-01 19:57:31,177 - GENERAL --> Bem-vindo!

2021-09-01 19:57:31,178 - GENERAL --> Philosopher BOT por Caio Madeira e Rodrigo Carmo

2021-09-01 19:57:31,178 - GENERAL --> [32mPara acessar o PhiloBot Manager digite [1]
[0m
2021-09-01 19:57:31,178 - GENERAL --> Escolha qual script função rodar: HASHTAG OU POSTING

2021-09-01 19:57:36,716 - GENERAL --> Qual HASHTAG voce deseja iniciar?
2021-09-01 19:57:36,716 - GENERAL --> [ 1 ] - HASHTAG OFICIAL
2021-09-01 19:57:36,716 - GENERAL --> [ 2 ] - HASHTAG EXTENSION
2021-09-01 19:57:36,716 - GENERAL --> [ 3 ] - HASHTAG DE TESTE
2021-09-01 19:57:40,035 - GENERAL --> HASHTAG TESTE ESCOLHIDA, INICIANDO #Testephilo e #Testemaker...

2021-09-01 22:48:08,240 - GENERAL --> Bem-vindo!

2021-09-01 22:48:08,240 - GENERAL --> Philosopher BOT por Caio Madeira e Rodrigo Carmo

2021-09-01 22:48:08,240 - GENERAL --> [32mPara acessar o PhiloBot Manager digite [1]
[0m
2021-09-01 22:48:08,240 - GENERAL --> Escolha qual script função rodar: HASHTAG OU POSTING

2021-09-01 22:48:16,221 - GENERAL --> Qual HASHTAG voce deseja iniciar?
2021-09-01 22:48:16,221 - GENERAL --> [ 1 ] - HASHTAG OFICIAL
2021-09-01 22:48:16,222 - GENERAL --> [ 2 ] - HASHTAG EXTENSION
2021-09-01 22:48:16,222 - GENERAL --> [ 3 ] - HASHTAG DE TESTE
2021-09-01 22:48:21,209 - GENERAL --> HASHTAG TESTE ESCOLHIDA, INICIANDO #Testephilo e #Testemaker...

2021-09-01 22:50:18,786 - GENERAL --> Bem-vindo!

2021-09-01 22:50:18,786 - GENERAL --> Philosopher BOT por Caio Madeira e Rodrigo Carmo

2021-09-01 22:50:18,786 - GENERAL --> [32mPara acessar o PhiloBot Manager digite [1]
[0m
2021-09-01 22:50:18,786 - GENERAL --> Escolha qual script função rodar: HASHTAG OU POSTING

2021-09-01 22:50:23,959 - GENERAL --> Qual HASHTAG voce deseja iniciar?
2021-09-01 22:50:23,959 - GENERAL --> [ 1 ] - HASHTAG OFICIAL
2021-09-01 22:50:23,959 - GENERAL --> [ 2 ] - HASHTAG EXTENSION
2021-09-01 22:50:23,959 - GENERAL --> [ 3 ] - HASHTAG DE TESTE
2021-09-01 22:50:33,001 - GENERAL --> HASHTAG TESTE ESCOLHIDA, INICIANDO #Testephilo e #Testemaker...

2021-09-01 22:52:02,132 - GENERAL --> Bem-vindo!

2021-09-01 22:52:02,132 - GENERAL --> Philosopher BOT por Caio Madeira e Rodrigo Carmo

2021-09-01 22:52:02,132 - GENERAL --> [32mPara acessar o PhiloBot Manager digite [1]
[0m
2021-09-01 22:52:02,132 - GENERAL --> Escolha qual script função rodar: HASHTAG OU POSTING

2021-09-01 22:52:07,507 - GENERAL --> Qual HASHTAG voce deseja iniciar?
2021-09-01 22:52:07,507 - GENERAL --> [ 1 ] - HASHTAG OFICIAL
2021-09-01 22:52:07,507 - GENERAL --> [ 2 ] - HASHTAG EXTENSION
2021-09-01 22:52:07,507 - GENERAL --> [ 3 ] - HASHTAG DE TESTE
2021-09-01 22:52:09,105 - GENERAL --> HASHTAG TESTE ESCOLHIDA, INICIANDO #Testephilo e #Testemaker...

2021-09-01 22:52:50,189 - GENERAL --> Bem-vindo!

2021-09-01 22:52:50,189 - GENERAL --> Philosopher BOT por Caio Madeira e Rodrigo Carmo

2021-09-01 22:52:50,189 - GENERAL --> [32mPara acessar o PhiloBot Manager digite [1]
[0m
2021-09-01 22:52:50,189 - GENERAL --> Escolha qual script função rodar: HASHTAG OU POSTING

2021-09-01 22:52:52,523 - GENERAL --> Qual HASHTAG voce deseja iniciar?
2021-09-01 22:52:52,523 - GENERAL --> [ 1 ] - HASHTAG OFICIAL
2021-09-01 22:52:52,523 - GENERAL --> [ 2 ] - HASHTAG EXTENSION
2021-09-01 22:52:52,523 - GENERAL --> [ 3 ] - HASHTAG DE TESTE
2021-09-01 22:52:53,961 - GENERAL --> HASHTAG TESTE ESCOLHIDA, INICIANDO #Testephilo e #Testemaker...

2021-09-01 22:53:45,700 - GENERAL --> Bem-vindo!

2021-09-01 22:53:45,700 - GENERAL --> Philosopher BOT por Caio Madeira e Rodrigo Carmo

2021-09-01 22:53:45,700 - GENERAL --> [32mPara acessar o PhiloBot Manager digite [1]
[0m
2021-09-01 22:53:45,700 - GENERAL --> Escolha qual script função rodar: HASHTAG OU POSTING

2021-09-01 22:53:48,946 - GENERAL --> Qual HASHTAG voce deseja iniciar?
2021-09-01 22:53:48,946 - GENERAL --> [ 1 ] - HASHTAG OFICIAL
2021-09-01 22:53:48,947 - GENERAL --> [ 2 ] - HASHTAG EXTENSION
2021-09-01 22:53:48,947 - GENERAL --> [ 3 ] - HASHTAG DE TESTE
2021-09-01 22:53:50,129 - GENERAL --> HASHTAG TESTE ESCOLHIDA, INICIANDO #Testephilo e #Testemaker...

2021-09-01 22:55:08,487 - GENERAL --> Bem-vindo!

2021-09-01 22:55:08,487 - GENERAL --> Philosopher BOT por Caio Madeira e Rodrigo Carmo

2021-09-01 22:55:08,487 - GENERAL --> [32mPara acessar o PhiloBot Manager digite [1]
[0m
2021-09-01 22:55:08,487 - GENERAL --> Escolha qual script função rodar: HASHTAG OU POSTING

2021-09-01 22:55:11,331 - GENERAL --> Qual HASHTAG voce deseja iniciar?
2021-09-01 22:55:11,331 - GENERAL --> [ 1 ] - HASHTAG OFICIAL
2021-09-01 22:55:11,331 - GENERAL --> [ 2 ] - HASHTAG EXTENSION
2021-09-01 22:55:11,331 - GENERAL --> [ 3 ] - HASHTAG DE TESTE
2021-09-01 22:55:12,237 - GENERAL --> HASHTAG TESTE ESCOLHIDA, INICIANDO #Testephilo e #Testemaker...

2021-09-01 22:55:33,084 - GENERAL --> Bem-vindo!

2021-09-01 22:55:33,084 - GENERAL --> Philosopher BOT por Caio Madeira e Rodrigo Carmo

2021-09-01 22:55:33,084 - GENERAL --> [32mPara acessar o PhiloBot Manager digite [1]
[0m
2021-09-01 22:55:33,084 - GENERAL --> Escolha qual script função rodar: HASHTAG OU POSTING

2021-09-01 22:55:35,623 - GENERAL --> Qual HASHTAG voce deseja iniciar?
2021-09-01 22:55:35,623 - GENERAL --> [ 1 ] - HASHTAG OFICIAL
2021-09-01 22:55:35,623 - GENERAL --> [ 2 ] - HASHTAG EXTENSION
2021-09-01 22:55:35,623 - GENERAL --> [ 3 ] - HASHTAG DE TESTE
2021-09-01 22:55:36,608 - GENERAL --> HASHTAG TESTE ESCOLHIDA, INICIANDO #Testephilo e #Testemaker...

2021-09-01 22:55:53,886 - GENERAL --> Bem-vindo!

2021-09-01 22:55:53,886 - GENERAL --> Philosopher BOT por Caio Madeira e Rodrigo Carmo

2021-09-01 22:55:53,886 - GENERAL --> [32mPara acessar o PhiloBot Manager digite [1]
[0m
2021-09-01 22:55:53,886 - GENERAL --> Escolha qual script função rodar: HASHTAG OU POSTING

2021-09-01 22:55:56,575 - GENERAL --> Qual HASHTAG voce deseja iniciar?
2021-09-01 22:55:56,575 - GENERAL --> [ 1 ] - HASHTAG OFICIAL
2021-09-01 22:55:56,575 - GENERAL --> [ 2 ] - HASHTAG EXTENSION
2021-09-01 22:55:56,575 - GENERAL --> [ 3 ] - HASHTAG DE TESTE
2021-09-01 22:55:57,481 - GENERAL --> HASHTAG TESTE ESCOLHIDA, INICIANDO #Testephilo e #Testemaker...

2021-09-01 22:56:42,843 - GENERAL --> Bem-vindo!

2021-09-01 22:56:42,843 - GENERAL --> Philosopher BOT por Caio Madeira e Rodrigo Carmo

2021-09-01 22:56:42,843 - GENERAL --> [32mPara acessar o PhiloBot Manager digite [1]
[0m
2021-09-01 22:56:42,843 - GENERAL --> Escolha qual script função rodar: HASHTAG OU POSTING

2021-09-01 22:56:49,932 - GENERAL --> Bem-vindo!

2021-09-01 22:56:49,933 - GENERAL --> Philosopher BOT por Caio Madeira e Rodrigo Carmo

2021-09-01 22:56:49,933 - GENERAL --> [32mPara acessar o PhiloBot Manager digite [1]
[0m
2021-09-01 22:56:49,933 - GENERAL --> Escolha qual script função rodar: HASHTAG OU POSTING

2021-09-01 22:56:54,779 - GENERAL --> Qual HASHTAG voce deseja iniciar?
2021-09-01 22:56:54,779 - GENERAL --> [ 1 ] - HASHTAG OFICIAL
2021-09-01 22:56:54,779 - GENERAL --> [ 2 ] - HASHTAG EXTENSION
2021-09-01 22:56:54,779 - GENERAL --> [ 3 ] - HASHTAG DE TESTE
2021-09-01 22:56:55,781 - GENERAL --> HASHTAG TESTE ESCOLHIDA, INICIANDO #Testephilo e #Testemaker...

2021-09-01 22:57:27,428 - GENERAL --> Bem-vindo!

2021-09-01 22:57:27,428 - GENERAL --> Philosopher BOT por Caio Madeira e Rodrigo Carmo

2021-09-01 22:57:27,428 - GENERAL --> [32mPara acessar o PhiloBot Manager digite [1]
[0m
2021-09-01 22:57:27,428 - GENERAL --> Escolha qual script função rodar: HASHTAG OU POSTING

2021-09-01 22:57:30,023 - GENERAL --> Qual HASHTAG voce deseja iniciar?
2021-09-01 22:57:30,024 - GENERAL --> [ 1 ] - HASHTAG OFICIAL
2021-09-01 22:57:30,024 - GENERAL --> [ 2 ] - HASHTAG EXTENSION
2021-09-01 22:57:30,024 - GENERAL --> [ 3 ] - HASHTAG DE TESTE
2021-09-01 22:57:30,868 - GENERAL --> HASHTAG TESTE ESCOLHIDA, INICIANDO #Testephilo e #Testemaker...

2021-09-01 22:59:20,579 - GENERAL --> Bem-vindo!

2021-09-01 22:59:20,579 - GENERAL --> Philosopher BOT por Caio Madeira e Rodrigo Carmo

2021-09-01 22:59:20,580 - GENERAL --> [32mPara acessar o PhiloBot Manager digite [1]
[0m
2021-09-01 22:59:20,580 - GENERAL --> Escolha qual script função rodar: HASHTAG OU POSTING

2021-09-01 22:59:20,583 - GENERAL --> Qual HASHTAG voce deseja iniciar?
2021-09-01 22:59:20,583 - GENERAL --> [ 1 ] - HASHTAG OFICIAL
2021-09-01 22:59:20,583 - GENERAL --> [ 2 ] - HASHTAG EXTENSION
2021-09-01 22:59:20,583 - GENERAL --> [ 3 ] - HASHTAG DE TESTE
2021-09-01 22:59:20,583 - GENERAL --> OPÇÃO INVÁLIDA
2021-09-01 22:59:29,001 - GENERAL --> Bem-vindo!

2021-09-01 22:59:29,001 - GENERAL --> Philosopher BOT por Caio Madeira e Rodrigo Carmo

2021-09-01 22:59:29,001 - GENERAL --> [32mPara acessar o PhiloBot Manager digite [1]
[0m
2021-09-01 22:59:29,002 - GENERAL --> Escolha qual script função rodar: HASHTAG OU POSTING

2021-09-01 22:59:29,003 - GENERAL --> Qual HASHTAG voce deseja iniciar?
2021-09-01 22:59:29,003 - GENERAL --> [ 1 ] - HASHTAG OFICIAL
2021-09-01 22:59:29,003 - GENERAL --> [ 2 ] - HASHTAG EXTENSION
2021-09-01 22:59:29,003 - GENERAL --> [ 3 ] - HASHTAG DE TESTE
2021-09-01 22:59:29,003 - GENERAL --> HASHTAG TESTE ESCOLHIDA, INICIANDO #Testephilo e #Testemaker...

2021-09-01 22:59:38,725 - GENERAL --> Bem-vindo!

2021-09-01 22:59:38,725 - GENERAL --> Philosopher BOT por Caio Madeira e Rodrigo Carmo

2021-09-01 22:59:38,725 - GENERAL --> [32mPara acessar o PhiloBot Manager digite [1]
[0m
2021-09-01 22:59:38,725 - GENERAL --> Escolha qual script função rodar: HASHTAG OU POSTING

2021-09-01 22:59:38,726 - GENERAL --> Qual HASHTAG voce deseja iniciar?
2021-09-01 22:59:38,726 - GENERAL --> [ 1 ] - HASHTAG OFICIAL
2021-09-01 22:59:38,726 - GENERAL --> [ 2 ] - HASHTAG EXTENSION
2021-09-01 22:59:38,726 - GENERAL --> [ 3 ] - HASHTAG DE TESTE
2021-09-01 22:59:38,726 - GENERAL --> HASHTAG TESTE ESCOLHIDA, INICIANDO #Testephilo e #Testemaker...

2021-09-01 22:59:54,262 - GENERAL --> Bem-vindo!

2021-09-01 22:59:54,263 - GENERAL --> Philosopher BOT por Caio Madeira e Rodrigo Carmo

2021-09-01 22:59:54,263 - GENERAL --> [32mPara acessar o PhiloBot Manager digite [1]
[0m
2021-09-01 22:59:54,263 - GENERAL --> Escolha qual script função rodar: HASHTAG OU POSTING

2021-09-01 22:59:54,264 - GENERAL --> Qual HASHTAG voce deseja iniciar?
2021-09-01 22:59:54,264 - GENERAL --> [ 1 ] - HASHTAG OFICIAL
2021-09-01 22:59:54,264 - GENERAL --> [ 2 ] - HASHTAG EXTENSION
2021-09-01 22:59:54,264 - GENERAL --> [ 3 ] - HASHTAG DE TESTE
2021-09-01 22:59:54,264 - GENERAL --> HASHTAG TESTE ESCOLHIDA, INICIANDO #Testephilo e #Testemaker...

2021-09-01 23:00:14,088 - GENERAL --> Bem-vindo!

2021-09-01 23:00:14,088 - GENERAL --> Philosopher BOT por Caio Madeira e Rodrigo Carmo

2021-09-01 23:00:14,088 - GENERAL --> [32mPara acessar o PhiloBot Manager digite [1]
[0m
2021-09-01 23:00:14,088 - GENERAL --> Escolha qual script função rodar: HASHTAG OU POSTING

2021-09-01 23:00:14,089 - GENERAL --> Qual HASHTAG voce deseja iniciar?
2021-09-01 23:00:14,089 - GENERAL --> [ 1 ] - HASHTAG OFICIAL
2021-09-01 23:00:14,089 - GENERAL --> [ 2 ] - HASHTAG EXTENSION
2021-09-01 23:00:14,089 - GENERAL --> [ 3 ] - HASHTAG DE TESTE
2021-09-01 23:00:14,090 - GENERAL --> HASHTAG TESTE ESCOLHIDA, INICIANDO #Testephilo e #Testemaker...

2021-09-01 23:01:01,832 - GENERAL --> Bem-vindo!

2021-09-01 23:01:01,832 - GENERAL --> Philosopher BOT por Caio Madeira e Rodrigo Carmo

2021-09-01 23:01:01,833 - GENERAL --> [32mPara acessar o PhiloBot Manager digite [1]
[0m
2021-09-01 23:01:01,833 - GENERAL --> Escolha qual script função rodar: HASHTAG OU POSTING

2021-09-01 23:01:04,723 - GENERAL --> Qual HASHTAG voce deseja iniciar?
2021-09-01 23:01:04,724 - GENERAL --> [ 1 ] - HASHTAG OFICIAL
2021-09-01 23:01:04,724 - GENERAL --> [ 2 ] - HASHTAG EXTENSION
2021-09-01 23:01:04,724 - GENERAL --> [ 3 ] - HASHTAG DE TESTE
2021-09-01 23:01:05,755 - GENERAL --> HASHTAG TESTE ESCOLHIDA, INICIANDO #Testephilo e #Testemaker...

2021-09-01 23:02:11,485 - GENERAL --> Bem-vindo!

2021-09-01 23:02:11,485 - GENERAL --> Philosopher BOT por Caio Madeira e Rodrigo Carmo

2021-09-01 23:02:11,485 - GENERAL --> [32mPara acessar o PhiloBot Manager digite [1]
[0m
2021-09-01 23:02:11,485 - GENERAL --> Escolha qual script função rodar: HASHTAG OU POSTING

2021-09-01 23:02:34,874 - GENERAL --> Bem-vindo!

2021-09-01 23:02:34,874 - GENERAL --> Philosopher BOT por Caio Madeira e Rodrigo Carmo

2021-09-01 23:02:34,874 - GENERAL --> [32mPara acessar o PhiloBot Manager digite [1]
[0m
2021-09-01 23:02:34,874 - GENERAL --> Escolha qual script função rodar: HASHTAG OU POSTING

2021-09-01 23:02:34,877 - GENERAL --> Qual HASHTAG voce deseja iniciar?
2021-09-01 23:02:34,877 - GENERAL --> [ 1 ] - HASHTAG OFICIAL
2021-09-01 23:02:34,877 - GENERAL --> [ 2 ] - HASHTAG EXTENSION
2021-09-01 23:02:34,877 - GENERAL --> [ 3 ] - HASHTAG DE TESTE
2021-09-01 23:02:34,878 - GENERAL --> HASHTAG TESTE ESCOLHIDA, INICIANDO #Testephilo e #Testemaker...

2021-09-01 23:03:20,412 - GENERAL --> Bem-vindo!

2021-09-01 23:03:20,412 - GENERAL --> Philosopher BOT por Caio Madeira e Rodrigo Carmo

2021-09-01 23:03:20,412 - GENERAL --> [32mPara acessar o PhiloBot Manager digite [1]
[0m
2021-09-01 23:03:20,412 - GENERAL --> Escolha qual script função rodar: HASHTAG OU POSTING

2021-09-01 23:03:20,415 - GENERAL --> Qual HASHTAG voce deseja iniciar?
2021-09-01 23:03:20,416 - GENERAL --> [ 1 ] - HASHTAG OFICIAL
2021-09-01 23:03:20,416 - GENERAL --> [ 2 ] - HASHTAG EXTENSION
2021-09-01 23:03:20,416 - GENERAL --> [ 3 ] - HASHTAG DE TESTE
2021-09-01 23:03:20,416 - GENERAL --> HASHTAG TESTE ESCOLHIDA, INICIANDO #Testephilo e #Testemaker...

2021-09-01 23:04:51,149 - GENERAL --> Bem-vindo!

2021-09-01 23:04:51,149 - GENERAL --> Philosopher BOT por Caio Madeira e Rodrigo Carmo

2021-09-01 23:04:51,149 - GENERAL --> [32mPara acessar o PhiloBot Manager digite [1]
[0m
2021-09-01 23:04:51,149 - GENERAL --> Escolha qual script função rodar: HASHTAG OU POSTING

2021-09-01 23:04:51,150 - GENERAL --> Qual HASHTAG voce deseja iniciar?
2021-09-01 23:04:51,150 - GENERAL --> [ 1 ] - HASHTAG OFICIAL
2021-09-01 23:04:51,150 - GENERAL --> [ 2 ] - HASHTAG EXTENSION
2021-09-01 23:04:51,151 - GENERAL --> [ 3 ] - HASHTAG DE TESTE
2021-09-01 23:04:51,151 - GENERAL --> HASHTAG TESTE ESCOLHIDA, INICIANDO #Testephilo e #Testemaker...

2021-09-01 23:14:13,310 - GENERAL --> Bem-vindo!

2021-09-01 23:14:13,310 - GENERAL --> Philosopher BOT por Caio Madeira e Rodrigo Carmo

2021-09-01 23:14:13,310 - GENERAL --> [32mPara acessar o PhiloBot Manager digite [1]
[0m
2021-09-01 23:14:13,310 - GENERAL --> Escolha qual script função rodar: HASHTAG OU POSTING

2021-09-01 23:14:13,312 - GENERAL --> Qual HASHTAG voce deseja iniciar?
2021-09-01 23:14:13,313 - GENERAL --> [ 1 ] - HASHTAG OFICIAL
2021-09-01 23:14:13,313 - GENERAL --> [ 2 ] - HASHTAG EXTENSION
2021-09-01 23:14:13,313 - GENERAL --> [ 3 ] - HASHTAG DE TESTE
2021-09-01 23:14:13,313 - GENERAL --> HASHTAG TESTE ESCOLHIDA, INICIANDO #Testephilo e #Testemaker...

2021-09-01 23:14:21,319 - GENERAL --> Bem-vindo!

2021-09-01 23:14:21,319 - GENERAL --> Philosopher BOT por Caio Madeira e Rodrigo Carmo

2021-09-01 23:14:21,319 - GENERAL --> [32mPara acessar o PhiloBot Manager digite [1]
[0m
2021-09-01 23:14:21,319 - GENERAL --> Escolha qual script função rodar: HASHTAG OU POSTING

2021-09-01 23:14:21,320 - GENERAL --> Qual HASHTAG voce deseja iniciar?
2021-09-01 23:14:21,320 - GENERAL --> [ 1 ] - HASHTAG OFICIAL
2021-09-01 23:14:21,320 - GENERAL --> [ 2 ] - HASHTAG EXTENSION
2021-09-01 23:14:21,320 - GENERAL --> [ 3 ] - HASHTAG DE TESTE
2021-09-01 23:14:21,320 - GENERAL --> HASHTAG TESTE ESCOLHIDA, INICIANDO #Testephilo e #Testemaker...

2021-09-01 23:15:56,434 - GENERAL --> Bem-vindo!

2021-09-01 23:15:56,434 - GENERAL --> Philosopher BOT por Caio Madeira e Rodrigo Carmo

2021-09-01 23:15:56,434 - GENERAL --> [32mPara acessar o PhiloBot Manager digite [1]
[0m
2021-09-01 23:15:56,434 - GENERAL --> Escolha qual script função rodar: HASHTAG OU POSTING

2021-09-01 23:15:56,435 - GENERAL --> Qual HASHTAG voce deseja iniciar?
2021-09-01 23:15:56,435 - GENERAL --> [ 1 ] - HASHTAG OFICIAL
2021-09-01 23:15:56,435 - GENERAL --> [ 2 ] - HASHTAG EXTENSION
2021-09-01 23:15:56,435 - GENERAL --> [ 3 ] - HASHTAG DE TESTE
2021-09-01 23:15:56,435 - GENERAL --> HASHTAG TESTE ESCOLHIDA, INICIANDO #Testephilo e #Testemaker...

2021-09-01 23:16:52,978 - GENERAL --> Bem-vindo!

2021-09-01 23:16:52,978 - GENERAL --> Philosopher BOT por Caio Madeira e Rodrigo Carmo

2021-09-01 23:16:52,978 - GENERAL --> [32mPara acessar o PhiloBot Manager digite [1]
[0m
2021-09-01 23:16:52,978 - GENERAL --> Escolha qual script função rodar: HASHTAG OU POSTING

2021-09-01 23:16:52,979 - GENERAL --> Qual HASHTAG voce deseja iniciar?
2021-09-01 23:16:52,979 - GENERAL --> [ 1 ] - HASHTAG OFICIAL
2021-09-01 23:16:52,979 - GENERAL --> [ 2 ] - HASHTAG EXTENSION
2021-09-01 23:16:52,979 - GENERAL --> [ 3 ] - HASHTAG DE TESTE
2021-09-01 23:16:52,979 - GENERAL --> HASHTAG TESTE ESCOLHIDA, INICIANDO #Testephilo e #Testemaker...

2021-09-01 23:19:06,409 - GENERAL --> Bem-vindo!

2021-09-01 23:19:06,410 - GENERAL --> Philosopher BOT por Caio Madeira e Rodrigo Carmo

2021-09-01 23:19:06,410 - GENERAL --> [32mPara acessar o PhiloBot Manager digite [1]
[0m
2021-09-01 23:19:06,410 - GENERAL --> Escolha qual script função rodar: HASHTAG OU POSTING

2021-09-01 23:19:06,413 - GENERAL --> Qual HASHTAG voce deseja iniciar?
2021-09-01 23:19:06,413 - GENERAL --> [ 1 ] - HASHTAG OFICIAL
2021-09-01 23:19:06,413 - GENERAL --> [ 2 ] - HASHTAG EXTENSION
2021-09-01 23:19:06,413 - GENERAL --> [ 3 ] - HASHTAG DE TESTE
2021-09-01 23:19:06,413 - GENERAL --> HASHTAG TESTE ESCOLHIDA, INICIANDO #Testephilo e #Testemaker...

2021-09-01 23:23:48,688 - GENERAL --> Bem-vindo!

2021-09-01 23:23:48,688 - GENERAL --> Philosopher BOT por Caio Madeira e Rodrigo Carmo

2021-09-01 23:23:48,688 - GENERAL --> [32mPara acessar o PhiloBot Manager digite [1]
[0m
2021-09-01 23:23:48,688 - GENERAL --> Escolha qual script função rodar: HASHTAG OU POSTING

2021-09-01 23:23:48,691 - GENERAL --> Qual HASHTAG voce deseja iniciar?
2021-09-01 23:23:48,691 - GENERAL --> [ 1 ] - HASHTAG OFICIAL
2021-09-01 23:23:48,691 - GENERAL --> [ 2 ] - HASHTAG EXTENSION
2021-09-01 23:23:48,692 - GENERAL --> [ 3 ] - HASHTAG DE TESTE
2021-09-01 23:23:48,692 - GENERAL --> HASHTAG TESTE ESCOLHIDA, INICIANDO #Testephilo e #Testemaker...

2021-09-01 23:24:59,785 - GENERAL --> Bem-vindo!

2021-09-01 23:24:59,785 - GENERAL --> Philosopher BOT por Caio Madeira e Rodrigo Carmo

2021-09-01 23:24:59,785 - GENERAL --> [32mPara acessar o PhiloBot Manager digite [1]
[0m
2021-09-01 23:24:59,785 - GENERAL --> Escolha qual script função rodar: HASHTAG OU POSTING

2021-09-01 23:24:59,786 - GENERAL --> Qual HASHTAG voce deseja iniciar?
2021-09-01 23:24:59,786 - GENERAL --> [ 1 ] - HASHTAG OFICIAL
2021-09-01 23:24:59,787 - GENERAL --> [ 2 ] - HASHTAG EXTENSION
2021-09-01 23:24:59,787 - GENERAL --> [ 3 ] - HASHTAG DE TESTE
2021-09-01 23:24:59,787 - GENERAL --> HASHTAG TESTE ESCOLHIDA, INICIANDO #Testephilo e #Testemaker...

2021-09-01 23:26:39,533 - GENERAL --> Bem-vindo!

2021-09-01 23:26:39,534 - GENERAL --> Philosopher BOT por Caio Madeira e Rodrigo Carmo

2021-09-01 23:26:39,534 - GENERAL --> [32mPara acessar o PhiloBot Manager digite [1]
[0m
2021-09-01 23:26:39,534 - GENERAL --> Escolha qual script função rodar: HASHTAG OU POSTING

2021-09-01 23:26:39,535 - GENERAL --> Qual HASHTAG voce deseja iniciar?
2021-09-01 23:26:39,535 - GENERAL --> [ 1 ] - HASHTAG OFICIAL
2021-09-01 23:26:39,535 - GENERAL --> [ 2 ] - HASHTAG EXTENSION
2021-09-01 23:26:39,535 - GENERAL --> [ 3 ] - HASHTAG DE TESTE
2021-09-01 23:26:39,535 - GENERAL --> HASHTAG TESTE ESCOLHIDA, INICIANDO #Testephilo e #Testemaker...

2021-09-01 23:33:48,822 - GENERAL --> Bem-vindo!

2021-09-01 23:33:48,822 - GENERAL --> Philosopher BOT por Caio Madeira e Rodrigo Carmo

2021-09-01 23:33:48,822 - GENERAL --> [32mPara acessar o PhiloBot Manager digite [1]
[0m
2021-09-01 23:33:48,822 - GENERAL --> Escolha qual script função rodar: HASHTAG OU POSTING

2021-09-01 23:33:48,825 - GENERAL --> Qual HASHTAG voce deseja iniciar?
2021-09-01 23:33:48,825 - GENERAL --> [ 1 ] - HASHTAG OFICIAL
2021-09-01 23:33:48,825 - GENERAL --> [ 2 ] - HASHTAG EXTENSION
2021-09-01 23:33:48,825 - GENERAL --> [ 3 ] - HASHTAG DE TESTE
2021-09-01 23:33:48,825 - GENERAL --> HASHTAG TESTE ESCOLHIDA, INICIANDO #Testephilo e #Testemaker...

2021-09-01 23:34:11,825 - GENERAL --> Bem-vindo!

2021-09-01 23:34:11,825 - GENERAL --> Philosopher BOT por Caio Madeira e Rodrigo Carmo

2021-09-01 23:34:11,825 - GENERAL --> [32mPara acessar o PhiloBot Manager digite [1]
[0m
2021-09-01 23:34:11,825 - GENERAL --> Escolha qual script função rodar: HASHTAG OU POSTING

2021-09-01 23:34:11,826 - GENERAL --> Qual HASHTAG voce deseja iniciar?
2021-09-01 23:34:11,826 - GENERAL --> [ 1 ] - HASHTAG OFICIAL
2021-09-01 23:34:11,826 - GENERAL --> [ 2 ] - HASHTAG EXTENSION
2021-09-01 23:34:11,826 - GENERAL --> [ 3 ] - HASHTAG DE TESTE
2021-09-01 23:34:11,827 - GENERAL --> HASHTAG TESTE ESCOLHIDA, INICIANDO #Testephilo e #Testemaker...

2021-09-01 23:35:24,490 - GENERAL --> Bem-vindo!

2021-09-01 23:35:24,490 - GENERAL --> Philosopher BOT por Caio Madeira e Rodrigo Carmo

2021-09-01 23:35:24,490 - GENERAL --> [32mPara acessar o PhiloBot Manager digite [1]
[0m
2021-09-01 23:35:24,490 - GENERAL --> Escolha qual script função rodar: HASHTAG OU POSTING

2021-09-01 23:35:24,493 - GENERAL --> Qual HASHTAG voce deseja iniciar?
2021-09-01 23:35:24,493 - GENERAL --> [ 1 ] - HASHTAG OFICIAL
2021-09-01 23:35:24,493 - GENERAL --> [ 2 ] - HASHTAG EXTENSION
2021-09-01 23:35:24,493 - GENERAL --> [ 3 ] - HASHTAG DE TESTE
2021-09-01 23:35:24,493 - GENERAL --> HASHTAG TESTE ESCOLHIDA, INICIANDO #Testephilo e #Testemaker...

2021-09-01 23:37:07,497 - GENERAL --> Bem-vindo!

2021-09-01 23:37:07,497 - GENERAL --> Philosopher BOT por Caio Madeira e Rodrigo Carmo

2021-09-01 23:37:07,497 - GENERAL --> [32mPara acessar o PhiloBot Manager digite [1]
[0m
2021-09-01 23:37:07,497 - GENERAL --> Escolha qual script função rodar: HASHTAG OU POSTING

2021-09-01 23:37:07,501 - GENERAL --> Qual HASHTAG voce deseja iniciar?
2021-09-01 23:37:07,501 - GENERAL --> [ 1 ] - HASHTAG OFICIAL
2021-09-01 23:37:07,501 - GENERAL --> [ 2 ] - HASHTAG EXTENSION
2021-09-01 23:37:07,501 - GENERAL --> [ 3 ] - HASHTAG DE TESTE
2021-09-01 23:37:07,501 - GENERAL --> HASHTAG TESTE ESCOLHIDA, INICIANDO #Testephilo e #Testemaker...

2021-09-01 23:38:01,939 - GENERAL --> Bem-vindo!

2021-09-01 23:38:01,939 - GENERAL --> Philosopher BOT por Caio Madeira e Rodrigo Carmo

2021-09-01 23:38:01,939 - GENERAL --> [32mPara acessar o PhiloBot Manager digite [1]
[0m
2021-09-01 23:38:01,939 - GENERAL --> Escolha qual script função rodar: HASHTAG OU POSTING

2021-09-01 23:38:01,940 - GENERAL --> Qual HASHTAG voce deseja iniciar?
2021-09-01 23:38:01,940 - GENERAL --> [ 1 ] - HASHTAG OFICIAL
2021-09-01 23:38:01,940 - GENERAL --> [ 2 ] - HASHTAG EXTENSION
2021-09-01 23:38:01,940 - GENERAL --> [ 3 ] - HASHTAG DE TESTE
2021-09-01 23:38:01,940 - GENERAL --> HASHTAG TESTE ESCOLHIDA, INICIANDO #Testephilo e #Testemaker...

2021-09-01 23:42:24,210 - GENERAL --> Bem-vindo!

2021-09-01 23:42:24,211 - GENERAL --> Philosopher BOT por Caio Madeira e Rodrigo Carmo

2021-09-01 23:42:24,211 - GENERAL --> [32mPara acessar o PhiloBot Manager digite [1]
[0m
2021-09-01 23:42:24,211 - GENERAL --> Escolha qual script função rodar: HASHTAG OU POSTING

2021-09-01 23:42:24,212 - GENERAL --> Qual HASHTAG voce deseja iniciar?
2021-09-01 23:42:24,212 - GENERAL --> [ 1 ] - HASHTAG OFICIAL
2021-09-01 23:42:24,212 - GENERAL --> [ 2 ] - HASHTAG EXTENSION
2021-09-01 23:42:24,212 - GENERAL --> [ 3 ] - HASHTAG DE TESTE
2021-09-01 23:42:24,212 - GENERAL --> HASHTAG TESTE ESCOLHIDA, INICIANDO #Testephilo e #Testemaker...

2021-09-01 23:44:37,742 - GENERAL --> Bem-vindo!

2021-09-01 23:44:37,742 - GENERAL --> Philosopher BOT por Caio Madeira e Rodrigo Carmo

2021-09-01 23:44:37,742 - GENERAL --> [32mPara acessar o PhiloBot Manager digite [1]
[0m
2021-09-01 23:44:37,742 - GENERAL --> Escolha qual script função rodar: HASHTAG OU POSTING

2021-09-01 23:44:37,743 - GENERAL --> Qual HASHTAG voce deseja iniciar?
2021-09-01 23:44:37,744 - GENERAL --> [ 1 ] - HASHTAG OFICIAL
2021-09-01 23:44:37,744 - GENERAL --> [ 2 ] - HASHTAG EXTENSION
2021-09-01 23:44:37,744 - GENERAL --> [ 3 ] - HASHTAG DE TESTE
2021-09-01 23:44:37,744 - GENERAL --> HASHTAG TESTE ESCOLHIDA, INICIANDO #Testephilo e #Testemaker...

2021-09-01 23:53:17,533 - GENERAL --> Bem-vindo!

2021-09-01 23:53:17,533 - GENERAL --> Philosopher BOT por Caio Madeira e Rodrigo Carmo

2021-09-01 23:53:17,533 - GENERAL --> [32mPara acessar o PhiloBot Manager digite [1]
[0m
2021-09-01 23:53:17,533 - GENERAL --> Escolha qual script função rodar: HASHTAG OU POSTING

2021-09-01 23:53:17,535 - GENERAL --> Qual HASHTAG voce deseja iniciar?
2021-09-01 23:53:17,535 - GENERAL --> [ 1 ] - HASHTAG OFICIAL
2021-09-01 23:53:17,535 - GENERAL --> [ 2 ] - HASHTAG EXTENSION
2021-09-01 23:53:17,535 - GENERAL --> [ 3 ] - HASHTAG DE TESTE
2021-09-01 23:53:17,535 - GENERAL --> HASHTAG TESTE ESCOLHIDA, INICIANDO #Testephilo e #Testemaker...

2021-09-01 23:54:00,157 - GENERAL --> Bem-vindo!

2021-09-01 23:54:00,157 - GENERAL --> Philosopher BOT por Caio Madeira e Rodrigo Carmo

2021-09-01 23:54:00,158 - GENERAL --> [32mPara acessar o PhiloBot Manager digite [1]
[0m
2021-09-01 23:54:00,158 - GENERAL --> Escolha qual script função rodar: HASHTAG OU POSTING

2021-09-01 23:54:00,159 - GENERAL --> Qual HASHTAG voce deseja iniciar?
2021-09-01 23:54:00,159 - GENERAL --> [ 1 ] - HASHTAG OFICIAL
2021-09-01 23:54:00,159 - GENERAL --> [ 2 ] - HASHTAG EXTENSION
2021-09-01 23:54:00,159 - GENERAL --> [ 3 ] - HASHTAG DE TESTE
2021-09-01 23:54:00,159 - GENERAL --> HASHTAG TESTE ESCOLHIDA, INICIANDO #Testephilo e #Testemaker...

2021-09-01 23:54:14,467 - GENERAL --> Bem-vindo!

2021-09-01 23:54:14,468 - GENERAL --> Philosopher BOT por Caio Madeira e Rodrigo Carmo

2021-09-01 23:54:14,468 - GENERAL --> [32mPara acessar o PhiloBot Manager digite [1]
[0m
2021-09-01 23:54:14,468 - GENERAL --> Escolha qual script função rodar: HASHTAG OU POSTING

2021-09-01 23:54:14,469 - GENERAL --> Qual HASHTAG voce deseja iniciar?
2021-09-01 23:54:14,469 - GENERAL --> [ 1 ] - HASHTAG OFICIAL
2021-09-01 23:54:14,469 - GENERAL --> [ 2 ] - HASHTAG EXTENSION
2021-09-01 23:54:14,469 - GENERAL --> [ 3 ] - HASHTAG DE TESTE
2021-09-01 23:54:14,469 - GENERAL --> HASHTAG TESTE ESCOLHIDA, INICIANDO #Testephilo e #Testemaker...

