2021-02-08 19:09:24,781 - GENERAL --> Bem-vindo!

2021-02-08 19:09:24,781 - GENERAL --> Philosopher BOT por Caio Madeira e Rodrigo Carmo

2021-02-08 19:09:24,781 - GENERAL --> [32mPara acessar o PhiloBot Manager digite [1]
[0m
2021-02-08 19:09:24,781 - GENERAL --> Escolha qual script função rodar: HASHTAG OU POSTING

2021-02-08 19:09:24,799 - GENERAL --> Qual HASHTAG voce deseja iniciar?
2021-02-08 19:09:24,799 - GENERAL --> [ 1 ] - HASHTAG OFICIAL
2021-02-08 19:09:24,799 - GENERAL --> [ 2 ] - HASHTAG EXTENSION
2021-02-08 19:09:24,799 - GENERAL --> [ 3 ] - HASHTAG DE TESTE
2021-02-08 19:09:24,799 - GENERAL --> HASHTAG TESTE ESCOLHIDA, INICIANDO #Testephilo e #Testemaker...

2021-02-08 19:11:13,101 - GENERAL --> Bem-vindo!

2021-02-08 19:11:13,101 - GENERAL --> Philosopher BOT por Caio Madeira e Rodrigo Carmo

2021-02-08 19:11:13,101 - GENERAL --> [32mPara acessar o PhiloBot Manager digite [1]
[0m
2021-02-08 19:11:13,101 - GENERAL --> Escolha qual script função rodar: HASHTAG OU POSTING

2021-02-08 19:11:13,111 - GENERAL --> Qual HASHTAG voce deseja iniciar?
2021-02-08 19:11:13,111 - GENERAL --> [ 1 ] - HASHTAG OFICIAL
2021-02-08 19:11:13,111 - GENERAL --> [ 2 ] - HASHTAG EXTENSION
2021-02-08 19:11:13,111 - GENERAL --> [ 3 ] - HASHTAG DE TESTE
2021-02-08 19:11:13,111 - GENERAL --> HASHTAG TESTE ESCOLHIDA, INICIANDO #Testephilo e #Testemaker...

2021-02-08 19:12:45,799 - GENERAL --> Bem-vindo!

2021-02-08 19:12:45,799 - GENERAL --> Philosopher BOT por Caio Madeira e Rodrigo Carmo

2021-02-08 19:12:45,799 - GENERAL --> [32mPara acessar o PhiloBot Manager digite [1]
[0m
2021-02-08 19:12:45,799 - GENERAL --> Escolha qual script função rodar: HASHTAG OU POSTING

2021-02-08 19:12:45,808 - GENERAL --> Qual HASHTAG voce deseja iniciar?
2021-02-08 19:12:45,808 - GENERAL --> [ 1 ] - HASHTAG OFICIAL
2021-02-08 19:12:45,808 - GENERAL --> [ 2 ] - HASHTAG EXTENSION
2021-02-08 19:12:45,808 - GENERAL --> [ 3 ] - HASHTAG DE TESTE
2021-02-08 19:12:45,808 - GENERAL --> HASHTAG TESTE ESCOLHIDA, INICIANDO #Testephilo e #Testemaker...

2021-02-08 19:14:03,015 - GENERAL --> Bem-vindo!

2021-02-08 19:14:03,015 - GENERAL --> Philosopher BOT por Caio Madeira e Rodrigo Carmo

2021-02-08 19:14:03,015 - GENERAL --> [32mPara acessar o PhiloBot Manager digite [1]
[0m
2021-02-08 19:14:03,015 - GENERAL --> Escolha qual script função rodar: HASHTAG OU POSTING

2021-02-08 19:14:03,024 - GENERAL --> Qual HASHTAG voce deseja iniciar?
2021-02-08 19:14:03,024 - GENERAL --> [ 1 ] - HASHTAG OFICIAL
2021-02-08 19:14:03,024 - GENERAL --> [ 2 ] - HASHTAG EXTENSION
2021-02-08 19:14:03,025 - GENERAL --> [ 3 ] - HASHTAG DE TESTE
2021-02-08 19:14:03,025 - GENERAL --> HASHTAG TESTE ESCOLHIDA, INICIANDO #Testephilo e #Testemaker...

2021-02-08 19:22:22,453 - GENERAL --> Bem-vindo!

2021-02-08 19:22:22,454 - GENERAL --> Philosopher BOT por Caio Madeira e Rodrigo Carmo

2021-02-08 19:22:22,454 - GENERAL --> [32mPara acessar o PhiloBot Manager digite [1]
[0m
2021-02-08 19:22:22,454 - GENERAL --> Escolha qual script função rodar: HASHTAG OU POSTING

2021-02-08 19:22:22,463 - GENERAL --> Qual HASHTAG voce deseja iniciar?
2021-02-08 19:22:22,463 - GENERAL --> [ 1 ] - HASHTAG OFICIAL
2021-02-08 19:22:22,463 - GENERAL --> [ 2 ] - HASHTAG EXTENSION
2021-02-08 19:22:22,463 - GENERAL --> [ 3 ] - HASHTAG DE TESTE
2021-02-08 19:22:22,463 - GENERAL --> HASHTAG TESTE ESCOLHIDA, INICIANDO #Testephilo e #Testemaker...

2021-02-08 19:24:08,677 - GENERAL --> Bem-vindo!

2021-02-08 19:24:08,677 - GENERAL --> Philosopher BOT por Caio Madeira e Rodrigo Carmo

2021-02-08 19:24:08,677 - GENERAL --> [32mPara acessar o PhiloBot Manager digite [1]
[0m
2021-02-08 19:24:08,677 - GENERAL --> Escolha qual script função rodar: HASHTAG OU POSTING

2021-02-08 19:24:08,686 - GENERAL --> Qual HASHTAG voce deseja iniciar?
2021-02-08 19:24:08,686 - GENERAL --> [ 1 ] - HASHTAG OFICIAL
2021-02-08 19:24:08,686 - GENERAL --> [ 2 ] - HASHTAG EXTENSION
2021-02-08 19:24:08,686 - GENERAL --> [ 3 ] - HASHTAG DE TESTE
2021-02-08 19:24:08,686 - GENERAL --> HASHTAG TESTE ESCOLHIDA, INICIANDO #Testephilo e #Testemaker...

2021-02-08 19:27:10,826 - GENERAL --> Bem-vindo!

2021-02-08 19:27:10,826 - GENERAL --> Philosopher BOT por Caio Madeira e Rodrigo Carmo

2021-02-08 19:27:10,826 - GENERAL --> [32mPara acessar o PhiloBot Manager digite [1]
[0m
2021-02-08 19:27:10,826 - GENERAL --> Escolha qual script função rodar: HASHTAG OU POSTING

2021-02-08 19:27:10,837 - GENERAL --> Qual HASHTAG voce deseja iniciar?
2021-02-08 19:27:10,837 - GENERAL --> [ 1 ] - HASHTAG OFICIAL
2021-02-08 19:27:10,837 - GENERAL --> [ 2 ] - HASHTAG EXTENSION
2021-02-08 19:27:10,837 - GENERAL --> [ 3 ] - HASHTAG DE TESTE
2021-02-08 19:27:10,837 - GENERAL --> HASHTAG TESTE ESCOLHIDA, INICIANDO #Testephilo e #Testemaker...

2021-02-08 19:28:15,782 - GENERAL --> Bem-vindo!

2021-02-08 19:28:15,782 - GENERAL --> Philosopher BOT por Caio Madeira e Rodrigo Carmo

2021-02-08 19:28:15,782 - GENERAL --> [32mPara acessar o PhiloBot Manager digite [1]
[0m
2021-02-08 19:28:15,782 - GENERAL --> Escolha qual script função rodar: HASHTAG OU POSTING

2021-02-08 19:28:15,789 - GENERAL --> Qual HASHTAG voce deseja iniciar?
2021-02-08 19:28:15,789 - GENERAL --> [ 1 ] - HASHTAG OFICIAL
2021-02-08 19:28:15,789 - GENERAL --> [ 2 ] - HASHTAG EXTENSION
2021-02-08 19:28:15,789 - GENERAL --> [ 3 ] - HASHTAG DE TESTE
2021-02-08 19:28:15,789 - GENERAL --> HASHTAG TESTE ESCOLHIDA, INICIANDO #Testephilo e #Testemaker...

2021-02-08 19:28:40,047 - GENERAL --> Bem-vindo!

2021-02-08 19:28:40,047 - GENERAL --> Philosopher BOT por Caio Madeira e Rodrigo Carmo

2021-02-08 19:28:40,047 - GENERAL --> [32mPara acessar o PhiloBot Manager digite [1]
[0m
2021-02-08 19:28:40,047 - GENERAL --> Escolha qual script função rodar: HASHTAG OU POSTING

2021-02-08 19:28:40,054 - GENERAL --> Qual HASHTAG voce deseja iniciar?
2021-02-08 19:28:40,054 - GENERAL --> [ 1 ] - HASHTAG OFICIAL
2021-02-08 19:28:40,054 - GENERAL --> [ 2 ] - HASHTAG EXTENSION
2021-02-08 19:28:40,054 - GENERAL --> [ 3 ] - HASHTAG DE TESTE
2021-02-08 19:28:40,054 - GENERAL --> HASHTAG TESTE ESCOLHIDA, INICIANDO #Testephilo e #Testemaker...

2021-02-08 19:42:43,577 - GENERAL --> Bem-vindo!

2021-02-08 19:42:43,578 - GENERAL --> Philosopher BOT por Caio Madeira e Rodrigo Carmo

2021-02-08 19:42:43,578 - GENERAL --> [32mPara acessar o PhiloBot Manager digite [1]
[0m
2021-02-08 19:42:43,578 - GENERAL --> Escolha qual script função rodar: HASHTAG OU POSTING

2021-02-08 19:42:43,588 - GENERAL --> Qual HASHTAG voce deseja iniciar?
2021-02-08 19:42:43,589 - GENERAL --> [ 1 ] - HASHTAG OFICIAL
2021-02-08 19:42:43,589 - GENERAL --> [ 2 ] - HASHTAG EXTENSION
2021-02-08 19:42:43,589 - GENERAL --> [ 3 ] - HASHTAG DE TESTE
2021-02-08 19:42:43,589 - GENERAL --> HASHTAG TESTE ESCOLHIDA, INICIANDO #Testephilo e #Testemaker...

2021-02-08 19:46:49,458 - GENERAL --> Bem-vindo!

2021-02-08 19:46:49,458 - GENERAL --> Philosopher BOT por Caio Madeira e Rodrigo Carmo

2021-02-08 19:46:49,458 - GENERAL --> [32mPara acessar o PhiloBot Manager digite [1]
[0m
2021-02-08 19:46:49,458 - GENERAL --> Escolha qual script função rodar: HASHTAG OU POSTING

2021-02-08 19:46:49,468 - GENERAL --> Qual HASHTAG voce deseja iniciar?
2021-02-08 19:46:49,468 - GENERAL --> [ 1 ] - HASHTAG OFICIAL
2021-02-08 19:46:49,469 - GENERAL --> [ 2 ] - HASHTAG EXTENSION
2021-02-08 19:46:49,469 - GENERAL --> [ 3 ] - HASHTAG DE TESTE
2021-02-08 19:46:49,469 - GENERAL --> HASHTAG TESTE ESCOLHIDA, INICIANDO #Testephilo e #Testemaker...

2021-02-08 19:49:58,170 - GENERAL --> Bem-vindo!

2021-02-08 19:49:58,170 - GENERAL --> Philosopher BOT por Caio Madeira e Rodrigo Carmo

2021-02-08 19:49:58,170 - GENERAL --> [32mPara acessar o PhiloBot Manager digite [1]
[0m
2021-02-08 19:49:58,170 - GENERAL --> Escolha qual script função rodar: HASHTAG OU POSTING

2021-02-08 19:49:58,180 - GENERAL --> Qual HASHTAG voce deseja iniciar?
2021-02-08 19:49:58,180 - GENERAL --> [ 1 ] - HASHTAG OFICIAL
2021-02-08 19:49:58,180 - GENERAL --> [ 2 ] - HASHTAG EXTENSION
2021-02-08 19:49:58,180 - GENERAL --> [ 3 ] - HASHTAG DE TESTE
2021-02-08 19:49:58,180 - GENERAL --> HASHTAG TESTE ESCOLHIDA, INICIANDO #Testephilo e #Testemaker...

2021-02-08 19:55:56,971 - GENERAL --> Bem-vindo!

2021-02-08 19:55:56,971 - GENERAL --> Philosopher BOT por Caio Madeira e Rodrigo Carmo

2021-02-08 19:55:56,971 - GENERAL --> [32mPara acessar o PhiloBot Manager digite [1]
[0m
2021-02-08 19:55:56,972 - GENERAL --> Escolha qual script função rodar: HASHTAG OU POSTING

2021-02-08 19:55:56,982 - GENERAL --> Qual HASHTAG voce deseja iniciar?
2021-02-08 19:55:56,982 - GENERAL --> [ 1 ] - HASHTAG OFICIAL
2021-02-08 19:55:56,982 - GENERAL --> [ 2 ] - HASHTAG EXTENSION
2021-02-08 19:55:56,982 - GENERAL --> [ 3 ] - HASHTAG DE TESTE
2021-02-08 19:55:56,982 - GENERAL --> HASHTAG TESTE ESCOLHIDA, INICIANDO #Testephilo e #Testemaker...

2021-02-08 20:40:03,701 - GENERAL --> Bem-vindo!

2021-02-08 20:40:03,701 - GENERAL --> Philosopher BOT por Caio Madeira e Rodrigo Carmo

2021-02-08 20:40:03,701 - GENERAL --> [32mPara acessar o PhiloBot Manager digite [1]
[0m
2021-02-08 20:40:03,701 - GENERAL --> Escolha qual script função rodar: HASHTAG OU POSTING

2021-02-08 20:40:03,708 - GENERAL --> Qual HASHTAG voce deseja iniciar?
2021-02-08 20:40:03,708 - GENERAL --> [ 1 ] - HASHTAG OFICIAL
2021-02-08 20:40:03,708 - GENERAL --> [ 2 ] - HASHTAG EXTENSION
2021-02-08 20:40:03,708 - GENERAL --> [ 3 ] - HASHTAG DE TESTE
2021-02-08 20:40:03,708 - GENERAL --> HASHTAG TESTE ESCOLHIDA, INICIANDO #Testephilo e #Testemaker...

2021-02-08 20:44:10,008 - GENERAL --> Bem-vindo!

2021-02-08 20:44:10,008 - GENERAL --> Philosopher BOT por Caio Madeira e Rodrigo Carmo

2021-02-08 20:44:10,008 - GENERAL --> [32mPara acessar o PhiloBot Manager digite [1]
[0m
2021-02-08 20:44:10,008 - GENERAL --> Escolha qual script função rodar: HASHTAG OU POSTING

2021-02-08 20:44:10,021 - GENERAL --> POSTS DEFINIDOS PARA A CADA 2 SEGUNDOS EM 'config.py'

2021-02-08 20:48:15,430 - GENERAL --> Bem-vindo!

2021-02-08 20:48:15,430 - GENERAL --> Philosopher BOT por Caio Madeira e Rodrigo Carmo

2021-02-08 20:48:15,430 - GENERAL --> [32mPara acessar o PhiloBot Manager digite [1]
[0m
2021-02-08 20:48:15,430 - GENERAL --> Escolha qual script função rodar: HASHTAG OU POSTING

2021-02-08 20:48:15,434 - GENERAL --> POSTS DEFINIDOS PARA A CADA 2 SEGUNDOS EM 'config.py'

2021-02-08 21:26:05,333 - GENERAL --> Bem-vindo!

2021-02-08 21:26:05,333 - GENERAL --> Philosopher BOT por Caio Madeira e Rodrigo Carmo

2021-02-08 21:26:05,333 - GENERAL --> [32mPara acessar o PhiloBot Manager digite [1]
[0m
2021-02-08 21:26:05,334 - GENERAL --> Escolha qual script função rodar: HASHTAG OU POSTING

2021-02-08 21:26:05,338 - GENERAL --> POSTS DEFINIDOS PARA A CADA 2 SEGUNDOS EM 'config.py'

2021-02-08 21:47:25,767 - GENERAL --> Bem-vindo!

2021-02-08 21:47:25,767 - GENERAL --> Philosopher BOT por Caio Madeira e Rodrigo Carmo

2021-02-08 21:47:25,767 - GENERAL --> [32mPara acessar o PhiloBot Manager digite [1]
[0m
2021-02-08 21:47:25,767 - GENERAL --> Escolha qual script função rodar: HASHTAG OU POSTING

2021-02-08 21:47:25,771 - GENERAL --> POSTS DEFINIDOS PARA A CADA 2 SEGUNDOS EM 'config.py'

2021-02-08 21:49:14,315 - GENERAL --> Bem-vindo!

2021-02-08 21:49:14,315 - GENERAL --> Philosopher BOT por Caio Madeira e Rodrigo Carmo

2021-02-08 21:49:14,315 - GENERAL --> [32mPara acessar o PhiloBot Manager digite [1]
[0m
2021-02-08 21:49:14,315 - GENERAL --> Escolha qual script função rodar: HASHTAG OU POSTING

2021-02-08 21:49:14,318 - GENERAL --> POSTS DEFINIDOS PARA A CADA 2 SEGUNDOS EM 'config.py'

2021-02-08 21:50:03,800 - GENERAL --> Bem-vindo!

2021-02-08 21:50:03,801 - GENERAL --> Philosopher BOT por Caio Madeira e Rodrigo Carmo

2021-02-08 21:50:03,801 - GENERAL --> [32mPara acessar o PhiloBot Manager digite [1]
[0m
2021-02-08 21:50:03,801 - GENERAL --> Escolha qual script função rodar: HASHTAG OU POSTING

2021-02-08 21:50:03,805 - GENERAL --> POSTS DEFINIDOS PARA A CADA 2 SEGUNDOS EM 'config.py'

2021-02-08 21:59:49,186 - GENERAL --> Bem-vindo!

2021-02-08 21:59:49,186 - GENERAL --> Philosopher BOT por Caio Madeira e Rodrigo Carmo

2021-02-08 21:59:49,186 - GENERAL --> [32mPara acessar o PhiloBot Manager digite [1]
[0m
2021-02-08 21:59:49,186 - GENERAL --> Escolha qual script função rodar: HASHTAG OU POSTING

2021-02-08 21:59:49,193 - GENERAL --> POSTS DEFINIDOS PARA A CADA 2 SEGUNDOS EM 'config.py'

2021-02-08 22:01:28,027 - GENERAL --> Bem-vindo!

2021-02-08 22:01:28,027 - GENERAL --> Philosopher BOT por Caio Madeira e Rodrigo Carmo

2021-02-08 22:01:28,027 - GENERAL --> [32mPara acessar o PhiloBot Manager digite [1]
[0m
2021-02-08 22:01:28,027 - GENERAL --> Escolha qual script função rodar: HASHTAG OU POSTING

2021-02-08 22:01:28,031 - GENERAL --> POSTS DEFINIDOS PARA A CADA 2 SEGUNDOS EM 'config.py'

2021-02-08 22:09:43,689 - GENERAL --> Bem-vindo!

2021-02-08 22:09:43,689 - GENERAL --> Philosopher BOT por Caio Madeira e Rodrigo Carmo

2021-02-08 22:09:43,689 - GENERAL --> [32mPara acessar o PhiloBot Manager digite [1]
[0m
2021-02-08 22:09:43,689 - GENERAL --> Escolha qual script função rodar: HASHTAG OU POSTING

2021-02-08 22:09:43,703 - GENERAL --> POSTS DEFINIDOS PARA A CADA 2 SEGUNDOS EM 'config.py'

2021-02-08 22:12:23,013 - GENERAL --> Bem-vindo!

2021-02-08 22:12:23,014 - GENERAL --> Philosopher BOT por Caio Madeira e Rodrigo Carmo

2021-02-08 22:12:23,014 - GENERAL --> [32mPara acessar o PhiloBot Manager digite [1]
[0m
2021-02-08 22:12:23,014 - GENERAL --> Escolha qual script função rodar: HASHTAG OU POSTING

2021-02-08 22:12:23,028 - GENERAL --> POSTS DEFINIDOS PARA A CADA 2 SEGUNDOS EM 'config.py'

2021-02-08 22:13:43,008 - GENERAL --> Bem-vindo!

2021-02-08 22:13:43,009 - GENERAL --> Philosopher BOT por Caio Madeira e Rodrigo Carmo

2021-02-08 22:13:43,009 - GENERAL --> [32mPara acessar o PhiloBot Manager digite [1]
[0m
2021-02-08 22:13:43,009 - GENERAL --> Escolha qual script função rodar: HASHTAG OU POSTING

2021-02-08 22:13:43,022 - GENERAL --> POSTS DEFINIDOS PARA A CADA 2 SEGUNDOS EM 'config.py'

2021-02-08 22:14:58,183 - GENERAL --> Bem-vindo!

2021-02-08 22:14:58,183 - GENERAL --> Philosopher BOT por Caio Madeira e Rodrigo Carmo

2021-02-08 22:14:58,183 - GENERAL --> [32mPara acessar o PhiloBot Manager digite [1]
[0m
2021-02-08 22:14:58,183 - GENERAL --> Escolha qual script função rodar: HASHTAG OU POSTING

2021-02-08 22:14:58,197 - GENERAL --> POSTS DEFINIDOS PARA A CADA 2 SEGUNDOS EM 'config.py'

2021-02-08 22:16:43,647 - GENERAL --> Bem-vindo!

2021-02-08 22:16:43,647 - GENERAL --> Philosopher BOT por Caio Madeira e Rodrigo Carmo

2021-02-08 22:16:43,647 - GENERAL --> [32mPara acessar o PhiloBot Manager digite [1]
[0m
2021-02-08 22:16:43,647 - GENERAL --> Escolha qual script função rodar: HASHTAG OU POSTING

2021-02-08 22:16:43,661 - GENERAL --> POSTS DEFINIDOS PARA A CADA 2 SEGUNDOS EM 'config.py'

2021-02-08 22:22:02,856 - GENERAL --> Bem-vindo!

2021-02-08 22:22:02,856 - GENERAL --> Philosopher BOT por Caio Madeira e Rodrigo Carmo

2021-02-08 22:22:02,856 - GENERAL --> [32mPara acessar o PhiloBot Manager digite [1]
[0m
2021-02-08 22:22:02,856 - GENERAL --> Escolha qual script função rodar: HASHTAG OU POSTING

2021-02-08 22:22:02,873 - GENERAL --> POSTS DEFINIDOS PARA A CADA 2 SEGUNDOS EM 'config.py'

2021-02-08 22:26:48,691 - GENERAL --> Bem-vindo!

2021-02-08 22:26:48,692 - GENERAL --> Philosopher BOT por Caio Madeira e Rodrigo Carmo

2021-02-08 22:26:48,692 - GENERAL --> [32mPara acessar o PhiloBot Manager digite [1]
[0m
2021-02-08 22:26:48,692 - GENERAL --> Escolha qual script função rodar: HASHTAG OU POSTING

2021-02-08 22:26:48,705 - GENERAL --> POSTS DEFINIDOS PARA A CADA 2 SEGUNDOS EM 'config.py'

2021-02-08 22:39:02,931 - GENERAL --> Bem-vindo!

2021-02-08 22:39:02,931 - GENERAL --> Philosopher BOT por Caio Madeira e Rodrigo Carmo

2021-02-08 22:39:02,931 - GENERAL --> [32mPara acessar o PhiloBot Manager digite [1]
[0m
2021-02-08 22:39:02,931 - GENERAL --> Escolha qual script função rodar: HASHTAG OU POSTING

2021-02-08 22:39:02,947 - GENERAL --> POSTS DEFINIDOS PARA A CADA 2 SEGUNDOS EM 'config.py'

2021-02-08 22:43:42,607 - GENERAL --> Bem-vindo!

2021-02-08 22:43:42,607 - GENERAL --> Philosopher BOT por Caio Madeira e Rodrigo Carmo

2021-02-08 22:43:42,607 - GENERAL --> [32mPara acessar o PhiloBot Manager digite [1]
[0m
2021-02-08 22:43:42,607 - GENERAL --> Escolha qual script função rodar: HASHTAG OU POSTING

2021-02-08 22:43:42,621 - GENERAL --> POSTS DEFINIDOS PARA A CADA 2 SEGUNDOS EM 'config.py'

2021-02-08 22:53:06,364 - GENERAL --> Bem-vindo!

2021-02-08 22:53:06,364 - GENERAL --> Philosopher BOT por Caio Madeira e Rodrigo Carmo

2021-02-08 22:53:06,364 - GENERAL --> [32mPara acessar o PhiloBot Manager digite [1]
[0m
2021-02-08 22:53:06,364 - GENERAL --> Escolha qual script função rodar: HASHTAG OU POSTING

2021-02-08 22:53:06,367 - GENERAL --> POSTS DEFINIDOS PARA A CADA 2 SEGUNDOS EM 'config.py'

2021-02-08 22:54:42,492 - GENERAL --> Bem-vindo!

2021-02-08 22:54:42,492 - GENERAL --> Philosopher BOT por Caio Madeira e Rodrigo Carmo

2021-02-08 22:54:42,492 - GENERAL --> [32mPara acessar o PhiloBot Manager digite [1]
[0m
2021-02-08 22:54:42,492 - GENERAL --> Escolha qual script função rodar: HASHTAG OU POSTING

2021-02-08 22:54:42,494 - GENERAL --> POSTS DEFINIDOS PARA A CADA 2 SEGUNDOS EM 'config.py'

2021-02-08 23:01:49,891 - GENERAL --> Bem-vindo!

2021-02-08 23:01:49,891 - GENERAL --> Philosopher BOT por Caio Madeira e Rodrigo Carmo

2021-02-08 23:01:49,892 - GENERAL --> [32mPara acessar o PhiloBot Manager digite [1]
[0m
2021-02-08 23:01:49,892 - GENERAL --> Escolha qual script função rodar: HASHTAG OU POSTING

2021-02-08 23:01:49,895 - GENERAL --> POSTS DEFINIDOS PARA A CADA 2 SEGUNDOS EM 'config.py'

2021-02-08 23:04:01,411 - GENERAL --> Bem-vindo!

2021-02-08 23:04:01,411 - GENERAL --> Philosopher BOT por Caio Madeira e Rodrigo Carmo

2021-02-08 23:04:01,411 - GENERAL --> [32mPara acessar o PhiloBot Manager digite [1]
[0m
2021-02-08 23:04:01,412 - GENERAL --> Escolha qual script função rodar: HASHTAG OU POSTING

2021-02-08 23:04:01,415 - GENERAL --> POSTS DEFINIDOS PARA A CADA 2 SEGUNDOS EM 'config.py'

2021-02-08 23:20:41,153 - GENERAL --> Bem-vindo!

2021-02-08 23:20:41,153 - GENERAL --> Philosopher BOT por Caio Madeira e Rodrigo Carmo

2021-02-08 23:20:41,153 - GENERAL --> [32mPara acessar o PhiloBot Manager digite [1]
[0m
2021-02-08 23:20:41,153 - GENERAL --> Escolha qual script função rodar: HASHTAG OU POSTING

2021-02-08 23:20:41,156 - GENERAL --> POSTS DEFINIDOS PARA A CADA 2 SEGUNDOS EM 'config.py'

2021-02-08 23:52:19,798 - GENERAL --> 
POSTS DEFINIDOS PARA A CADA 2 HORAS EM 'config.py'

2021-02-08 23:53:21,167 - GENERAL --> 
POSTS DEFINIDOS PARA A CADA 2 HORAS EM 'config.py'

2021-02-08 23:55:52,028 - GENERAL --> 
POSTS DEFINIDOS PARA A CADA 2 HORAS EM 'config.py'

2021-02-08 23:57:01,662 - GENERAL --> 
POSTS DEFINIDOS PARA A CADA 2 HORAS EM 'config.py'

2021-02-08 23:59:23,654 - GENERAL --> 
POSTS DEFINIDOS PARA A CADA 2 HORAS EM 'config.py'

