2021-09-02 00:44:33,683 - GENERAL --> Bem-vindo!

2021-09-02 00:44:33,683 - GENERAL --> Philosopher BOT por Caio Madeira e Rodrigo Carmo

2021-09-02 00:44:33,683 - GENERAL --> [32mPara acessar o PhiloBot Manager digite [1]
[0m
2021-09-02 00:44:33,684 - GENERAL --> Escolha qual script função rodar: HASHTAG OU POSTING

2021-09-02 00:44:33,685 - GENERAL --> Qual HASHTAG voce deseja iniciar?
2021-09-02 00:44:33,685 - GENERAL --> [ 1 ] - HASHTAG OFICIAL
2021-09-02 00:44:33,685 - GENERAL --> [ 2 ] - HASHTAG EXTENSION
2021-09-02 00:44:33,687 - GENERAL --> [ 3 ] - HASHTAG DE TESTE
2021-09-02 00:44:33,687 - GENERAL --> HASHTAG TESTE ESCOLHIDA, INICIANDO #Testephilo e #Testemaker...

2021-09-02 00:45:29,100 - GENERAL --> Bem-vindo!

2021-09-02 00:45:29,100 - GENERAL --> Philosopher BOT por Caio Madeira e Rodrigo Carmo

2021-09-02 00:45:29,100 - GENERAL --> [32mPara acessar o PhiloBot Manager digite [1]
[0m
2021-09-02 00:45:29,100 - GENERAL --> Escolha qual script função rodar: HASHTAG OU POSTING

2021-09-02 00:45:29,103 - GENERAL --> Qual HASHTAG voce deseja iniciar?
2021-09-02 00:45:29,103 - GENERAL --> [ 1 ] - HASHTAG OFICIAL
2021-09-02 00:45:29,103 - GENERAL --> [ 2 ] - HASHTAG EXTENSION
2021-09-02 00:45:29,103 - GENERAL --> [ 3 ] - HASHTAG DE TESTE
2021-09-02 00:45:29,103 - GENERAL --> HASHTAG TESTE ESCOLHIDA, INICIANDO #Testephilo e #Testemaker...

2021-09-02 00:45:48,407 - GENERAL --> Bem-vindo!

2021-09-02 00:45:48,408 - GENERAL --> Philosopher BOT por Caio Madeira e Rodrigo Carmo

2021-09-02 00:45:48,408 - GENERAL --> [32mPara acessar o PhiloBot Manager digite [1]
[0m
2021-09-02 00:45:48,408 - GENERAL --> Escolha qual script função rodar: HASHTAG OU POSTING

2021-09-02 00:45:48,411 - GENERAL --> Qual HASHTAG voce deseja iniciar?
2021-09-02 00:45:48,411 - GENERAL --> [ 1 ] - HASHTAG OFICIAL
2021-09-02 00:45:48,411 - GENERAL --> [ 2 ] - HASHTAG EXTENSION
2021-09-02 00:45:48,411 - GENERAL --> [ 3 ] - HASHTAG DE TESTE
2021-09-02 00:45:48,411 - GENERAL --> HASHTAG TESTE ESCOLHIDA, INICIANDO #Testephilo e #Testemaker...

2021-09-02 00:46:09,574 - GENERAL --> Bem-vindo!

2021-09-02 00:46:09,574 - GENERAL --> Philosopher BOT por Caio Madeira e Rodrigo Carmo

2021-09-02 00:46:09,575 - GENERAL --> [32mPara acessar o PhiloBot Manager digite [1]
[0m
2021-09-02 00:46:09,575 - GENERAL --> Escolha qual script função rodar: HASHTAG OU POSTING

2021-09-02 00:46:09,578 - GENERAL --> Qual HASHTAG voce deseja iniciar?
2021-09-02 00:46:09,578 - GENERAL --> [ 1 ] - HASHTAG OFICIAL
2021-09-02 00:46:09,578 - GENERAL --> [ 2 ] - HASHTAG EXTENSION
2021-09-02 00:46:09,578 - GENERAL --> [ 3 ] - HASHTAG DE TESTE
2021-09-02 00:46:09,578 - GENERAL --> HASHTAG TESTE ESCOLHIDA, INICIANDO #Testephilo e #Testemaker...

2021-09-02 00:46:17,218 - GENERAL --> Bem-vindo!

2021-09-02 00:46:17,218 - GENERAL --> Philosopher BOT por Caio Madeira e Rodrigo Carmo

2021-09-02 00:46:17,218 - GENERAL --> [32mPara acessar o PhiloBot Manager digite [1]
[0m
2021-09-02 00:46:17,218 - GENERAL --> Escolha qual script função rodar: HASHTAG OU POSTING

2021-09-02 00:46:17,219 - GENERAL --> Qual HASHTAG voce deseja iniciar?
2021-09-02 00:46:17,219 - GENERAL --> [ 1 ] - HASHTAG OFICIAL
2021-09-02 00:46:17,219 - GENERAL --> [ 2 ] - HASHTAG EXTENSION
2021-09-02 00:46:17,219 - GENERAL --> [ 3 ] - HASHTAG DE TESTE
2021-09-02 00:46:17,219 - GENERAL --> HASHTAG TESTE ESCOLHIDA, INICIANDO #Testephilo e #Testemaker...

2021-09-02 00:46:36,306 - GENERAL --> Bem-vindo!

2021-09-02 00:46:36,306 - GENERAL --> Philosopher BOT por Caio Madeira e Rodrigo Carmo

2021-09-02 00:46:36,306 - GENERAL --> [32mPara acessar o PhiloBot Manager digite [1]
[0m
2021-09-02 00:46:36,306 - GENERAL --> Escolha qual script função rodar: HASHTAG OU POSTING

2021-09-02 00:46:36,309 - GENERAL --> Qual HASHTAG voce deseja iniciar?
2021-09-02 00:46:36,310 - GENERAL --> [ 1 ] - HASHTAG OFICIAL
2021-09-02 00:46:36,310 - GENERAL --> [ 2 ] - HASHTAG EXTENSION
2021-09-02 00:46:36,310 - GENERAL --> [ 3 ] - HASHTAG DE TESTE
2021-09-02 00:46:36,310 - GENERAL --> HASHTAG TESTE ESCOLHIDA, INICIANDO #Testephilo e #Testemaker...

2021-09-02 00:46:41,184 - GENERAL --> Bem-vindo!

2021-09-02 00:46:41,184 - GENERAL --> Philosopher BOT por Caio Madeira e Rodrigo Carmo

2021-09-02 00:46:41,185 - GENERAL --> [32mPara acessar o PhiloBot Manager digite [1]
[0m
2021-09-02 00:46:41,185 - GENERAL --> Escolha qual script função rodar: HASHTAG OU POSTING

2021-09-02 00:46:41,186 - GENERAL --> Qual HASHTAG voce deseja iniciar?
2021-09-02 00:46:41,186 - GENERAL --> [ 1 ] - HASHTAG OFICIAL
2021-09-02 00:46:41,186 - GENERAL --> [ 2 ] - HASHTAG EXTENSION
2021-09-02 00:46:41,186 - GENERAL --> [ 3 ] - HASHTAG DE TESTE
2021-09-02 00:46:41,186 - GENERAL --> HASHTAG TESTE ESCOLHIDA, INICIANDO #Testephilo e #Testemaker...

2021-09-02 00:46:55,767 - GENERAL --> Bem-vindo!

2021-09-02 00:46:55,767 - GENERAL --> Philosopher BOT por Caio Madeira e Rodrigo Carmo

2021-09-02 00:46:55,767 - GENERAL --> [32mPara acessar o PhiloBot Manager digite [1]
[0m
2021-09-02 00:46:55,767 - GENERAL --> Escolha qual script função rodar: HASHTAG OU POSTING

2021-09-02 00:46:55,770 - GENERAL --> Qual HASHTAG voce deseja iniciar?
2021-09-02 00:46:55,770 - GENERAL --> [ 1 ] - HASHTAG OFICIAL
2021-09-02 00:46:55,770 - GENERAL --> [ 2 ] - HASHTAG EXTENSION
2021-09-02 00:46:55,770 - GENERAL --> [ 3 ] - HASHTAG DE TESTE
2021-09-02 00:46:55,770 - GENERAL --> HASHTAG TESTE ESCOLHIDA, INICIANDO #Testephilo e #Testemaker...

2021-09-02 00:47:04,271 - GENERAL --> Bem-vindo!

2021-09-02 00:47:04,272 - GENERAL --> Philosopher BOT por Caio Madeira e Rodrigo Carmo

2021-09-02 00:47:04,272 - GENERAL --> [32mPara acessar o PhiloBot Manager digite [1]
[0m
2021-09-02 00:47:04,272 - GENERAL --> Escolha qual script função rodar: HASHTAG OU POSTING

2021-09-02 00:47:04,273 - GENERAL --> Qual HASHTAG voce deseja iniciar?
2021-09-02 00:47:04,273 - GENERAL --> [ 1 ] - HASHTAG OFICIAL
2021-09-02 00:47:04,273 - GENERAL --> [ 2 ] - HASHTAG EXTENSION
2021-09-02 00:47:04,273 - GENERAL --> [ 3 ] - HASHTAG DE TESTE
2021-09-02 00:47:04,273 - GENERAL --> HASHTAG TESTE ESCOLHIDA, INICIANDO #Testephilo e #Testemaker...

2021-09-02 00:47:22,372 - GENERAL --> Bem-vindo!

2021-09-02 00:47:22,372 - GENERAL --> Philosopher BOT por Caio Madeira e Rodrigo Carmo

2021-09-02 00:47:22,372 - GENERAL --> [32mPara acessar o PhiloBot Manager digite [1]
[0m
2021-09-02 00:47:22,372 - GENERAL --> Escolha qual script função rodar: HASHTAG OU POSTING

2021-09-02 00:47:22,375 - GENERAL --> Qual HASHTAG voce deseja iniciar?
2021-09-02 00:47:22,375 - GENERAL --> [ 1 ] - HASHTAG OFICIAL
2021-09-02 00:47:22,375 - GENERAL --> [ 2 ] - HASHTAG EXTENSION
2021-09-02 00:47:22,375 - GENERAL --> [ 3 ] - HASHTAG DE TESTE
2021-09-02 00:47:22,375 - GENERAL --> HASHTAG TESTE ESCOLHIDA, INICIANDO #Testephilo e #Testemaker...

2021-09-02 00:47:35,032 - GENERAL --> Bem-vindo!

2021-09-02 00:47:35,032 - GENERAL --> Philosopher BOT por Caio Madeira e Rodrigo Carmo

2021-09-02 00:47:35,032 - GENERAL --> [32mPara acessar o PhiloBot Manager digite [1]
[0m
2021-09-02 00:47:35,032 - GENERAL --> Escolha qual script função rodar: HASHTAG OU POSTING

2021-09-02 00:47:35,033 - GENERAL --> Qual HASHTAG voce deseja iniciar?
2021-09-02 00:47:35,034 - GENERAL --> [ 1 ] - HASHTAG OFICIAL
2021-09-02 00:47:35,034 - GENERAL --> [ 2 ] - HASHTAG EXTENSION
2021-09-02 00:47:35,034 - GENERAL --> [ 3 ] - HASHTAG DE TESTE
2021-09-02 00:47:35,034 - GENERAL --> HASHTAG TESTE ESCOLHIDA, INICIANDO #Testephilo e #Testemaker...

2021-09-02 00:49:02,234 - GENERAL --> Bem-vindo!

2021-09-02 00:49:02,234 - GENERAL --> Philosopher BOT por Caio Madeira e Rodrigo Carmo

2021-09-02 00:49:02,234 - GENERAL --> [32mPara acessar o PhiloBot Manager digite [1]
[0m
2021-09-02 00:49:02,234 - GENERAL --> Escolha qual script função rodar: HASHTAG OU POSTING

2021-09-02 00:49:02,236 - GENERAL --> Qual HASHTAG voce deseja iniciar?
2021-09-02 00:49:02,236 - GENERAL --> [ 1 ] - HASHTAG OFICIAL
2021-09-02 00:49:02,236 - GENERAL --> [ 2 ] - HASHTAG EXTENSION
2021-09-02 00:49:02,236 - GENERAL --> [ 3 ] - HASHTAG DE TESTE
2021-09-02 00:49:02,236 - GENERAL --> HASHTAG TESTE ESCOLHIDA, INICIANDO #Testephilo e #Testemaker...

2021-09-02 00:49:20,306 - GENERAL --> Bem-vindo!

2021-09-02 00:49:20,306 - GENERAL --> Philosopher BOT por Caio Madeira e Rodrigo Carmo

2021-09-02 00:49:20,306 - GENERAL --> [32mPara acessar o PhiloBot Manager digite [1]
[0m
2021-09-02 00:49:20,306 - GENERAL --> Escolha qual script função rodar: HASHTAG OU POSTING

2021-09-02 00:49:20,309 - GENERAL --> Qual HASHTAG voce deseja iniciar?
2021-09-02 00:49:20,309 - GENERAL --> [ 1 ] - HASHTAG OFICIAL
2021-09-02 00:49:20,309 - GENERAL --> [ 2 ] - HASHTAG EXTENSION
2021-09-02 00:49:20,309 - GENERAL --> [ 3 ] - HASHTAG DE TESTE
2021-09-02 00:49:20,309 - GENERAL --> HASHTAG TESTE ESCOLHIDA, INICIANDO #Testephilo e #Testemaker...

2021-09-02 00:49:43,015 - GENERAL --> Bem-vindo!

2021-09-02 00:49:43,015 - GENERAL --> Philosopher BOT por Caio Madeira e Rodrigo Carmo

2021-09-02 00:49:43,015 - GENERAL --> [32mPara acessar o PhiloBot Manager digite [1]
[0m
2021-09-02 00:49:43,015 - GENERAL --> Escolha qual script função rodar: HASHTAG OU POSTING

2021-09-02 00:49:43,018 - GENERAL --> Qual HASHTAG voce deseja iniciar?
2021-09-02 00:49:43,018 - GENERAL --> [ 1 ] - HASHTAG OFICIAL
2021-09-02 00:49:43,018 - GENERAL --> [ 2 ] - HASHTAG EXTENSION
2021-09-02 00:49:43,018 - GENERAL --> [ 3 ] - HASHTAG DE TESTE
2021-09-02 00:49:43,018 - GENERAL --> HASHTAG TESTE ESCOLHIDA, INICIANDO #Testephilo e #Testemaker...

2021-09-02 00:49:53,786 - GENERAL --> Bem-vindo!

2021-09-02 00:49:53,786 - GENERAL --> Philosopher BOT por Caio Madeira e Rodrigo Carmo

2021-09-02 00:49:53,786 - GENERAL --> [32mPara acessar o PhiloBot Manager digite [1]
[0m
2021-09-02 00:49:53,786 - GENERAL --> Escolha qual script função rodar: HASHTAG OU POSTING

2021-09-02 00:49:53,789 - GENERAL --> Qual HASHTAG voce deseja iniciar?
2021-09-02 00:49:53,789 - GENERAL --> [ 1 ] - HASHTAG OFICIAL
2021-09-02 00:49:53,789 - GENERAL --> [ 2 ] - HASHTAG EXTENSION
2021-09-02 00:49:53,789 - GENERAL --> [ 3 ] - HASHTAG DE TESTE
2021-09-02 00:49:53,789 - GENERAL --> HASHTAG TESTE ESCOLHIDA, INICIANDO #Testephilo e #Testemaker...

2021-09-02 00:50:03,963 - GENERAL --> Bem-vindo!

2021-09-02 00:50:03,963 - GENERAL --> Philosopher BOT por Caio Madeira e Rodrigo Carmo

2021-09-02 00:50:03,963 - GENERAL --> [32mPara acessar o PhiloBot Manager digite [1]
[0m
2021-09-02 00:50:03,963 - GENERAL --> Escolha qual script função rodar: HASHTAG OU POSTING

2021-09-02 00:50:03,966 - GENERAL --> Qual HASHTAG voce deseja iniciar?
2021-09-02 00:50:03,966 - GENERAL --> [ 1 ] - HASHTAG OFICIAL
2021-09-02 00:50:03,966 - GENERAL --> [ 2 ] - HASHTAG EXTENSION
2021-09-02 00:50:03,966 - GENERAL --> [ 3 ] - HASHTAG DE TESTE
2021-09-02 00:50:03,966 - GENERAL --> HASHTAG TESTE ESCOLHIDA, INICIANDO #Testephilo e #Testemaker...

2021-09-02 00:50:07,485 - GENERAL --> Bem-vindo!

2021-09-02 00:50:07,485 - GENERAL --> Philosopher BOT por Caio Madeira e Rodrigo Carmo

2021-09-02 00:50:07,485 - GENERAL --> [32mPara acessar o PhiloBot Manager digite [1]
[0m
2021-09-02 00:50:07,485 - GENERAL --> Escolha qual script função rodar: HASHTAG OU POSTING

2021-09-02 00:50:07,486 - GENERAL --> Qual HASHTAG voce deseja iniciar?
2021-09-02 00:50:07,486 - GENERAL --> [ 1 ] - HASHTAG OFICIAL
2021-09-02 00:50:07,486 - GENERAL --> [ 2 ] - HASHTAG EXTENSION
2021-09-02 00:50:07,486 - GENERAL --> [ 3 ] - HASHTAG DE TESTE
2021-09-02 00:50:07,486 - GENERAL --> HASHTAG TESTE ESCOLHIDA, INICIANDO #Testephilo e #Testemaker...

2021-09-02 00:50:19,011 - GENERAL --> Bem-vindo!

2021-09-02 00:50:19,011 - GENERAL --> Philosopher BOT por Caio Madeira e Rodrigo Carmo

2021-09-02 00:50:19,011 - GENERAL --> [32mPara acessar o PhiloBot Manager digite [1]
[0m
2021-09-02 00:50:19,011 - GENERAL --> Escolha qual script função rodar: HASHTAG OU POSTING

2021-09-02 00:50:19,014 - GENERAL --> Qual HASHTAG voce deseja iniciar?
2021-09-02 00:50:19,014 - GENERAL --> [ 1 ] - HASHTAG OFICIAL
2021-09-02 00:50:19,014 - GENERAL --> [ 2 ] - HASHTAG EXTENSION
2021-09-02 00:50:19,014 - GENERAL --> [ 3 ] - HASHTAG DE TESTE
2021-09-02 00:50:19,014 - GENERAL --> HASHTAG TESTE ESCOLHIDA, INICIANDO #Testephilo e #Testemaker...

2021-09-02 00:50:53,947 - GENERAL --> Bem-vindo!

2021-09-02 00:50:53,947 - GENERAL --> Philosopher BOT por Caio Madeira e Rodrigo Carmo

2021-09-02 00:50:53,947 - GENERAL --> [32mPara acessar o PhiloBot Manager digite [1]
[0m
2021-09-02 00:50:53,947 - GENERAL --> Escolha qual script função rodar: HASHTAG OU POSTING

2021-09-02 00:50:53,948 - GENERAL --> Qual HASHTAG voce deseja iniciar?
2021-09-02 00:50:53,948 - GENERAL --> [ 1 ] - HASHTAG OFICIAL
2021-09-02 00:50:53,948 - GENERAL --> [ 2 ] - HASHTAG EXTENSION
2021-09-02 00:50:53,948 - GENERAL --> [ 3 ] - HASHTAG DE TESTE
2021-09-02 00:50:53,948 - GENERAL --> HASHTAG TESTE ESCOLHIDA, INICIANDO #Testephilo e #Testemaker...

