2021-09-06 08:41:16,034 - GENERAL --> Bem-vindo!

2021-09-06 08:41:16,034 - GENERAL --> Philosopher BOT por Caio Madeira e Rodrigo Carmo

2021-09-06 08:41:16,034 - GENERAL --> [32mPara acessar o PhiloBot Manager digite [1]
[0m
2021-09-06 08:41:16,034 - GENERAL --> Escolha qual script função rodar: HASHTAG OU POSTING

2021-09-06 08:41:25,263 - GENERAL --> Bem-vindo!

2021-09-06 08:41:25,263 - GENERAL --> Philosopher BOT por Caio Madeira e Rodrigo Carmo

2021-09-06 08:41:25,263 - GENERAL --> [32mPara acessar o PhiloBot Manager digite [1]
[0m
2021-09-06 08:41:25,264 - GENERAL --> Escolha qual script função rodar: HASHTAG OU POSTING

2021-09-06 08:41:33,691 - GENERAL --> Bem-vindo!

2021-09-06 08:41:33,691 - GENERAL --> Philosopher BOT por Caio Madeira e Rodrigo Carmo

2021-09-06 08:41:33,691 - GENERAL --> [32mPara acessar o PhiloBot Manager digite [1]
[0m
2021-09-06 08:41:33,691 - GENERAL --> Escolha qual script função rodar: HASHTAG OU POSTING

2021-09-06 08:41:36,535 - GENERAL --> Qual HASHTAG voce deseja iniciar?
2021-09-06 08:41:36,535 - GENERAL --> [ 1 ] - HASHTAG OFICIAL
2021-09-06 08:41:36,536 - GENERAL --> [ 2 ] - HASHTAG EXTENSION
2021-09-06 08:41:36,536 - GENERAL --> [ 3 ] - HASHTAG DE TESTE
2021-09-06 08:41:39,977 - GENERAL --> HASHTAG TESTE ESCOLHIDA, INICIANDO #Testephilo e #Testemaker...

2021-09-06 08:43:38,021 - GENERAL --> Bem-vindo!

2021-09-06 08:43:38,021 - GENERAL --> Philosopher BOT por Caio Madeira e Rodrigo Carmo

2021-09-06 08:43:38,021 - GENERAL --> [32mPara acessar o PhiloBot Manager digite [1]
[0m
2021-09-06 08:43:38,021 - GENERAL --> Escolha qual script função rodar: HASHTAG OU POSTING

2021-09-06 08:44:01,866 - GENERAL --> Bem-vindo!

2021-09-06 08:44:01,866 - GENERAL --> Philosopher BOT por Caio Madeira e Rodrigo Carmo

2021-09-06 08:44:01,866 - GENERAL --> [32mPara acessar o PhiloBot Manager digite [1]
[0m
2021-09-06 08:44:01,866 - GENERAL --> Escolha qual script função rodar: HASHTAG OU POSTING

2021-09-06 08:44:05,875 - GENERAL --> Bem-vindo!

2021-09-06 08:44:05,875 - GENERAL --> Philosopher BOT por Caio Madeira e Rodrigo Carmo

2021-09-06 08:44:05,875 - GENERAL --> [32mPara acessar o PhiloBot Manager digite [1]
[0m
2021-09-06 08:44:05,875 - GENERAL --> Escolha qual script função rodar: HASHTAG OU POSTING

2021-09-06 08:44:10,225 - GENERAL --> Bem-vindo!

2021-09-06 08:44:10,225 - GENERAL --> Philosopher BOT por Caio Madeira e Rodrigo Carmo

2021-09-06 08:44:10,225 - GENERAL --> [32mPara acessar o PhiloBot Manager digite [1]
[0m
2021-09-06 08:44:10,225 - GENERAL --> Escolha qual script função rodar: HASHTAG OU POSTING

2021-09-06 08:44:14,377 - GENERAL --> Qual HASHTAG voce deseja iniciar?
2021-09-06 08:44:14,377 - GENERAL --> [ 1 ] - HASHTAG OFICIAL
2021-09-06 08:44:14,377 - GENERAL --> [ 2 ] - HASHTAG EXTENSION
2021-09-06 08:44:14,377 - GENERAL --> [ 3 ] - HASHTAG DE TESTE
2021-09-06 08:44:19,876 - GENERAL --> HASHTAG TESTE ESCOLHIDA, INICIANDO #Testephilo e #Testemaker...

