2021-02-09 00:00:42,073 - POSTING --> POSTS DEFINIDOS PARA A CADA 2 HORAS EM 'config.py'

2021-02-09 21:11:15,379 - POSTING --> POSTS DEFINIDOS PARA A CADA 2 HORAS EM 'config.py'

2021-02-09 21:11:34,320 - POSTING --> POSTS DEFINIDOS PARA A CADA 2 HORAS EM 'config.py'

2021-02-09 21:11:36,410 - POSTING --> --------------------------------------
2021-02-09 21:11:36,410 - POSTING --> [+] INICIANDO POSTAGEM NA CONTA OFICIAL
2021-02-09 21:11:36,410 - POSTING --> [+] Versão: 3.0
2021-02-09 21:11:38,420 - POSTING --> ------------------------
2021-02-09 21:11:43,210 - POSTING --> [+] TWEET SELECIONADO:
2021-02-09 21:11:43,210 - POSTING --> ['obrigada arthur por aumentar minhas vendas  ']
2021-02-09 21:11:43,210 - POSTING --> [+] Analisando Texto...
2021-02-09 21:11:46,250 - POSTING --> C:\Users\caiom\Documents\GitHub\PhiloBot-Test-ENV\Images\Hannah Arendt.png
2021-02-09 21:11:46,250 - POSTING --> Hannah Arendt.png
2021-02-09 21:11:46,250 - POSTING --> Hannah Arendt
2021-02-09 21:11:46,250 - POSTING --> Nenhum (2) encontrado. Prosseguindo normal.
2021-02-09 21:11:46,250 - POSTING --> - Hannah Arendt
2021-02-09 21:11:49,040 - POSTING --> [+] Post Diário enviado.
2021-02-09 21:11:49,040 - POSTING --> -------------------------------------------
2021-02-09 21:11:51,050 - POSTING --> --------------------------------------
2021-02-09 21:11:51,050 - POSTING --> [+] INICIANDO POSTAGEM NA CONTA OFICIAL
2021-02-09 21:11:51,050 - POSTING --> [+] Versão: 3.0
