2021-02-06 19:24:13,019 - GENERAL --> Bem-vindo!

2021-02-06 19:24:13,019 - GENERAL --> Philosopher BOT por Caio Madeira e Rodrigo Carmo

2021-02-06 19:24:13,019 - GENERAL --> [32mPara acessar o PhiloBot Manager digite [1]
[0m
2021-02-06 19:24:13,019 - GENERAL --> Escolha qual script função rodar: HASHTAG OU POSTING

2021-02-06 19:32:33,889 - GENERAL --> Bem-vindo!

2021-02-06 19:32:33,889 - GENERAL --> Philosopher BOT por Caio Madeira e Rodrigo Carmo

2021-02-06 19:32:33,889 - GENERAL --> [32mPara acessar o PhiloBot Manager digite [1]
[0m
2021-02-06 19:32:33,889 - GENERAL --> Escolha qual script função rodar: HASHTAG OU POSTING

2021-02-06 19:32:33,901 - GENERAL --> Qual HASHTAG voce deseja iniciar?
2021-02-06 19:32:33,901 - GENERAL --> [ 1 ] - HASHTAG OFICIAL
2021-02-06 19:32:33,901 - GENERAL --> [ 2 ] - HASHTAG EXTENSION
2021-02-06 19:32:33,901 - GENERAL --> [ 3 ] - HASHTAG DE TESTE
2021-02-06 19:32:33,901 - GENERAL --> HASHTAG TESTE ESCOLHIDA, INICIANDO #Testephilo e #Testemaker...

2021-02-06 19:37:52,317 - GENERAL --> Bem-vindo!

2021-02-06 19:37:52,318 - GENERAL --> Philosopher BOT por Caio Madeira e Rodrigo Carmo

2021-02-06 19:37:52,318 - GENERAL --> [32mPara acessar o PhiloBot Manager digite [1]
[0m
2021-02-06 19:37:52,318 - GENERAL --> Escolha qual script função rodar: HASHTAG OU POSTING

2021-02-06 19:38:11,517 - GENERAL --> Bem-vindo!

2021-02-06 19:38:11,517 - GENERAL --> Philosopher BOT por Caio Madeira e Rodrigo Carmo

2021-02-06 19:38:11,517 - GENERAL --> [32mPara acessar o PhiloBot Manager digite [1]
[0m
2021-02-06 19:38:11,517 - GENERAL --> Escolha qual script função rodar: HASHTAG OU POSTING

2021-02-06 19:38:31,217 - GENERAL --> Bem-vindo!

2021-02-06 19:38:31,217 - GENERAL --> Philosopher BOT por Caio Madeira e Rodrigo Carmo

2021-02-06 19:38:31,217 - GENERAL --> [32mPara acessar o PhiloBot Manager digite [1]
[0m
2021-02-06 19:38:31,217 - GENERAL --> Escolha qual script função rodar: HASHTAG OU POSTING

2021-02-06 19:38:31,228 - GENERAL --> Qual HASHTAG voce deseja iniciar?
2021-02-06 19:38:31,228 - GENERAL --> [ 1 ] - HASHTAG OFICIAL
2021-02-06 19:38:31,228 - GENERAL --> [ 2 ] - HASHTAG EXTENSION
2021-02-06 19:38:31,228 - GENERAL --> [ 3 ] - HASHTAG DE TESTE
2021-02-06 19:38:31,228 - GENERAL --> HASHTAG TESTE ESCOLHIDA, INICIANDO #Testephilo e #Testemaker...

2021-02-06 19:39:36,381 - GENERAL --> Bem-vindo!

2021-02-06 19:39:36,381 - GENERAL --> Philosopher BOT por Caio Madeira e Rodrigo Carmo

2021-02-06 19:39:36,381 - GENERAL --> [32mPara acessar o PhiloBot Manager digite [1]
[0m
2021-02-06 19:39:36,381 - GENERAL --> Escolha qual script função rodar: HASHTAG OU POSTING

2021-02-06 19:39:36,391 - GENERAL --> Qual HASHTAG voce deseja iniciar?
2021-02-06 19:39:36,391 - GENERAL --> [ 1 ] - HASHTAG OFICIAL
2021-02-06 19:39:36,391 - GENERAL --> [ 2 ] - HASHTAG EXTENSION
2021-02-06 19:39:36,392 - GENERAL --> [ 3 ] - HASHTAG DE TESTE
2021-02-06 19:39:36,392 - GENERAL --> HASHTAG TESTE ESCOLHIDA, INICIANDO #Testephilo e #Testemaker...

2021-02-06 19:41:26,998 - GENERAL --> Bem-vindo!

2021-02-06 19:41:26,998 - GENERAL --> Philosopher BOT por Caio Madeira e Rodrigo Carmo

2021-02-06 19:41:26,998 - GENERAL --> [32mPara acessar o PhiloBot Manager digite [1]
[0m
2021-02-06 19:41:26,998 - GENERAL --> Escolha qual script função rodar: HASHTAG OU POSTING

2021-02-06 19:41:27,008 - GENERAL --> Qual HASHTAG voce deseja iniciar?
2021-02-06 19:41:27,008 - GENERAL --> [ 1 ] - HASHTAG OFICIAL
2021-02-06 19:41:27,008 - GENERAL --> [ 2 ] - HASHTAG EXTENSION
2021-02-06 19:41:27,008 - GENERAL --> [ 3 ] - HASHTAG DE TESTE
2021-02-06 19:41:27,008 - GENERAL --> HASHTAG TESTE ESCOLHIDA, INICIANDO #Testephilo e #Testemaker...

2021-02-06 19:43:52,579 - GENERAL --> Bem-vindo!

2021-02-06 19:43:52,579 - GENERAL --> Philosopher BOT por Caio Madeira e Rodrigo Carmo

2021-02-06 19:43:52,579 - GENERAL --> [32mPara acessar o PhiloBot Manager digite [1]
[0m
2021-02-06 19:43:52,579 - GENERAL --> Escolha qual script função rodar: HASHTAG OU POSTING

2021-02-06 19:43:52,592 - GENERAL --> Qual HASHTAG voce deseja iniciar?
2021-02-06 19:43:52,592 - GENERAL --> [ 1 ] - HASHTAG OFICIAL
2021-02-06 19:43:52,592 - GENERAL --> [ 2 ] - HASHTAG EXTENSION
2021-02-06 19:43:52,592 - GENERAL --> [ 3 ] - HASHTAG DE TESTE
2021-02-06 19:43:52,592 - GENERAL --> HASHTAG TESTE ESCOLHIDA, INICIANDO #Testephilo e #Testemaker...

2021-02-06 19:50:29,735 - GENERAL --> Bem-vindo!

2021-02-06 19:50:29,735 - GENERAL --> Philosopher BOT por Caio Madeira e Rodrigo Carmo

2021-02-06 19:50:29,735 - GENERAL --> [32mPara acessar o PhiloBot Manager digite [1]
[0m
2021-02-06 19:50:29,735 - GENERAL --> Escolha qual script função rodar: HASHTAG OU POSTING

2021-02-06 19:50:29,746 - GENERAL --> Qual HASHTAG voce deseja iniciar?
2021-02-06 19:50:29,746 - GENERAL --> [ 1 ] - HASHTAG OFICIAL
2021-02-06 19:50:29,746 - GENERAL --> [ 2 ] - HASHTAG EXTENSION
2021-02-06 19:50:29,746 - GENERAL --> [ 3 ] - HASHTAG DE TESTE
2021-02-06 19:50:29,746 - GENERAL --> HASHTAG TESTE ESCOLHIDA, INICIANDO #Testephilo e #Testemaker...

2021-02-06 19:54:32,731 - GENERAL --> Bem-vindo!

2021-02-06 19:54:32,731 - GENERAL --> Philosopher BOT por Caio Madeira e Rodrigo Carmo

2021-02-06 19:54:32,731 - GENERAL --> [32mPara acessar o PhiloBot Manager digite [1]
[0m
2021-02-06 19:54:32,732 - GENERAL --> Escolha qual script função rodar: HASHTAG OU POSTING

2021-02-06 19:54:32,743 - GENERAL --> Qual HASHTAG voce deseja iniciar?
2021-02-06 19:54:32,743 - GENERAL --> [ 1 ] - HASHTAG OFICIAL
2021-02-06 19:54:32,743 - GENERAL --> [ 2 ] - HASHTAG EXTENSION
2021-02-06 19:54:32,743 - GENERAL --> [ 3 ] - HASHTAG DE TESTE
2021-02-06 19:54:32,743 - GENERAL --> HASHTAG TESTE ESCOLHIDA, INICIANDO #Testephilo e #Testemaker...

2021-02-06 19:57:46,723 - GENERAL --> Bem-vindo!

2021-02-06 19:57:46,724 - GENERAL --> Philosopher BOT por Caio Madeira e Rodrigo Carmo

2021-02-06 19:57:46,724 - GENERAL --> [32mPara acessar o PhiloBot Manager digite [1]
[0m
2021-02-06 19:57:46,724 - GENERAL --> Escolha qual script função rodar: HASHTAG OU POSTING

2021-02-06 19:57:46,735 - GENERAL --> Qual HASHTAG voce deseja iniciar?
2021-02-06 19:57:46,735 - GENERAL --> [ 1 ] - HASHTAG OFICIAL
2021-02-06 19:57:46,735 - GENERAL --> [ 2 ] - HASHTAG EXTENSION
2021-02-06 19:57:46,736 - GENERAL --> [ 3 ] - HASHTAG DE TESTE
2021-02-06 19:57:46,736 - GENERAL --> HASHTAG TESTE ESCOLHIDA, INICIANDO #Testephilo e #Testemaker...

2021-02-06 19:57:50,588 - GENERAL --> Bem-vindo!

2021-02-06 19:57:50,588 - GENERAL --> Philosopher BOT por Caio Madeira e Rodrigo Carmo

2021-02-06 19:57:50,588 - GENERAL --> [32mPara acessar o PhiloBot Manager digite [1]
[0m
2021-02-06 19:57:50,588 - GENERAL --> Escolha qual script função rodar: HASHTAG OU POSTING

2021-02-06 19:57:50,593 - GENERAL --> Qual HASHTAG voce deseja iniciar?
2021-02-06 19:57:50,593 - GENERAL --> [ 1 ] - HASHTAG OFICIAL
2021-02-06 19:57:50,593 - GENERAL --> [ 2 ] - HASHTAG EXTENSION
2021-02-06 19:57:50,593 - GENERAL --> [ 3 ] - HASHTAG DE TESTE
2021-02-06 19:57:50,593 - GENERAL --> HASHTAG TESTE ESCOLHIDA, INICIANDO #Testephilo e #Testemaker...

2021-02-06 19:58:28,866 - GENERAL --> Bem-vindo!

2021-02-06 19:58:28,866 - GENERAL --> Philosopher BOT por Caio Madeira e Rodrigo Carmo

2021-02-06 19:58:28,866 - GENERAL --> [32mPara acessar o PhiloBot Manager digite [1]
[0m
2021-02-06 19:58:28,866 - GENERAL --> Escolha qual script função rodar: HASHTAG OU POSTING

2021-02-06 19:58:28,878 - GENERAL --> Qual HASHTAG voce deseja iniciar?
2021-02-06 19:58:28,878 - GENERAL --> [ 1 ] - HASHTAG OFICIAL
2021-02-06 19:58:28,878 - GENERAL --> [ 2 ] - HASHTAG EXTENSION
2021-02-06 19:58:28,878 - GENERAL --> [ 3 ] - HASHTAG DE TESTE
2021-02-06 19:58:28,878 - GENERAL --> HASHTAG TESTE ESCOLHIDA, INICIANDO #Testephilo e #Testemaker...

2021-02-06 19:59:38,868 - GENERAL --> Bem-vindo!

2021-02-06 19:59:38,868 - GENERAL --> Philosopher BOT por Caio Madeira e Rodrigo Carmo

2021-02-06 19:59:38,868 - GENERAL --> [32mPara acessar o PhiloBot Manager digite [1]
[0m
2021-02-06 19:59:38,868 - GENERAL --> Escolha qual script função rodar: HASHTAG OU POSTING

2021-02-06 19:59:38,878 - GENERAL --> Qual HASHTAG voce deseja iniciar?
2021-02-06 19:59:38,878 - GENERAL --> [ 1 ] - HASHTAG OFICIAL
2021-02-06 19:59:38,878 - GENERAL --> [ 2 ] - HASHTAG EXTENSION
2021-02-06 19:59:38,878 - GENERAL --> [ 3 ] - HASHTAG DE TESTE
2021-02-06 19:59:38,878 - GENERAL --> HASHTAG TESTE ESCOLHIDA, INICIANDO #Testephilo e #Testemaker...

2021-02-06 20:00:56,912 - GENERAL --> Bem-vindo!

2021-02-06 20:00:56,912 - GENERAL --> Philosopher BOT por Caio Madeira e Rodrigo Carmo

2021-02-06 20:00:56,912 - GENERAL --> [32mPara acessar o PhiloBot Manager digite [1]
[0m
2021-02-06 20:00:56,912 - GENERAL --> Escolha qual script função rodar: HASHTAG OU POSTING

2021-02-06 20:00:56,922 - GENERAL --> Qual HASHTAG voce deseja iniciar?
2021-02-06 20:00:56,922 - GENERAL --> [ 1 ] - HASHTAG OFICIAL
2021-02-06 20:00:56,922 - GENERAL --> [ 2 ] - HASHTAG EXTENSION
2021-02-06 20:00:56,922 - GENERAL --> [ 3 ] - HASHTAG DE TESTE
2021-02-06 20:00:56,922 - GENERAL --> HASHTAG TESTE ESCOLHIDA, INICIANDO #Testephilo e #Testemaker...

2021-02-06 20:03:35,047 - GENERAL --> Bem-vindo!

2021-02-06 20:03:35,047 - GENERAL --> Philosopher BOT por Caio Madeira e Rodrigo Carmo

2021-02-06 20:03:35,047 - GENERAL --> [32mPara acessar o PhiloBot Manager digite [1]
[0m
2021-02-06 20:03:35,047 - GENERAL --> Escolha qual script função rodar: HASHTAG OU POSTING

2021-02-06 20:03:35,058 - GENERAL --> Qual HASHTAG voce deseja iniciar?
2021-02-06 20:03:35,058 - GENERAL --> [ 1 ] - HASHTAG OFICIAL
2021-02-06 20:03:35,058 - GENERAL --> [ 2 ] - HASHTAG EXTENSION
2021-02-06 20:03:35,058 - GENERAL --> [ 3 ] - HASHTAG DE TESTE
2021-02-06 20:03:35,058 - GENERAL --> HASHTAG TESTE ESCOLHIDA, INICIANDO #Testephilo e #Testemaker...

2021-02-06 20:04:47,087 - GENERAL --> Bem-vindo!

2021-02-06 20:04:47,087 - GENERAL --> Philosopher BOT por Caio Madeira e Rodrigo Carmo

2021-02-06 20:04:47,087 - GENERAL --> [32mPara acessar o PhiloBot Manager digite [1]
[0m
2021-02-06 20:04:47,087 - GENERAL --> Escolha qual script função rodar: HASHTAG OU POSTING

2021-02-06 20:04:47,097 - GENERAL --> Qual HASHTAG voce deseja iniciar?
2021-02-06 20:04:47,098 - GENERAL --> [ 1 ] - HASHTAG OFICIAL
2021-02-06 20:04:47,098 - GENERAL --> [ 2 ] - HASHTAG EXTENSION
2021-02-06 20:04:47,098 - GENERAL --> [ 3 ] - HASHTAG DE TESTE
2021-02-06 20:04:47,098 - GENERAL --> HASHTAG TESTE ESCOLHIDA, INICIANDO #Testephilo e #Testemaker...

2021-02-06 20:12:05,256 - GENERAL --> Bem-vindo!

2021-02-06 20:12:05,256 - GENERAL --> Philosopher BOT por Caio Madeira e Rodrigo Carmo

2021-02-06 20:12:05,256 - GENERAL --> [32mPara acessar o PhiloBot Manager digite [1]
[0m
2021-02-06 20:12:05,256 - GENERAL --> Escolha qual script função rodar: HASHTAG OU POSTING

2021-02-06 20:12:05,270 - GENERAL --> Qual HASHTAG voce deseja iniciar?
2021-02-06 20:12:05,270 - GENERAL --> [ 1 ] - HASHTAG OFICIAL
2021-02-06 20:12:05,270 - GENERAL --> [ 2 ] - HASHTAG EXTENSION
2021-02-06 20:12:05,270 - GENERAL --> [ 3 ] - HASHTAG DE TESTE
2021-02-06 20:12:05,270 - GENERAL --> HASHTAG TESTE ESCOLHIDA, INICIANDO #Testephilo e #Testemaker...

2021-02-06 20:17:23,094 - GENERAL --> Bem-vindo!

2021-02-06 20:17:23,094 - GENERAL --> Philosopher BOT por Caio Madeira e Rodrigo Carmo

2021-02-06 20:17:23,094 - GENERAL --> [32mPara acessar o PhiloBot Manager digite [1]
[0m
2021-02-06 20:17:23,094 - GENERAL --> Escolha qual script função rodar: HASHTAG OU POSTING

2021-02-06 20:17:23,105 - GENERAL --> Qual HASHTAG voce deseja iniciar?
2021-02-06 20:17:23,105 - GENERAL --> [ 1 ] - HASHTAG OFICIAL
2021-02-06 20:17:23,105 - GENERAL --> [ 2 ] - HASHTAG EXTENSION
2021-02-06 20:17:23,105 - GENERAL --> [ 3 ] - HASHTAG DE TESTE
2021-02-06 20:17:23,105 - GENERAL --> HASHTAG TESTE ESCOLHIDA, INICIANDO #Testephilo e #Testemaker...

2021-02-06 20:23:22,823 - GENERAL --> Bem-vindo!

2021-02-06 20:23:22,823 - GENERAL --> Philosopher BOT por Caio Madeira e Rodrigo Carmo

2021-02-06 20:23:22,823 - GENERAL --> [32mPara acessar o PhiloBot Manager digite [1]
[0m
2021-02-06 20:23:22,823 - GENERAL --> Escolha qual script função rodar: HASHTAG OU POSTING

2021-02-06 20:23:22,835 - GENERAL --> Qual HASHTAG voce deseja iniciar?
2021-02-06 20:23:22,835 - GENERAL --> [ 1 ] - HASHTAG OFICIAL
2021-02-06 20:23:22,835 - GENERAL --> [ 2 ] - HASHTAG EXTENSION
2021-02-06 20:23:22,835 - GENERAL --> [ 3 ] - HASHTAG DE TESTE
2021-02-06 20:23:22,835 - GENERAL --> HASHTAG TESTE ESCOLHIDA, INICIANDO #Testephilo e #Testemaker...

2021-02-06 20:27:09,695 - GENERAL --> Bem-vindo!

2021-02-06 20:27:09,695 - GENERAL --> Philosopher BOT por Caio Madeira e Rodrigo Carmo

2021-02-06 20:27:09,695 - GENERAL --> [32mPara acessar o PhiloBot Manager digite [1]
[0m
2021-02-06 20:27:09,695 - GENERAL --> Escolha qual script função rodar: HASHTAG OU POSTING

2021-02-06 20:27:09,708 - GENERAL --> Qual HASHTAG voce deseja iniciar?
2021-02-06 20:27:09,708 - GENERAL --> [ 1 ] - HASHTAG OFICIAL
2021-02-06 20:27:09,708 - GENERAL --> [ 2 ] - HASHTAG EXTENSION
2021-02-06 20:27:09,708 - GENERAL --> [ 3 ] - HASHTAG DE TESTE
2021-02-06 20:27:09,708 - GENERAL --> HASHTAG TESTE ESCOLHIDA, INICIANDO #Testephilo e #Testemaker...

2021-02-06 20:30:51,456 - GENERAL --> Bem-vindo!

2021-02-06 20:30:51,457 - GENERAL --> Philosopher BOT por Caio Madeira e Rodrigo Carmo

2021-02-06 20:30:51,457 - GENERAL --> [32mPara acessar o PhiloBot Manager digite [1]
[0m
2021-02-06 20:30:51,457 - GENERAL --> Escolha qual script função rodar: HASHTAG OU POSTING

2021-02-06 20:30:51,468 - GENERAL --> Qual HASHTAG voce deseja iniciar?
2021-02-06 20:30:51,468 - GENERAL --> [ 1 ] - HASHTAG OFICIAL
2021-02-06 20:30:51,468 - GENERAL --> [ 2 ] - HASHTAG EXTENSION
2021-02-06 20:30:51,468 - GENERAL --> [ 3 ] - HASHTAG DE TESTE
2021-02-06 20:30:51,468 - GENERAL --> HASHTAG TESTE ESCOLHIDA, INICIANDO #Testephilo e #Testemaker...

2021-02-06 20:36:39,027 - GENERAL --> Bem-vindo!

2021-02-06 20:36:39,027 - GENERAL --> Philosopher BOT por Caio Madeira e Rodrigo Carmo

2021-02-06 20:36:39,027 - GENERAL --> [32mPara acessar o PhiloBot Manager digite [1]
[0m
2021-02-06 20:36:39,027 - GENERAL --> Escolha qual script função rodar: HASHTAG OU POSTING

2021-02-06 20:36:39,040 - GENERAL --> Qual HASHTAG voce deseja iniciar?
2021-02-06 20:36:39,040 - GENERAL --> [ 1 ] - HASHTAG OFICIAL
2021-02-06 20:36:39,040 - GENERAL --> [ 2 ] - HASHTAG EXTENSION
2021-02-06 20:36:39,040 - GENERAL --> [ 3 ] - HASHTAG DE TESTE
2021-02-06 20:36:39,040 - GENERAL --> HASHTAG TESTE ESCOLHIDA, INICIANDO #Testephilo e #Testemaker...

2021-02-06 20:39:13,183 - GENERAL --> Bem-vindo!

2021-02-06 20:39:13,183 - GENERAL --> Philosopher BOT por Caio Madeira e Rodrigo Carmo

2021-02-06 20:39:13,183 - GENERAL --> [32mPara acessar o PhiloBot Manager digite [1]
[0m
2021-02-06 20:39:13,183 - GENERAL --> Escolha qual script função rodar: HASHTAG OU POSTING

2021-02-06 20:39:13,195 - GENERAL --> Qual HASHTAG voce deseja iniciar?
2021-02-06 20:39:13,195 - GENERAL --> [ 1 ] - HASHTAG OFICIAL
2021-02-06 20:39:13,195 - GENERAL --> [ 2 ] - HASHTAG EXTENSION
2021-02-06 20:39:13,195 - GENERAL --> [ 3 ] - HASHTAG DE TESTE
2021-02-06 20:39:13,195 - GENERAL --> HASHTAG TESTE ESCOLHIDA, INICIANDO #Testephilo e #Testemaker...

2021-02-06 20:43:59,985 - GENERAL --> Bem-vindo!

2021-02-06 20:43:59,985 - GENERAL --> Philosopher BOT por Caio Madeira e Rodrigo Carmo

2021-02-06 20:43:59,985 - GENERAL --> [32mPara acessar o PhiloBot Manager digite [1]
[0m
2021-02-06 20:43:59,985 - GENERAL --> Escolha qual script função rodar: HASHTAG OU POSTING

2021-02-06 20:43:59,998 - GENERAL --> Qual HASHTAG voce deseja iniciar?
2021-02-06 20:43:59,999 - GENERAL --> [ 1 ] - HASHTAG OFICIAL
2021-02-06 20:43:59,999 - GENERAL --> [ 2 ] - HASHTAG EXTENSION
2021-02-06 20:43:59,999 - GENERAL --> [ 3 ] - HASHTAG DE TESTE
2021-02-06 20:43:59,999 - GENERAL --> HASHTAG TESTE ESCOLHIDA, INICIANDO #Testephilo e #Testemaker...

2021-02-06 20:51:50,805 - GENERAL --> Bem-vindo!

2021-02-06 20:51:50,806 - GENERAL --> Philosopher BOT por Caio Madeira e Rodrigo Carmo

2021-02-06 20:51:50,806 - GENERAL --> [32mPara acessar o PhiloBot Manager digite [1]
[0m
2021-02-06 20:51:50,806 - GENERAL --> Escolha qual script função rodar: HASHTAG OU POSTING

2021-02-06 20:51:50,820 - GENERAL --> Qual HASHTAG voce deseja iniciar?
2021-02-06 20:51:50,820 - GENERAL --> [ 1 ] - HASHTAG OFICIAL
2021-02-06 20:51:50,820 - GENERAL --> [ 2 ] - HASHTAG EXTENSION
2021-02-06 20:51:50,820 - GENERAL --> [ 3 ] - HASHTAG DE TESTE
2021-02-06 20:51:50,820 - GENERAL --> HASHTAG TESTE ESCOLHIDA, INICIANDO #Testephilo e #Testemaker...

2021-02-06 20:56:29,971 - GENERAL --> Bem-vindo!

2021-02-06 20:56:29,971 - GENERAL --> Philosopher BOT por Caio Madeira e Rodrigo Carmo

2021-02-06 20:56:29,971 - GENERAL --> [32mPara acessar o PhiloBot Manager digite [1]
[0m
2021-02-06 20:56:29,971 - GENERAL --> Escolha qual script função rodar: HASHTAG OU POSTING

2021-02-06 20:56:29,981 - GENERAL --> Qual HASHTAG voce deseja iniciar?
2021-02-06 20:56:29,981 - GENERAL --> [ 1 ] - HASHTAG OFICIAL
2021-02-06 20:56:29,981 - GENERAL --> [ 2 ] - HASHTAG EXTENSION
2021-02-06 20:56:29,981 - GENERAL --> [ 3 ] - HASHTAG DE TESTE
2021-02-06 20:56:29,981 - GENERAL --> HASHTAG TESTE ESCOLHIDA, INICIANDO #Testephilo e #Testemaker...

