2021-02-07 21:58:06,627 - GENERAL --> Bem-vindo!

2021-02-07 21:58:06,627 - GENERAL --> Philosopher BOT por Caio Madeira e Rodrigo Carmo

2021-02-07 21:58:06,627 - GENERAL --> [32mPara acessar o PhiloBot Manager digite [1]
[0m
2021-02-07 21:58:06,627 - GENERAL --> Escolha qual script função rodar: HASHTAG OU POSTING

2021-02-07 21:58:06,637 - GENERAL --> Qual HASHTAG voce deseja iniciar?
2021-02-07 21:58:06,637 - GENERAL --> [ 1 ] - HASHTAG OFICIAL
2021-02-07 21:58:06,637 - GENERAL --> [ 2 ] - HASHTAG EXTENSION
2021-02-07 21:58:06,637 - GENERAL --> [ 3 ] - HASHTAG DE TESTE
2021-02-07 21:58:06,637 - GENERAL --> HASHTAG TESTE ESCOLHIDA, INICIANDO #Testephilo e #Testemaker...

2021-02-07 22:00:10,684 - GENERAL --> Bem-vindo!

2021-02-07 22:00:10,684 - GENERAL --> Philosopher BOT por Caio Madeira e Rodrigo Carmo

2021-02-07 22:00:10,684 - GENERAL --> [32mPara acessar o PhiloBot Manager digite [1]
[0m
2021-02-07 22:00:10,684 - GENERAL --> Escolha qual script função rodar: HASHTAG OU POSTING

2021-02-07 22:00:10,693 - GENERAL --> Qual HASHTAG voce deseja iniciar?
2021-02-07 22:00:10,694 - GENERAL --> [ 1 ] - HASHTAG OFICIAL
2021-02-07 22:00:10,694 - GENERAL --> [ 2 ] - HASHTAG EXTENSION
2021-02-07 22:00:10,694 - GENERAL --> [ 3 ] - HASHTAG DE TESTE
2021-02-07 22:00:10,694 - GENERAL --> HASHTAG TESTE ESCOLHIDA, INICIANDO #Testephilo e #Testemaker...

2021-02-07 22:03:38,328 - GENERAL --> Bem-vindo!

2021-02-07 22:03:38,328 - GENERAL --> Philosopher BOT por Caio Madeira e Rodrigo Carmo

2021-02-07 22:03:38,328 - GENERAL --> [32mPara acessar o PhiloBot Manager digite [1]
[0m
2021-02-07 22:03:38,328 - GENERAL --> Escolha qual script função rodar: HASHTAG OU POSTING

2021-02-07 22:03:38,337 - GENERAL --> Qual HASHTAG voce deseja iniciar?
2021-02-07 22:03:38,338 - GENERAL --> [ 1 ] - HASHTAG OFICIAL
2021-02-07 22:03:38,338 - GENERAL --> [ 2 ] - HASHTAG EXTENSION
2021-02-07 22:03:38,338 - GENERAL --> [ 3 ] - HASHTAG DE TESTE
2021-02-07 22:03:38,338 - GENERAL --> HASHTAG TESTE ESCOLHIDA, INICIANDO #Testephilo e #Testemaker...

2021-02-07 22:04:30,036 - GENERAL --> Bem-vindo!

2021-02-07 22:04:30,036 - GENERAL --> Philosopher BOT por Caio Madeira e Rodrigo Carmo

2021-02-07 22:04:30,036 - GENERAL --> [32mPara acessar o PhiloBot Manager digite [1]
[0m
2021-02-07 22:04:30,036 - GENERAL --> Escolha qual script função rodar: HASHTAG OU POSTING

2021-02-07 22:04:30,042 - GENERAL --> Qual HASHTAG voce deseja iniciar?
2021-02-07 22:04:30,042 - GENERAL --> [ 1 ] - HASHTAG OFICIAL
2021-02-07 22:04:30,042 - GENERAL --> [ 2 ] - HASHTAG EXTENSION
2021-02-07 22:04:30,042 - GENERAL --> [ 3 ] - HASHTAG DE TESTE
2021-02-07 22:04:30,042 - GENERAL --> HASHTAG TESTE ESCOLHIDA, INICIANDO #Testephilo e #Testemaker...

2021-02-07 22:06:05,787 - GENERAL --> Bem-vindo!

2021-02-07 22:06:05,787 - GENERAL --> Philosopher BOT por Caio Madeira e Rodrigo Carmo

2021-02-07 22:06:05,787 - GENERAL --> [32mPara acessar o PhiloBot Manager digite [1]
[0m
2021-02-07 22:06:05,787 - GENERAL --> Escolha qual script função rodar: HASHTAG OU POSTING

2021-02-07 22:06:05,794 - GENERAL --> Qual HASHTAG voce deseja iniciar?
2021-02-07 22:06:05,794 - GENERAL --> [ 1 ] - HASHTAG OFICIAL
2021-02-07 22:06:05,794 - GENERAL --> [ 2 ] - HASHTAG EXTENSION
2021-02-07 22:06:05,794 - GENERAL --> [ 3 ] - HASHTAG DE TESTE
2021-02-07 22:06:05,794 - GENERAL --> HASHTAG TESTE ESCOLHIDA, INICIANDO #Testephilo e #Testemaker...

2021-02-07 22:26:03,615 - GENERAL --> Bem-vindo!

2021-02-07 22:26:03,615 - GENERAL --> Philosopher BOT por Caio Madeira e Rodrigo Carmo

2021-02-07 22:26:03,615 - GENERAL --> [32mPara acessar o PhiloBot Manager digite [1]
[0m
2021-02-07 22:26:03,616 - GENERAL --> Escolha qual script função rodar: HASHTAG OU POSTING

2021-02-07 22:26:03,624 - GENERAL --> Qual HASHTAG voce deseja iniciar?
2021-02-07 22:26:03,624 - GENERAL --> [ 1 ] - HASHTAG OFICIAL
2021-02-07 22:26:03,624 - GENERAL --> [ 2 ] - HASHTAG EXTENSION
2021-02-07 22:26:03,624 - GENERAL --> [ 3 ] - HASHTAG DE TESTE
2021-02-07 22:26:03,625 - GENERAL --> HASHTAG TESTE ESCOLHIDA, INICIANDO #Testephilo e #Testemaker...

2021-02-07 22:41:40,899 - GENERAL --> Bem-vindo!

2021-02-07 22:41:40,899 - GENERAL --> Philosopher BOT por Caio Madeira e Rodrigo Carmo

2021-02-07 22:41:40,899 - GENERAL --> [32mPara acessar o PhiloBot Manager digite [1]
[0m
2021-02-07 22:41:40,899 - GENERAL --> Escolha qual script função rodar: HASHTAG OU POSTING

2021-02-07 22:41:40,916 - GENERAL --> Qual HASHTAG voce deseja iniciar?
2021-02-07 22:41:40,916 - GENERAL --> [ 1 ] - HASHTAG OFICIAL
2021-02-07 22:41:40,916 - GENERAL --> [ 2 ] - HASHTAG EXTENSION
2021-02-07 22:41:40,916 - GENERAL --> [ 3 ] - HASHTAG DE TESTE
2021-02-07 22:41:40,916 - GENERAL --> HASHTAG TESTE ESCOLHIDA, INICIANDO #Testephilo e #Testemaker...

2021-02-07 23:00:47,216 - GENERAL --> Bem-vindo!

2021-02-07 23:00:47,217 - GENERAL --> Philosopher BOT por Caio Madeira e Rodrigo Carmo

2021-02-07 23:00:47,217 - GENERAL --> [32mPara acessar o PhiloBot Manager digite [1]
[0m
2021-02-07 23:00:47,217 - GENERAL --> Escolha qual script função rodar: HASHTAG OU POSTING

2021-02-07 23:00:47,228 - GENERAL --> Qual HASHTAG voce deseja iniciar?
2021-02-07 23:00:47,228 - GENERAL --> [ 1 ] - HASHTAG OFICIAL
2021-02-07 23:00:47,228 - GENERAL --> [ 2 ] - HASHTAG EXTENSION
2021-02-07 23:00:47,228 - GENERAL --> [ 3 ] - HASHTAG DE TESTE
2021-02-07 23:00:47,228 - GENERAL --> HASHTAG TESTE ESCOLHIDA, INICIANDO #Testephilo e #Testemaker...

2021-02-07 23:03:36,198 - GENERAL --> Bem-vindo!

2021-02-07 23:03:36,198 - GENERAL --> Philosopher BOT por Caio Madeira e Rodrigo Carmo

2021-02-07 23:03:36,198 - GENERAL --> [32mPara acessar o PhiloBot Manager digite [1]
[0m
2021-02-07 23:03:36,198 - GENERAL --> Escolha qual script função rodar: HASHTAG OU POSTING

2021-02-07 23:03:36,209 - GENERAL --> Qual HASHTAG voce deseja iniciar?
2021-02-07 23:03:36,209 - GENERAL --> [ 1 ] - HASHTAG OFICIAL
2021-02-07 23:03:36,209 - GENERAL --> [ 2 ] - HASHTAG EXTENSION
2021-02-07 23:03:36,209 - GENERAL --> [ 3 ] - HASHTAG DE TESTE
2021-02-07 23:03:36,209 - GENERAL --> HASHTAG TESTE ESCOLHIDA, INICIANDO #Testephilo e #Testemaker...

