2021-09-05 20:23:35,672 - PHILOBOT --> [X] - ERRO! Não foi possível enviar a imagem.
2021-09-05 20:23:35,672 - PHILOBOT --> [X] - ERRO! Não foi possível enviar a imagem.
2021-09-05 20:23:35,672 - PHILOBOT --> [{'code': 189, 'message': 'Error creating status.'}]
2021-09-05 20:23:35,672 - PHILOBOT --> [{'code': 189, 'message': 'Error creating status.'}]
2021-09-05 20:23:35,689 - PHILOBOT --> [X] - ERRO! Não foi possível enviar a imagem.
2021-09-05 20:23:35,689 - PHILOBOT --> [X] - ERRO! Não foi possível enviar a imagem.
2021-09-05 20:23:35,689 - PHILOBOT --> [{'code': 189, 'message': 'Error creating status.'}]
2021-09-05 20:23:35,689 - PHILOBOT --> [{'code': 189, 'message': 'Error creating status.'}]
2021-09-05 20:23:35,695 - PHILOBOT --> [X] - ERRO! Não foi possível enviar a imagem.
2021-09-05 20:23:35,695 - PHILOBOT --> [X] - ERRO! Não foi possível enviar a imagem.
2021-09-05 20:23:35,695 - PHILOBOT --> [{'code': 189, 'message': 'Error creating status.'}]
2021-09-05 20:23:35,695 - PHILOBOT --> [{'code': 189, 'message': 'Error creating status.'}]
2021-09-05 20:23:35,829 - PHILOBOT --> [X] - ERRO! Não foi possível enviar a imagem.
2021-09-05 20:23:35,829 - PHILOBOT --> [X] - ERRO! Não foi possível enviar a imagem.
2021-09-05 20:23:35,829 - PHILOBOT --> [{'code': 189, 'message': 'Error creating status.'}]
2021-09-05 20:23:35,829 - PHILOBOT --> [{'code': 189, 'message': 'Error creating status.'}]
2021-09-05 20:25:36,471 - PHILOBOT --> [X] - ERRO! Não foi possível enviar a imagem.
2021-09-05 20:25:36,471 - PHILOBOT --> [X] - ERRO! Não foi possível enviar a imagem.
2021-09-05 20:25:36,471 - PHILOBOT --> [{'code': 189, 'message': 'Error creating status.'}]
2021-09-05 20:25:36,471 - PHILOBOT --> [{'code': 189, 'message': 'Error creating status.'}]
2021-09-05 20:26:28,569 - PHILOBOT --> [X] - ERRO! Não foi possível enviar a imagem.
2021-09-05 20:26:28,569 - PHILOBOT --> [X] - ERRO! Não foi possível enviar a imagem.
2021-09-05 20:26:28,569 - PHILOBOT --> [{'code': 189, 'message': 'Error creating status.'}]
2021-09-05 20:26:28,569 - PHILOBOT --> [{'code': 189, 'message': 'Error creating status.'}]
2021-09-05 20:52:41,439 - PHILOBOT --> [X] - ERRO! Não foi possível enviar a imagem.
2021-09-05 20:52:41,439 - PHILOBOT --> [X] - ERRO! Não foi possível enviar a imagem.
2021-09-05 20:52:41,439 - PHILOBOT --> [{'code': 189, 'message': 'Error creating status.'}]
2021-09-05 20:52:41,439 - PHILOBOT --> [{'code': 189, 'message': 'Error creating status.'}]
2021-09-05 20:52:41,476 - PHILOBOT --> [X] - ERRO! Não foi possível enviar a imagem.
2021-09-05 20:52:41,476 - PHILOBOT --> [X] - ERRO! Não foi possível enviar a imagem.
2021-09-05 20:52:41,477 - PHILOBOT --> [{'code': 189, 'message': 'Error creating status.'}]
2021-09-05 20:52:41,477 - PHILOBOT --> [{'code': 189, 'message': 'Error creating status.'}]
2021-09-05 20:52:41,485 - PHILOBOT --> [X] - ERRO! Não foi possível enviar a imagem.
2021-09-05 20:52:41,485 - PHILOBOT --> [X] - ERRO! Não foi possível enviar a imagem.
2021-09-05 20:52:41,485 - PHILOBOT --> [{'code': 189, 'message': 'Error creating status.'}]
2021-09-05 20:52:41,485 - PHILOBOT --> [{'code': 189, 'message': 'Error creating status.'}]
2021-09-05 20:52:41,512 - PHILOBOT --> [X] - ERRO! Não foi possível enviar a imagem.
2021-09-05 20:52:41,512 - PHILOBOT --> [X] - ERRO! Não foi possível enviar a imagem.
2021-09-05 20:52:41,513 - PHILOBOT --> [{'code': 189, 'message': 'Error creating status.'}]
2021-09-05 20:52:41,513 - PHILOBOT --> [{'code': 189, 'message': 'Error creating status.'}]
2021-09-05 22:53:45,218 - PHILOBOT --> [X] - ERRO AO COLETAR INFORMAÇÕES DO TWEET
2021-09-05 22:53:45,218 - PHILOBOT --> cannot import name 'HashtagClass' from 'Twitter.Hashtag' (C:\Users\rodri\Documents\GitHub\The-Philosopher-BOT\Twitter\Hashtag\__init__.py)
2021-09-05 22:53:45,218 - PHILOBOT --> [-] - Ignorando e continuando os tweets

2021-09-05 23:19:35,996 - PHILOBOT --> [X] - ERRO AO COLETAR INFORMAÇÕES DO TWEET
2021-09-05 23:19:35,996 - PHILOBOT --> 'NoneType' object has no attribute 'read'
2021-09-05 23:19:35,996 - PHILOBOT --> [-] - Ignorando e continuando os tweets

