2021-09-06 08:28:19,704 - PHILOBOT --> [X] - ERRO AO COLETAR INFORMAÇÕES DO TWEET
2021-09-06 08:28:19,704 - PHILOBOT --> 'NoneType' object has no attribute 'read'
2021-09-06 08:28:19,704 - PHILOBOT --> [-] - Ignorando e continuando os tweets

2021-09-06 08:33:59,799 - PHILOBOT --> [X] - ERRO AO COLETAR INFORMAÇÕES DO TWEET
2021-09-06 08:33:59,799 - PHILOBOT --> 'NoneType' object has no attribute 'read'
2021-09-06 08:33:59,799 - PHILOBOT --> [-] - Ignorando e continuando os tweets

2021-09-06 08:35:48,409 - PHILOBOT --> [X] - ERRO AO COLETAR INFORMAÇÕES DO TWEET
2021-09-06 08:35:48,409 - PHILOBOT --> 'NoneType' object has no attribute 'read'
2021-09-06 08:35:48,409 - PHILOBOT --> [-] - Ignorando e continuando os tweets

2021-09-06 08:47:54,500 - PHILOBOT --> [X] - ERRO AO COLETAR INFORMAÇÕES DO TWEET
2021-09-06 08:47:54,500 - PHILOBOT --> 'NoneType' object has no attribute 'read'
2021-09-06 08:47:54,500 - PHILOBOT --> [-] - Ignorando e continuando os tweets

2021-09-06 08:55:29,205 - PHILOBOT --> [X] - ERRO AO COLETAR INFORMAÇÕES DO TWEET
2021-09-06 08:55:29,205 - PHILOBOT --> 'NoneType' object has no attribute 'read'
2021-09-06 08:55:29,205 - PHILOBOT --> [-] - Ignorando e continuando os tweets

2021-09-06 09:00:11,322 - PHILOBOT --> [X] - Erro ao coletar informações para ajustar texto sem as aspas com menos de 25 caracteres:
2021-09-06 09:00:11,322 - PHILOBOT --> 'NoneType' object has no attribute 'read'
2021-09-06 09:00:11,322 - PHILOBOT --> [X] - ERRO AO COLETAR INFORMAÇÕES DO TWEET
2021-09-06 09:00:11,323 - PHILOBOT --> cannot import name 'HashtagClass' from 'Twitter.Hashtag' (C:\Users\rodri\Documents\GitHub\The-Philosopher-BOT\Twitter\Hashtag\__init__.py)
2021-09-06 09:00:11,323 - PHILOBOT --> [-] - Ignorando e continuando os tweets

2021-09-06 09:06:28,162 - PHILOBOT --> [X] - Erro ao coletar informações para ajustar texto sem as aspas com menos de 25 caracteres:
2021-09-06 09:06:28,162 - PHILOBOT --> 'NoneType' object has no attribute 'read'
2021-09-06 09:06:28,162 - PHILOBOT --> [X] - ERRO AO COLETAR INFORMAÇÕES DO TWEET
2021-09-06 09:06:28,162 - PHILOBOT --> cannot import name 'HashtagClass' from 'Twitter.Hashtag' (C:\Users\rodri\Documents\GitHub\The-Philosopher-BOT\Twitter\Hashtag\__init__.py)
2021-09-06 09:06:28,162 - PHILOBOT --> [-] - Ignorando e continuando os tweets

