2021-03-26 19:50:55,741 - POSTING --> POSTS DEFINIDOS PARA A CADA 2 HORAS EM 'config.py'

2021-03-26 19:50:58,100 - POSTING --> --------------------------------------
2021-03-26 19:50:58,100 - POSTING --> [+] INICIANDO POSTAGEM NA CONTA Oficial
2021-03-26 19:50:58,100 - POSTING --> [+] Versão: 3.1.3 - (23/03/2021)
2021-03-26 19:51:00,101 - POSTING --> ------------------------
2021-03-26 19:51:02,103 - POSTING --> Failed to send request: Only unicode objects are escapable. Got None of type <class 'NoneType'>.
2021-03-26 19:51:02,103 - POSTING --> [x] Erro - Não autorizado
[x] Ignorando...
2021-03-26 19:51:02,104 - POSTING --> [+] TWEET SELECIONADO:
2021-03-26 19:51:02,104 - POSTING --> 'PostingClass' object has no attribute 'tweet_account'
2021-03-26 19:51:04,157 - POSTING --> --------------------------------------
2021-03-26 19:51:04,157 - POSTING --> [+] INICIANDO POSTAGEM NA CONTA Oficial
2021-03-26 19:51:04,157 - POSTING --> [+] Versão: 3.1.3 - (23/03/2021)
2021-03-26 19:51:06,157 - POSTING --> ------------------------
2021-03-26 19:51:08,158 - POSTING --> Failed to send request: Only unicode objects are escapable. Got None of type <class 'NoneType'>.
2021-03-26 19:51:08,158 - POSTING --> [x] Erro - Não autorizado
[x] Ignorando...
2021-03-26 19:51:08,158 - POSTING --> [+] TWEET SELECIONADO:
2021-03-26 19:51:08,159 - POSTING --> 'PostingClass' object has no attribute 'tweet_account'
2021-03-26 19:51:34,310 - POSTING --> POSTS DEFINIDOS PARA A CADA 2 HORAS EM 'config.py'

2021-03-26 19:51:36,329 - POSTING --> --------------------------------------
2021-03-26 19:51:36,330 - POSTING --> [+] INICIANDO POSTAGEM NA CONTA Oficial
2021-03-26 19:51:36,330 - POSTING --> [+] Versão: 3.1.3 - (23/03/2021)
2021-03-26 19:51:38,331 - POSTING --> ------------------------
2021-03-26 19:51:40,331 - POSTING --> Failed to send request: Only unicode objects are escapable. Got None of type <class 'NoneType'>.
2021-03-26 19:51:40,332 - POSTING --> [x] Erro - Não autorizado
[x] Ignorando...
2021-03-26 19:51:40,332 - POSTING --> [+] TWEET SELECIONADO:
2021-03-26 19:51:40,332 - POSTING --> 'PostingClass' object has no attribute 'tweet_account'
2021-03-26 19:51:42,334 - POSTING --> --------------------------------------
2021-03-26 19:51:42,334 - POSTING --> [+] INICIANDO POSTAGEM NA CONTA Oficial
2021-03-26 19:51:42,335 - POSTING --> [+] Versão: 3.1.3 - (23/03/2021)
2021-03-26 19:51:44,336 - POSTING --> ------------------------
2021-03-26 19:53:28,980 - POSTING --> POSTS DEFINIDOS PARA A CADA 2 HORAS EM 'config.py'

2021-03-26 19:53:30,997 - POSTING --> --------------------------------------
2021-03-26 19:53:30,997 - POSTING --> [+] INICIANDO POSTAGEM NA CONTA Oficial
2021-03-26 19:53:30,997 - POSTING --> [+] Versão: 3.1.3 - (23/03/2021)
2021-03-26 19:53:32,997 - POSTING --> ------------------------
2021-03-26 19:53:34,998 - POSTING --> Failed to send request: Only unicode objects are escapable. Got None of type <class 'NoneType'>.
2021-03-26 19:53:34,999 - POSTING --> [x] Erro - Não autorizado
[x] Ignorando...
2021-03-26 19:53:34,999 - POSTING --> [+] TWEET SELECIONADO:
2021-03-26 19:53:34,999 - POSTING --> 'PostingClass' object has no attribute 'tweet_account'
2021-03-26 19:53:37,001 - POSTING --> --------------------------------------
2021-03-26 19:53:37,001 - POSTING --> [+] INICIANDO POSTAGEM NA CONTA Oficial
2021-03-26 19:53:37,001 - POSTING --> [+] Versão: 3.1.3 - (23/03/2021)
2021-03-26 19:53:39,003 - POSTING --> ------------------------
2021-03-26 19:54:21,510 - POSTING --> POSTS DEFINIDOS PARA A CADA 2 HORAS EM 'config.py'

2021-03-26 19:54:23,525 - POSTING --> --------------------------------------
2021-03-26 19:54:23,526 - POSTING --> [+] INICIANDO POSTAGEM NA CONTA Oficial
2021-03-26 19:54:23,526 - POSTING --> [+] Versão: 3.1.3 - (23/03/2021)
2021-03-26 19:54:25,526 - POSTING --> ------------------------
2021-03-26 19:54:27,528 - POSTING --> Failed to send request: Only unicode objects are escapable. Got None of type <class 'NoneType'>.
2021-03-26 19:54:27,528 - POSTING --> [x] Erro - Não autorizado
[x] Ignorando...
2021-03-26 19:54:27,528 - POSTING --> [+] TWEET SELECIONADO:
2021-03-26 19:54:27,528 - POSTING --> 'PostingClass' object has no attribute 'tweet_account'
2021-03-26 19:54:29,529 - POSTING --> --------------------------------------
2021-03-26 19:54:29,530 - POSTING --> [+] INICIANDO POSTAGEM NA CONTA Oficial
2021-03-26 19:54:29,530 - POSTING --> [+] Versão: 3.1.3 - (23/03/2021)
2021-03-26 19:54:57,540 - POSTING --> POSTS DEFINIDOS PARA A CADA 2 HORAS EM 'config.py'

2021-03-26 19:54:59,556 - POSTING --> --------------------------------------
2021-03-26 19:54:59,556 - POSTING --> [+] INICIANDO POSTAGEM NA CONTA Oficial
2021-03-26 19:54:59,556 - POSTING --> [+] Versão: 3.1.3 - (23/03/2021)
2021-03-26 19:55:01,557 - POSTING --> ------------------------
2021-03-26 19:55:03,558 - POSTING --> Failed to send request: Only unicode objects are escapable. Got None of type <class 'NoneType'>.
2021-03-26 19:55:03,558 - POSTING --> [x] Erro - Não autorizado
[x] Ignorando...
2021-03-26 19:55:03,558 - POSTING --> [+] TWEET SELECIONADO:
2021-03-26 19:55:03,558 - POSTING --> 'PostingClass' object has no attribute 'tweet_account'
2021-03-26 19:55:05,561 - POSTING --> --------------------------------------
2021-03-26 19:55:05,561 - POSTING --> [+] INICIANDO POSTAGEM NA CONTA Oficial
2021-03-26 19:55:05,561 - POSTING --> [+] Versão: 3.1.3 - (23/03/2021)
2021-03-26 19:55:53,743 - POSTING --> POSTS DEFINIDOS PARA A CADA 2 HORAS EM 'config.py'

2021-03-26 19:57:04,971 - POSTING --> POSTS DEFINIDOS PARA A CADA 2 HORAS EM 'config.py'

2021-03-26 19:57:06,988 - POSTING --> --------------------------------------
2021-03-26 19:57:06,988 - POSTING --> [+] INICIANDO POSTAGEM NA CONTA Oficial
2021-03-26 19:57:06,988 - POSTING --> [+] Versão: 3.1.3 - (23/03/2021)
2021-03-26 19:57:08,988 - POSTING --> ------------------------
2021-03-26 19:57:10,989 - POSTING --> Failed to send request: Only unicode objects are escapable. Got None of type <class 'NoneType'>.
2021-03-26 19:57:10,989 - POSTING --> [x] Erro - Não autorizado
[x] Ignorando...
2021-03-26 19:57:10,989 - POSTING --> [+] TWEET SELECIONADO:
2021-03-26 19:57:10,989 - POSTING --> 'PostingClass' object has no attribute 'tweet_account'
2021-03-26 19:57:12,991 - POSTING --> --------------------------------------
2021-03-26 19:57:12,991 - POSTING --> [+] INICIANDO POSTAGEM NA CONTA Oficial
2021-03-26 19:57:12,991 - POSTING --> [+] Versão: 3.1.3 - (23/03/2021)
2021-03-26 19:59:57,427 - POSTING --> POSTS DEFINIDOS PARA A CADA 2 HORAS EM 'config.py'

2021-03-26 19:59:59,442 - POSTING --> --------------------------------------
2021-03-26 19:59:59,443 - POSTING --> [+] INICIANDO POSTAGEM NA CONTA Oficial
2021-03-26 19:59:59,443 - POSTING --> [+] Versão: 3.1.3 - (23/03/2021)
2021-03-26 20:00:01,444 - POSTING --> ------------------------
2021-03-26 20:00:04,278 - POSTING --> [{'code': 32, 'message': 'Could not authenticate you.'}]
2021-03-26 20:00:04,278 - POSTING --> [x] Erro - Não autorizado
[x] Ignorando...
2021-03-26 20:00:04,278 - POSTING --> [+] TWEET SELECIONADO:
2021-03-26 20:00:04,278 - POSTING --> 'PostingClass' object has no attribute 'tweet_account'
2021-03-26 20:00:06,281 - POSTING --> --------------------------------------
2021-03-26 20:00:06,281 - POSTING --> [+] INICIANDO POSTAGEM NA CONTA Oficial
2021-03-26 20:00:06,281 - POSTING --> [+] Versão: 3.1.3 - (23/03/2021)
2021-03-26 20:00:08,282 - POSTING --> ------------------------
2021-03-26 20:00:10,896 - POSTING --> [{'code': 32, 'message': 'Could not authenticate you.'}]
2021-03-26 20:00:10,896 - POSTING --> [x] Erro - Não autorizado
[x] Ignorando...
2021-03-26 20:00:10,896 - POSTING --> [+] TWEET SELECIONADO:
2021-03-26 20:00:10,896 - POSTING --> 'PostingClass' object has no attribute 'tweet_account'
2021-03-26 20:02:58,563 - POSTING --> POSTS DEFINIDOS PARA A CADA 2 HORAS EM 'config.py'

2021-03-26 20:03:00,579 - POSTING --> --------------------------------------
2021-03-26 20:03:00,579 - POSTING --> [+] INICIANDO POSTAGEM NA CONTA Oficial
2021-03-26 20:03:00,579 - POSTING --> [+] Versão: 3.1.3 - (23/03/2021)
2021-03-26 20:03:02,579 - POSTING --> ------------------------
2021-03-26 20:03:07,269 - POSTING --> [+] TWEET SELECIONADO:
2021-03-26 20:03:07,269 - POSTING --> ['Nem o canalha que acredita na Terra Plana acreditou que o bundita estava ajeitando a lapela.... HAHAHAHAHHAHAHAHAHAHA Se fodeu, hein bundita? @filgmartin ']
2021-03-26 20:03:07,269 - POSTING --> [+] Analisando Texto...
2021-03-26 20:03:10,614 - POSTING --> C:\Users\caiom\Documents\GitHub\The-Philosopher-BOT\Images\Baruch Espinoza.png
2021-03-26 20:03:10,614 - POSTING --> Baruch Espinoza.png
2021-03-26 20:03:10,614 - POSTING --> Baruch Espinoza
2021-03-26 20:03:10,614 - POSTING --> Nenhum (2) encontrado. Prosseguindo normal.
2021-03-26 20:03:10,614 - POSTING --> - Baruch Espinoza
2021-03-26 20:03:15,598 - POSTING --> [+]Tweet Original enviado: Status(_api=<tweepy.api.API object at 0x0000028AE899A1F0>, _json={'created_at': 'Fri Mar 26 23:03:15 +0000 2021', 'id': 1375584160912441346, 'id_str': '1375584160912441346', 'text': 'Tweet Original: https://t.co/j3T5y9CgWf', 'truncated': False, 'entities': {'hashtags': [], 'symbols': [], 'user_mentions': [], 'urls': [{'url': 'https://t.co/j3T5y9CgWf', 'expanded_url': 'https://twitter.com/moura_101/status/1375579064409468928', 'display_url': 'twitter.com/moura_101/stat…', 'indices': [16, 39]}]}, 'source': '', 'in_reply_to_status_id': 1375584157208702979, 'in_reply_to_status_id_str': '1375584157208702979', 'in_reply_to_user_id': 1263355414248390662, 'in_reply_to_user_id_str': '1263355414248390662', 'in_reply_to_screen_name': 'bot_philosopher', 'user': {'id': 1263355414248390662, 'id_str': '1263355414248390662', 'name': 'Philosopher BOT', 'screen_name': 'bot_philosopher', 'location': 'LEIA O FIXADO!', 'description': 'Tweets aleatoriamente atribuídos a filósofos. |\nExtension: @philo_extension |\nCriador: @sudomadeira | \nDev. : @rodrigoblock4 | \n| #PhiloBot |\n| #Philomaker -OFF', 'url': None, 'entities': {'description': {'urls': []}}, 'protected': False, 'followers_count': 44328, 'friends_count': 3, 'listed_count': 77, 'created_at': 'Thu May 21 06:28:05 +0000 2020', 'favourites_count': 5, 'utc_offset': None, 'time_zone': None, 'geo_enabled': False, 'verified': False, 'statuses_count': 155011, 'lang': None, 'contributors_enabled': False, 'is_translator': False, 'is_translation_enabled': False, 'profile_background_color': 'F5F8FA', 'profile_background_image_url': None, 'profile_background_image_url_https': None, 'profile_background_tile': False, 'profile_image_url': 'http://pbs.twimg.com/profile_images/1317267570173595655/d21DB2ho_normal.jpg', 'profile_image_url_https': 'https://pbs.twimg.com/profile_images/1317267570173595655/d21DB2ho_normal.jpg', 'profile_banner_url': 'https://pbs.twimg.com/profile_banners/1263355414248390662/1605389887', 'profile_link_color': '1DA1F2', 'profile_sidebar_border_color': 'C0DEED', 'profile_sidebar_fill_color': 'DDEEF6', 'profile_text_color': '333333', 'profile_use_background_image': True, 'has_extended_profile': False, 'default_profile': True, 'default_profile_image': False, 'following': False, 'follow_request_sent': False, 'notifications': False, 'translator_type': 'none'}, 'geo': None, 'coordinates': None, 'place': None, 'contributors': None, 'is_quote_status': True, 'quoted_status_id': 1375579064409468928, 'quoted_status_id_str': '1375579064409468928', 'quoted_status': {'created_at': 'Fri Mar 26 22:43:00 +0000 2021', 'id': 1375579064409468928, 'id_str': '1375579064409468928', 'text': 'Nem o canalha que acredita na Terra Plana acreditou que o bundita estava ajeitando a lapela....\nHAHAHAHAHHAHAHAHAHA… https://t.co/RxQ8b9r7Pp', 'truncated': True, 'entities': {'hashtags': [], 'symbols': [], 'user_mentions': [], 'urls': [{'url': 'https://t.co/RxQ8b9r7Pp', 'expanded_url': 'https://twitter.com/i/web/status/1375579064409468928', 'display_url': 'twitter.com/i/web/status/1…', 'indices': [117, 140]}]}, 'source': '<a href="https://mobile.twitter.com" rel="nofollow">Twitter Web App</a>', 'in_reply_to_status_id': None, 'in_reply_to_status_id_str': None, 'in_reply_to_user_id': None, 'in_reply_to_user_id_str': None, 'in_reply_to_screen_name': None, 'user': {'id': 3318337402, 'id_str': '3318337402', 'name': 'Nando Moura_Oficial', 'screen_name': 'moura_101', 'location': '', 'description': 'Guitarrista e vocalista da banda Pandora 101, compositor, professor e produtor musical.', 'url': 'https://t.co/HvmRSU6rRS', 'entities': {'url': {'urls': [{'url': 'https://t.co/HvmRSU6rRS', 'expanded_url': 'https://on.cmdshft.com/NandoMoura', 'display_url': 'on.cmdshft.com/NandoMoura', 'indices': [0, 23]}]}, 'description': {'urls': []}}, 'protected': False, 'followers_count': 303069, 'friends_count': 289, 'listed_count': 414, 'created_at': 'Thu Jun 11 02:22:24 +0000 2015', 'favourites_count': 9203, 'utc_offset': None, 'time_zone': None, 'geo_enabled': False, 'verified': True, 'statuses_count': 10338, 'lang': None, 'contributors_enabled': False, 'is_translator': False, 'is_translation_enabled': False, 'profile_background_color': 'C0DEED', 'profile_background_image_url': 'http://abs.twimg.com/images/themes/theme1/bg.png', 'profile_background_image_url_https': 'https://abs.twimg.com/images/themes/theme1/bg.png', 'profile_background_tile': False, 'profile_image_url': 'http://pbs.twimg.com/profile_images/852320363711258625/JSF-gw9s_normal.jpg', 'profile_image_url_https': 'https://pbs.twimg.com/profile_images/852320363711258625/JSF-gw9s_normal.jpg', 'profile_banner_url': 'https://pbs.twimg.com/profile_banners/3318337402/1492043835', 'profile_link_color': '1DA1F2', 'profile_sidebar_border_color': 'C0DEED', 'profile_sidebar_fill_color': 'DDEEF6', 'profile_text_color': '333333', 'profile_use_background_image': True, 'has_extended_profile': True, 'default_profile': True, 'default_profile_image': False, 'following': False, 'follow_request_sent': False, 'notifications': False, 'translator_type': 'none'}, 'geo': None, 'coordinates': None, 'place': None, 'contributors': None, 'is_quote_status': False, 'retweet_count': 23, 'favorite_count': 352, 'favorited': False, 'retweeted': False, 'possibly_sensitive': False, 'lang': 'pt'}, 'retweet_count': 0, 'favorite_count': 0, 'favorited': False, 'retweeted': False, 'possibly_sensitive': False, 'lang': 'en'}, created_at=datetime.datetime(2021, 3, 26, 23, 3, 15), id=1375584160912441346, id_str='1375584160912441346', text='Tweet Original: https://t.co/j3T5y9CgWf', truncated=False, entities={'hashtags': [], 'symbols': [], 'user_mentions': [], 'urls': [{'url': 'https://t.co/j3T5y9CgWf', 'expanded_url': 'https://twitter.com/moura_101/status/1375579064409468928', 'display_url': 'twitter.com/moura_101/stat…', 'indices': [16, 39]}]}, source='', source_url=None, in_reply_to_status_id=1375584157208702979, in_reply_to_status_id_str='1375584157208702979', in_reply_to_user_id=1263355414248390662, in_reply_to_user_id_str='1263355414248390662', in_reply_to_screen_name='bot_philosopher', author=User(_api=<tweepy.api.API object at 0x0000028AE899A1F0>, _json={'id': 1263355414248390662, 'id_str': '1263355414248390662', 'name': 'Philosopher BOT', 'screen_name': 'bot_philosopher', 'location': 'LEIA O FIXADO!', 'description': 'Tweets aleatoriamente atribuídos a filósofos. |\nExtension: @philo_extension |\nCriador: @sudomadeira | \nDev. : @rodrigoblock4 | \n| #PhiloBot |\n| #Philomaker -OFF', 'url': None, 'entities': {'description': {'urls': []}}, 'protected': False, 'followers_count': 44328, 'friends_count': 3, 'listed_count': 77, 'created_at': 'Thu May 21 06:28:05 +0000 2020', 'favourites_count': 5, 'utc_offset': None, 'time_zone': None, 'geo_enabled': False, 'verified': False, 'statuses_count': 155011, 'lang': None, 'contributors_enabled': False, 'is_translator': False, 'is_translation_enabled': False, 'profile_background_color': 'F5F8FA', 'profile_background_image_url': None, 'profile_background_image_url_https': None, 'profile_background_tile': False, 'profile_image_url': 'http://pbs.twimg.com/profile_images/1317267570173595655/d21DB2ho_normal.jpg', 'profile_image_url_https': 'https://pbs.twimg.com/profile_images/1317267570173595655/d21DB2ho_normal.jpg', 'profile_banner_url': 'https://pbs.twimg.com/profile_banners/1263355414248390662/1605389887', 'profile_link_color': '1DA1F2', 'profile_sidebar_border_color': 'C0DEED', 'profile_sidebar_fill_color': 'DDEEF6', 'profile_text_color': '333333', 'profile_use_background_image': True, 'has_extended_profile': False, 'default_profile': True, 'default_profile_image': False, 'following': False, 'follow_request_sent': False, 'notifications': False, 'translator_type': 'none'}, id=1263355414248390662, id_str='1263355414248390662', name='Philosopher BOT', screen_name='bot_philosopher', location='LEIA O FIXADO!', description='Tweets aleatoriamente atribuídos a filósofos. |\nExtension: @philo_extension |\nCriador: @sudomadeira | \nDev. : @rodrigoblock4 | \n| #PhiloBot |\n| #Philomaker -OFF', url=None, entities={'description': {'urls': []}}, protected=False, followers_count=44328, friends_count=3, listed_count=77, created_at=datetime.datetime(2020, 5, 21, 6, 28, 5), favourites_count=5, utc_offset=None, time_zone=None, geo_enabled=False, verified=False, statuses_count=155011, lang=None, contributors_enabled=False, is_translator=False, is_translation_enabled=False, profile_background_color='F5F8FA', profile_background_image_url=None, profile_background_image_url_https=None, profile_background_tile=False, profile_image_url='http://pbs.twimg.com/profile_images/1317267570173595655/d21DB2ho_normal.jpg', profile_image_url_https='https://pbs.twimg.com/profile_images/1317267570173595655/d21DB2ho_normal.jpg', profile_banner_url='https://pbs.twimg.com/profile_banners/1263355414248390662/1605389887', profile_link_color='1DA1F2', profile_sidebar_border_color='C0DEED', profile_sidebar_fill_color='DDEEF6', profile_text_color='333333', profile_use_background_image=True, has_extended_profile=False, default_profile=True, default_profile_image=False, following=False, follow_request_sent=False, notifications=False, translator_type='none'), user=User(_api=<tweepy.api.API object at 0x0000028AE899A1F0>, _json={'id': 1263355414248390662, 'id_str': '1263355414248390662', 'name': 'Philosopher BOT', 'screen_name': 'bot_philosopher', 'location': 'LEIA O FIXADO!', 'description': 'Tweets aleatoriamente atribuídos a filósofos. |\nExtension: @philo_extension |\nCriador: @sudomadeira | \nDev. : @rodrigoblock4 | \n| #PhiloBot |\n| #Philomaker -OFF', 'url': None, 'entities': {'description': {'urls': []}}, 'protected': False, 'followers_count': 44328, 'friends_count': 3, 'listed_count': 77, 'created_at': 'Thu May 21 06:28:05 +0000 2020', 'favourites_count': 5, 'utc_offset': None, 'time_zone': None, 'geo_enabled': False, 'verified': False, 'statuses_count': 155011, 'lang': None, 'contributors_enabled': False, 'is_translator': False, 'is_translation_enabled': False, 'profile_background_color': 'F5F8FA', 'profile_background_image_url': None, 'profile_background_image_url_https': None, 'profile_background_tile': False, 'profile_image_url': 'http://pbs.twimg.com/profile_images/1317267570173595655/d21DB2ho_normal.jpg', 'profile_image_url_https': 'https://pbs.twimg.com/profile_images/1317267570173595655/d21DB2ho_normal.jpg', 'profile_banner_url': 'https://pbs.twimg.com/profile_banners/1263355414248390662/1605389887', 'profile_link_color': '1DA1F2', 'profile_sidebar_border_color': 'C0DEED', 'profile_sidebar_fill_color': 'DDEEF6', 'profile_text_color': '333333', 'profile_use_background_image': True, 'has_extended_profile': False, 'default_profile': True, 'default_profile_image': False, 'following': False, 'follow_request_sent': False, 'notifications': False, 'translator_type': 'none'}, id=1263355414248390662, id_str='1263355414248390662', name='Philosopher BOT', screen_name='bot_philosopher', location='LEIA O FIXADO!', description='Tweets aleatoriamente atribuídos a filósofos. |\nExtension: @philo_extension |\nCriador: @sudomadeira | \nDev. : @rodrigoblock4 | \n| #PhiloBot |\n| #Philomaker -OFF', url=None, entities={'description': {'urls': []}}, protected=False, followers_count=44328, friends_count=3, listed_count=77, created_at=datetime.datetime(2020, 5, 21, 6, 28, 5), favourites_count=5, utc_offset=None, time_zone=None, geo_enabled=False, verified=False, statuses_count=155011, lang=None, contributors_enabled=False, is_translator=False, is_translation_enabled=False, profile_background_color='F5F8FA', profile_background_image_url=None, profile_background_image_url_https=None, profile_background_tile=False, profile_image_url='http://pbs.twimg.com/profile_images/1317267570173595655/d21DB2ho_normal.jpg', profile_image_url_https='https://pbs.twimg.com/profile_images/1317267570173595655/d21DB2ho_normal.jpg', profile_banner_url='https://pbs.twimg.com/profile_banners/1263355414248390662/1605389887', profile_link_color='1DA1F2', profile_sidebar_border_color='C0DEED', profile_sidebar_fill_color='DDEEF6', profile_text_color='333333', profile_use_background_image=True, has_extended_profile=False, default_profile=True, default_profile_image=False, following=False, follow_request_sent=False, notifications=False, translator_type='none'), geo=None, coordinates=None, place=None, contributors=None, is_quote_status=True, quoted_status_id=1375579064409468928, quoted_status_id_str='1375579064409468928', quoted_status=Status(_api=<tweepy.api.API object at 0x0000028AE899A1F0>, _json={'created_at': 'Fri Mar 26 22:43:00 +0000 2021', 'id': 1375579064409468928, 'id_str': '1375579064409468928', 'text': 'Nem o canalha que acredita na Terra Plana acreditou que o bundita estava ajeitando a lapela....\nHAHAHAHAHHAHAHAHAHA… https://t.co/RxQ8b9r7Pp', 'truncated': True, 'entities': {'hashtags': [], 'symbols': [], 'user_mentions': [], 'urls': [{'url': 'https://t.co/RxQ8b9r7Pp', 'expanded_url': 'https://twitter.com/i/web/status/1375579064409468928', 'display_url': 'twitter.com/i/web/status/1…', 'indices': [117, 140]}]}, 'source': '<a href="https://mobile.twitter.com" rel="nofollow">Twitter Web App</a>', 'in_reply_to_status_id': None, 'in_reply_to_status_id_str': None, 'in_reply_to_user_id': None, 'in_reply_to_user_id_str': None, 'in_reply_to_screen_name': None, 'user': {'id': 3318337402, 'id_str': '3318337402', 'name': 'Nando Moura_Oficial', 'screen_name': 'moura_101', 'location': '', 'description': 'Guitarrista e vocalista da banda Pandora 101, compositor, professor e produtor musical.', 'url': 'https://t.co/HvmRSU6rRS', 'entities': {'url': {'urls': [{'url': 'https://t.co/HvmRSU6rRS', 'expanded_url': 'https://on.cmdshft.com/NandoMoura', 'display_url': 'on.cmdshft.com/NandoMoura', 'indices': [0, 23]}]}, 'description': {'urls': []}}, 'protected': False, 'followers_count': 303069, 'friends_count': 289, 'listed_count': 414, 'created_at': 'Thu Jun 11 02:22:24 +0000 2015', 'favourites_count': 9203, 'utc_offset': None, 'time_zone': None, 'geo_enabled': False, 'verified': True, 'statuses_count': 10338, 'lang': None, 'contributors_enabled': False, 'is_translator': False, 'is_translation_enabled': False, 'profile_background_color': 'C0DEED', 'profile_background_image_url': 'http://abs.twimg.com/images/themes/theme1/bg.png', 'profile_background_image_url_https': 'https://abs.twimg.com/images/themes/theme1/bg.png', 'profile_background_tile': False, 'profile_image_url': 'http://pbs.twimg.com/profile_images/852320363711258625/JSF-gw9s_normal.jpg', 'profile_image_url_https': 'https://pbs.twimg.com/profile_images/852320363711258625/JSF-gw9s_normal.jpg', 'profile_banner_url': 'https://pbs.twimg.com/profile_banners/3318337402/1492043835', 'profile_link_color': '1DA1F2', 'profile_sidebar_border_color': 'C0DEED', 'profile_sidebar_fill_color': 'DDEEF6', 'profile_text_color': '333333', 'profile_use_background_image': True, 'has_extended_profile': True, 'default_profile': True, 'default_profile_image': False, 'following': False, 'follow_request_sent': False, 'notifications': False, 'translator_type': 'none'}, 'geo': None, 'coordinates': None, 'place': None, 'contributors': None, 'is_quote_status': False, 'retweet_count': 23, 'favorite_count': 352, 'favorited': False, 'retweeted': False, 'possibly_sensitive': False, 'lang': 'pt'}, created_at=datetime.datetime(2021, 3, 26, 22, 43), id=1375579064409468928, id_str='1375579064409468928', text='Nem o canalha que acredita na Terra Plana acreditou que o bundita estava ajeitando a lapela....\nHAHAHAHAHHAHAHAHAHA… https://t.co/RxQ8b9r7Pp', truncated=True, entities={'hashtags': [], 'symbols': [], 'user_mentions': [], 'urls': [{'url': 'https://t.co/RxQ8b9r7Pp', 'expanded_url': 'https://twitter.com/i/web/status/1375579064409468928', 'display_url': 'twitter.com/i/web/status/1…', 'indices': [117, 140]}]}, source='Twitter Web App', source_url='https://mobile.twitter.com', in_reply_to_status_id=None, in_reply_to_status_id_str=None, in_reply_to_user_id=None, in_reply_to_user_id_str=None, in_reply_to_screen_name=None, author=User(_api=<tweepy.api.API object at 0x0000028AE899A1F0>, _json={'id': 3318337402, 'id_str': '3318337402', 'name': 'Nando Moura_Oficial', 'screen_name': 'moura_101', 'location': '', 'description': 'Guitarrista e vocalista da banda Pandora 101, compositor, professor e produtor musical.', 'url': 'https://t.co/HvmRSU6rRS', 'entities': {'url': {'urls': [{'url': 'https://t.co/HvmRSU6rRS', 'expanded_url': 'https://on.cmdshft.com/NandoMoura', 'display_url': 'on.cmdshft.com/NandoMoura', 'indices': [0, 23]}]}, 'description': {'urls': []}}, 'protected': False, 'followers_count': 303069, 'friends_count': 289, 'listed_count': 414, 'created_at': 'Thu Jun 11 02:22:24 +0000 2015', 'favourites_count': 9203, 'utc_offset': None, 'time_zone': None, 'geo_enabled': False, 'verified': True, 'statuses_count': 10338, 'lang': None, 'contributors_enabled': False, 'is_translator': False, 'is_translation_enabled': False, 'profile_background_color': 'C0DEED', 'profile_background_image_url': 'http://abs.twimg.com/images/themes/theme1/bg.png', 'profile_background_image_url_https': 'https://abs.twimg.com/images/themes/theme1/bg.png', 'profile_background_tile': False, 'profile_image_url': 'http://pbs.twimg.com/profile_images/852320363711258625/JSF-gw9s_normal.jpg', 'profile_image_url_https': 'https://pbs.twimg.com/profile_images/852320363711258625/JSF-gw9s_normal.jpg', 'profile_banner_url': 'https://pbs.twimg.com/profile_banners/3318337402/1492043835', 'profile_link_color': '1DA1F2', 'profile_sidebar_border_color': 'C0DEED', 'profile_sidebar_fill_color': 'DDEEF6', 'profile_text_color': '333333', 'profile_use_background_image': True, 'has_extended_profile': True, 'default_profile': True, 'default_profile_image': False, 'following': False, 'follow_request_sent': False, 'notifications': False, 'translator_type': 'none'}, id=3318337402, id_str='3318337402', name='Nando Moura_Oficial', screen_name='moura_101', location='', description='Guitarrista e vocalista da banda Pandora 101, compositor, professor e produtor musical.', url='https://t.co/HvmRSU6rRS', entities={'url': {'urls': [{'url': 'https://t.co/HvmRSU6rRS', 'expanded_url': 'https://on.cmdshft.com/NandoMoura', 'display_url': 'on.cmdshft.com/NandoMoura', 'indices': [0, 23]}]}, 'description': {'urls': []}}, protected=False, followers_count=303069, friends_count=289, listed_count=414, created_at=datetime.datetime(2015, 6, 11, 2, 22, 24), favourites_count=9203, utc_offset=None, time_zone=None, geo_enabled=False, verified=True, statuses_count=10338, lang=None, contributors_enabled=False, is_translator=False, is_translation_enabled=False, profile_background_color='C0DEED', profile_background_image_url='http://abs.twimg.com/images/themes/theme1/bg.png', profile_background_image_url_https='https://abs.twimg.com/images/themes/theme1/bg.png', profile_background_tile=False, profile_image_url='http://pbs.twimg.com/profile_images/852320363711258625/JSF-gw9s_normal.jpg', profile_image_url_https='https://pbs.twimg.com/profile_images/852320363711258625/JSF-gw9s_normal.jpg', profile_banner_url='https://pbs.twimg.com/profile_banners/3318337402/1492043835', profile_link_color='1DA1F2', profile_sidebar_border_color='C0DEED', profile_sidebar_fill_color='DDEEF6', profile_text_color='333333', profile_use_background_image=True, has_extended_profile=True, default_profile=True, default_profile_image=False, following=False, follow_request_sent=False, notifications=False, translator_type='none'), user=User(_api=<tweepy.api.API object at 0x0000028AE899A1F0>, _json={'id': 3318337402, 'id_str': '3318337402', 'name': 'Nando Moura_Oficial', 'screen_name': 'moura_101', 'location': '', 'description': 'Guitarrista e vocalista da banda Pandora 101, compositor, professor e produtor musical.', 'url': 'https://t.co/HvmRSU6rRS', 'entities': {'url': {'urls': [{'url': 'https://t.co/HvmRSU6rRS', 'expanded_url': 'https://on.cmdshft.com/NandoMoura', 'display_url': 'on.cmdshft.com/NandoMoura', 'indices': [0, 23]}]}, 'description': {'urls': []}}, 'protected': False, 'followers_count': 303069, 'friends_count': 289, 'listed_count': 414, 'created_at': 'Thu Jun 11 02:22:24 +0000 2015', 'favourites_count': 9203, 'utc_offset': None, 'time_zone': None, 'geo_enabled': False, 'verified': True, 'statuses_count': 10338, 'lang': None, 'contributors_enabled': False, 'is_translator': False, 'is_translation_enabled': False, 'profile_background_color': 'C0DEED', 'profile_background_image_url': 'http://abs.twimg.com/images/themes/theme1/bg.png', 'profile_background_image_url_https': 'https://abs.twimg.com/images/themes/theme1/bg.png', 'profile_background_tile': False, 'profile_image_url': 'http://pbs.twimg.com/profile_images/852320363711258625/JSF-gw9s_normal.jpg', 'profile_image_url_https': 'https://pbs.twimg.com/profile_images/852320363711258625/JSF-gw9s_normal.jpg', 'profile_banner_url': 'https://pbs.twimg.com/profile_banners/3318337402/1492043835', 'profile_link_color': '1DA1F2', 'profile_sidebar_border_color': 'C0DEED', 'profile_sidebar_fill_color': 'DDEEF6', 'profile_text_color': '333333', 'profile_use_background_image': True, 'has_extended_profile': True, 'default_profile': True, 'default_profile_image': False, 'following': False, 'follow_request_sent': False, 'notifications': False, 'translator_type': 'none'}, id=3318337402, id_str='3318337402', name='Nando Moura_Oficial', screen_name='moura_101', location='', description='Guitarrista e vocalista da banda Pandora 101, compositor, professor e produtor musical.', url='https://t.co/HvmRSU6rRS', entities={'url': {'urls': [{'url': 'https://t.co/HvmRSU6rRS', 'expanded_url': 'https://on.cmdshft.com/NandoMoura', 'display_url': 'on.cmdshft.com/NandoMoura', 'indices': [0, 23]}]}, 'description': {'urls': []}}, protected=False, followers_count=303069, friends_count=289, listed_count=414, created_at=datetime.datetime(2015, 6, 11, 2, 22, 24), favourites_count=9203, utc_offset=None, time_zone=None, geo_enabled=False, verified=True, statuses_count=10338, lang=None, contributors_enabled=False, is_translator=False, is_translation_enabled=False, profile_background_color='C0DEED', profile_background_image_url='http://abs.twimg.com/images/themes/theme1/bg.png', profile_background_image_url_https='https://abs.twimg.com/images/themes/theme1/bg.png', profile_background_tile=False, profile_image_url='http://pbs.twimg.com/profile_images/852320363711258625/JSF-gw9s_normal.jpg', profile_image_url_https='https://pbs.twimg.com/profile_images/852320363711258625/JSF-gw9s_normal.jpg', profile_banner_url='https://pbs.twimg.com/profile_banners/3318337402/1492043835', profile_link_color='1DA1F2', profile_sidebar_border_color='C0DEED', profile_sidebar_fill_color='DDEEF6', profile_text_color='333333', profile_use_background_image=True, has_extended_profile=True, default_profile=True, default_profile_image=False, following=False, follow_request_sent=False, notifications=False, translator_type='none'), geo=None, coordinates=None, place=None, contributors=None, is_quote_status=False, retweet_count=23, favorite_count=352, favorited=False, retweeted=False, possibly_sensitive=False, lang='pt'), retweet_count=0, favorite_count=0, favorited=False, retweeted=False, possibly_sensitive=False, lang='en')
2021-03-26 20:03:15,604 - POSTING --> [+] Post Diário enviado.
2021-03-26 20:03:15,605 - POSTING --> -------------------------------------------
2021-03-26 20:03:17,608 - POSTING --> --------------------------------------
2021-03-26 20:03:17,608 - POSTING --> [+] INICIANDO POSTAGEM NA CONTA Oficial
2021-03-26 20:03:17,608 - POSTING --> [+] Versão: 3.1.3 - (23/03/2021)
