2022-01-09 20:12:41,866 - INFO - HASHTAG --> POSTS DEFINIDOS PARA A CADA 2 HORAS EM 'config.py'

2022-01-09 20:12:44,027 - INFO - HASHTAG --> --------------------------------------
2022-01-09 20:12:44,027 - INFO - HASHTAG --> [+] INICIANDO POSTAGEM NA CONTA Oficial
2022-01-09 20:12:44,027 - INFO - HASHTAG --> [+] Versão: 3.1.5 - (30/09/2021)
2022-01-09 20:12:46,036 - INFO - HASHTAG --> --------------------------------------

2022-01-09 20:12:48,042 - INFO - HASHTAG --> Failed to send request: Only unicode objects are escapable. Got None of type <class 'NoneType'>.
2022-01-09 20:12:48,042 - INFO - HASHTAG --> [X] - Erro - Não autorizado
[x] Ignorando...
2022-01-09 20:12:48,042 - INFO - HASHTAG --> [+] - TWEET SELECIONADO:
2022-01-09 20:12:48,043 - INFO - HASHTAG --> 'PostingClass' object has no attribute 'tweet_account'
2022-01-09 20:12:50,061 - INFO - HASHTAG --> --------------------------------------
2022-01-09 20:12:50,061 - INFO - HASHTAG --> [+] INICIANDO POSTAGEM NA CONTA Oficial
2022-01-09 20:12:50,061 - INFO - HASHTAG --> [+] Versão: 3.1.5 - (30/09/2021)
2022-01-16 12:54:40,255 - INFO - HASHTAG --> POSTS DEFINIDOS PARA A CADA 4 SEGUNDOS

2022-01-16 12:54:40,302 - INFO - HASHTAG --> [OK] - Variables initialized successfully!
2022-01-16 12:55:02,456 - INFO - HASHTAG --> POSTS DEFINIDOS PARA A CADA 4 SEGUNDOS

2022-01-16 12:55:02,499 - INFO - HASHTAG --> [OK] - Variables initialized successfully!
2022-01-16 12:55:02,499 - INFO - HASHTAG --> [!] - Creating folder to save posting images...
2022-01-16 12:55:02,499 - INFO - HASHTAG --> [OK] - Folder already exists!

2022-01-16 12:55:02,499 - INFO - HASHTAG --> [!] - Setting tweet text to variable...
2022-01-16 12:55:02,499 - INFO - HASHTAG --> [!] - Initializing tweet collector...
2022-01-16 12:55:02,499 - INFO - HASHTAG --> [!] - Randomly selecting account...
2022-01-16 12:55:02,499 - INFO - HASHTAG --> [OK] - Account selected successfully!
2022-01-16 12:55:02,499 - INFO - HASHTAG --> [!] - Calling twitter function...
2022-01-16 12:55:02,499 - INFO - HASHTAG --> [!] - Starting search for tweet...
2022-01-16 12:55:03,025 - INFO - HASHTAG --> [OK] - Tweet found successfully!

2022-01-16 12:55:05,039 - INFO - HASHTAG --> [!] - Checking if we have text from tweet...
2022-01-16 12:55:05,039 - INFO - HASHTAG --> [OK] - Text found!

2022-01-16 12:55:05,039 - INFO - HASHTAG --> [!] - Calling image and text constructor functions...
2022-01-16 12:55:05,039 - INFO - HASHTAG --> [!] - Opening background image...
2022-01-16 12:55:05,050 - INFO - HASHTAG --> [OK] - Success!

2022-01-16 12:55:05,050 - INFO - HASHTAG --> [!] - Opening philosopher image...
2022-01-16 12:55:05,059 - INFO - HASHTAG --> [OK] - Success!

2022-01-16 12:55:05,059 - INFO - HASHTAG --> [!] - Pasting philosopher image into the background image...
2022-01-16 12:55:05,063 - INFO - HASHTAG --> [OK] - Success!

2022-01-16 12:55:05,063 - INFO - HASHTAG --> [!] - Opening smooth template...
2022-01-16 12:55:05,063 - INFO - HASHTAG --> [OK] - Success!

2022-01-16 12:55:05,063 - INFO - HASHTAG --> [!] - Pasting smooth template...
2022-01-16 12:55:05,071 - INFO - HASHTAG --> [OK] - Success!

2022-01-16 12:55:05,071 - INFO - HASHTAG --> [!] - Calling font selector function...
2022-01-16 12:55:05,071 - INFO - HASHTAG --> [!] - Checking text size...
2022-01-16 12:55:05,071 - INFO - HASHTAG --> [!] - Text smaller than 140 characters!
2022-01-16 12:55:05,071 - INFO - HASHTAG --> [!] - Variables set: font size = 45 and wrapper limit = 21
2022-01-16 12:55:05,071 - INFO - HASHTAG --> [OK] - Success!

2022-01-16 12:55:05,071 - INFO - HASHTAG --> [!] - Transforming image base into an object...
2022-01-16 12:55:05,071 - INFO - HASHTAG --> [OK] - Success!

2022-01-16 12:55:05,071 - INFO - HASHTAG --> [!] - Writing the philosopher name...
2022-01-16 12:55:05,071 - INFO - HASHTAG --> [!] - Defining the font size...
2022-01-16 12:55:05,072 - INFO - HASHTAG --> [!] - Philosopher name is smaller than 20 characters!
2022-01-16 12:55:05,073 - INFO - HASHTAG --> [OK] - Success!

2022-01-16 12:55:05,073 - INFO - HASHTAG --> [!] - Writing the tweet text...
2022-01-16 12:55:05,082 - INFO - HASHTAG --> [OK] - Success!

2022-01-16 12:55:05,082 - INFO - HASHTAG --> [!] - Saving posting image...
2022-01-16 12:55:05,161 - INFO - HASHTAG --> [OK] - Success!

2022-01-16 12:55:05,161 - INFO - HASHTAG --> [!] - Calling upload to twitter function...
2022-01-16 12:55:05,161 - INFO - HASHTAG --> [!] - Uploading image...
2022-01-16 12:55:07,101 - INFO - HASHTAG --> [OK] - Tweet sent!

2022-01-16 12:57:55,031 - INFO - HASHTAG --> POSTS DEFINIDOS PARA A CADA 4 SEGUNDOS

2022-01-16 12:57:55,077 - INFO - HASHTAG --> [OK] - Variables initialized successfully!
2022-01-16 12:57:55,077 - INFO - HASHTAG --> [!] - Creating folder to save posting images...
2022-01-16 12:57:55,077 - INFO - HASHTAG --> [OK] - Folder already exists!

2022-01-16 12:57:55,077 - INFO - HASHTAG --> [!] - Setting tweet text to variable...
2022-01-16 12:57:55,077 - INFO - HASHTAG --> [!] - Initializing tweet collector...
2022-01-16 12:57:55,077 - INFO - HASHTAG --> [!] - Randomly selecting account...
2022-01-16 12:57:55,077 - INFO - HASHTAG --> [OK] - Account selected successfully!
2022-01-16 12:57:55,077 - INFO - HASHTAG --> [!] - Calling twitter function...
2022-01-16 12:57:55,077 - INFO - HASHTAG --> [!] - Starting search for tweet...
2022-01-16 12:57:55,533 - INFO - HASHTAG --> [OK] - Tweet found successfully!

2022-01-16 12:57:57,547 - INFO - HASHTAG --> [!] - Checking if we have text from tweet...
2022-01-16 12:57:57,547 - INFO - HASHTAG --> [OK] - Text found!

2022-01-16 12:57:57,547 - INFO - HASHTAG --> [!] - Calling image and text constructor functions...
2022-01-16 12:57:57,547 - INFO - HASHTAG --> [!] - Opening background image...
2022-01-16 12:57:57,558 - INFO - HASHTAG --> [OK] - Success!

2022-01-16 12:57:57,558 - INFO - HASHTAG --> [!] - Opening philosopher image...
2022-01-16 12:57:57,569 - INFO - HASHTAG --> [OK] - Success!

2022-01-16 12:57:57,569 - INFO - HASHTAG --> [!] - Pasting philosopher image into the background image...
2022-01-16 12:57:57,574 - INFO - HASHTAG --> [OK] - Success!

2022-01-16 12:57:57,574 - INFO - HASHTAG --> [!] - Opening smooth template...
2022-01-16 12:57:57,574 - INFO - HASHTAG --> [OK] - Success!

2022-01-16 12:57:57,574 - INFO - HASHTAG --> [!] - Pasting smooth template...
2022-01-16 12:57:57,581 - INFO - HASHTAG --> [OK] - Success!

2022-01-16 12:57:57,581 - INFO - HASHTAG --> [!] - Calling font selector function...
2022-01-16 12:57:57,581 - INFO - HASHTAG --> [!] - Checking text size...
2022-01-16 12:57:57,581 - INFO - HASHTAG --> [!] - Text smaller than 140 characters!
2022-01-16 12:57:57,581 - INFO - HASHTAG --> [!] - Variables set: font size = 45 and wrapper limit = 21
2022-01-16 12:57:57,581 - INFO - HASHTAG --> [OK] - Success!

2022-01-16 12:57:57,582 - INFO - HASHTAG --> [!] - Transforming image base into an object...
2022-01-16 12:57:57,582 - INFO - HASHTAG --> [OK] - Success!

2022-01-16 12:57:57,582 - INFO - HASHTAG --> [!] - Writing the philosopher name...
2022-01-16 12:57:57,582 - INFO - HASHTAG --> [!] - Defining the font size...
2022-01-16 12:57:57,582 - INFO - HASHTAG --> [!] - Philosopher name is smaller than 20 characters!
2022-01-16 12:57:57,584 - INFO - HASHTAG --> [OK] - Success!

2022-01-16 12:57:57,584 - INFO - HASHTAG --> [!] - Writing the tweet text...
2022-01-16 12:57:57,584 - INFO - HASHTAG --> [OK] - Success!

2022-01-16 12:57:57,585 - INFO - HASHTAG --> [!] - Saving posting image...
2022-01-16 12:57:57,656 - INFO - HASHTAG --> [OK] - Success!

2022-01-16 12:57:57,656 - INFO - HASHTAG --> [!] - Calling upload to twitter function...
2022-01-16 12:57:57,656 - INFO - HASHTAG --> [!] - Uploading image...
2022-01-16 12:57:59,502 - INFO - HASHTAG --> [OK] - Tweet sent!

2022-01-16 13:00:02,599 - INFO - HASHTAG --> POSTS DEFINIDOS PARA A CADA 4 SEGUNDOS

2022-01-16 13:00:02,649 - INFO - HASHTAG --> [OK] - Variables initialized successfully!
2022-01-16 13:00:02,649 - INFO - HASHTAG --> [!] - Creating folder to save posting images...
2022-01-16 13:00:02,649 - INFO - HASHTAG --> [OK] - Folder already exists!

2022-01-16 13:00:02,649 - INFO - HASHTAG --> [!] - Setting tweet text to variable...
2022-01-16 13:00:02,649 - INFO - HASHTAG --> [!] - Initializing tweet collector...
2022-01-16 13:00:02,649 - INFO - HASHTAG --> [!] - Randomly selecting account...
2022-01-16 13:00:02,649 - INFO - HASHTAG --> [OK] - Account selected successfully!
2022-01-16 13:00:02,649 - INFO - HASHTAG --> [!] - Calling twitter function...
2022-01-16 13:00:02,649 - INFO - HASHTAG --> [!] - Starting search for tweet...
2022-01-16 13:00:03,113 - INFO - HASHTAG --> [OK] - Tweet found successfully!

2022-01-16 13:00:05,123 - INFO - HASHTAG --> [!] - Checking if we have text from tweet...
2022-01-16 13:00:05,123 - INFO - HASHTAG --> [OK] - Text found!

2022-01-16 13:00:05,123 - INFO - HASHTAG --> [!] - Calling image and text constructor functions...
2022-01-16 13:00:05,123 - INFO - HASHTAG --> [!] - Opening background image...
2022-01-16 13:00:05,133 - INFO - HASHTAG --> [OK] - Success!

2022-01-16 13:00:05,133 - INFO - HASHTAG --> [!] - Opening philosopher image...
2022-01-16 13:00:05,141 - INFO - HASHTAG --> [OK] - Success!

2022-01-16 13:00:05,141 - INFO - HASHTAG --> [!] - Pasting philosopher image into the background image...
2022-01-16 13:00:05,146 - INFO - HASHTAG --> [OK] - Success!

2022-01-16 13:00:05,146 - INFO - HASHTAG --> [!] - Opening smooth template...
2022-01-16 13:00:05,146 - INFO - HASHTAG --> [OK] - Success!

2022-01-16 13:00:05,147 - INFO - HASHTAG --> [!] - Pasting smooth template...
2022-01-16 13:00:05,154 - INFO - HASHTAG --> [OK] - Success!

2022-01-16 13:00:05,154 - INFO - HASHTAG --> [!] - Calling font selector function...
2022-01-16 13:00:05,154 - INFO - HASHTAG --> [!] - Checking text size...
2022-01-16 13:00:05,154 - INFO - HASHTAG --> [!] - Text smaller than 140 characters!
2022-01-16 13:00:05,154 - INFO - HASHTAG --> [!] - Variables set: font size = 45 and wrapper limit = 21
2022-01-16 13:00:05,154 - INFO - HASHTAG --> [OK] - Success!

2022-01-16 13:00:05,155 - INFO - HASHTAG --> [!] - Transforming image base into an object...
2022-01-16 13:00:05,155 - INFO - HASHTAG --> [OK] - Success!

2022-01-16 13:00:05,155 - INFO - HASHTAG --> [!] - Writing the philosopher name...
2022-01-16 13:00:05,155 - INFO - HASHTAG --> [!] - Defining the font size...
2022-01-16 13:00:05,155 - INFO - HASHTAG --> [!] - Philosopher name is smaller than 20 characters!
2022-01-16 13:00:05,156 - INFO - HASHTAG --> [OK] - Success!

2022-01-16 13:00:05,156 - INFO - HASHTAG --> [!] - Writing the tweet text...
2022-01-16 13:00:05,160 - INFO - HASHTAG --> [OK] - Success!

2022-01-16 13:00:05,160 - INFO - HASHTAG --> [!] - Saving posting image...
2022-01-16 13:00:05,229 - INFO - HASHTAG --> [OK] - Success!

2022-01-16 13:00:05,230 - INFO - HASHTAG --> [!] - Calling upload to twitter function...
2022-01-16 13:00:05,230 - INFO - HASHTAG --> [!] - Uploading image...
2022-01-16 13:00:07,285 - INFO - HASHTAG --> [OK] - Success!

2022-01-16 13:00:07,285 - INFO - HASHTAG --> [OK] - Tweet sent!

2022-01-16 13:00:17,616 - INFO - HASHTAG --> POSTS DEFINIDOS PARA A CADA 4 SEGUNDOS

2022-01-16 13:00:17,659 - INFO - HASHTAG --> [OK] - Variables initialized successfully!
2022-01-16 13:00:17,659 - INFO - HASHTAG --> [!] - Creating folder to save posting images...
2022-01-16 13:00:17,659 - INFO - HASHTAG --> [OK] - Folder already exists!

2022-01-16 13:00:17,659 - INFO - HASHTAG --> [!] - Setting tweet text to variable...
2022-01-16 13:00:17,659 - INFO - HASHTAG --> [!] - Initializing tweet collector...
2022-01-16 13:00:17,659 - INFO - HASHTAG --> [!] - Randomly selecting account...
2022-01-16 13:00:17,659 - INFO - HASHTAG --> [OK] - Account selected successfully!
2022-01-16 13:00:17,659 - INFO - HASHTAG --> [!] - Calling twitter function...
2022-01-16 13:00:17,659 - INFO - HASHTAG --> [!] - Starting search for tweet...
2022-01-16 13:00:18,133 - INFO - HASHTAG --> [OK] - Tweet found successfully!

2022-01-16 13:00:20,138 - INFO - HASHTAG --> [!] - Checking if we have text from tweet...
2022-01-16 13:00:20,138 - INFO - HASHTAG --> [OK] - Text found!

2022-01-16 13:00:20,138 - INFO - HASHTAG --> [!] - Calling image and text constructor functions...
2022-01-16 13:00:20,138 - INFO - HASHTAG --> [!] - Opening background image...
2022-01-16 13:00:20,150 - INFO - HASHTAG --> [OK] - Success!

2022-01-16 13:00:20,150 - INFO - HASHTAG --> [!] - Opening philosopher image...
2022-01-16 13:00:20,160 - INFO - HASHTAG --> [OK] - Success!

2022-01-16 13:00:20,160 - INFO - HASHTAG --> [!] - Pasting philosopher image into the background image...
2022-01-16 13:00:20,165 - INFO - HASHTAG --> [OK] - Success!

2022-01-16 13:00:20,165 - INFO - HASHTAG --> [!] - Opening smooth template...
2022-01-16 13:00:20,165 - INFO - HASHTAG --> [OK] - Success!

2022-01-16 13:00:20,165 - INFO - HASHTAG --> [!] - Pasting smooth template...
2022-01-16 13:00:20,172 - INFO - HASHTAG --> [OK] - Success!

2022-01-16 13:00:20,172 - INFO - HASHTAG --> [!] - Calling font selector function...
2022-01-16 13:00:20,172 - INFO - HASHTAG --> [!] - Checking text size...
2022-01-16 13:00:20,172 - INFO - HASHTAG --> [!] - Text smaller than 140 characters!
2022-01-16 13:00:20,173 - INFO - HASHTAG --> [!] - Variables set: font size = 45 and wrapper limit = 21
2022-01-16 13:00:20,173 - INFO - HASHTAG --> [OK] - Success!

2022-01-16 13:00:20,173 - INFO - HASHTAG --> [!] - Transforming image base into an object...
2022-01-16 13:00:20,173 - INFO - HASHTAG --> [OK] - Success!

2022-01-16 13:00:20,173 - INFO - HASHTAG --> [!] - Writing the philosopher name...
2022-01-16 13:00:20,173 - INFO - HASHTAG --> [!] - Defining the font size...
2022-01-16 13:00:20,173 - INFO - HASHTAG --> [!] - Philosopher name is smaller than 20 characters!
2022-01-16 13:00:20,175 - INFO - HASHTAG --> [OK] - Success!

2022-01-16 13:00:20,175 - INFO - HASHTAG --> [!] - Writing the tweet text...
2022-01-16 13:00:20,176 - INFO - HASHTAG --> [OK] - Success!

2022-01-16 13:00:20,176 - INFO - HASHTAG --> [!] - Saving posting image...
2022-01-16 13:00:20,242 - INFO - HASHTAG --> [OK] - Success!

2022-01-16 13:00:20,242 - INFO - HASHTAG --> [!] - Calling upload to twitter function...
2022-01-16 13:00:20,242 - INFO - HASHTAG --> [!] - Uploading image...
2022-01-16 13:00:22,400 - INFO - HASHTAG --> [OK] - Success!

2022-01-16 13:00:22,400 - INFO - HASHTAG --> [OK] - Tweet sent!

2022-01-16 13:35:32,127 - INFO - HASHTAG --> POSTS DEFINIDOS PARA A CADA 4 SEGUNDOS

2022-01-16 13:35:32,174 - INFO - HASHTAG --> [OK] - Variables initialized successfully!

2022-01-16 13:35:32,174 - INFO - HASHTAG --> [!] - Creating folder to save posting images...
2022-01-16 13:35:32,174 - INFO - HASHTAG --> [OK] - Folder already exists!

2022-01-16 13:35:32,174 - INFO - HASHTAG --> [!] - Setting tweet text to variable...
2022-01-16 13:35:32,174 - INFO - HASHTAG --> [!] - Initializing tweet collector...
2022-01-16 13:35:32,174 - INFO - HASHTAG --> [!] - Randomly selecting account...
2022-01-16 13:35:32,174 - INFO - HASHTAG --> [OK] - Account selected successfully! - fransuel

2022-01-16 13:35:32,174 - INFO - HASHTAG --> [!] - Calling twitter function...
2022-01-16 13:35:32,174 - INFO - HASHTAG --> [!] - Starting search for tweet...
2022-01-16 13:35:32,600 - INFO - HASHTAG --> [ERROR] - Error when trying to start api from twitter!
2022-01-16 13:35:32,600 - INFO - HASHTAG --> Not authorized.
2022-01-16 13:35:32,600 - INFO - HASHTAG --> [!] - Checking if we have text from tweet...
2022-01-16 13:35:32,600 - INFO - HASHTAG --> [ERROR] - Text not found, trying another Twitter account...
2022-01-16 13:35:32,600 - INFO - HASHTAG --> [ZZZ] - Sleeping for security reasons [10 seconds]...

2022-01-16 13:35:42,605 - INFO - HASHTAG --> [!] - Randomly selecting account...
2022-01-16 13:35:42,605 - INFO - HASHTAG --> [OK] - Account selected successfully! - deborista

2022-01-16 13:35:42,605 - INFO - HASHTAG --> [!] - Calling twitter function...
2022-01-16 13:35:42,605 - INFO - HASHTAG --> [!] - Starting search for tweet...
2022-01-16 13:35:43,072 - INFO - HASHTAG --> [OK] - Tweet found successfully!

2022-01-16 13:35:45,074 - INFO - HASHTAG --> [!] - Checking if we have text from tweet...
2022-01-16 13:35:45,074 - INFO - HASHTAG --> [OK] - Tweet text - hoje cheguei em casa bêbada e senti um cheiro de queimado  fiquei parada estática por uns dois minutos pensando como será que funciona um extintor de incêndio pra depois começar a procurar pelo cheiro (acho que alguém do prédio queimou um pão)
2022-01-16 13:35:45,074 - INFO - HASHTAG --> [OK] - Tweet id - 1482734041245880325
2022-01-16 13:35:45,074 - INFO - HASHTAG --> [OK] - Success!

2022-01-16 13:35:45,074 - INFO - HASHTAG --> [!] - Calling image and text constructor functions...
2022-01-16 13:35:45,074 - INFO - HASHTAG --> [!] - Opening background image...
2022-01-16 13:35:45,086 - INFO - HASHTAG --> [OK] - Success!

2022-01-16 13:35:45,086 - INFO - HASHTAG --> [!] - Opening philosopher image...
2022-01-16 13:35:45,094 - INFO - HASHTAG --> [OK] - Success!

2022-01-16 13:35:45,094 - INFO - HASHTAG --> [!] - Pasting philosopher image into the background image...
2022-01-16 13:35:45,099 - INFO - HASHTAG --> [OK] - Success!

2022-01-16 13:35:45,099 - INFO - HASHTAG --> [!] - Opening smooth template...
2022-01-16 13:35:45,099 - INFO - HASHTAG --> [OK] - Success!

2022-01-16 13:35:45,099 - INFO - HASHTAG --> [!] - Pasting smooth template...
2022-01-16 13:35:45,106 - INFO - HASHTAG --> [OK] - Success!

2022-01-16 13:35:45,106 - INFO - HASHTAG --> [!] - Calling font selector function...
2022-01-16 13:35:45,106 - INFO - HASHTAG --> [!] - Checking text size...
2022-01-16 13:35:45,106 - INFO - HASHTAG --> [!] - Text bigger than 140 characters!
2022-01-16 13:35:45,106 - INFO - HASHTAG --> [!] - Variables set: font size = 32 and wrapper limit = 30
2022-01-16 13:35:45,106 - INFO - HASHTAG --> [OK] - Success!

2022-01-16 13:35:45,107 - INFO - HASHTAG --> [!] - Transforming image base into an object...
2022-01-16 13:35:45,107 - INFO - HASHTAG --> [OK] - Success!

2022-01-16 13:35:45,107 - INFO - HASHTAG --> [!] - Writing the philosopher name...
2022-01-16 13:35:45,107 - INFO - HASHTAG --> [OK] - Philosopher selected - Monteiro Lobato

2022-01-16 13:35:45,107 - INFO - HASHTAG --> [!] - Defining the font size...
2022-01-16 13:35:45,107 - INFO - HASHTAG --> [!] - Philosopher name is smaller than 20 characters!
2022-01-16 13:35:45,109 - INFO - HASHTAG --> [OK] - Success!

2022-01-16 13:35:45,109 - INFO - HASHTAG --> [!] - Writing the tweet text...
2022-01-16 13:35:45,127 - INFO - HASHTAG --> [OK] - Success!

2022-01-16 13:35:45,127 - INFO - HASHTAG --> [!] - Saving posting image...
2022-01-16 13:35:45,174 - INFO - HASHTAG --> [OK] - Success!

2022-01-16 13:35:45,174 - INFO - HASHTAG --> [!] - Calling upload to twitter function...
2022-01-16 13:35:45,174 - INFO - HASHTAG --> [!] - Uploading image...
2022-01-16 13:35:47,171 - INFO - HASHTAG --> [OK] - Success!

2022-01-16 13:35:47,171 - INFO - HASHTAG --> [OK] - Tweet sent!

